#
# There is insufficient memory for the Java Runtime Environment to continue.
# Native memory allocation (malloc) failed to allocate 54525952 bytes for committing reserved memory.
# Possible reasons:
#   The system is out of physical RAM or swap space
#   In 32 bit mode, the process size limit was hit
# Possible solutions:
#   Reduce memory load on the system
#   Increase physical memory or swap space
#   Check if swap backing store is full
#   Use 64 bit Java on a 64 bit OS
#   Decrease Java heap size (-Xmx/-Xms)
#   Decrease number of Java threads
#   Decrease Java thread stack sizes (-Xss)
#   Set larger code cache with -XX:ReservedCodeCacheSize=
# This output file may be truncated or incomplete.
#
#  Out of Memory Error (os_linux.cpp:2827), pid=1211, tid=140110235420416
#
# JRE version: OpenJDK Runtime Environment (7.0_95) (build 1.7.0_95-b00)
# Java VM: OpenJDK 64-Bit Server VM (24.95-b01 mixed mode linux-amd64 compressed oops)
# Derivative: IcedTea 2.6.4
# Distribution: Ubuntu 14.04 LTS, package 7u95-2.6.4-0ubuntu0.14.04.2
# Failed to write core dump. Core dumps have been disabled. To enable core dumping, try "ulimit -c unlimited" before starting Java again
#

---------------  T H R E A D  ---------------

Current thread (0x00007f6df8076000):  VMThread [stack: 0x00007f6df4bfc000,0x00007f6df4cfd000] [id=1222]

Stack: [0x00007f6df4bfc000,0x00007f6df4cfd000],  sp=0x00007f6df4cfb490,  free space=1021k
Native frames: (J=compiled Java code, j=interpreted, Vv=VM code, C=native code)
V  [libjvm.so+0x953e15]
V  [libjvm.so+0x48fd94]
V  [libjvm.so+0x7cf87b]
V  [libjvm.so+0x7ca33f]
V  [libjvm.so+0x83dacb]
V  [libjvm.so+0x83e930]
V  [libjvm.so+0x83f01b]
V  [libjvm.so+0x83b258]
V  [libjvm.so+0x83bac8]
V  [libjvm.so+0x7f2083]
V  [libjvm.so+0x955814]
V  [libjvm.so+0x959917]
V  [libjvm.so+0x9583d8]
V  [libjvm.so+0x958839]
V  [libjvm.so+0x958c82]
V  [libjvm.so+0x7cc742]

VM_Operation (0x00007f6e00f87f50): ParallelGCFailedAllocation, mode: safepoint, requested by thread 0x00007f6df800a800


---------------  P R O C E S S  ---------------

Java Threads: ( => current thread )
  0x00007f6df80af800 JavaThread "Service Thread" daemon [_thread_blocked, id=1233, stack(0x00007f6ded8ce000,0x00007f6ded9cf000)]
  0x00007f6df80ad000 JavaThread "C2 CompilerThread1" daemon [_thread_blocked, id=1232, stack(0x00007f6ded9cf000,0x00007f6dedad0000)]
  0x00007f6df80aa000 JavaThread "C2 CompilerThread0" daemon [_thread_blocked, id=1226, stack(0x00007f6df40d5000,0x00007f6df41d6000)]
  0x00007f6df80a8000 JavaThread "Signal Dispatcher" daemon [_thread_blocked, id=1225, stack(0x00007f6df41d6000,0x00007f6df42d7000)]
  0x00007f6df807c000 JavaThread "Finalizer" daemon [_thread_blocked, id=1224, stack(0x00007f6df49fa000,0x00007f6df4afb000)]
  0x00007f6df807a000 JavaThread "Reference Handler" daemon [_thread_blocked, id=1223, stack(0x00007f6df4afb000,0x00007f6df4bfc000)]
  0x00007f6df800a800 JavaThread "main" [_thread_blocked, id=1215, stack(0x00007f6e00e89000,0x00007f6e00f8a000)]

Other Threads:
=>0x00007f6df8076000 VMThread [stack: 0x00007f6df4bfc000,0x00007f6df4cfd000] [id=1222]
  0x00007f6df80ba000 WatcherThread [stack: 0x00007f6ded7cd000,0x00007f6ded8ce000] [id=1234]

VM state:at safepoint (normal execution)

VM Mutex/Monitor currently owned by a thread:  ([mutex/lock_event])
[0x00007f6df8006940] Threads_lock - owner thread: 0x00007f6df8076000
[0x00007f6df8006e40] Heap_lock - owner thread: 0x00007f6df800a800

Heap
 PSYoungGen      total 176640K, used 30695K [0x00000000eaa80000, 0x00000000f9480000, 0x0000000100000000)
  eden space 145920K, 0% used [0x00000000eaa80000,0x00000000eaa80000,0x00000000f3900000)
  from space 30720K, 99% used [0x00000000f5880000,0x00000000f7679ca0,0x00000000f7680000)
  to   space 26624K, 0% used [0x00000000f7a80000,0x00000000f7a80000,0x00000000f9480000)
 ParOldGen       total 76800K, used 67828K [0x00000000c0000000, 0x00000000c4b00000, 0x00000000eaa80000)
  object space 76800K, 88% used [0x00000000c0000000,0x00000000c423d038,0x00000000c4b00000)
 PSPermGen       total 21504K, used 6094K [0x00000000b5a00000, 0x00000000b6f00000, 0x00000000c0000000)
  object space 21504K, 28% used [0x00000000b5a00000,0x00000000b5ff3888,0x00000000b6f00000)

Card table byte_map: [0x00007f6dfd86a000,0x00007f6dfdabe000] byte_map_base: 0x00007f6dfd2bd000

Polling page: 0x00007f6e00fa7000

Code Cache  [0x00007f6df5000000, 0x00007f6df5360000, 0x00007f6df8000000)
 total_blobs=1044 nmethods=816 adapters=181 free_code_cache=45810Kb largest_free_block=46847488

Compilation events (10 events):
Event: 10.067 Thread 0x00007f6df80ad000 nmethod 840 0x00007f6df51c4650 code [0x00007f6df51c47a0, 0x00007f6df51c4958]
Event: 10.067 Thread 0x00007f6df80ad000  841             java.util.zip.ZStreamRef::address (5 bytes)
Event: 10.068 Thread 0x00007f6df80ad000 nmethod 841 0x00007f6df51c4450 code [0x00007f6df51c4580, 0x00007f6df51c45d8]
Event: 10.079 Thread 0x00007f6df80ad000  842             com.android.dx.cf.direct.DirectClassFile::parseToEndIfNecessary (12 bytes)
Event: 10.080 Thread 0x00007f6df80ad000 nmethod 842 0x00007f6df5234090 code [0x00007f6df52341c0, 0x00007f6df5234238]
Event: 10.099 Thread 0x00007f6df80ad000  843             com.android.dx.rop.code.ThrowingInsn::withNewRegisters (21 bytes)
Event: 10.102 Thread 0x00007f6df80ad000 nmethod 843 0x00007f6df52e3990 code [0x00007f6df52e3ae0, 0x00007f6df52e3cb8]
Event: 10.145 Thread 0x00007f6df80ad000  844  s          com.android.dx.dex.file.TypeIdsSection::intern (60 bytes)
Event: 10.154 Thread 0x00007f6df80ad000 nmethod 844 0x00007f6df51c5610 code [0x00007f6df51c57a0, 0x00007f6df51c5ea8]
Event: 10.183 Thread 0x00007f6df80aa000 nmethod 830 0x00007f6df5344c10 code [0x00007f6df5345640, 0x00007f6df534a5d0]

GC Heap History (10 events):
Event: 6.037 GC heap after
Heap after GC invocations=7 (full 0):
 PSYoungGen      total 69120K, used 8674K [0x00000000eaa80000, 0x00000000f3b80000, 0x0000000100000000)
  eden space 60416K, 0% used [0x00000000eaa80000,0x00000000eaa80000,0x00000000ee580000)
  from space 8704K, 99% used [0x00000000ee580000,0x00000000eedf8bb0,0x00000000eee00000)
  to   space 13824K, 0% used [0x00000000f2e00000,0x00000000f2e00000,0x00000000f3b80000)
 ParOldGen       total 40960K, used 22307K [0x00000000c0000000, 0x00000000c2800000, 0x00000000eaa80000)
  object space 40960K, 54% used [0x00000000c0000000,0x00000000c15c8c78,0x00000000c2800000)
 PSPermGen       total 21504K, used 5989K [0x00000000b5a00000, 0x00000000b6f00000, 0x00000000c0000000)
  object space 21504K, 27% used [0x00000000b5a00000,0x00000000b5fd97f0,0x00000000b6f00000)
}
Event: 6.545 GC heap before
{Heap before GC invocations=8 (full 0):
 PSYoungGen      total 69120K, used 69090K [0x00000000eaa80000, 0x00000000f3b80000, 0x0000000100000000)
  eden space 60416K, 100% used [0x00000000eaa80000,0x00000000ee580000,0x00000000ee580000)
  from space 8704K, 99% used [0x00000000ee580000,0x00000000eedf8bb0,0x00000000eee00000)
  to   space 13824K, 0% used [0x00000000f2e00000,0x00000000f2e00000,0x00000000f3b80000)
 ParOldGen       total 40960K, used 22307K [0x00000000c0000000, 0x00000000c2800000, 0x00000000eaa80000)
  object space 40960K, 54% used [0x00000000c0000000,0x00000000c15c8c78,0x00000000c2800000)
 PSPermGen       total 21504K, used 6005K [0x00000000b5a00000, 0x00000000b6f00000, 0x00000000c0000000)
  object space 21504K, 27% used [0x00000000b5a00000,0x00000000b5fdd710,0x00000000b6f00000)
Event: 6.613 GC heap after
Heap after GC invocations=8 (full 0):
 PSYoungGen      total 130048K, used 13794K [0x00000000eaa80000, 0x00000000f4480000, 0x0000000100000000)
  eden space 116224K, 0% used [0x00000000eaa80000,0x00000000eaa80000,0x00000000f1c00000)
  from space 13824K, 99% used [0x00000000f2e00000,0x00000000f3b78ac0,0x00000000f3b80000)
  to   space 18432K, 0% used [0x00000000f1c00000,0x00000000f1c00000,0x00000000f2e00000)
 ParOldGen       total 40960K, used 27954K [0x00000000c0000000, 0x00000000c2800000, 0x00000000eaa80000)
  object space 40960K, 68% used [0x00000000c0000000,0x00000000c1b4c960,0x00000000c2800000)
 PSPermGen       total 21504K, used 6005K [0x00000000b5a00000, 0x00000000b6f00000, 0x00000000c0000000)
  object space 21504K, 27% used [0x00000000b5a00000,0x00000000b5fdd710,0x00000000b6f00000)
}
Event: 7.409 GC heap before
{Heap before GC invocations=9 (full 0):
 PSYoungGen      total 130048K, used 130018K [0x00000000eaa80000, 0x00000000f4480000, 0x0000000100000000)
  eden space 116224K, 100% used [0x00000000eaa80000,0x00000000f1c00000,0x00000000f1c00000)
  from space 13824K, 99% used [0x00000000f2e00000,0x00000000f3b78ac0,0x00000000f3b80000)
  to   space 18432K, 0% used [0x00000000f1c00000,0x00000000f1c00000,0x00000000f2e00000)
 ParOldGen       total 40960K, used 27954K [0x00000000c0000000, 0x00000000c2800000, 0x00000000eaa80000)
  object space 40960K, 68% used [0x00000000c0000000,0x00000000c1b4c960,0x00000000c2800000)
 PSPermGen       total 21504K, used 6064K [0x00000000b5a00000, 0x00000000b6f00000, 0x00000000c0000000)
  object space 21504K, 28% used [0x00000000b5a00000,0x00000000b5fec280,0x00000000b6f00000)
Event: 7.471 GC heap after
Heap after GC invocations=9 (full 0):
 PSYoungGen      total 134656K, used 18418K [0x00000000eaa80000, 0x00000000f9480000, 0x0000000100000000)
  eden space 116224K, 0% used [0x00000000eaa80000,0x00000000eaa80000,0x00000000f1c00000)
  from space 18432K, 99% used [0x00000000f1c00000,0x00000000f2dfc898,0x00000000f2e00000)
  to   space 26624K, 0% used [0x00000000f7a80000,0x00000000f7a80000,0x00000000f9480000)
 ParOldGen       total 40960K, used 40699K [0x00000000c0000000, 0x00000000c2800000, 0x00000000eaa80000)
  object space 40960K, 99% used [0x00000000c0000000,0x00000000c27becb0,0x00000000c2800000)
 PSPermGen       total 21504K, used 6064K [0x00000000b5a00000, 0x00000000b6f00000, 0x00000000c0000000)
  object space 21504K, 28% used [0x00000000b5a00000,0x00000000b5fec280,0x00000000b6f00000)
}
Event: 7.471 GC heap before
{Heap before GC invocations=10 (full 1):
 PSYoungGen      total 134656K, used 18418K [0x00000000eaa80000, 0x00000000f9480000, 0x0000000100000000)
  eden space 116224K, 0% used [0x00000000eaa80000,0x00000000eaa80000,0x00000000f1c00000)
  from space 18432K, 99% used [0x00000000f1c00000,0x00000000f2dfc898,0x00000000f2e00000)
  to   space 26624K, 0% used [0x00000000f7a80000,0x00000000f7a80000,0x00000000f9480000)
 ParOldGen       total 40960K, used 40699K [0x00000000c0000000, 0x00000000c2800000, 0x00000000eaa80000)
  object space 40960K, 99% used [0x00000000c0000000,0x00000000c27becb0,0x00000000c2800000)
 PSPermGen       total 21504K, used 6064K [0x00000000b5a00000, 0x00000000b6f00000, 0x00000000c0000000)
  object space 21504K, 28% used [0x00000000b5a00000,0x00000000b5fec280,0x00000000b6f00000)
Event: 8.108 GC heap after
Heap after GC invocations=10 (full 1):
 PSYoungGen      total 134656K, used 15293K [0x00000000eaa80000, 0x00000000f9480000, 0x0000000100000000)
  eden space 116224K, 0% used [0x00000000eaa80000,0x00000000eaa80000,0x00000000f1c00000)
  from space 18432K, 82% used [0x00000000f1c00000,0x00000000f2aef568,0x00000000f2e00000)
  to   space 26624K, 0% used [0x00000000f7a80000,0x00000000f7a80000,0x00000000f9480000)
 ParOldGen       total 76800K, used 40545K [0x00000000c0000000, 0x00000000c4b00000, 0x00000000eaa80000)
  object space 76800K, 52% used [0x00000000c0000000,0x00000000c2798780,0x00000000c4b00000)
 PSPermGen       total 21504K, used 6060K [0x00000000b5a00000, 0x00000000b6f00000, 0x00000000c0000000)
  object space 21504K, 28% used [0x00000000b5a00000,0x00000000b5feb278,0x00000000b6f00000)
}
Event: 8.875 GC heap before
{Heap before GC invocations=11 (full 1):
 PSYoungGen      total 134656K, used 131517K [0x00000000eaa80000, 0x00000000f9480000, 0x0000000100000000)
  eden space 116224K, 100% used [0x00000000eaa80000,0x00000000f1c00000,0x00000000f1c00000)
  from space 18432K, 82% used [0x00000000f1c00000,0x00000000f2aef568,0x00000000f2e00000)
  to   space 26624K, 0% used [0x00000000f7a80000,0x00000000f7a80000,0x00000000f9480000)
 ParOldGen       total 76800K, used 40545K [0x00000000c0000000, 0x00000000c4b00000, 0x00000000eaa80000)
  object space 76800K, 52% used [0x00000000c0000000,0x00000000c2798780,0x00000000c4b00000)
 PSPermGen       total 21504K, used 6085K [0x00000000b5a00000, 0x00000000b6f00000, 0x00000000c0000000)
  object space 21504K, 28% used [0x00000000b5a00000,0x00000000b5ff1418,0x00000000b6f00000)
Event: 8.959 GC heap after
Heap after GC invocations=11 (full 1):
 PSYoungGen      total 172544K, used 26427K [0x00000000eaa80000, 0x00000000f9480000, 0x0000000100000000)
  eden space 145920K, 0% used [0x00000000eaa80000,0x00000000eaa80000,0x00000000f3900000)
  from space 26624K, 99% used [0x00000000f7a80000,0x00000000f944edc8,0x00000000f9480000)
  to   space 30720K, 0% used [0x00000000f5880000,0x00000000f5880000,0x00000000f7680000)
 ParOldGen       total 76800K, used 47754K [0x00000000c0000000, 0x00000000c4b00000, 0x00000000eaa80000)
  object space 76800K, 62% used [0x00000000c0000000,0x00000000c2ea2970,0x00000000c4b00000)
 PSPermGen       total 21504K, used 6085K [0x00000000b5a00000, 0x00000000b6f00000, 0x00000000c0000000)
  object space 21504K, 28% used [0x00000000b5a00000,0x00000000b5ff1418,0x00000000b6f00000)
}
Event: 10.196 GC heap before
{Heap before GC invocations=12 (full 1):
 PSYoungGen      total 172544K, used 172347K [0x00000000eaa80000, 0x00000000f9480000, 0x0000000100000000)
  eden space 145920K, 100% used [0x00000000eaa80000,0x00000000f3900000,0x00000000f3900000)
  from space 26624K, 99% used [0x00000000f7a80000,0x00000000f944edc8,0x00000000f9480000)
  to   space 30720K, 0% used [0x00000000f5880000,0x00000000f5880000,0x00000000f7680000)
 ParOldGen       total 76800K, used 47754K [0x00000000c0000000, 0x00000000c4b00000, 0x00000000eaa80000)
  object space 76800K, 62% used [0x00000000c0000000,0x00000000c2ea2970,0x00000000c4b00000)
 PSPermGen       total 21504K, used 6094K [0x00000000b5a00000, 0x00000000b6f00000, 0x00000000c0000000)
  object space 21504K, 28% used [0x00000000b5a00000,0x00000000b5ff3888,0x00000000b6f00000)

Deoptimization events (10 events):
Event: 9.114 Thread 0x00007f6df800a800 Uncommon trap: reason=unstable_if action=reinterpret pc=0x00007f6df52db250 method=com.android.dx.cf.code.Simulator$SimVisitor.visitNoArgs(IIILcom/android/dx/rop/type/Type;)V @ 1277
Event: 9.494 Thread 0x00007f6df800a800 Uncommon trap: reason=unstable_if action=reinterpret pc=0x00007f6df50e798c method=com.android.dx.rop.code.LocalItem.compareHandlesNulls(Lcom/android/dx/rop/cst/CstString;Lcom/android/dx/rop/cst/CstString;)I @ 8
Event: 9.494 Thread 0x00007f6df800a800 Uncommon trap: reason=unstable_if action=reinterpret pc=0x00007f6df50ce384 method=com.android.dx.rop.code.LocalItem.compareHandlesNulls(Lcom/android/dx/rop/cst/CstString;Lcom/android/dx/rop/cst/CstString;)I @ 8
Event: 9.495 Thread 0x00007f6df800a800 Uncommon trap: reason=unstable_if action=reinterpret pc=0x00007f6df51eb540 method=com.android.dx.rop.code.LocalItem.compareHandlesNulls(Lcom/android/dx/rop/cst/CstString;Lcom/android/dx/rop/cst/CstString;)I @ 8
Event: 9.495 Thread 0x00007f6df800a800 Uncommon trap: reason=unstable_if action=reinterpret pc=0x00007f6df515b1a8 method=com.android.dx.rop.code.LocalItem.compareHandlesNulls(Lcom/android/dx/rop/cst/CstString;Lcom/android/dx/rop/cst/CstString;)I @ 8
Event: 9.495 Thread 0x00007f6df800a800 Uncommon trap: reason=unstable_if action=reinterpret pc=0x00007f6df50f7470 method=com.android.dx.rop.code.LocalItem.compareHandlesNulls(Lcom/android/dx/rop/cst/CstString;Lcom/android/dx/rop/cst/CstString;)I @ 8
Event: 9.495 Thread 0x00007f6df800a800 Uncommon trap: reason=unstable_if action=reinterpret pc=0x00007f6df50cada0 method=com.android.dx.rop.code.LocalItem.compareHandlesNulls(Lcom/android/dx/rop/cst/CstString;Lcom/android/dx/rop/cst/CstString;)I @ 8
Event: 9.613 Thread 0x00007f6df800a800 Uncommon trap: reason=bimorphic action=maybe_recompile pc=0x00007f6df530b5ec method=com.android.dx.cf.code.BytecodeArray.parseInstruction(ILcom/android/dx/cf/code/BytecodeArray$Visitor;)I @ 2484
Event: 9.613 Thread 0x00007f6df800a800 Uncommon trap: reason=bimorphic action=maybe_recompile pc=0x00007f6df530b5ec method=com.android.dx.cf.code.BytecodeArray.parseInstruction(ILcom/android/dx/cf/code/BytecodeArray$Visitor;)I @ 2484
Event: 9.704 Thread 0x00007f6df800a800 Uncommon trap: reason=null_check action=make_not_entrant pc=0x00007f6df5320cb8 method=com.android.dx.rop.cst.CstType.intern(Lcom/android/dx/rop/type/Type;)Lcom/android/dx/rop/cst/CstType; @ 13

Internal exceptions (10 events):
Event: 8.384 Thread 0x00007f6df800a800 Threw 0x00000000ed478318 at /build/openjdk-7-HVzwJZ/openjdk-7-7u95-2.6.4/build/openjdk/hotspot/src/share/vm/prims/jvm.cpp:1322
Event: 8.387 Thread 0x00007f6df800a800 Implicit null exception at 0x00007f6df51342f1 to 0x00007f6df51343bd
Event: 8.470 Thread 0x00007f6df800a800 Threw 0x00000000edab8130 at /build/openjdk-7-HVzwJZ/openjdk-7-7u95-2.6.4/build/openjdk/hotspot/src/share/vm/prims/jvm.cpp:1322
Event: 9.494 Thread 0x00007f6df800a800 Implicit null exception at 0x00007f6df50e774a to 0x00007f6df50e7969
Event: 9.494 Thread 0x00007f6df800a800 Implicit null exception at 0x00007f6df50ce191 to 0x00007f6df50ce371
Event: 9.495 Thread 0x00007f6df800a800 Implicit null exception at 0x00007f6df51eb348 to 0x00007f6df51eb52d
Event: 9.495 Thread 0x00007f6df800a800 Implicit null exception at 0x00007f6df515a5f5 to 0x00007f6df515b171
Event: 9.495 Thread 0x00007f6df800a800 Implicit null exception at 0x00007f6df50f7294 to 0x00007f6df50f745d
Event: 9.495 Thread 0x00007f6df800a800 Implicit null exception at 0x00007f6df50cac38 to 0x00007f6df50cad8d
Event: 9.704 Thread 0x00007f6df800a800 Implicit null exception at 0x00007f6df531e4c9 to 0x00007f6df5320cad

Events (10 events):
Event: 9.613 Thread 0x00007f6df800a800 Uncommon trap: trap_request=0xffffffc6 fr.pc=0x00007f6df530b5ec
Event: 9.613 Thread 0x00007f6df800a800 DEOPT PACKING pc=0x00007f6df530b5ec sp=0x00007f6e00f87d80
Event: 9.613 Thread 0x00007f6df800a800 DEOPT UNPACKING pc=0x00007f6df5039445 sp=0x00007f6e00f87d48 mode 2
Event: 9.613 Thread 0x00007f6df800a800 Uncommon trap: trap_request=0xffffffc6 fr.pc=0x00007f6df530b5ec
Event: 9.613 Thread 0x00007f6df800a800 DEOPT PACKING pc=0x00007f6df530b5ec sp=0x00007f6e00f87d90
Event: 9.613 Thread 0x00007f6df800a800 DEOPT UNPACKING pc=0x00007f6df5039445 sp=0x00007f6e00f87d58 mode 2
Event: 9.704 Thread 0x00007f6df800a800 Uncommon trap: trap_request=0xfffffff4 fr.pc=0x00007f6df5320cb8
Event: 9.704 Thread 0x00007f6df800a800 DEOPT PACKING pc=0x00007f6df5320cb8 sp=0x00007f6e00f87d90
Event: 9.704 Thread 0x00007f6df800a800 DEOPT UNPACKING pc=0x00007f6df5039445 sp=0x00007f6e00f87c98 mode 2
Event: 10.196 Executing VM operation: ParallelGCFailedAllocation


Dynamic libraries:
00400000-00401000 r-xp 00000000 08:01 5508137                            /usr/lib/jvm/java-7-openjdk-amd64/jre/bin/java
00600000-00601000 r--p 00000000 08:01 5508137                            /usr/lib/jvm/java-7-openjdk-amd64/jre/bin/java
00601000-00602000 rw-p 00001000 08:01 5508137                            /usr/lib/jvm/java-7-openjdk-amd64/jre/bin/java
00f7e000-00f9f000 rw-p 00000000 00:00 0                                  [heap]
b5a00000-b6f00000 rw-p 00000000 00:00 0 
b6f00000-c0000000 rw-p 00000000 00:00 0 
c0000000-c4b00000 rw-p 00000000 00:00 0 
c4b00000-eaa80000 rw-p 00000000 00:00 0 
eaa80000-f9480000 rw-p 00000000 00:00 0 
fc880000-100000000 rw-p 00000000 00:00 0 
7f6db8000000-7f6db8021000 rw-p 00000000 00:00 0 
7f6db8021000-7f6dbc000000 ---p 00000000 00:00 0 
7f6dbc000000-7f6dbc021000 rw-p 00000000 00:00 0 
7f6dbc021000-7f6dc0000000 ---p 00000000 00:00 0 
7f6dc0000000-7f6dc1721000 rw-p 00000000 00:00 0 
7f6dc1721000-7f6dc4000000 ---p 00000000 00:00 0 
7f6dc4000000-7f6dc52ac000 rw-p 00000000 00:00 0 
7f6dc52ac000-7f6dc8000000 ---p 00000000 00:00 0 
7f6dc8000000-7f6dc8021000 rw-p 00000000 00:00 0 
7f6dc8021000-7f6dcc000000 ---p 00000000 00:00 0 
7f6dcc000000-7f6dcc021000 rw-p 00000000 00:00 0 
7f6dcc021000-7f6dd0000000 ---p 00000000 00:00 0 
7f6dd0000000-7f6dd0021000 rw-p 00000000 00:00 0 
7f6dd0021000-7f6dd4000000 ---p 00000000 00:00 0 
7f6dd4000000-7f6dd4021000 rw-p 00000000 00:00 0 
7f6dd4021000-7f6dd8000000 ---p 00000000 00:00 0 
7f6dd8000000-7f6dd8021000 rw-p 00000000 00:00 0 
7f6dd8021000-7f6ddc000000 ---p 00000000 00:00 0 
7f6de0000000-7f6de0021000 rw-p 00000000 00:00 0 
7f6de0021000-7f6de4000000 ---p 00000000 00:00 0 
7f6de8000000-7f6de8021000 rw-p 00000000 00:00 0 
7f6de8021000-7f6dec000000 ---p 00000000 00:00 0 
7f6dec04f000-7f6dec08c000 r-xp 00000000 08:01 790495                     /lib/x86_64-linux-gnu/libpcre.so.3.13.1
7f6dec08c000-7f6dec28b000 ---p 0003d000 08:01 790495                     /lib/x86_64-linux-gnu/libpcre.so.3.13.1
7f6dec28b000-7f6dec28c000 r--p 0003c000 08:01 790495                     /lib/x86_64-linux-gnu/libpcre.so.3.13.1
7f6dec28c000-7f6dec28d000 rw-p 0003d000 08:01 790495                     /lib/x86_64-linux-gnu/libpcre.so.3.13.1
7f6dec28d000-7f6dec294000 r-xp 00000000 08:01 4726848                    /usr/lib/x86_64-linux-gnu/libffi.so.6.0.1
7f6dec294000-7f6dec493000 ---p 00007000 08:01 4726848                    /usr/lib/x86_64-linux-gnu/libffi.so.6.0.1
7f6dec493000-7f6dec494000 r--p 00006000 08:01 4726848                    /usr/lib/x86_64-linux-gnu/libffi.so.6.0.1
7f6dec494000-7f6dec495000 rw-p 00007000 08:01 4726848                    /usr/lib/x86_64-linux-gnu/libffi.so.6.0.1
7f6dec495000-7f6dec4ac000 r-xp 00000000 08:01 786614                     /lib/x86_64-linux-gnu/libresolv-2.19.so
7f6dec4ac000-7f6dec6ac000 ---p 00017000 08:01 786614                     /lib/x86_64-linux-gnu/libresolv-2.19.so
7f6dec6ac000-7f6dec6ad000 r--p 00017000 08:01 786614                     /lib/x86_64-linux-gnu/libresolv-2.19.so
7f6dec6ad000-7f6dec6ae000 rw-p 00018000 08:01 786614                     /lib/x86_64-linux-gnu/libresolv-2.19.so
7f6dec6ae000-7f6dec6b0000 rw-p 00000000 00:00 0 
7f6dec6b0000-7f6dec6d0000 r-xp 00000000 08:01 790522                     /lib/x86_64-linux-gnu/libselinux.so.1
7f6dec6d0000-7f6dec8cf000 ---p 00020000 08:01 790522                     /lib/x86_64-linux-gnu/libselinux.so.1
7f6dec8cf000-7f6dec8d0000 r--p 0001f000 08:01 790522                     /lib/x86_64-linux-gnu/libselinux.so.1
7f6dec8d0000-7f6dec8d1000 rw-p 00020000 08:01 790522                     /lib/x86_64-linux-gnu/libselinux.so.1
7f6dec8d1000-7f6dec8d3000 rw-p 00000000 00:00 0 
7f6dec8d3000-7f6dec8d6000 r-xp 00000000 08:01 4726965                    /usr/lib/x86_64-linux-gnu/libgmodule-2.0.so.0.4000.0
7f6dec8d6000-7f6decad5000 ---p 00003000 08:01 4726965                    /usr/lib/x86_64-linux-gnu/libgmodule-2.0.so.0.4000.0
7f6decad5000-7f6decad6000 r--p 00002000 08:01 4726965                    /usr/lib/x86_64-linux-gnu/libgmodule-2.0.so.0.4000.0
7f6decad6000-7f6decad7000 rw-p 00003000 08:01 4726965                    /usr/lib/x86_64-linux-gnu/libgmodule-2.0.so.0.4000.0
7f6decad7000-7f6decbdd000 r-xp 00000000 08:01 790423                     /lib/x86_64-linux-gnu/libglib-2.0.so.0.4000.0
7f6decbdd000-7f6decddc000 ---p 00106000 08:01 790423                     /lib/x86_64-linux-gnu/libglib-2.0.so.0.4000.0
7f6decddc000-7f6decddd000 r--p 00105000 08:01 790423                     /lib/x86_64-linux-gnu/libglib-2.0.so.0.4000.0
7f6decddd000-7f6decdde000 rw-p 00106000 08:01 790423                     /lib/x86_64-linux-gnu/libglib-2.0.so.0.4000.0
7f6decdde000-7f6decddf000 rw-p 00000000 00:00 0 
7f6decddf000-7f6dece2e000 r-xp 00000000 08:01 4726981                    /usr/lib/x86_64-linux-gnu/libgobject-2.0.so.0.4000.0
7f6dece2e000-7f6ded02e000 ---p 0004f000 08:01 4726981                    /usr/lib/x86_64-linux-gnu/libgobject-2.0.so.0.4000.0
7f6ded02e000-7f6ded02f000 r--p 0004f000 08:01 4726981                    /usr/lib/x86_64-linux-gnu/libgobject-2.0.so.0.4000.0
7f6ded02f000-7f6ded030000 rw-p 00050000 08:01 4726981                    /usr/lib/x86_64-linux-gnu/libgobject-2.0.so.0.4000.0
7f6ded030000-7f6ded19b000 r-xp 00000000 08:01 4726951                    /usr/lib/x86_64-linux-gnu/libgio-2.0.so.0.4000.0
7f6ded19b000-7f6ded39b000 ---p 0016b000 08:01 4726951                    /usr/lib/x86_64-linux-gnu/libgio-2.0.so.0.4000.0
7f6ded39b000-7f6ded39f000 r--p 0016b000 08:01 4726951                    /usr/lib/x86_64-linux-gnu/libgio-2.0.so.0.4000.0
7f6ded39f000-7f6ded3a1000 rw-p 0016f000 08:01 4726951                    /usr/lib/x86_64-linux-gnu/libgio-2.0.so.0.4000.0
7f6ded3a1000-7f6ded3a3000 rw-p 00000000 00:00 0 
7f6ded3a3000-7f6ded3ba000 r-xp 00000000 08:01 5917886                    /usr/lib/jvm/java-7-openjdk-amd64/jre/lib/amd64/libnet.so
7f6ded3ba000-7f6ded5b9000 ---p 00017000 08:01 5917886                    /usr/lib/jvm/java-7-openjdk-amd64/jre/lib/amd64/libnet.so
7f6ded5b9000-7f6ded5ba000 r--p 00016000 08:01 5917886                    /usr/lib/jvm/java-7-openjdk-amd64/jre/lib/amd64/libnet.so
7f6ded5ba000-7f6ded5bb000 rw-p 00017000 08:01 5917886                    /usr/lib/jvm/java-7-openjdk-amd64/jre/lib/amd64/libnet.so
7f6ded5bb000-7f6ded5cb000 r-xp 00000000 08:01 5917910                    /usr/lib/jvm/java-7-openjdk-amd64/jre/lib/amd64/libnio.so
7f6ded5cb000-7f6ded7cb000 ---p 00010000 08:01 5917910                    /usr/lib/jvm/java-7-openjdk-amd64/jre/lib/amd64/libnio.so
7f6ded7cb000-7f6ded7cc000 r--p 00010000 08:01 5917910                    /usr/lib/jvm/java-7-openjdk-amd64/jre/lib/amd64/libnio.so
7f6ded7cc000-7f6ded7cd000 rw-p 00011000 08:01 5917910                    /usr/lib/jvm/java-7-openjdk-amd64/jre/lib/amd64/libnio.so
7f6ded7cd000-7f6ded7ce000 ---p 00000000 00:00 0 
7f6ded7ce000-7f6ded8ce000 rw-p 00000000 00:00 0                          [stack:1234]
7f6ded8ce000-7f6ded8d1000 ---p 00000000 00:00 0 
7f6ded8d1000-7f6ded9cf000 rw-p 00000000 00:00 0                          [stack:1233]
7f6ded9cf000-7f6ded9d2000 ---p 00000000 00:00 0 
7f6ded9d2000-7f6df0000000 rw-p 00000000 00:00 0                          [stack:1232]
7f6df0000000-7f6df0021000 rw-p 00000000 00:00 0 
7f6df0021000-7f6df4000000 ---p 00000000 00:00 0 
7f6df40a4000-7f6df40d5000 rw-p 00000000 00:00 0 
7f6df40d5000-7f6df40d8000 ---p 00000000 00:00 0 
7f6df40d8000-7f6df41d6000 rw-p 00000000 00:00 0                          [stack:1226]
7f6df41d6000-7f6df41d9000 ---p 00000000 00:00 0 
7f6df41d9000-7f6df42d7000 rw-p 00000000 00:00 0                          [stack:1225]
7f6df42d7000-7f6df49fa000 r--p 00000000 08:01 4725570                    /usr/lib/locale/locale-archive
7f6df49fa000-7f6df49fd000 ---p 00000000 00:00 0 
7f6df49fd000-7f6df4afb000 rw-p 00000000 00:00 0                          [stack:1224]
7f6df4afb000-7f6df4afe000 ---p 00000000 00:00 0 
7f6df4afe000-7f6df4bfc000 rw-p 00000000 00:00 0                          [stack:1223]
7f6df4bfc000-7f6df4bfd000 ---p 00000000 00:00 0 
7f6df4bfd000-7f6df5000000 rw-p 00000000 00:00 0                          [stack:1222]
7f6df5000000-7f6df5360000 rwxp 00000000 00:00 0 
7f6df5360000-7f6df8270000 rw-p 00000000 00:00 0 
7f6df8270000-7f6dfc000000 ---p 00000000 00:00 0 
7f6dfc030000-7f6dfc0b4000 r--s 006fd000 08:01 14445569                   /home/raihan/OpenSrpWorkSpace/opensrp-crvs/opensrp-client/opensrp-crvs/build/intermediates/multi-dex/debug/allclasses.jar
7f6dfc0b4000-7f6dfc0c3000 r--s 000dd000 08:01 6177003                    /home/raihan/android-sdk-linux/build-tools/21.1.2/lib/dx.jar
7f6dfc0c3000-7f6dfc0c6000 r--s 0000f000 08:01 5917931                    /usr/lib/jvm/java-7-openjdk-amd64/jre/lib/ext/icedtea-sound.jar
7f6dfc0c6000-7f6dfcdc0000 rw-p 00000000 00:00 0 
7f6dfcdc0000-7f6dfcf71000 r--s 01d30000 08:01 5508152                    /usr/lib/jvm/java-7-openjdk-amd64/jre/lib/rt.jar
7f6dfcf71000-7f6dfd2bd000 rw-p 00000000 00:00 0 
7f6dfd2bd000-7f6dfd2be000 ---p 00000000 00:00 0 
7f6dfd2be000-7f6dfd3be000 rw-p 00000000 00:00 0                          [stack:1221]
7f6dfd3be000-7f6dfd3bf000 ---p 00000000 00:00 0 
7f6dfd3bf000-7f6dfd4bf000 rw-p 00000000 00:00 0                          [stack:1220]
7f6dfd4bf000-7f6dfd4c0000 ---p 00000000 00:00 0 
7f6dfd4c0000-7f6dfd5c0000 rw-p 00000000 00:00 0                          [stack:1219]
7f6dfd5c0000-7f6dfd5c1000 ---p 00000000 00:00 0 
7f6dfd5c1000-7f6dfd6cc000 rw-p 00000000 00:00 0                          [stack:1218]
7f6dfd6cc000-7f6dfd714000 rw-p 00000000 00:00 0 
7f6dfd714000-7f6dfd73a000 rw-p 00000000 00:00 0 
7f6dfd73a000-7f6dfd86a000 rw-p 00000000 00:00 0 
7f6dfd86a000-7f6dfd875000 rw-p 00000000 00:00 0 
7f6dfd875000-7f6dfd8bd000 rw-p 00000000 00:00 0 
7f6dfd8bd000-7f6dfd8e3000 rw-p 00000000 00:00 0 
7f6dfd8e3000-7f6dfda12000 rw-p 00000000 00:00 0 
7f6dfda12000-7f6dfda88000 rw-p 00000000 00:00 0 
7f6dfda88000-7f6dfdabd000 rw-p 00000000 00:00 0 
7f6dfdabd000-7f6dfdabe000 rw-p 00000000 00:00 0 
7f6dfdabe000-7f6dfdac6000 r-xp 00000000 08:01 5917892                    /usr/lib/jvm/java-7-openjdk-amd64/jre/lib/amd64/libzip.so
7f6dfdac6000-7f6dfdcc5000 ---p 00008000 08:01 5917892                    /usr/lib/jvm/java-7-openjdk-amd64/jre/lib/amd64/libzip.so
7f6dfdcc5000-7f6dfdcc6000 r--p 00007000 08:01 5917892                    /usr/lib/jvm/java-7-openjdk-amd64/jre/lib/amd64/libzip.so
7f6dfdcc6000-7f6dfdcc7000 rw-p 00008000 08:01 5917892                    /usr/lib/jvm/java-7-openjdk-amd64/jre/lib/amd64/libzip.so
7f6dfdcc7000-7f6dfdcd2000 r-xp 00000000 08:01 786646                     /lib/x86_64-linux-gnu/libnss_files-2.19.so
7f6dfdcd2000-7f6dfded1000 ---p 0000b000 08:01 786646                     /lib/x86_64-linux-gnu/libnss_files-2.19.so
7f6dfded1000-7f6dfded2000 r--p 0000a000 08:01 786646                     /lib/x86_64-linux-gnu/libnss_files-2.19.so
7f6dfded2000-7f6dfded3000 rw-p 0000b000 08:01 786646                     /lib/x86_64-linux-gnu/libnss_files-2.19.so
7f6dfded3000-7f6dfdede000 r-xp 00000000 08:01 786638                     /lib/x86_64-linux-gnu/libnss_nis-2.19.so
7f6dfdede000-7f6dfe0dd000 ---p 0000b000 08:01 786638                     /lib/x86_64-linux-gnu/libnss_nis-2.19.so
7f6dfe0dd000-7f6dfe0de000 r--p 0000a000 08:01 786638                     /lib/x86_64-linux-gnu/libnss_nis-2.19.so
7f6dfe0de000-7f6dfe0df000 rw-p 0000b000 08:01 786638                     /lib/x86_64-linux-gnu/libnss_nis-2.19.so
7f6dfe0df000-7f6dfe0f6000 r-xp 00000000 08:01 786634                     /lib/x86_64-linux-gnu/libnsl-2.19.so
7f6dfe0f6000-7f6dfe2f5000 ---p 00017000 08:01 786634                     /lib/x86_64-linux-gnu/libnsl-2.19.so
7f6dfe2f5000-7f6dfe2f6000 r--p 00016000 08:01 786634                     /lib/x86_64-linux-gnu/libnsl-2.19.so
7f6dfe2f6000-7f6dfe2f7000 rw-p 00017000 08:01 786634                     /lib/x86_64-linux-gnu/libnsl-2.19.so
7f6dfe2f7000-7f6dfe2f9000 rw-p 00000000 00:00 0 
7f6dfe2f9000-7f6dfe302000 r-xp 00000000 08:01 786633                     /lib/x86_64-linux-gnu/libnss_compat-2.19.so
7f6dfe302000-7f6dfe501000 ---p 00009000 08:01 786633                     /lib/x86_64-linux-gnu/libnss_compat-2.19.so
7f6dfe501000-7f6dfe502000 r--p 00008000 08:01 786633                     /lib/x86_64-linux-gnu/libnss_compat-2.19.so
7f6dfe502000-7f6dfe503000 rw-p 00009000 08:01 786633                     /lib/x86_64-linux-gnu/libnss_compat-2.19.so
7f6dfe503000-7f6dfe52e000 r-xp 00000000 08:01 5917877                    /usr/lib/jvm/java-7-openjdk-amd64/jre/lib/amd64/libjava.so
7f6dfe52e000-7f6dfe72e000 ---p 0002b000 08:01 5917877                    /usr/lib/jvm/java-7-openjdk-amd64/jre/lib/amd64/libjava.so
7f6dfe72e000-7f6dfe72f000 r--p 0002b000 08:01 5917877                    /usr/lib/jvm/java-7-openjdk-amd64/jre/lib/amd64/libjava.so
7f6dfe72f000-7f6dfe731000 rw-p 0002c000 08:01 5917877                    /usr/lib/jvm/java-7-openjdk-amd64/jre/lib/amd64/libjava.so
7f6dfe731000-7f6dfe741000 r-xp 00000000 08:01 5917878                    /usr/lib/jvm/java-7-openjdk-amd64/jre/lib/amd64/libverify.so
7f6dfe741000-7f6dfe940000 ---p 00010000 08:01 5917878                    /usr/lib/jvm/java-7-openjdk-amd64/jre/lib/amd64/libverify.so
7f6dfe940000-7f6dfe942000 r--p 0000f000 08:01 5917878                    /usr/lib/jvm/java-7-openjdk-amd64/jre/lib/amd64/libverify.so
7f6dfe942000-7f6dfe943000 rw-p 00011000 08:01 5917878                    /usr/lib/jvm/java-7-openjdk-amd64/jre/lib/amd64/libverify.so
7f6dfe943000-7f6dfe94a000 r-xp 00000000 08:01 786642                     /lib/x86_64-linux-gnu/librt-2.19.so
7f6dfe94a000-7f6dfeb49000 ---p 00007000 08:01 786642                     /lib/x86_64-linux-gnu/librt-2.19.so
7f6dfeb49000-7f6dfeb4a000 r--p 00006000 08:01 786642                     /lib/x86_64-linux-gnu/librt-2.19.so
7f6dfeb4a000-7f6dfeb4b000 rw-p 00007000 08:01 786642                     /lib/x86_64-linux-gnu/librt-2.19.so
7f6dfeb4b000-7f6dfeb61000 r-xp 00000000 08:01 786612                     /lib/x86_64-linux-gnu/libgcc_s.so.1
7f6dfeb61000-7f6dfed60000 ---p 00016000 08:01 786612                     /lib/x86_64-linux-gnu/libgcc_s.so.1
7f6dfed60000-7f6dfed61000 rw-p 00015000 08:01 786612                     /lib/x86_64-linux-gnu/libgcc_s.so.1
7f6dfed61000-7f6dfee66000 r-xp 00000000 08:01 786618                     /lib/x86_64-linux-gnu/libm-2.19.so
7f6dfee66000-7f6dff065000 ---p 00105000 08:01 786618                     /lib/x86_64-linux-gnu/libm-2.19.so
7f6dff065000-7f6dff066000 r--p 00104000 08:01 786618                     /lib/x86_64-linux-gnu/libm-2.19.so
7f6dff066000-7f6dff067000 rw-p 00105000 08:01 786618                     /lib/x86_64-linux-gnu/libm-2.19.so
7f6dff067000-7f6dff14d000 r-xp 00000000 08:01 4719935                    /usr/lib/x86_64-linux-gnu/libstdc++.so.6.0.19
7f6dff14d000-7f6dff34c000 ---p 000e6000 08:01 4719935                    /usr/lib/x86_64-linux-gnu/libstdc++.so.6.0.19
7f6dff34c000-7f6dff354000 r--p 000e5000 08:01 4719935                    /usr/lib/x86_64-linux-gnu/libstdc++.so.6.0.19
7f6dff354000-7f6dff356000 rw-p 000ed000 08:01 4719935                    /usr/lib/x86_64-linux-gnu/libstdc++.so.6.0.19
7f6dff356000-7f6dff36b000 rw-p 00000000 00:00 0 
7f6dff36b000-7f6dffe8f000 r-xp 00000000 08:01 5917890                    /usr/lib/jvm/java-7-openjdk-amd64/jre/lib/amd64/server/libjvm.so
7f6dffe8f000-7f6e0008f000 ---p 00b24000 08:01 5917890                    /usr/lib/jvm/java-7-openjdk-amd64/jre/lib/amd64/server/libjvm.so
7f6e0008f000-7f6e00129000 r--p 00b24000 08:01 5917890                    /usr/lib/jvm/java-7-openjdk-amd64/jre/lib/amd64/server/libjvm.so
7f6e00129000-7f6e0014c000 rw-p 00bbe000 08:01 5917890                    /usr/lib/jvm/java-7-openjdk-amd64/jre/lib/amd64/server/libjvm.so
7f6e0014c000-7f6e0017a000 rw-p 00000000 00:00 0 
7f6e0017a000-7f6e00192000 r-xp 00000000 08:01 790555                     /lib/x86_64-linux-gnu/libz.so.1.2.8
7f6e00192000-7f6e00391000 ---p 00018000 08:01 790555                     /lib/x86_64-linux-gnu/libz.so.1.2.8
7f6e00391000-7f6e00392000 r--p 00017000 08:01 790555                     /lib/x86_64-linux-gnu/libz.so.1.2.8
7f6e00392000-7f6e00393000 rw-p 00018000 08:01 790555                     /lib/x86_64-linux-gnu/libz.so.1.2.8
7f6e00393000-7f6e003ac000 r-xp 00000000 08:01 786635                     /lib/x86_64-linux-gnu/libpthread-2.19.so
7f6e003ac000-7f6e005ab000 ---p 00019000 08:01 786635                     /lib/x86_64-linux-gnu/libpthread-2.19.so
7f6e005ab000-7f6e005ac000 r--p 00018000 08:01 786635                     /lib/x86_64-linux-gnu/libpthread-2.19.so
7f6e005ac000-7f6e005ad000 rw-p 00019000 08:01 786635                     /lib/x86_64-linux-gnu/libpthread-2.19.so
7f6e005ad000-7f6e005b1000 rw-p 00000000 00:00 0 
7f6e005b1000-7f6e005b4000 r-xp 00000000 08:01 786630                     /lib/x86_64-linux-gnu/libdl-2.19.so
7f6e005b4000-7f6e007b3000 ---p 00003000 08:01 786630                     /lib/x86_64-linux-gnu/libdl-2.19.so
7f6e007b3000-7f6e007b4000 r--p 00002000 08:01 786630                     /lib/x86_64-linux-gnu/libdl-2.19.so
7f6e007b4000-7f6e007b5000 rw-p 00003000 08:01 786630                     /lib/x86_64-linux-gnu/libdl-2.19.so
7f6e007b5000-7f6e00970000 r-xp 00000000 08:01 786643                     /lib/x86_64-linux-gnu/libc-2.19.so
7f6e00970000-7f6e00b6f000 ---p 001bb000 08:01 786643                     /lib/x86_64-linux-gnu/libc-2.19.so
7f6e00b6f000-7f6e00b73000 r--p 001ba000 08:01 786643                     /lib/x86_64-linux-gnu/libc-2.19.so
7f6e00b73000-7f6e00b75000 rw-p 001be000 08:01 786643                     /lib/x86_64-linux-gnu/libc-2.19.so
7f6e00b75000-7f6e00b7a000 rw-p 00000000 00:00 0 
7f6e00b7a000-7f6e00b87000 r-xp 00000000 08:01 5917907                    /usr/lib/jvm/java-7-openjdk-amd64/jre/lib/amd64/jli/libjli.so
7f6e00b87000-7f6e00d86000 ---p 0000d000 08:01 5917907                    /usr/lib/jvm/java-7-openjdk-amd64/jre/lib/amd64/jli/libjli.so
7f6e00d86000-7f6e00d87000 r--p 0000c000 08:01 5917907                    /usr/lib/jvm/java-7-openjdk-amd64/jre/lib/amd64/jli/libjli.so
7f6e00d87000-7f6e00d88000 rw-p 0000d000 08:01 5917907                    /usr/lib/jvm/java-7-openjdk-amd64/jre/lib/amd64/jli/libjli.so
7f6e00d88000-7f6e00dab000 r-xp 00000000 08:01 786636                     /lib/x86_64-linux-gnu/ld-2.19.so
7f6e00dad000-7f6e00db1000 r--s 00034000 08:01 5917930                    /usr/lib/jvm/java-7-openjdk-amd64/jre/lib/ext/sunjce_provider.jar
7f6e00db1000-7f6e00dd7000 rw-p 00000000 00:00 0 
7f6e00dd7000-7f6e00e89000 rw-p 00000000 00:00 0 
7f6e00e89000-7f6e00e8c000 ---p 00000000 00:00 0 
7f6e00e8c000-7f6e00f8f000 rw-p 00000000 00:00 0                          [stack:1215]
7f6e00f90000-7f6e00f91000 rw-p 00000000 00:00 0 
7f6e00f91000-7f6e00f93000 r--s 00012000 08:01 5917929                    /usr/lib/jvm/java-7-openjdk-amd64/jre/lib/ext/zipfs.jar
7f6e00f93000-7f6e00f95000 r--s 00006000 08:01 5118243                    /usr/share/java/java-atk-wrapper.jar
7f6e00f95000-7f6e00f99000 r--s 0003c000 08:01 5917933                    /usr/lib/jvm/java-7-openjdk-amd64/jre/lib/ext/sunpkcs11.jar
7f6e00f99000-7f6e00f9d000 r--s 00085000 08:01 5917932                    /usr/lib/jvm/java-7-openjdk-amd64/jre/lib/ext/localedata.jar
7f6e00f9d000-7f6e00f9e000 r--s 00002000 08:01 5917928                    /usr/lib/jvm/java-7-openjdk-amd64/jre/lib/ext/dnsns.jar
7f6e00f9e000-7f6e00fa6000 rw-s 00000000 08:01 2236621                    /tmp/hsperfdata_raihan/1211
7f6e00fa6000-7f6e00fa7000 rw-p 00000000 00:00 0 
7f6e00fa7000-7f6e00fa8000 ---p 00000000 00:00 0 
7f6e00fa8000-7f6e00faa000 rw-p 00000000 00:00 0 
7f6e00faa000-7f6e00fab000 r--p 00022000 08:01 786636                     /lib/x86_64-linux-gnu/ld-2.19.so
7f6e00fab000-7f6e00fac000 rw-p 00023000 08:01 786636                     /lib/x86_64-linux-gnu/ld-2.19.so
7f6e00fac000-7f6e00fad000 rw-p 00000000 00:00 0 
7fffe8f6e000-7fffe8f8f000 rw-p 00000000 00:00 0                          [stack]
7fffe8ffe000-7fffe9000000 r-xp 00000000 00:00 0                          [vdso]
ffffffffff600000-ffffffffff601000 r-xp 00000000 00:00 0                  [vsyscall]

VM Arguments:
jvm_args: -Xmx1024M -Dfile.encoding=UTF-8 -Duser.country=US -Duser.language=en -Duser.variant 
java_command: com.android.dx.command.Main --dex --multi-dex --main-dex-list /home/raihan/OpenSrpWorkSpace/opensrp-crvs/opensrp-client/opensrp-crvs/build/intermediates/multi-dex/debug/maindexlist.txt --output /home/raihan/OpenSrpWorkSpace/opensrp-crvs/opensrp-client/opensrp-crvs/build/intermediates/dex/debug /home/raihan/OpenSrpWorkSpace/opensrp-crvs/opensrp-client/opensrp-crvs/build/intermediates/multi-dex/debug/allclasses.jar
Launcher Type: SUN_STANDARD

Environment Variables:
PATH=/usr/local/sbin:/usr/local/bin:/usr/sbin:/usr/bin:/sbin:/bin:/usr/games:/usr/local/games
SHELL=/bin/bash
DISPLAY=:0

Signal Handlers:
SIGSEGV: [libjvm.so+0x9548f0], sa_mask[0]=0x7ffbfeff, sa_flags=0x10000004
SIGBUS: [libjvm.so+0x9548f0], sa_mask[0]=0x7ffbfeff, sa_flags=0x10000004
SIGFPE: [libjvm.so+0x7cb0b0], sa_mask[0]=0x7ffbfeff, sa_flags=0x10000004
SIGPIPE: [libjvm.so+0x7cb0b0], sa_mask[0]=0x7ffbfeff, sa_flags=0x10000004
SIGXFSZ: [libjvm.so+0x7cb0b0], sa_mask[0]=0x7ffbfeff, sa_flags=0x10000004
SIGILL: [libjvm.so+0x7cb0b0], sa_mask[0]=0x7ffbfeff, sa_flags=0x10000004
SIGUSR1: SIG_DFL, sa_mask[0]=0x00000000, sa_flags=0x00000000
SIGUSR2: [libjvm.so+0x7caf50], sa_mask[0]=0x00000004, sa_flags=0x10000004
SIGHUP: [libjvm.so+0x7cb130], sa_mask[0]=0x7ffbfeff, sa_flags=0x10000004
SIGINT: [libjvm.so+0x7cb130], sa_mask[0]=0x7ffbfeff, sa_flags=0x10000004
SIGTERM: [libjvm.so+0x7cb130], sa_mask[0]=0x7ffbfeff, sa_flags=0x10000004
SIGQUIT: [libjvm.so+0x7cb130], sa_mask[0]=0x7ffbfeff, sa_flags=0x10000004
SIGTRAP: SIG_DFL, sa_mask[0]=0x00000000, sa_flags=0x00000000


---------------  S Y S T E M  ---------------

OS:Ubuntu 14.04 (trusty)
uname:Linux 3.13.0-24-generic #46-Ubuntu SMP Thu Apr 10 19:11:08 UTC 2014 x86_64
libc:glibc 2.19 NPTL 2.19 
rlimit: STACK 8192k, CORE 0k, NPROC 30570, NOFILE 4096, AS infinity
load average:3.97 1.54 0.65

/proc/meminfo:
MemTotal:        3934516 kB
MemFree:           97884 kB
Buffers:             188 kB
Cached:           417628 kB
SwapCached:        11748 kB
Active:          2199888 kB
Inactive:         797636 kB
Active(anon):    2196292 kB
Inactive(anon):   793676 kB
Active(file):       3596 kB
Inactive(file):     3960 kB
Unevictable:          80 kB
Mlocked:              80 kB
SwapTotal:       4080636 kB
SwapFree:              0 kB
Dirty:                 0 kB
Writeback:            20 kB
AnonPages:       2570212 kB
Mapped:           582480 kB
Shmem:            409888 kB
Slab:              96184 kB
SReclaimable:      39980 kB
SUnreclaim:        56204 kB
KernelStack:        7408 kB
PageTables:        89984 kB
NFS_Unstable:          0 kB
Bounce:                0 kB
WritebackTmp:          0 kB
CommitLimit:     6047892 kB
Committed_AS:   25198212 kB
VmallocTotal:   34359738367 kB
VmallocUsed:      553520 kB
VmallocChunk:   34359123396 kB
HardwareCorrupted:     0 kB
AnonHugePages:    118784 kB
HugePages_Total:       0
HugePages_Free:        0
HugePages_Rsvd:        0
HugePages_Surp:        0
Hugepagesize:       2048 kB
DirectMap4k:       93696 kB
DirectMap2M:     2940928 kB
DirectMap1G:     1048576 kB


CPU:total 4 (2 cores per cpu, 2 threads per core) family 6 model 61 stepping 4, cmov, cx8, fxsr, mmx, sse, sse2, sse3, ssse3, sse4.1, sse4.2, popcnt, avx, avx2, aes, erms, ht, tsc, tscinvbit

/proc/cpuinfo:
processor	: 0
vendor_id	: GenuineIntel
cpu family	: 6
model		: 61
model name	: Intel(R) Core(TM) i5-5200U CPU @ 2.20GHz
stepping	: 4
microcode	: 0x1f
cpu MHz		: 2200.000
cache size	: 3072 KB
physical id	: 0
siblings	: 4
core id		: 0
cpu cores	: 2
apicid		: 0
initial apicid	: 0
fpu		: yes
fpu_exception	: yes
cpuid level	: 20
wp		: yes
flags		: fpu vme de pse tsc msr pae mce cx8 apic sep mtrr pge mca cmov pat pse36 clflush dts acpi mmx fxsr sse sse2 ss ht tm pbe syscall nx pdpe1gb rdtscp lm constant_tsc arch_perfmon pebs bts rep_good nopl xtopology nonstop_tsc aperfmperf eagerfpu pni pclmulqdq dtes64 monitor ds_cpl vmx est tm2 ssse3 fma cx16 xtpr pdcm pcid sse4_1 sse4_2 x2apic movbe popcnt tsc_deadline_timer aes xsave avx f16c rdrand lahf_lm abm 3dnowprefetch ida arat epb xsaveopt pln pts dtherm tpr_shadow vnmi flexpriority ept vpid fsgsbase tsc_adjust bmi1 avx2 smep bmi2 erms invpcid rdseed adx smap
bogomips	: 4389.72
clflush size	: 64
cache_alignment	: 64
address sizes	: 39 bits physical, 48 bits virtual
power management:

processor	: 1
vendor_id	: GenuineIntel
cpu family	: 6
model		: 61
model name	: Intel(R) Core(TM) i5-5200U CPU @ 2.20GHz
stepping	: 4
microcode	: 0x1f
cpu MHz		: 500.000
cache size	: 3072 KB
physical id	: 0
siblings	: 4
core id		: 0
cpu cores	: 2
apicid		: 1
initial apicid	: 1
fpu		: yes
fpu_exception	: yes
cpuid level	: 20
wp		: yes
flags		: fpu vme de pse tsc msr pae mce cx8 apic sep mtrr pge mca cmov pat pse36 clflush dts acpi mmx fxsr sse sse2 ss ht tm pbe syscall nx pdpe1gb rdtscp lm constant_tsc arch_perfmon pebs bts rep_good nopl xtopology nonstop_tsc aperfmperf eagerfpu pni pclmulqdq dtes64 monitor ds_cpl vmx est tm2 ssse3 fma cx16 xtpr pdcm pcid sse4_1 sse4_2 x2apic movbe popcnt tsc_deadline_timer aes xsave avx f16c rdrand lahf_lm abm 3dnowprefetch ida arat epb xsaveopt pln pts dtherm tpr_shadow vnmi flexpriority ept vpid fsgsbase tsc_adjust bmi1 avx2 smep bmi2 erms invpcid rdseed adx smap
bogomips	: 4389.72
clflush size	: 64
cache_alignment	: 64
address sizes	: 39 bits physical, 48 bits virtual
power management:

processor	: 2
vendor_id	: GenuineIntel
cpu family	: 6
model		: 61
model name	: Intel(R) Core(TM) i5-5200U CPU @ 2.20GHz
stepping	: 4
microcode	: 0x1f
cpu MHz		: 2200.000
cache size	: 3072 KB
physical id	: 0
siblings	: 4
core id		: 1
cpu cores	: 2
apicid		: 2
initial apicid	: 2
fpu		: yes
fpu_exception	: yes
cpuid level	: 20
wp		: yes
flags		: fpu vme de pse tsc msr pae mce cx8 apic sep mtrr pge mca cmov pat pse36 clflush dts acpi mmx fxsr sse sse2 ss ht tm pbe syscall nx pdpe1gb rdtscp lm constant_tsc arch_perfmon pebs bts rep_good nopl xtopology nonstop_tsc aperfmperf eagerfpu pni pclmulqdq dtes64 monitor ds_cpl vmx est tm2 ssse3 fma cx16 xtpr pdcm pcid sse4_1 sse4_2 x2apic movbe popcnt tsc_deadline_timer aes xsave avx f16c rdrand lahf_lm abm 3dnowprefetch ida arat epb xsaveopt pln pts dtherm tpr_shadow vnmi flexpriority ept vpid fsgsbase tsc_adjust bmi1 avx2 smep bmi2 erms invpcid rdseed adx smap
bogomips	: 4389.72
clflush size	: 64
cache_alignment	: 64
address sizes	: 39 bits physical, 48 bits virtual
power management:

processor	: 3
vendor_id	: GenuineIntel
cpu family	: 6
model		: 61
model name	: Intel(R) Core(TM) i5-5200U CPU @ 2.20GHz
stepping	: 4
microcode	: 0x1f
cpu MHz		: 2200.000
cache size	: 3072 KB
physical id	: 0
siblings	: 4
core id		: 1
cpu cores	: 2
apicid		: 3
initial apicid	: 3
fpu		: yes
fpu_exception	: yes
cpuid level	: 20
wp		: yes
flags		: fpu vme de pse tsc msr pae mce cx8 apic sep mtrr pge mca cmov pat pse36 clflush dts acpi mmx fxsr sse sse2 ss ht tm pbe syscall nx pdpe1gb rdtscp lm constant_tsc arch_perfmon pebs bts rep_good nopl xtopology nonstop_tsc aperfmperf eagerfpu pni pclmulqdq dtes64 monitor ds_cpl vmx est tm2 ssse3 fma cx16 xtpr pdcm pcid sse4_1 sse4_2 x2apic movbe popcnt tsc_deadline_timer aes xsave avx f16c rdrand lahf_lm abm 3dnowprefetch ida arat epb xsaveopt pln pts dtherm tpr_shadow vnmi flexpriority ept vpid fsgsbase tsc_adjust bmi1 avx2 smep bmi2 erms invpcid rdseed adx smap
bogomips	: 4389.72
clflush size	: 64
cache_alignment	: 64
address sizes	: 39 bits physical, 48 bits virtual
power management:



Memory: 4k page, physical 3934516k(98504k free), swap 4080636k(0k free)

vm_info: OpenJDK 64-Bit Server VM (24.95-b01) for linux-amd64 JRE (1.7.0_95-b00), built on Mar 24 2016 06:13:32 by "buildd" with gcc 4.8.2

time: Tue Aug  2 16:52:12 2016
elapsed time: 11 seconds

