#
# There is insufficient memory for the Java Runtime Environment to continue.
# Native memory allocation (malloc) failed to allocate 104857600 bytes for committing reserved memory.
# Possible reasons:
#   The system is out of physical RAM or swap space
#   In 32 bit mode, the process size limit was hit
# Possible solutions:
#   Reduce memory load on the system
#   Increase physical memory or swap space
#   Check if swap backing store is full
#   Use 64 bit Java on a 64 bit OS
#   Decrease Java heap size (-Xmx/-Xms)
#   Decrease number of Java threads
#   Decrease Java thread stack sizes (-Xss)
#   Set larger code cache with -XX:ReservedCodeCacheSize=
# This output file may be truncated or incomplete.
#
#  Out of Memory Error (os_linux.cpp:2827), pid=27820, tid=140279210252032
#
# JRE version: OpenJDK Runtime Environment (7.0_95) (build 1.7.0_95-b00)
# Java VM: OpenJDK 64-Bit Server VM (24.95-b01 mixed mode linux-amd64 compressed oops)
# Derivative: IcedTea 2.6.4
# Distribution: Ubuntu 14.04 LTS, package 7u95-2.6.4-0ubuntu0.14.04.2
# Failed to write core dump. Core dumps have been disabled. To enable core dumping, try "ulimit -c unlimited" before starting Java again
#

---------------  T H R E A D  ---------------

Current thread (0x00007f9548076000):  VMThread [stack: 0x00007f954c6f1000,0x00007f954c7f2000] [id=27830]

Stack: [0x00007f954c6f1000,0x00007f954c7f2000],  sp=0x00007f954c7f0490,  free space=1021k
Native frames: (J=compiled Java code, j=interpreted, Vv=VM code, C=native code)
V  [libjvm.so+0x953e15]
V  [libjvm.so+0x48fd94]
V  [libjvm.so+0x7cf87b]
V  [libjvm.so+0x7ca33f]
V  [libjvm.so+0x83dacb]
V  [libjvm.so+0x82d86b]
V  [libjvm.so+0x82da2b]
V  [libjvm.so+0x82e958]
V  [libjvm.so+0x8355b4]
V  [libjvm.so+0x83bc0d]
V  [libjvm.so+0x7f2083]
V  [libjvm.so+0x955814]
V  [libjvm.so+0x959917]
V  [libjvm.so+0x9583d8]
V  [libjvm.so+0x958839]
V  [libjvm.so+0x958c82]
V  [libjvm.so+0x7cc742]

VM_Operation (0x00007f95519b6e70): ParallelGCFailedAllocation, mode: safepoint, requested by thread 0x00007f954800a800


---------------  P R O C E S S  ---------------

Java Threads: ( => current thread )
  0x00007f95480af800 JavaThread "Service Thread" daemon [_thread_blocked, id=27839, stack(0x00007f954c0eb000,0x00007f954c1ec000)]
  0x00007f95480ad000 JavaThread "C2 CompilerThread1" daemon [_thread_blocked, id=27838, stack(0x00007f954c1ec000,0x00007f954c2ed000)]
  0x00007f95480aa000 JavaThread "C2 CompilerThread0" daemon [_thread_blocked, id=27837, stack(0x00007f954c2ed000,0x00007f954c3ee000)]
  0x00007f95480a8000 JavaThread "Signal Dispatcher" daemon [_thread_blocked, id=27836, stack(0x00007f954c3ee000,0x00007f954c4ef000)]
  0x00007f954807c000 JavaThread "Finalizer" daemon [_thread_blocked, id=27832, stack(0x00007f954c4ef000,0x00007f954c5f0000)]
  0x00007f954807a000 JavaThread "Reference Handler" daemon [_thread_blocked, id=27831, stack(0x00007f954c5f0000,0x00007f954c6f1000)]
  0x00007f954800a800 JavaThread "main" [_thread_blocked, id=27825, stack(0x00007f95518b8000,0x00007f95519b9000)]

Other Threads:
=>0x00007f9548076000 VMThread [stack: 0x00007f954c6f1000,0x00007f954c7f2000] [id=27830]
  0x00007f95480ba000 WatcherThread [stack: 0x00007f95447dc000,0x00007f95448dd000] [id=27840]

VM state:at safepoint (normal execution)

VM Mutex/Monitor currently owned by a thread:  ([mutex/lock_event])
[0x00007f95480062c0] ExpandHeap_lock - owner thread: 0x00007f9548076000
[0x00007f9548006940] Threads_lock - owner thread: 0x00007f9548076000
[0x00007f9548006e40] Heap_lock - owner thread: 0x00007f954800a800

Heap
 PSYoungGen      total 251904K, used 9045K [0x00000000eaa80000, 0x00000000ffc00000, 0x0000000100000000)
  eden space 233984K, 0% used [0x00000000eaa80000,0x00000000eaa80000,0x00000000f8f00000)
  from space 17920K, 50% used [0x00000000f8f00000,0x00000000f97d5648,0x00000000fa080000)
  to   space 55296K, 0% used [0x00000000fc600000,0x00000000fc600000,0x00000000ffc00000)
 ParOldGen       total 208896K, used 208410K [0x00000000c0000000, 0x00000000ccc00000, 0x00000000eaa80000)
  object space 208896K, 99% used [0x00000000c0000000,0x00000000ccb86a28,0x00000000ccc00000)
 PSPermGen       total 21504K, used 6140K [0x00000000b5a00000, 0x00000000b6f00000, 0x00000000c0000000)
  object space 21504K, 28% used [0x00000000b5a00000,0x00000000b5fff308,0x00000000b6f00000)

Card table byte_map: [0x00007f954e299000,0x00007f954e4ed000] byte_map_base: 0x00007f954dcec000

Polling page: 0x00007f95519d6000

Code Cache  [0x00007f9545000000, 0x00007f95453d0000, 0x00007f9548000000)
 total_blobs=1227 nmethods=999 adapters=181 free_code_cache=45517Kb largest_free_block=46370240

Compilation events (10 events):
Event: 21.487 Thread 0x00007f95480ad000 1070             java.util.EnumSet::allOf (11 bytes)
Event: 21.487 Thread 0x00007f95480aa000 1071             java.util.EnumSet::noneOf (63 bytes)
Event: 21.490 Thread 0x00007f95480aa000 nmethod 1071 0x00007f95452a4f10 code [0x00007f95452a5080, 0x00007f95452a5238]
Event: 21.490 Thread 0x00007f95480aa000 1072             java.util.EnumSet::getUniverse (10 bytes)
Event: 21.491 Thread 0x00007f95480aa000 nmethod 1072 0x00007f95452a4b50 code [0x00007f95452a4ca0, 0x00007f95452a4d78]
Event: 21.494 Thread 0x00007f95480ad000 nmethod 1070 0x00007f95452a44d0 code [0x00007f95452a4640, 0x00007f95452a4838]
Event: 21.500 Thread 0x00007f95480aa000 1073             com.android.dx.rop.cst.CstLiteral64::hashCode (15 bytes)
Event: 21.500 Thread 0x00007f95480aa000 nmethod 1073 0x00007f95452a42d0 code [0x00007f95452a4400, 0x00007f95452a4458]
Event: 21.526 Thread 0x00007f95480aa000 1074             java.util.Arrays::equals (78 bytes)
Event: 21.529 Thread 0x00007f95480aa000 nmethod 1074 0x00007f95451a8990 code [0x00007f95451a8b00, 0x00007f95451a8d08]

GC Heap History (10 events):
Event: 16.008 GC heap after
Heap after GC invocations=12 (full 2):
 PSYoungGen      total 289280K, used 44340K [0x00000000eaa80000, 0x0000000100000000, 0x0000000100000000)
  eden space 242176K, 0% used [0x00000000eaa80000,0x00000000eaa80000,0x00000000f9700000)
  from space 47104K, 94% used [0x00000000fcb80000,0x00000000ff6cd1f8,0x00000000ff980000)
  to   space 53760K, 0% used [0x00000000f9700000,0x00000000f9700000,0x00000000fcb80000)
 ParOldGen       total 134144K, used 90671K [0x00000000c0000000, 0x00000000c8300000, 0x00000000eaa80000)
  object space 134144K, 67% used [0x00000000c0000000,0x00000000c588bf30,0x00000000c8300000)
 PSPermGen       total 21504K, used 6112K [0x00000000b5a00000, 0x00000000b6f00000, 0x00000000c0000000)
  object space 21504K, 28% used [0x00000000b5a00000,0x00000000b5ff8078,0x00000000b6f00000)
}
Event: 17.497 GC heap before
{Heap before GC invocations=13 (full 2):
 PSYoungGen      total 289280K, used 286516K [0x00000000eaa80000, 0x0000000100000000, 0x0000000100000000)
  eden space 242176K, 100% used [0x00000000eaa80000,0x00000000f9700000,0x00000000f9700000)
  from space 47104K, 94% used [0x00000000fcb80000,0x00000000ff6cd1f8,0x00000000ff980000)
  to   space 53760K, 0% used [0x00000000f9700000,0x00000000f9700000,0x00000000fcb80000)
 ParOldGen       total 134144K, used 90671K [0x00000000c0000000, 0x00000000c8300000, 0x00000000eaa80000)
  object space 134144K, 67% used [0x00000000c0000000,0x00000000c588bf30,0x00000000c8300000)
 PSPermGen       total 21504K, used 6120K [0x00000000b5a00000, 0x00000000b6f00000, 0x00000000c0000000)
  object space 21504K, 28% used [0x00000000b5a00000,0x00000000b5ffa2b0,0x00000000b6f00000)
Event: 17.709 GC heap after
Heap after GC invocations=13 (full 2):
 PSYoungGen      total 281088K, used 38553K [0x00000000eaa80000, 0x0000000100000000, 0x0000000100000000)
  eden space 242176K, 0% used [0x00000000eaa80000,0x00000000eaa80000,0x00000000f9700000)
  from space 38912K, 99% used [0x00000000f9700000,0x00000000fbca6498,0x00000000fbd00000)
  to   space 56832K, 0% used [0x00000000fc880000,0x00000000fc880000,0x0000000100000000)
 ParOldGen       total 134144K, used 133819K [0x00000000c0000000, 0x00000000c8300000, 0x00000000eaa80000)
  object space 134144K, 99% used [0x00000000c0000000,0x00000000c82aeef0,0x00000000c8300000)
 PSPermGen       total 21504K, used 6120K [0x00000000b5a00000, 0x00000000b6f00000, 0x00000000c0000000)
  object space 21504K, 28% used [0x00000000b5a00000,0x00000000b5ffa2b0,0x00000000b6f00000)
}
Event: 17.709 GC heap before
{Heap before GC invocations=14 (full 3):
 PSYoungGen      total 281088K, used 38553K [0x00000000eaa80000, 0x0000000100000000, 0x0000000100000000)
  eden space 242176K, 0% used [0x00000000eaa80000,0x00000000eaa80000,0x00000000f9700000)
  from space 38912K, 99% used [0x00000000f9700000,0x00000000fbca6498,0x00000000fbd00000)
  to   space 56832K, 0% used [0x00000000fc880000,0x00000000fc880000,0x0000000100000000)
 ParOldGen       total 134144K, used 133819K [0x00000000c0000000, 0x00000000c8300000, 0x00000000eaa80000)
  object space 134144K, 99% used [0x00000000c0000000,0x00000000c82aeef0,0x00000000c8300000)
 PSPermGen       total 21504K, used 6120K [0x00000000b5a00000, 0x00000000b6f00000, 0x00000000c0000000)
  object space 21504K, 28% used [0x00000000b5a00000,0x00000000b5ffa2b0,0x00000000b6f00000)
Event: 18.973 GC heap after
Heap after GC invocations=14 (full 3):
 PSYoungGen      total 281088K, used 34753K [0x00000000eaa80000, 0x0000000100000000, 0x0000000100000000)
  eden space 242176K, 0% used [0x00000000eaa80000,0x00000000eaa80000,0x00000000f9700000)
  from space 38912K, 89% used [0x00000000f9700000,0x00000000fb8f04b8,0x00000000fbd00000)
  to   space 56832K, 0% used [0x00000000fc880000,0x00000000fc880000,0x0000000100000000)
 ParOldGen       total 208896K, used 133937K [0x00000000c0000000, 0x00000000ccc00000, 0x00000000eaa80000)
  object space 208896K, 64% used [0x00000000c0000000,0x00000000c82cc500,0x00000000ccc00000)
 PSPermGen       total 21504K, used 6120K [0x00000000b5a00000, 0x00000000b6f00000, 0x00000000c0000000)
  object space 21504K, 28% used [0x00000000b5a00000,0x00000000b5ffa070,0x00000000b6f00000)
}
Event: 19.950 GC heap before
{Heap before GC invocations=15 (full 3):
 PSYoungGen      total 281088K, used 276929K [0x00000000eaa80000, 0x0000000100000000, 0x0000000100000000)
  eden space 242176K, 100% used [0x00000000eaa80000,0x00000000f9700000,0x00000000f9700000)
  from space 38912K, 89% used [0x00000000f9700000,0x00000000fb8f04b8,0x00000000fbd00000)
  to   space 56832K, 0% used [0x00000000fc880000,0x00000000fc880000,0x0000000100000000)
 ParOldGen       total 208896K, used 133937K [0x00000000c0000000, 0x00000000ccc00000, 0x00000000eaa80000)
  object space 208896K, 64% used [0x00000000c0000000,0x00000000c82cc500,0x00000000ccc00000)
 PSPermGen       total 21504K, used 6130K [0x00000000b5a00000, 0x00000000b6f00000, 0x00000000c0000000)
  object space 21504K, 28% used [0x00000000b5a00000,0x00000000b5ffcb80,0x00000000b6f00000)
Event: 20.226 GC heap after
Heap after GC invocations=15 (full 3):
 PSYoungGen      total 290816K, used 33518K [0x00000000eaa80000, 0x0000000100000000, 0x0000000100000000)
  eden space 233984K, 0% used [0x00000000eaa80000,0x00000000eaa80000,0x00000000f8f00000)
  from space 56832K, 58% used [0x00000000fc880000,0x00000000fe93bb90,0x0000000100000000)
  to   space 57856K, 0% used [0x00000000f8f00000,0x00000000f8f00000,0x00000000fc780000)
 ParOldGen       total 208896K, used 167979K [0x00000000c0000000, 0x00000000ccc00000, 0x00000000eaa80000)
  object space 208896K, 80% used [0x00000000c0000000,0x00000000ca40aec8,0x00000000ccc00000)
 PSPermGen       total 21504K, used 6130K [0x00000000b5a00000, 0x00000000b6f00000, 0x00000000c0000000)
  object space 21504K, 28% used [0x00000000b5a00000,0x00000000b5ffcb80,0x00000000b6f00000)
}
Event: 21.569 GC heap before
{Heap before GC invocations=16 (full 3):
 PSYoungGen      total 290816K, used 267502K [0x00000000eaa80000, 0x0000000100000000, 0x0000000100000000)
  eden space 233984K, 100% used [0x00000000eaa80000,0x00000000f8f00000,0x00000000f8f00000)
  from space 56832K, 58% used [0x00000000fc880000,0x00000000fe93bb90,0x0000000100000000)
  to   space 57856K, 0% used [0x00000000f8f00000,0x00000000f8f00000,0x00000000fc780000)
 ParOldGen       total 208896K, used 167979K [0x00000000c0000000, 0x00000000ccc00000, 0x00000000eaa80000)
  object space 208896K, 80% used [0x00000000c0000000,0x00000000ca40aec8,0x00000000ccc00000)
 PSPermGen       total 21504K, used 6140K [0x00000000b5a00000, 0x00000000b6f00000, 0x00000000c0000000)
  object space 21504K, 28% used [0x00000000b5a00000,0x00000000b5fff3e8,0x00000000b6f00000)
Event: 21.707 GC heap after
Heap after GC invocations=16 (full 3):
 PSYoungGen      total 251904K, used 17858K [0x00000000eaa80000, 0x00000000ffc00000, 0x0000000100000000)
  eden space 233984K, 0% used [0x00000000eaa80000,0x00000000eaa80000,0x00000000f8f00000)
  from space 17920K, 99% used [0x00000000f8f00000,0x00000000fa070aa8,0x00000000fa080000)
  to   space 55296K, 0% used [0x00000000fc600000,0x00000000fc600000,0x00000000ffc00000)
 ParOldGen       total 208896K, used 200474K [0x00000000c0000000, 0x00000000ccc00000, 0x00000000eaa80000)
  object space 208896K, 95% used [0x00000000c0000000,0x00000000cc3c6aa8,0x00000000ccc00000)
 PSPermGen       total 21504K, used 6140K [0x00000000b5a00000, 0x00000000b6f00000, 0x00000000c0000000)
  object space 21504K, 28% used [0x00000000b5a00000,0x00000000b5fff3e8,0x00000000b6f00000)
}
Event: 21.708 GC heap before
{Heap before GC invocations=17 (full 4):
 PSYoungGen      total 251904K, used 17858K [0x00000000eaa80000, 0x00000000ffc00000, 0x0000000100000000)
  eden space 233984K, 0% used [0x00000000eaa80000,0x00000000eaa80000,0x00000000f8f00000)
  from space 17920K, 99% used [0x00000000f8f00000,0x00000000fa070aa8,0x00000000fa080000)
  to   space 55296K, 0% used [0x00000000fc600000,0x00000000fc600000,0x00000000ffc00000)
 ParOldGen       total 208896K, used 200474K [0x00000000c0000000, 0x00000000ccc00000, 0x00000000eaa80000)
  object space 208896K, 95% used [0x00000000c0000000,0x00000000cc3c6aa8,0x00000000ccc00000)
 PSPermGen       total 21504K, used 6140K [0x00000000b5a00000, 0x00000000b6f00000, 0x00000000c0000000)
  object space 21504K, 28% used [0x00000000b5a00000,0x00000000b5fff3e8,0x00000000b6f00000)

Deoptimization events (10 events):
Event: 20.726 Thread 0x00007f954800a800 Uncommon trap: reason=unstable_if action=reinterpret pc=0x00007f95452c5c54 method=java.util.BitSet.nextClearBit(I)I @ 70
Event: 21.011 Thread 0x00007f954800a800 Uncommon trap: reason=unstable_if action=reinterpret pc=0x00007f954516334c method=com.android.dx.rop.code.LocalVariableExtractor.processBlock(I)V @ 208
Event: 21.061 Thread 0x00007f954800a800 Uncommon trap: reason=class_check action=maybe_recompile pc=0x00007f9545193768 method=com.android.dx.ssa.SCCP.replaceConstants()V @ 182
Event: 21.062 Thread 0x00007f954800a800 Uncommon trap: reason=class_check action=maybe_recompile pc=0x00007f9545193768 method=com.android.dx.ssa.SCCP.replaceConstants()V @ 182
Event: 21.067 Thread 0x00007f954800a800 Uncommon trap: reason=unstable_if action=reinterpret pc=0x00007f954517ef34 method=com.android.dx.ssa.InterferenceRegisterMapper.interferes(III)Z @ 69
Event: 21.097 Thread 0x00007f954800a800 Uncommon trap: reason=unstable_if action=reinterpret pc=0x00007f954538489c method=com.android.dx.rop.code.RegisterSpecSet.<init>(I)V @ 2
Event: 21.097 Thread 0x00007f954800a800 Uncommon trap: reason=unstable_if action=reinterpret pc=0x00007f954518d4bc method=com.android.dx.ssa.LocalVariableExtractor.doit()Lcom/android/dx/ssa/LocalVariableInfo; @ 7
Event: 21.097 Thread 0x00007f954800a800 Uncommon trap: reason=unstable_if action=reinterpret pc=0x00007f95451e9be8 method=com.android.dx.rop.code.RegisterSpecSet.<init>(I)V @ 2
Event: 21.440 Thread 0x00007f954800a800 Uncommon trap: reason=unstable_if action=reinterpret pc=0x00007f95452dc914 method=com.android.dx.ssa.back.IdenticalBlockCombiner.replaceSucc(Lcom/android/dx/rop/code/BasicBlock;II)V @ 30
Event: 21.513 Thread 0x00007f954800a800 Uncommon trap: reason=unstable_if action=reinterpret pc=0x00007f95450adfac method=com.android.dx.ssa.SCCP.simulateStmt(Lcom/android/dx/ssa/SsaInsn;)V @ 435

Internal exceptions (10 events):
Event: 9.697 Thread 0x00007f954800a800 Implicit null exception at 0x00007f95450d8711 to 0x00007f95450d88f1
Event: 9.698 Thread 0x00007f954800a800 Implicit null exception at 0x00007f9545134dc8 to 0x00007f9545134fad
Event: 9.698 Thread 0x00007f954800a800 Implicit null exception at 0x00007f954514adb5 to 0x00007f954514b931
Event: 9.698 Thread 0x00007f954800a800 Implicit null exception at 0x00007f95450fc3d4 to 0x00007f95450fc59d
Event: 9.698 Thread 0x00007f954800a800 Implicit null exception at 0x00007f95450cf738 to 0x00007f95450cf88d
Event: 9.986 Thread 0x00007f954800a800 Implicit null exception at 0x00007f954533f409 to 0x00007f9545341be9
Event: 14.550 Thread 0x00007f954800a800 Threw 0x00000000f088fa30 at /build/openjdk-7-HVzwJZ/openjdk-7-7u95-2.6.4/build/openjdk/hotspot/src/share/vm/prims/jvm.cpp:1322
Event: 16.225 Thread 0x00007f954800a800 Threw 0x00000000ec1af7e8 at /build/openjdk-7-HVzwJZ/openjdk-7-7u95-2.6.4/build/openjdk/hotspot/src/share/vm/prims/jvm.cpp:1322
Event: 17.190 Thread 0x00007f954800a800 Implicit null exception at 0x00007f95452ea23a to 0x00007f95452eadb1
Event: 17.190 Thread 0x00007f954800a800 Implicit null exception at 0x00007f95452859c4 to 0x00007f9545285cd1

Events (10 events):
Event: 21.387 Thread 0x00007f95480ad000 flushing nmethod 0x00007f954522e3d0
Event: 21.395 Thread 0x00007f95480ad000 flushing nmethod 0x00007f95452a3ed0
Event: 21.395 Thread 0x00007f95480ad000 flushing nmethod 0x00007f95452aa710
Event: 21.440 Thread 0x00007f954800a800 Uncommon trap: trap_request=0xffffff75 fr.pc=0x00007f95452dc914
Event: 21.440 Thread 0x00007f954800a800 DEOPT PACKING pc=0x00007f95452dc914 sp=0x00007f95519b6ea0
Event: 21.440 Thread 0x00007f954800a800 DEOPT UNPACKING pc=0x00007f9545039445 sp=0x00007f95519b6e68 mode 2
Event: 21.513 Thread 0x00007f954800a800 Uncommon trap: trap_request=0xffffff75 fr.pc=0x00007f95450adfac
Event: 21.513 Thread 0x00007f954800a800 DEOPT PACKING pc=0x00007f95450adfac sp=0x00007f95519b6f00
Event: 21.513 Thread 0x00007f954800a800 DEOPT UNPACKING pc=0x00007f9545039445 sp=0x00007f95519b6ea8 mode 2
Event: 21.568 Executing VM operation: ParallelGCFailedAllocation


Dynamic libraries:
00400000-00401000 r-xp 00000000 08:01 5508137                            /usr/lib/jvm/java-7-openjdk-amd64/jre/bin/java
00600000-00601000 r--p 00000000 08:01 5508137                            /usr/lib/jvm/java-7-openjdk-amd64/jre/bin/java
00601000-00602000 rw-p 00001000 08:01 5508137                            /usr/lib/jvm/java-7-openjdk-amd64/jre/bin/java
00937000-00958000 rw-p 00000000 00:00 0                                  [heap]
b5a00000-b6f00000 rw-p 00000000 00:00 0 
b6f00000-c0000000 rw-p 00000000 00:00 0 
c0000000-ccc00000 rw-p 00000000 00:00 0 
d3000000-eaa80000 rw-p 00000000 00:00 0 
eaa80000-ffc00000 rw-p 00000000 00:00 0 
ffc00000-100000000 ---p 00000000 00:00 0 
7f9508000000-7f9508021000 rw-p 00000000 00:00 0 
7f9508021000-7f950c000000 ---p 00000000 00:00 0 
7f9510000000-7f9511a24000 rw-p 00000000 00:00 0 
7f9511a24000-7f9514000000 ---p 00000000 00:00 0 
7f9514000000-7f9514021000 rw-p 00000000 00:00 0 
7f9514021000-7f9518000000 ---p 00000000 00:00 0 
7f9518000000-7f9518021000 rw-p 00000000 00:00 0 
7f9518021000-7f951c000000 ---p 00000000 00:00 0 
7f951c000000-7f951d881000 rw-p 00000000 00:00 0 
7f951d881000-7f9520000000 ---p 00000000 00:00 0 
7f9520000000-7f9520021000 rw-p 00000000 00:00 0 
7f9520021000-7f9524000000 ---p 00000000 00:00 0 
7f9524000000-7f9524021000 rw-p 00000000 00:00 0 
7f9524021000-7f9528000000 ---p 00000000 00:00 0 
7f9528000000-7f9528021000 rw-p 00000000 00:00 0 
7f9528021000-7f952c000000 ---p 00000000 00:00 0 
7f9530000000-7f9530021000 rw-p 00000000 00:00 0 
7f9530021000-7f9534000000 ---p 00000000 00:00 0 
7f9534000000-7f953402a000 rw-p 00000000 00:00 0 
7f953402a000-7f9538000000 ---p 00000000 00:00 0 
7f9538000000-7f9538021000 rw-p 00000000 00:00 0 
7f9538021000-7f953c000000 ---p 00000000 00:00 0 
7f953caef000-7f953cb2c000 r-xp 00000000 08:01 790495                     /lib/x86_64-linux-gnu/libpcre.so.3.13.1
7f953cb2c000-7f953cd2b000 ---p 0003d000 08:01 790495                     /lib/x86_64-linux-gnu/libpcre.so.3.13.1
7f953cd2b000-7f953cd2c000 r--p 0003c000 08:01 790495                     /lib/x86_64-linux-gnu/libpcre.so.3.13.1
7f953cd2c000-7f953cd2d000 rw-p 0003d000 08:01 790495                     /lib/x86_64-linux-gnu/libpcre.so.3.13.1
7f953cd2d000-7f953cd34000 r-xp 00000000 08:01 4726848                    /usr/lib/x86_64-linux-gnu/libffi.so.6.0.1
7f953cd34000-7f953cf33000 ---p 00007000 08:01 4726848                    /usr/lib/x86_64-linux-gnu/libffi.so.6.0.1
7f953cf33000-7f953cf34000 r--p 00006000 08:01 4726848                    /usr/lib/x86_64-linux-gnu/libffi.so.6.0.1
7f953cf34000-7f953cf35000 rw-p 00007000 08:01 4726848                    /usr/lib/x86_64-linux-gnu/libffi.so.6.0.1
7f953cf35000-7f953cf4c000 r-xp 00000000 08:01 786614                     /lib/x86_64-linux-gnu/libresolv-2.19.so
7f953cf4c000-7f953d14c000 ---p 00017000 08:01 786614                     /lib/x86_64-linux-gnu/libresolv-2.19.so
7f953d14c000-7f953d14d000 r--p 00017000 08:01 786614                     /lib/x86_64-linux-gnu/libresolv-2.19.so
7f953d14d000-7f953d14e000 rw-p 00018000 08:01 786614                     /lib/x86_64-linux-gnu/libresolv-2.19.so
7f953d14e000-7f953d150000 rw-p 00000000 00:00 0 
7f953d150000-7f953d170000 r-xp 00000000 08:01 790522                     /lib/x86_64-linux-gnu/libselinux.so.1
7f953d170000-7f953d36f000 ---p 00020000 08:01 790522                     /lib/x86_64-linux-gnu/libselinux.so.1
7f953d36f000-7f953d370000 r--p 0001f000 08:01 790522                     /lib/x86_64-linux-gnu/libselinux.so.1
7f953d370000-7f953d371000 rw-p 00020000 08:01 790522                     /lib/x86_64-linux-gnu/libselinux.so.1
7f953d371000-7f953d373000 rw-p 00000000 00:00 0 
7f953d373000-7f953d376000 r-xp 00000000 08:01 4726965                    /usr/lib/x86_64-linux-gnu/libgmodule-2.0.so.0.4000.0
7f953d376000-7f953d575000 ---p 00003000 08:01 4726965                    /usr/lib/x86_64-linux-gnu/libgmodule-2.0.so.0.4000.0
7f953d575000-7f953d576000 r--p 00002000 08:01 4726965                    /usr/lib/x86_64-linux-gnu/libgmodule-2.0.so.0.4000.0
7f953d576000-7f953d577000 rw-p 00003000 08:01 4726965                    /usr/lib/x86_64-linux-gnu/libgmodule-2.0.so.0.4000.0
7f953d577000-7f953d67d000 r-xp 00000000 08:01 790423                     /lib/x86_64-linux-gnu/libglib-2.0.so.0.4000.0
7f953d67d000-7f953d87c000 ---p 00106000 08:01 790423                     /lib/x86_64-linux-gnu/libglib-2.0.so.0.4000.0
7f953d87c000-7f953d87d000 r--p 00105000 08:01 790423                     /lib/x86_64-linux-gnu/libglib-2.0.so.0.4000.0
7f953d87d000-7f953d87e000 rw-p 00106000 08:01 790423                     /lib/x86_64-linux-gnu/libglib-2.0.so.0.4000.0
7f953d87e000-7f953d87f000 rw-p 00000000 00:00 0 
7f953d87f000-7f953d8ce000 r-xp 00000000 08:01 4726981                    /usr/lib/x86_64-linux-gnu/libgobject-2.0.so.0.4000.0
7f953d8ce000-7f953dace000 ---p 0004f000 08:01 4726981                    /usr/lib/x86_64-linux-gnu/libgobject-2.0.so.0.4000.0
7f953dace000-7f953dacf000 r--p 0004f000 08:01 4726981                    /usr/lib/x86_64-linux-gnu/libgobject-2.0.so.0.4000.0
7f953dacf000-7f953dad0000 rw-p 00050000 08:01 4726981                    /usr/lib/x86_64-linux-gnu/libgobject-2.0.so.0.4000.0
7f953dad0000-7f9540000000 rw-p 00000000 00:00 0 
7f9540000000-7f9540021000 rw-p 00000000 00:00 0 
7f9540021000-7f9544000000 ---p 00000000 00:00 0 
7f954403f000-7f95441aa000 r-xp 00000000 08:01 4726951                    /usr/lib/x86_64-linux-gnu/libgio-2.0.so.0.4000.0
7f95441aa000-7f95443aa000 ---p 0016b000 08:01 4726951                    /usr/lib/x86_64-linux-gnu/libgio-2.0.so.0.4000.0
7f95443aa000-7f95443ae000 r--p 0016b000 08:01 4726951                    /usr/lib/x86_64-linux-gnu/libgio-2.0.so.0.4000.0
7f95443ae000-7f95443b0000 rw-p 0016f000 08:01 4726951                    /usr/lib/x86_64-linux-gnu/libgio-2.0.so.0.4000.0
7f95443b0000-7f95443b2000 rw-p 00000000 00:00 0 
7f95443b2000-7f95443c9000 r-xp 00000000 08:01 5917886                    /usr/lib/jvm/java-7-openjdk-amd64/jre/lib/amd64/libnet.so
7f95443c9000-7f95445c8000 ---p 00017000 08:01 5917886                    /usr/lib/jvm/java-7-openjdk-amd64/jre/lib/amd64/libnet.so
7f95445c8000-7f95445c9000 r--p 00016000 08:01 5917886                    /usr/lib/jvm/java-7-openjdk-amd64/jre/lib/amd64/libnet.so
7f95445c9000-7f95445ca000 rw-p 00017000 08:01 5917886                    /usr/lib/jvm/java-7-openjdk-amd64/jre/lib/amd64/libnet.so
7f95445ca000-7f95445da000 r-xp 00000000 08:01 5917910                    /usr/lib/jvm/java-7-openjdk-amd64/jre/lib/amd64/libnio.so
7f95445da000-7f95447da000 ---p 00010000 08:01 5917910                    /usr/lib/jvm/java-7-openjdk-amd64/jre/lib/amd64/libnio.so
7f95447da000-7f95447db000 r--p 00010000 08:01 5917910                    /usr/lib/jvm/java-7-openjdk-amd64/jre/lib/amd64/libnio.so
7f95447db000-7f95447dc000 rw-p 00011000 08:01 5917910                    /usr/lib/jvm/java-7-openjdk-amd64/jre/lib/amd64/libnio.so
7f95447dc000-7f95447dd000 ---p 00000000 00:00 0 
7f95447dd000-7f95448dd000 rw-p 00000000 00:00 0                          [stack:27840]
7f95448dd000-7f9545000000 r--p 00000000 08:01 4725570                    /usr/lib/locale/locale-archive
7f9545000000-7f95453d0000 rwxp 00000000 00:00 0 
7f95453d0000-7f95482b2000 rw-p 00000000 00:00 0 
7f95482b2000-7f954c000000 ---p 00000000 00:00 0 
7f954c00b000-7f954c03c000 rw-p 00000000 00:00 0 
7f954c055000-7f954c0d9000 r--s 006fe000 08:01 14445569                   /home/raihan/OpenSrpWorkSpace/opensrp-crvs/opensrp-client/opensrp-crvs/build/intermediates/multi-dex/debug/allclasses.jar
7f954c0d9000-7f954c0e8000 r--s 000dd000 08:01 6177003                    /home/raihan/android-sdk-linux/build-tools/21.1.2/lib/dx.jar
7f954c0e8000-7f954c0eb000 r--s 0000f000 08:01 5917931                    /usr/lib/jvm/java-7-openjdk-amd64/jre/lib/ext/icedtea-sound.jar
7f954c0eb000-7f954c0ee000 ---p 00000000 00:00 0 
7f954c0ee000-7f954c1ec000 rw-p 00000000 00:00 0                          [stack:27839]
7f954c1ec000-7f954c1ef000 ---p 00000000 00:00 0 
7f954c1ef000-7f954c2ed000 rw-p 00000000 00:00 0                          [stack:27838]
7f954c2ed000-7f954c2f0000 ---p 00000000 00:00 0 
7f954c2f0000-7f954c3ee000 rw-p 00000000 00:00 0                          [stack:27837]
7f954c3ee000-7f954c3f1000 ---p 00000000 00:00 0 
7f954c3f1000-7f954c4ef000 rw-p 00000000 00:00 0                          [stack:27836]
7f954c4ef000-7f954c4f2000 ---p 00000000 00:00 0 
7f954c4f2000-7f954c5f0000 rw-p 00000000 00:00 0                          [stack:27832]
7f954c5f0000-7f954c5f3000 ---p 00000000 00:00 0 
7f954c5f3000-7f954c6f1000 rw-p 00000000 00:00 0                          [stack:27831]
7f954c6f1000-7f954c6f2000 ---p 00000000 00:00 0 
7f954c6f2000-7f954d7ef000 rw-p 00000000 00:00 0                          [stack:27830]
7f954d7ef000-7f954d9a0000 r--s 01d30000 08:01 5508152                    /usr/lib/jvm/java-7-openjdk-amd64/jre/lib/rt.jar
7f954d9a0000-7f954dcec000 rw-p 00000000 00:00 0 
7f954dcec000-7f954dced000 ---p 00000000 00:00 0 
7f954dced000-7f954dded000 rw-p 00000000 00:00 0                          [stack:27829]
7f954dded000-7f954ddee000 ---p 00000000 00:00 0 
7f954ddee000-7f954deee000 rw-p 00000000 00:00 0                          [stack:27828]
7f954deee000-7f954deef000 ---p 00000000 00:00 0 
7f954deef000-7f954dfef000 rw-p 00000000 00:00 0                          [stack:27827]
7f954dfef000-7f954dff0000 ---p 00000000 00:00 0 
7f954dff0000-7f954e0fb000 rw-p 00000000 00:00 0                          [stack:27826]
7f954e0fb000-7f954e143000 rw-p 00000000 00:00 0 
7f954e143000-7f954e1a9000 rw-p 00000000 00:00 0 
7f954e1a9000-7f954e299000 rw-p 00000000 00:00 0 
7f954e299000-7f954e2a4000 rw-p 00000000 00:00 0 
7f954e2a4000-7f954e2ec000 rw-p 00000000 00:00 0 
7f954e2ec000-7f954e352000 rw-p 00000000 00:00 0 
7f954e352000-7f954e441000 rw-p 00000000 00:00 0 
7f954e441000-7f954e4ea000 rw-p 00000000 00:00 0 
7f954e4ea000-7f954e4ec000 ---p 00000000 00:00 0 
7f954e4ec000-7f954e4ed000 rw-p 00000000 00:00 0 
7f954e4ed000-7f954e4f5000 r-xp 00000000 08:01 5917892                    /usr/lib/jvm/java-7-openjdk-amd64/jre/lib/amd64/libzip.so
7f954e4f5000-7f954e6f4000 ---p 00008000 08:01 5917892                    /usr/lib/jvm/java-7-openjdk-amd64/jre/lib/amd64/libzip.so
7f954e6f4000-7f954e6f5000 r--p 00007000 08:01 5917892                    /usr/lib/jvm/java-7-openjdk-amd64/jre/lib/amd64/libzip.so
7f954e6f5000-7f954e6f6000 rw-p 00008000 08:01 5917892                    /usr/lib/jvm/java-7-openjdk-amd64/jre/lib/amd64/libzip.so
7f954e6f6000-7f954e701000 r-xp 00000000 08:01 786646                     /lib/x86_64-linux-gnu/libnss_files-2.19.so
7f954e701000-7f954e900000 ---p 0000b000 08:01 786646                     /lib/x86_64-linux-gnu/libnss_files-2.19.so
7f954e900000-7f954e901000 r--p 0000a000 08:01 786646                     /lib/x86_64-linux-gnu/libnss_files-2.19.so
7f954e901000-7f954e902000 rw-p 0000b000 08:01 786646                     /lib/x86_64-linux-gnu/libnss_files-2.19.so
7f954e902000-7f954e90d000 r-xp 00000000 08:01 786638                     /lib/x86_64-linux-gnu/libnss_nis-2.19.so
7f954e90d000-7f954eb0c000 ---p 0000b000 08:01 786638                     /lib/x86_64-linux-gnu/libnss_nis-2.19.so
7f954eb0c000-7f954eb0d000 r--p 0000a000 08:01 786638                     /lib/x86_64-linux-gnu/libnss_nis-2.19.so
7f954eb0d000-7f954eb0e000 rw-p 0000b000 08:01 786638                     /lib/x86_64-linux-gnu/libnss_nis-2.19.so
7f954eb0e000-7f954eb25000 r-xp 00000000 08:01 786634                     /lib/x86_64-linux-gnu/libnsl-2.19.so
7f954eb25000-7f954ed24000 ---p 00017000 08:01 786634                     /lib/x86_64-linux-gnu/libnsl-2.19.so
7f954ed24000-7f954ed25000 r--p 00016000 08:01 786634                     /lib/x86_64-linux-gnu/libnsl-2.19.so
7f954ed25000-7f954ed26000 rw-p 00017000 08:01 786634                     /lib/x86_64-linux-gnu/libnsl-2.19.so
7f954ed26000-7f954ed28000 rw-p 00000000 00:00 0 
7f954ed28000-7f954ed31000 r-xp 00000000 08:01 786633                     /lib/x86_64-linux-gnu/libnss_compat-2.19.so
7f954ed31000-7f954ef30000 ---p 00009000 08:01 786633                     /lib/x86_64-linux-gnu/libnss_compat-2.19.so
7f954ef30000-7f954ef31000 r--p 00008000 08:01 786633                     /lib/x86_64-linux-gnu/libnss_compat-2.19.so
7f954ef31000-7f954ef32000 rw-p 00009000 08:01 786633                     /lib/x86_64-linux-gnu/libnss_compat-2.19.so
7f954ef32000-7f954ef5d000 r-xp 00000000 08:01 5917877                    /usr/lib/jvm/java-7-openjdk-amd64/jre/lib/amd64/libjava.so
7f954ef5d000-7f954f15d000 ---p 0002b000 08:01 5917877                    /usr/lib/jvm/java-7-openjdk-amd64/jre/lib/amd64/libjava.so
7f954f15d000-7f954f15e000 r--p 0002b000 08:01 5917877                    /usr/lib/jvm/java-7-openjdk-amd64/jre/lib/amd64/libjava.so
7f954f15e000-7f954f160000 rw-p 0002c000 08:01 5917877                    /usr/lib/jvm/java-7-openjdk-amd64/jre/lib/amd64/libjava.so
7f954f160000-7f954f170000 r-xp 00000000 08:01 5917878                    /usr/lib/jvm/java-7-openjdk-amd64/jre/lib/amd64/libverify.so
7f954f170000-7f954f36f000 ---p 00010000 08:01 5917878                    /usr/lib/jvm/java-7-openjdk-amd64/jre/lib/amd64/libverify.so
7f954f36f000-7f954f371000 r--p 0000f000 08:01 5917878                    /usr/lib/jvm/java-7-openjdk-amd64/jre/lib/amd64/libverify.so
7f954f371000-7f954f372000 rw-p 00011000 08:01 5917878                    /usr/lib/jvm/java-7-openjdk-amd64/jre/lib/amd64/libverify.so
7f954f372000-7f954f379000 r-xp 00000000 08:01 786642                     /lib/x86_64-linux-gnu/librt-2.19.so
7f954f379000-7f954f578000 ---p 00007000 08:01 786642                     /lib/x86_64-linux-gnu/librt-2.19.so
7f954f578000-7f954f579000 r--p 00006000 08:01 786642                     /lib/x86_64-linux-gnu/librt-2.19.so
7f954f579000-7f954f57a000 rw-p 00007000 08:01 786642                     /lib/x86_64-linux-gnu/librt-2.19.so
7f954f57a000-7f954f590000 r-xp 00000000 08:01 786612                     /lib/x86_64-linux-gnu/libgcc_s.so.1
7f954f590000-7f954f78f000 ---p 00016000 08:01 786612                     /lib/x86_64-linux-gnu/libgcc_s.so.1
7f954f78f000-7f954f790000 rw-p 00015000 08:01 786612                     /lib/x86_64-linux-gnu/libgcc_s.so.1
7f954f790000-7f954f895000 r-xp 00000000 08:01 786618                     /lib/x86_64-linux-gnu/libm-2.19.so
7f954f895000-7f954fa94000 ---p 00105000 08:01 786618                     /lib/x86_64-linux-gnu/libm-2.19.so
7f954fa94000-7f954fa95000 r--p 00104000 08:01 786618                     /lib/x86_64-linux-gnu/libm-2.19.so
7f954fa95000-7f954fa96000 rw-p 00105000 08:01 786618                     /lib/x86_64-linux-gnu/libm-2.19.so
7f954fa96000-7f954fb7c000 r-xp 00000000 08:01 4719935                    /usr/lib/x86_64-linux-gnu/libstdc++.so.6.0.19
7f954fb7c000-7f954fd7b000 ---p 000e6000 08:01 4719935                    /usr/lib/x86_64-linux-gnu/libstdc++.so.6.0.19
7f954fd7b000-7f954fd83000 r--p 000e5000 08:01 4719935                    /usr/lib/x86_64-linux-gnu/libstdc++.so.6.0.19
7f954fd83000-7f954fd85000 rw-p 000ed000 08:01 4719935                    /usr/lib/x86_64-linux-gnu/libstdc++.so.6.0.19
7f954fd85000-7f954fd9a000 rw-p 00000000 00:00 0 
7f954fd9a000-7f95508be000 r-xp 00000000 08:01 5917890                    /usr/lib/jvm/java-7-openjdk-amd64/jre/lib/amd64/server/libjvm.so
7f95508be000-7f9550abe000 ---p 00b24000 08:01 5917890                    /usr/lib/jvm/java-7-openjdk-amd64/jre/lib/amd64/server/libjvm.so
7f9550abe000-7f9550b58000 r--p 00b24000 08:01 5917890                    /usr/lib/jvm/java-7-openjdk-amd64/jre/lib/amd64/server/libjvm.so
7f9550b58000-7f9550b7b000 rw-p 00bbe000 08:01 5917890                    /usr/lib/jvm/java-7-openjdk-amd64/jre/lib/amd64/server/libjvm.so
7f9550b7b000-7f9550ba9000 rw-p 00000000 00:00 0 
7f9550ba9000-7f9550bc1000 r-xp 00000000 08:01 790555                     /lib/x86_64-linux-gnu/libz.so.1.2.8
7f9550bc1000-7f9550dc0000 ---p 00018000 08:01 790555                     /lib/x86_64-linux-gnu/libz.so.1.2.8
7f9550dc0000-7f9550dc1000 r--p 00017000 08:01 790555                     /lib/x86_64-linux-gnu/libz.so.1.2.8
7f9550dc1000-7f9550dc2000 rw-p 00018000 08:01 790555                     /lib/x86_64-linux-gnu/libz.so.1.2.8
7f9550dc2000-7f9550ddb000 r-xp 00000000 08:01 786635                     /lib/x86_64-linux-gnu/libpthread-2.19.so
7f9550ddb000-7f9550fda000 ---p 00019000 08:01 786635                     /lib/x86_64-linux-gnu/libpthread-2.19.so
7f9550fda000-7f9550fdb000 r--p 00018000 08:01 786635                     /lib/x86_64-linux-gnu/libpthread-2.19.so
7f9550fdb000-7f9550fdc000 rw-p 00019000 08:01 786635                     /lib/x86_64-linux-gnu/libpthread-2.19.so
7f9550fdc000-7f9550fe0000 rw-p 00000000 00:00 0 
7f9550fe0000-7f9550fe3000 r-xp 00000000 08:01 786630                     /lib/x86_64-linux-gnu/libdl-2.19.so
7f9550fe3000-7f95511e2000 ---p 00003000 08:01 786630                     /lib/x86_64-linux-gnu/libdl-2.19.so
7f95511e2000-7f95511e3000 r--p 00002000 08:01 786630                     /lib/x86_64-linux-gnu/libdl-2.19.so
7f95511e3000-7f95511e4000 rw-p 00003000 08:01 786630                     /lib/x86_64-linux-gnu/libdl-2.19.so
7f95511e4000-7f955139f000 r-xp 00000000 08:01 786643                     /lib/x86_64-linux-gnu/libc-2.19.so
7f955139f000-7f955159e000 ---p 001bb000 08:01 786643                     /lib/x86_64-linux-gnu/libc-2.19.so
7f955159e000-7f95515a2000 r--p 001ba000 08:01 786643                     /lib/x86_64-linux-gnu/libc-2.19.so
7f95515a2000-7f95515a4000 rw-p 001be000 08:01 786643                     /lib/x86_64-linux-gnu/libc-2.19.so
7f95515a4000-7f95515a9000 rw-p 00000000 00:00 0 
7f95515a9000-7f95515b6000 r-xp 00000000 08:01 5917907                    /usr/lib/jvm/java-7-openjdk-amd64/jre/lib/amd64/jli/libjli.so
7f95515b6000-7f95517b5000 ---p 0000d000 08:01 5917907                    /usr/lib/jvm/java-7-openjdk-amd64/jre/lib/amd64/jli/libjli.so
7f95517b5000-7f95517b6000 r--p 0000c000 08:01 5917907                    /usr/lib/jvm/java-7-openjdk-amd64/jre/lib/amd64/jli/libjli.so
7f95517b6000-7f95517b7000 rw-p 0000d000 08:01 5917907                    /usr/lib/jvm/java-7-openjdk-amd64/jre/lib/amd64/jli/libjli.so
7f95517b7000-7f95517da000 r-xp 00000000 08:01 786636                     /lib/x86_64-linux-gnu/ld-2.19.so
7f95517dc000-7f95517e0000 r--s 00034000 08:01 5917930                    /usr/lib/jvm/java-7-openjdk-amd64/jre/lib/ext/sunjce_provider.jar
7f95517e0000-7f9551808000 rw-p 00000000 00:00 0 
7f9551808000-7f95518b8000 rw-p 00000000 00:00 0 
7f95518b8000-7f95518bb000 ---p 00000000 00:00 0 
7f95518bb000-7f95519be000 rw-p 00000000 00:00 0                          [stack:27825]
7f95519bf000-7f95519c0000 rw-p 00000000 00:00 0 
7f95519c0000-7f95519c2000 r--s 00012000 08:01 5917929                    /usr/lib/jvm/java-7-openjdk-amd64/jre/lib/ext/zipfs.jar
7f95519c2000-7f95519c4000 r--s 00006000 08:01 5118243                    /usr/share/java/java-atk-wrapper.jar
7f95519c4000-7f95519c8000 r--s 0003c000 08:01 5917933                    /usr/lib/jvm/java-7-openjdk-amd64/jre/lib/ext/sunpkcs11.jar
7f95519c8000-7f95519cc000 r--s 00085000 08:01 5917932                    /usr/lib/jvm/java-7-openjdk-amd64/jre/lib/ext/localedata.jar
7f95519cc000-7f95519cd000 r--s 00002000 08:01 5917928                    /usr/lib/jvm/java-7-openjdk-amd64/jre/lib/ext/dnsns.jar
7f95519cd000-7f95519d5000 rw-s 00000000 08:01 1846118                    /tmp/hsperfdata_raihan/27820
7f95519d5000-7f95519d6000 rw-p 00000000 00:00 0 
7f95519d6000-7f95519d7000 ---p 00000000 00:00 0 
7f95519d7000-7f95519d9000 rw-p 00000000 00:00 0 
7f95519d9000-7f95519da000 r--p 00022000 08:01 786636                     /lib/x86_64-linux-gnu/ld-2.19.so
7f95519da000-7f95519db000 rw-p 00023000 08:01 786636                     /lib/x86_64-linux-gnu/ld-2.19.so
7f95519db000-7f95519dc000 rw-p 00000000 00:00 0 
7fff5d9d6000-7fff5d9f7000 rw-p 00000000 00:00 0                          [stack]
7fff5d9fe000-7fff5da00000 r-xp 00000000 00:00 0                          [vdso]
ffffffffff600000-ffffffffff601000 r-xp 00000000 00:00 0                  [vsyscall]

VM Arguments:
jvm_args: -Xmx1024M -Dfile.encoding=UTF-8 -Duser.country=US -Duser.language=en -Duser.variant 
java_command: com.android.dx.command.Main --dex --multi-dex --main-dex-list /home/raihan/OpenSrpWorkSpace/opensrp-crvs/opensrp-client/opensrp-crvs/build/intermediates/multi-dex/debug/maindexlist.txt --output /home/raihan/OpenSrpWorkSpace/opensrp-crvs/opensrp-client/opensrp-crvs/build/intermediates/dex/debug /home/raihan/OpenSrpWorkSpace/opensrp-crvs/opensrp-client/opensrp-crvs/build/intermediates/multi-dex/debug/allclasses.jar
Launcher Type: SUN_STANDARD

Environment Variables:
PATH=/usr/local/sbin:/usr/local/bin:/usr/sbin:/usr/bin:/sbin:/bin:/usr/games:/usr/local/games
SHELL=/bin/bash
DISPLAY=:0

Signal Handlers:
SIGSEGV: [libjvm.so+0x9548f0], sa_mask[0]=0x7ffbfeff, sa_flags=0x10000004
SIGBUS: [libjvm.so+0x9548f0], sa_mask[0]=0x7ffbfeff, sa_flags=0x10000004
SIGFPE: [libjvm.so+0x7cb0b0], sa_mask[0]=0x7ffbfeff, sa_flags=0x10000004
SIGPIPE: [libjvm.so+0x7cb0b0], sa_mask[0]=0x7ffbfeff, sa_flags=0x10000004
SIGXFSZ: [libjvm.so+0x7cb0b0], sa_mask[0]=0x7ffbfeff, sa_flags=0x10000004
SIGILL: [libjvm.so+0x7cb0b0], sa_mask[0]=0x7ffbfeff, sa_flags=0x10000004
SIGUSR1: SIG_DFL, sa_mask[0]=0x00000000, sa_flags=0x00000000
SIGUSR2: [libjvm.so+0x7caf50], sa_mask[0]=0x00000004, sa_flags=0x10000004
SIGHUP: [libjvm.so+0x7cb130], sa_mask[0]=0x7ffbfeff, sa_flags=0x10000004
SIGINT: [libjvm.so+0x7cb130], sa_mask[0]=0x7ffbfeff, sa_flags=0x10000004
SIGTERM: [libjvm.so+0x7cb130], sa_mask[0]=0x7ffbfeff, sa_flags=0x10000004
SIGQUIT: [libjvm.so+0x7cb130], sa_mask[0]=0x7ffbfeff, sa_flags=0x10000004
SIGTRAP: SIG_DFL, sa_mask[0]=0x00000000, sa_flags=0x00000000


---------------  S Y S T E M  ---------------

OS:Ubuntu 14.04 (trusty)
uname:Linux 3.13.0-24-generic #46-Ubuntu SMP Thu Apr 10 19:11:08 UTC 2014 x86_64
libc:glibc 2.19 NPTL 2.19 
rlimit: STACK 8192k, CORE 0k, NPROC 30570, NOFILE 4096, AS infinity
load average:4.15 1.90 1.45

/proc/meminfo:
MemTotal:        3934516 kB
MemFree:           87768 kB
Buffers:             940 kB
Cached:           456052 kB
SwapCached:        36460 kB
Active:          1908136 kB
Inactive:         945872 kB
Active(anon):    1894356 kB
Inactive(anon):   906736 kB
Active(file):      13780 kB
Inactive(file):    39136 kB
Unevictable:         124 kB
Mlocked:             124 kB
SwapTotal:       4080636 kB
SwapFree:              0 kB
Dirty:                80 kB
Writeback:            48 kB
AnonPages:       2362356 kB
Mapped:           716480 kB
Shmem:            403772 kB
Slab:              94188 kB
SReclaimable:      36732 kB
SUnreclaim:        57456 kB
KernelStack:        7224 kB
PageTables:        94776 kB
NFS_Unstable:          0 kB
Bounce:                0 kB
WritebackTmp:          0 kB
CommitLimit:     6047892 kB
Committed_AS:   23904640 kB
VmallocTotal:   34359738367 kB
VmallocUsed:      553504 kB
VmallocChunk:   34359178204 kB
HardwareCorrupted:     0 kB
AnonHugePages:    290816 kB
HugePages_Total:       0
HugePages_Free:        0
HugePages_Rsvd:        0
HugePages_Surp:        0
Hugepagesize:       2048 kB
DirectMap4k:       99840 kB
DirectMap2M:     2934784 kB
DirectMap1G:     1048576 kB


CPU:total 4 (2 cores per cpu, 2 threads per core) family 6 model 61 stepping 4, cmov, cx8, fxsr, mmx, sse, sse2, sse3, ssse3, sse4.1, sse4.2, popcnt, avx, avx2, aes, erms, ht, tsc, tscinvbit

/proc/cpuinfo:
processor	: 0
vendor_id	: GenuineIntel
cpu family	: 6
model		: 61
model name	: Intel(R) Core(TM) i5-5200U CPU @ 2.20GHz
stepping	: 4
microcode	: 0x1f
cpu MHz		: 2201.000
cache size	: 3072 KB
physical id	: 0
siblings	: 4
core id		: 0
cpu cores	: 2
apicid		: 0
initial apicid	: 0
fpu		: yes
fpu_exception	: yes
cpuid level	: 20
wp		: yes
flags		: fpu vme de pse tsc msr pae mce cx8 apic sep mtrr pge mca cmov pat pse36 clflush dts acpi mmx fxsr sse sse2 ss ht tm pbe syscall nx pdpe1gb rdtscp lm constant_tsc arch_perfmon pebs bts rep_good nopl xtopology nonstop_tsc aperfmperf eagerfpu pni pclmulqdq dtes64 monitor ds_cpl vmx est tm2 ssse3 fma cx16 xtpr pdcm pcid sse4_1 sse4_2 x2apic movbe popcnt tsc_deadline_timer aes xsave avx f16c rdrand lahf_lm abm 3dnowprefetch ida arat epb xsaveopt pln pts dtherm tpr_shadow vnmi flexpriority ept vpid fsgsbase tsc_adjust bmi1 avx2 smep bmi2 erms invpcid rdseed adx smap
bogomips	: 4389.75
clflush size	: 64
cache_alignment	: 64
address sizes	: 39 bits physical, 48 bits virtual
power management:

processor	: 1
vendor_id	: GenuineIntel
cpu family	: 6
model		: 61
model name	: Intel(R) Core(TM) i5-5200U CPU @ 2.20GHz
stepping	: 4
microcode	: 0x1f
cpu MHz		: 2201.000
cache size	: 3072 KB
physical id	: 0
siblings	: 4
core id		: 0
cpu cores	: 2
apicid		: 1
initial apicid	: 1
fpu		: yes
fpu_exception	: yes
cpuid level	: 20
wp		: yes
flags		: fpu vme de pse tsc msr pae mce cx8 apic sep mtrr pge mca cmov pat pse36 clflush dts acpi mmx fxsr sse sse2 ss ht tm pbe syscall nx pdpe1gb rdtscp lm constant_tsc arch_perfmon pebs bts rep_good nopl xtopology nonstop_tsc aperfmperf eagerfpu pni pclmulqdq dtes64 monitor ds_cpl vmx est tm2 ssse3 fma cx16 xtpr pdcm pcid sse4_1 sse4_2 x2apic movbe popcnt tsc_deadline_timer aes xsave avx f16c rdrand lahf_lm abm 3dnowprefetch ida arat epb xsaveopt pln pts dtherm tpr_shadow vnmi flexpriority ept vpid fsgsbase tsc_adjust bmi1 avx2 smep bmi2 erms invpcid rdseed adx smap
bogomips	: 4389.75
clflush size	: 64
cache_alignment	: 64
address sizes	: 39 bits physical, 48 bits virtual
power management:

processor	: 2
vendor_id	: GenuineIntel
cpu family	: 6
model		: 61
model name	: Intel(R) Core(TM) i5-5200U CPU @ 2.20GHz
stepping	: 4
microcode	: 0x1f
cpu MHz		: 1000.000
cache size	: 3072 KB
physical id	: 0
siblings	: 4
core id		: 1
cpu cores	: 2
apicid		: 2
initial apicid	: 2
fpu		: yes
fpu_exception	: yes
cpuid level	: 20
wp		: yes
flags		: fpu vme de pse tsc msr pae mce cx8 apic sep mtrr pge mca cmov pat pse36 clflush dts acpi mmx fxsr sse sse2 ss ht tm pbe syscall nx pdpe1gb rdtscp lm constant_tsc arch_perfmon pebs bts rep_good nopl xtopology nonstop_tsc aperfmperf eagerfpu pni pclmulqdq dtes64 monitor ds_cpl vmx est tm2 ssse3 fma cx16 xtpr pdcm pcid sse4_1 sse4_2 x2apic movbe popcnt tsc_deadline_timer aes xsave avx f16c rdrand lahf_lm abm 3dnowprefetch ida arat epb xsaveopt pln pts dtherm tpr_shadow vnmi flexpriority ept vpid fsgsbase tsc_adjust bmi1 avx2 smep bmi2 erms invpcid rdseed adx smap
bogomips	: 4389.75
clflush size	: 64
cache_alignment	: 64
address sizes	: 39 bits physical, 48 bits virtual
power management:

processor	: 3
vendor_id	: GenuineIntel
cpu family	: 6
model		: 61
model name	: Intel(R) Core(TM) i5-5200U CPU @ 2.20GHz
stepping	: 4
microcode	: 0x1f
cpu MHz		: 900.000
cache size	: 3072 KB
physical id	: 0
siblings	: 4
core id		: 1
cpu cores	: 2
apicid		: 3
initial apicid	: 3
fpu		: yes
fpu_exception	: yes
cpuid level	: 20
wp		: yes
flags		: fpu vme de pse tsc msr pae mce cx8 apic sep mtrr pge mca cmov pat pse36 clflush dts acpi mmx fxsr sse sse2 ss ht tm pbe syscall nx pdpe1gb rdtscp lm constant_tsc arch_perfmon pebs bts rep_good nopl xtopology nonstop_tsc aperfmperf eagerfpu pni pclmulqdq dtes64 monitor ds_cpl vmx est tm2 ssse3 fma cx16 xtpr pdcm pcid sse4_1 sse4_2 x2apic movbe popcnt tsc_deadline_timer aes xsave avx f16c rdrand lahf_lm abm 3dnowprefetch ida arat epb xsaveopt pln pts dtherm tpr_shadow vnmi flexpriority ept vpid fsgsbase tsc_adjust bmi1 avx2 smep bmi2 erms invpcid rdseed adx smap
bogomips	: 4389.75
clflush size	: 64
cache_alignment	: 64
address sizes	: 39 bits physical, 48 bits virtual
power management:



Memory: 4k page, physical 3934516k(87768k free), swap 4080636k(0k free)

vm_info: OpenJDK 64-Bit Server VM (24.95-b01) for linux-amd64 JRE (1.7.0_95-b00), built on Mar 24 2016 06:13:32 by "buildd" with gcc 4.8.2

time: Tue Aug  2 20:58:00 2016
elapsed time: 24 seconds

