#
# There is insufficient memory for the Java Runtime Environment to continue.
# Native memory allocation (malloc) failed to allocate 94896128 bytes for committing reserved memory.
# Possible reasons:
#   The system is out of physical RAM or swap space
#   In 32 bit mode, the process size limit was hit
# Possible solutions:
#   Reduce memory load on the system
#   Increase physical memory or swap space
#   Check if swap backing store is full
#   Use 64 bit Java on a 64 bit OS
#   Decrease Java heap size (-Xmx/-Xms)
#   Decrease number of Java threads
#   Decrease Java thread stack sizes (-Xss)
#   Set larger code cache with -XX:ReservedCodeCacheSize=
# This output file may be truncated or incomplete.
#
#  Out of Memory Error (os_linux.cpp:2827), pid=19639, tid=140651652957952
#
# JRE version: OpenJDK Runtime Environment (7.0_95) (build 1.7.0_95-b00)
# Java VM: OpenJDK 64-Bit Server VM (24.95-b01 mixed mode linux-amd64 compressed oops)
# Derivative: IcedTea 2.6.4
# Distribution: Ubuntu 14.04 LTS, package 7u95-2.6.4-0ubuntu0.14.04.2
# Failed to write core dump. Core dumps have been disabled. To enable core dumping, try "ulimit -c unlimited" before starting Java again
#

---------------  T H R E A D  ---------------

Current thread (0x00007fec10076000):  VMThread [stack: 0x00007fec03bfc000,0x00007fec03cfd000] [id=19649]

Stack: [0x00007fec03bfc000,0x00007fec03cfd000],  sp=0x00007fec03cfb490,  free space=1021k
Native frames: (J=compiled Java code, j=interpreted, Vv=VM code, C=native code)
V  [libjvm.so+0x953e15]
V  [libjvm.so+0x48fd94]
V  [libjvm.so+0x7cf87b]
V  [libjvm.so+0x7ca33f]
V  [libjvm.so+0x83dacb]
V  [libjvm.so+0x82d86b]
V  [libjvm.so+0x82da2b]
V  [libjvm.so+0x82e958]
V  [libjvm.so+0x8355b4]
V  [libjvm.so+0x83bc0d]
V  [libjvm.so+0x7f2083]
V  [libjvm.so+0x955814]
V  [libjvm.so+0x959917]
V  [libjvm.so+0x9583d8]
V  [libjvm.so+0x958839]
V  [libjvm.so+0x958c82]
V  [libjvm.so+0x7cc742]

VM_Operation (0x00007fec16466e20): ParallelGCFailedAllocation, mode: safepoint, requested by thread 0x00007fec1000a800


---------------  P R O C E S S  ---------------

Java Threads: ( => current thread )
  0x00007fec100b1800 JavaThread "Service Thread" daemon [_thread_blocked, id=19655, stack(0x00007fec02ed3000,0x00007fec02fd4000)]
  0x00007fec100af000 JavaThread "C2 CompilerThread1" daemon [_thread_blocked, id=19654, stack(0x00007fec02fd4000,0x00007fec030d5000)]
  0x00007fec100ac000 JavaThread "C2 CompilerThread0" daemon [_thread_blocked, id=19653, stack(0x00007fec030d5000,0x00007fec031d6000)]
  0x00007fec100aa000 JavaThread "Signal Dispatcher" daemon [_thread_blocked, id=19652, stack(0x00007fec031d6000,0x00007fec032d7000)]
  0x00007fec1007c000 JavaThread "Finalizer" daemon [_thread_blocked, id=19651, stack(0x00007fec039fa000,0x00007fec03afb000)]
  0x00007fec1007a000 JavaThread "Reference Handler" daemon [_thread_blocked, id=19650, stack(0x00007fec03afb000,0x00007fec03bfc000)]
  0x00007fec1000a800 JavaThread "main" [_thread_blocked, id=19644, stack(0x00007fec16368000,0x00007fec16469000)]

Other Threads:
=>0x00007fec10076000 VMThread [stack: 0x00007fec03bfc000,0x00007fec03cfd000] [id=19649]
  0x00007fec100bc000 WatcherThread [stack: 0x00007fec02dd2000,0x00007fec02ed3000] [id=19656]

VM state:at safepoint (normal execution)

VM Mutex/Monitor currently owned by a thread:  ([mutex/lock_event])
[0x00007fec100062c0] ExpandHeap_lock - owner thread: 0x00007fec10076000
[0x00007fec10006940] Threads_lock - owner thread: 0x00007fec10076000
[0x00007fec10006e40] Heap_lock - owner thread: 0x00007fec1000a800

Heap
 PSYoungGen      total 213504K, used 7228K [0x00000000eaa80000, 0x00000000fc680000, 0x0000000100000000)
  eden space 168960K, 0% used [0x00000000eaa80000,0x00000000eaa80000,0x00000000f4f80000)
  from space 44544K, 16% used [0x00000000f4f80000,0x00000000f568f3e8,0x00000000f7b00000)
  to   space 45568K, 0% used [0x00000000f9a00000,0x00000000f9a00000,0x00000000fc680000)
 ParOldGen       total 141312K, used 141142K [0x00000000c0000000, 0x00000000c8a00000, 0x00000000eaa80000)
  object space 141312K, 99% used [0x00000000c0000000,0x00000000c89d5850,0x00000000c8a00000)
 PSPermGen       total 21504K, used 6117K [0x00000000b5a00000, 0x00000000b6f00000, 0x00000000c0000000)
  object space 21504K, 28% used [0x00000000b5a00000,0x00000000b5ff9650,0x00000000b6f00000)

Card table byte_map: [0x00007fec0bd1f000,0x00007fec0bf73000] byte_map_base: 0x00007fec0b772000

Polling page: 0x00007fec16486000

Code Cache  [0x00007fec0bf73000, 0x00007fec0c363000, 0x00007fec0ef73000)
 total_blobs=1198 nmethods=970 adapters=181 free_code_cache=45238Kb largest_free_block=46265152

Compilation events (10 events):
Event: 9.770 Thread 0x00007fec100ac000 1003             java.util.Collections::unmodifiableCollection (9 bytes)
Event: 9.771 Thread 0x00007fec100ac000 nmethod 1003 0x00007fec0c22f9d0 code [0x00007fec0c22fb20, 0x00007fec0c22fbf8]
Event: 9.771 Thread 0x00007fec100ac000 1004             com.android.dx.dex.file.AnnotationSetItem::<init> (83 bytes)
Event: 9.799 Thread 0x00007fec100af000 nmethod 1001 0x00007fec0c34eed0 code [0x00007fec0c34f140, 0x00007fec0c350ba0]
Event: 9.799 Thread 0x00007fec100af000 1005             com.android.dx.ssa.back.FirstFitLocalCombiningAllocator::handleCheckCastResults (413 bytes)
Event: 9.804 Thread 0x00007fec100ac000 nmethod 1004 0x00007fec0c34d010 code [0x00007fec0c34d240, 0x00007fec0c34ddf8]
Event: 9.804 Thread 0x00007fec100ac000 1006             com.android.dx.rop.cst.CstType::hashCode (8 bytes)
Event: 9.810 Thread 0x00007fec100ac000 nmethod 1006 0x00007fec0c225310 code [0x00007fec0c225460, 0x00007fec0c2255f8]
Event: 9.811 Thread 0x00007fec100ac000 1007             com.android.dx.rop.code.Rops::pickIf (154 bytes)
Event: 9.817 Thread 0x00007fec100ac000 nmethod 1007 0x00007fec0c1c8c90 code [0x00007fec0c1c8e40, 0x00007fec0c1c92a8]

GC Heap History (10 events):
Event: 6.663 GC heap after
Heap after GC invocations=11 (full 1):
 PSYoungGen      total 167936K, used 26082K [0x00000000eaa80000, 0x00000000f9180000, 0x0000000100000000)
  eden space 141824K, 0% used [0x00000000eaa80000,0x00000000eaa80000,0x00000000f3500000)
  from space 26112K, 99% used [0x00000000f7800000,0x00000000f9178bd8,0x00000000f9180000)
  to   space 33280K, 0% used [0x00000000f5080000,0x00000000f5080000,0x00000000f7100000)
 ParOldGen       total 78336K, used 49614K [0x00000000c0000000, 0x00000000c4c80000, 0x00000000eaa80000)
  object space 78336K, 63% used [0x00000000c0000000,0x00000000c30739b8,0x00000000c4c80000)
 PSPermGen       total 21504K, used 6086K [0x00000000b5a00000, 0x00000000b6f00000, 0x00000000c0000000)
  object space 21504K, 28% used [0x00000000b5a00000,0x00000000b5ff1958,0x00000000b6f00000)
}
Event: 7.323 GC heap before
{Heap before GC invocations=12 (full 1):
 PSYoungGen      total 167936K, used 167906K [0x00000000eaa80000, 0x00000000f9180000, 0x0000000100000000)
  eden space 141824K, 100% used [0x00000000eaa80000,0x00000000f3500000,0x00000000f3500000)
  from space 26112K, 99% used [0x00000000f7800000,0x00000000f9178bd8,0x00000000f9180000)
  to   space 33280K, 0% used [0x00000000f5080000,0x00000000f5080000,0x00000000f7100000)
 ParOldGen       total 78336K, used 49614K [0x00000000c0000000, 0x00000000c4c80000, 0x00000000eaa80000)
  object space 78336K, 63% used [0x00000000c0000000,0x00000000c30739b8,0x00000000c4c80000)
 PSPermGen       total 21504K, used 6095K [0x00000000b5a00000, 0x00000000b6f00000, 0x00000000c0000000)
  object space 21504K, 28% used [0x00000000b5a00000,0x00000000b5ff3d20,0x00000000b6f00000)
Event: 7.382 GC heap after
Heap after GC invocations=12 (full 1):
 PSYoungGen      total 203264K, used 23280K [0x00000000eaa80000, 0x00000000f9d00000, 0x0000000100000000)
  eden space 169984K, 0% used [0x00000000eaa80000,0x00000000eaa80000,0x00000000f5080000)
  from space 33280K, 69% used [0x00000000f5080000,0x00000000f673c080,0x00000000f7100000)
  to   space 34816K, 0% used [0x00000000f7b00000,0x00000000f7b00000,0x00000000f9d00000)
 ParOldGen       total 78336K, used 75724K [0x00000000c0000000, 0x00000000c4c80000, 0x00000000eaa80000)
  object space 78336K, 96% used [0x00000000c0000000,0x00000000c49f3378,0x00000000c4c80000)
 PSPermGen       total 21504K, used 6095K [0x00000000b5a00000, 0x00000000b6f00000, 0x00000000c0000000)
  object space 21504K, 28% used [0x00000000b5a00000,0x00000000b5ff3d20,0x00000000b6f00000)
}
Event: 7.382 GC heap before
{Heap before GC invocations=13 (full 2):
 PSYoungGen      total 203264K, used 23280K [0x00000000eaa80000, 0x00000000f9d00000, 0x0000000100000000)
  eden space 169984K, 0% used [0x00000000eaa80000,0x00000000eaa80000,0x00000000f5080000)
  from space 33280K, 69% used [0x00000000f5080000,0x00000000f673c080,0x00000000f7100000)
  to   space 34816K, 0% used [0x00000000f7b00000,0x00000000f7b00000,0x00000000f9d00000)
 ParOldGen       total 78336K, used 75724K [0x00000000c0000000, 0x00000000c4c80000, 0x00000000eaa80000)
  object space 78336K, 96% used [0x00000000c0000000,0x00000000c49f3378,0x00000000c4c80000)
 PSPermGen       total 21504K, used 6095K [0x00000000b5a00000, 0x00000000b6f00000, 0x00000000c0000000)
  object space 21504K, 28% used [0x00000000b5a00000,0x00000000b5ff3d20,0x00000000b6f00000)
Event: 7.885 GC heap after
Heap after GC invocations=13 (full 2):
 PSYoungGen      total 203264K, used 18500K [0x00000000eaa80000, 0x00000000f9d00000, 0x0000000100000000)
  eden space 169984K, 0% used [0x00000000eaa80000,0x00000000eaa80000,0x00000000f5080000)
  from space 33280K, 55% used [0x00000000f5080000,0x00000000f6291210,0x00000000f7100000)
  to   space 34816K, 0% used [0x00000000f7b00000,0x00000000f7b00000,0x00000000f9d00000)
 ParOldGen       total 141312K, used 77978K [0x00000000c0000000, 0x00000000c8a00000, 0x00000000eaa80000)
  object space 141312K, 55% used [0x00000000c0000000,0x00000000c4c26858,0x00000000c8a00000)
 PSPermGen       total 21504K, used 6094K [0x00000000b5a00000, 0x00000000b6f00000, 0x00000000c0000000)
  object space 21504K, 28% used [0x00000000b5a00000,0x00000000b5ff3a60,0x00000000b6f00000)
}
Event: 8.845 GC heap before
{Heap before GC invocations=14 (full 2):
 PSYoungGen      total 203264K, used 188484K [0x00000000eaa80000, 0x00000000f9d00000, 0x0000000100000000)
  eden space 169984K, 100% used [0x00000000eaa80000,0x00000000f5080000,0x00000000f5080000)
  from space 33280K, 55% used [0x00000000f5080000,0x00000000f6291210,0x00000000f7100000)
  to   space 34816K, 0% used [0x00000000f7b00000,0x00000000f7b00000,0x00000000f9d00000)
 ParOldGen       total 141312K, used 77978K [0x00000000c0000000, 0x00000000c8a00000, 0x00000000eaa80000)
  object space 141312K, 55% used [0x00000000c0000000,0x00000000c4c26858,0x00000000c8a00000)
 PSPermGen       total 21504K, used 6110K [0x00000000b5a00000, 0x00000000b6f00000, 0x00000000c0000000)
  object space 21504K, 28% used [0x00000000b5a00000,0x00000000b5ff79b8,0x00000000b6f00000)
Event: 8.951 GC heap after
Heap after GC invocations=14 (full 2):
 PSYoungGen      total 203776K, used 34788K [0x00000000eaa80000, 0x00000000fc180000, 0x0000000100000000)
  eden space 168960K, 0% used [0x00000000eaa80000,0x00000000eaa80000,0x00000000f4f80000)
  from space 34816K, 99% used [0x00000000f7b00000,0x00000000f9cf90b0,0x00000000f9d00000)
  to   space 44544K, 0% used [0x00000000f4f80000,0x00000000f4f80000,0x00000000f7b00000)
 ParOldGen       total 141312K, used 89459K [0x00000000c0000000, 0x00000000c8a00000, 0x00000000eaa80000)
  object space 141312K, 63% used [0x00000000c0000000,0x00000000c575ce58,0x00000000c8a00000)
 PSPermGen       total 21504K, used 6110K [0x00000000b5a00000, 0x00000000b6f00000, 0x00000000c0000000)
  object space 21504K, 28% used [0x00000000b5a00000,0x00000000b5ff79b8,0x00000000b6f00000)
}
Event: 9.821 GC heap before
{Heap before GC invocations=15 (full 2):
 PSYoungGen      total 203776K, used 203748K [0x00000000eaa80000, 0x00000000fc180000, 0x0000000100000000)
  eden space 168960K, 100% used [0x00000000eaa80000,0x00000000f4f80000,0x00000000f4f80000)
  from space 34816K, 99% used [0x00000000f7b00000,0x00000000f9cf90b0,0x00000000f9d00000)
  to   space 44544K, 0% used [0x00000000f4f80000,0x00000000f4f80000,0x00000000f7b00000)
 ParOldGen       total 141312K, used 89459K [0x00000000c0000000, 0x00000000c8a00000, 0x00000000eaa80000)
  object space 141312K, 63% used [0x00000000c0000000,0x00000000c575ce58,0x00000000c8a00000)
 PSPermGen       total 21504K, used 6117K [0x00000000b5a00000, 0x00000000b6f00000, 0x00000000c0000000)
  object space 21504K, 28% used [0x00000000b5a00000,0x00000000b5ff9790,0x00000000b6f00000)
Event: 9.927 GC heap after
Heap after GC invocations=15 (full 2):
 PSYoungGen      total 213504K, used 26588K [0x00000000eaa80000, 0x00000000fc680000, 0x0000000100000000)
  eden space 168960K, 0% used [0x00000000eaa80000,0x00000000eaa80000,0x00000000f4f80000)
  from space 44544K, 59% used [0x00000000f4f80000,0x00000000f69773c8,0x00000000f7b00000)
  to   space 45568K, 0% used [0x00000000f9a00000,0x00000000f9a00000,0x00000000fc680000)
 ParOldGen       total 141312K, used 124280K [0x00000000c0000000, 0x00000000c8a00000, 0x00000000eaa80000)
  object space 141312K, 87% used [0x00000000c0000000,0x00000000c795e3d0,0x00000000c8a00000)
 PSPermGen       total 21504K, used 6117K [0x00000000b5a00000, 0x00000000b6f00000, 0x00000000c0000000)
  object space 21504K, 28% used [0x00000000b5a00000,0x00000000b5ff9790,0x00000000b6f00000)
}
Event: 9.927 GC heap before
{Heap before GC invocations=16 (full 3):
 PSYoungGen      total 213504K, used 26588K [0x00000000eaa80000, 0x00000000fc680000, 0x0000000100000000)
  eden space 168960K, 0% used [0x00000000eaa80000,0x00000000eaa80000,0x00000000f4f80000)
  from space 44544K, 59% used [0x00000000f4f80000,0x00000000f69773c8,0x00000000f7b00000)
  to   space 45568K, 0% used [0x00000000f9a00000,0x00000000f9a00000,0x00000000fc680000)
 ParOldGen       total 141312K, used 124280K [0x00000000c0000000, 0x00000000c8a00000, 0x00000000eaa80000)
  object space 141312K, 87% used [0x00000000c0000000,0x00000000c795e3d0,0x00000000c8a00000)
 PSPermGen       total 21504K, used 6117K [0x00000000b5a00000, 0x00000000b6f00000, 0x00000000c0000000)
  object space 21504K, 28% used [0x00000000b5a00000,0x00000000b5ff9790,0x00000000b6f00000)

Deoptimization events (10 events):
Event: 8.172 Thread 0x00007fec1000a800 Uncommon trap: reason=unstable_if action=reinterpret pc=0x00007fec0c123c6c method=com.android.dx.cf.code.Merger.isPossiblyAssignableFrom(Lcom/android/dx/rop/type/TypeBearer;Lcom/android/dx/rop/type/TypeBearer;)Z @ 55
Event: 8.172 Thread 0x00007fec1000a800 Uncommon trap: reason=class_check action=maybe_recompile pc=0x00007fec0c043da0 method=com.android.dx.cf.code.BaseMachine.localArg(Lcom/android/dx/cf/code/Frame;I)V @ 14
Event: 8.172 Thread 0x00007fec1000a800 Uncommon trap: reason=class_check action=maybe_recompile pc=0x00007fec0c0c1a9c method=com.android.dx.cf.code.BaseMachine.localArg(Lcom/android/dx/cf/code/Frame;I)V @ 14
Event: 8.394 Thread 0x00007fec1000a800 Uncommon trap: reason=class_check action=maybe_recompile pc=0x00007fec0c039d0c method=com.android.dx.ssa.back.FirstFitLocalCombiningAllocator.findNextUnreservedRopReg(IILcom/android/dx/ssa/back/FirstFitLocalCombiningAllocator$Alignment;)I @ 60
Event: 8.394 Thread 0x00007fec1000a800 Uncommon trap: reason=class_check action=maybe_recompile pc=0x00007fec0c039d0c method=com.android.dx.ssa.back.FirstFitLocalCombiningAllocator.findNextUnreservedRopReg(IILcom/android/dx/ssa/back/FirstFitLocalCombiningAllocator$Alignment;)I @ 60
Event: 8.394 Thread 0x00007fec1000a800 Uncommon trap: reason=class_check action=maybe_recompile pc=0x00007fec0c039d0c method=com.android.dx.ssa.back.FirstFitLocalCombiningAllocator.findNextUnreservedRopReg(IILcom/android/dx/ssa/back/FirstFitLocalCombiningAllocator$Alignment;)I @ 60
Event: 8.394 Thread 0x00007fec1000a800 Uncommon trap: reason=class_check action=maybe_recompile pc=0x00007fec0c039d0c method=com.android.dx.ssa.back.FirstFitLocalCombiningAllocator.findNextUnreservedRopReg(IILcom/android/dx/ssa/back/FirstFitLocalCombiningAllocator$Alignment;)I @ 60
Event: 8.445 Thread 0x00007fec1000a800 Uncommon trap: reason=unstable_if action=reinterpret pc=0x00007fec0c1aa86c method=com.android.dx.cf.code.Ropper.addOrReplaceBlock(Lcom/android/dx/rop/code/BasicBlock;Lcom/android/dx/util/IntList;)Z @ 24
Event: 9.533 Thread 0x00007fec1000a800 Uncommon trap: reason=bimorphic action=maybe_recompile pc=0x00007fec0c0b8db0 method=com.android.dx.ssa.LiteralOpUpgrader.tryReplacingWithConstant(Lcom/android/dx/ssa/NormalSsaInsn;)Z @ 62
Event: 9.533 Thread 0x00007fec1000a800 Uncommon trap: reason=unstable_if action=reinterpret pc=0x00007fec0c24f730 method=com.android.dx.ssa.LiteralOpUpgrader$1.visitNonMoveInsn(Lcom/android/dx/ssa/NormalSsaInsn;)V @ 24

Internal exceptions (10 events):
Event: 5.373 Thread 0x00007fec1000a800 Threw 0x00000000f1602800 at /build/openjdk-7-HVzwJZ/openjdk-7-7u95-2.6.4/build/openjdk/hotspot/src/share/vm/prims/jvm.cpp:1322
Event: 5.927 Thread 0x00007fec1000a800 Implicit null exception at 0x00007fec0c2447ab to 0x00007fec0c246171
Event: 6.787 Thread 0x00007fec1000a800 Implicit null exception at 0x00007fec0c047f4a to 0x00007fec0c048169
Event: 6.787 Thread 0x00007fec1000a800 Implicit null exception at 0x00007fec0c03fc91 to 0x00007fec0c03fe71
Event: 6.787 Thread 0x00007fec1000a800 Implicit null exception at 0x00007fec0c050808 to 0x00007fec0c0509ed
Event: 6.787 Thread 0x00007fec1000a800 Implicit null exception at 0x00007fec0c0cd269 to 0x00007fec0c0cde09
Event: 6.787 Thread 0x00007fec1000a800 Implicit null exception at 0x00007fec0c067614 to 0x00007fec0c0677dd
Event: 6.788 Thread 0x00007fec1000a800 Implicit null exception at 0x00007fec0c0498f8 to 0x00007fec0c049a4d
Event: 8.032 Thread 0x00007fec1000a800 Threw 0x00000000ed5601a8 at /build/openjdk-7-HVzwJZ/openjdk-7-7u95-2.6.4/build/openjdk/hotspot/src/share/vm/prims/jvm.cpp:1322
Event: 9.289 Thread 0x00007fec1000a800 Threw 0x00000000ee5a7dc0 at /build/openjdk-7-HVzwJZ/openjdk-7-7u95-2.6.4/build/openjdk/hotspot/src/share/vm/prims/jvm.cpp:1322

Events (10 events):
Event: 9.289 loading class 0x00007fec101e89a0 done
Event: 9.324 loading class 0x00007fec08fd03e0
Event: 9.325 loading class 0x00007fec08fd03e0 done
Event: 9.533 Thread 0x00007fec1000a800 Uncommon trap: trap_request=0xffffffc6 fr.pc=0x00007fec0c0b8db0
Event: 9.533 Thread 0x00007fec1000a800 DEOPT PACKING pc=0x00007fec0c0b8db0 sp=0x00007fec16467010
Event: 9.533 Thread 0x00007fec1000a800 DEOPT UNPACKING pc=0x00007fec0bfac445 sp=0x00007fec16466f60 mode 2
Event: 9.533 Thread 0x00007fec1000a800 Uncommon trap: trap_request=0xffffff75 fr.pc=0x00007fec0c24f730
Event: 9.533 Thread 0x00007fec1000a800 DEOPT PACKING pc=0x00007fec0c24f730 sp=0x00007fec16467070
Event: 9.533 Thread 0x00007fec1000a800 DEOPT UNPACKING pc=0x00007fec0bfac445 sp=0x00007fec16467030 mode 2
Event: 9.821 Executing VM operation: ParallelGCFailedAllocation


Dynamic libraries:
00400000-00401000 r-xp 00000000 08:01 5508137                            /usr/lib/jvm/java-7-openjdk-amd64/jre/bin/java
00600000-00601000 r--p 00000000 08:01 5508137                            /usr/lib/jvm/java-7-openjdk-amd64/jre/bin/java
00601000-00602000 rw-p 00001000 08:01 5508137                            /usr/lib/jvm/java-7-openjdk-amd64/jre/bin/java
00940000-00961000 rw-p 00000000 00:00 0                                  [heap]
b5a00000-b6f00000 rw-p 00000000 00:00 0 
b6f00000-c0000000 rw-p 00000000 00:00 0 
c0000000-c8a00000 rw-p 00000000 00:00 0 
ce480000-eaa80000 rw-p 00000000 00:00 0 
eaa80000-fc680000 rw-p 00000000 00:00 0 
fc680000-100000000 rw-p 00000000 00:00 0 
7febcc000000-7febcc021000 rw-p 00000000 00:00 0 
7febcc021000-7febd0000000 ---p 00000000 00:00 0 
7febd4000000-7febd599d000 rw-p 00000000 00:00 0 
7febd599d000-7febd8000000 ---p 00000000 00:00 0 
7febd8000000-7febd8021000 rw-p 00000000 00:00 0 
7febd8021000-7febdc000000 ---p 00000000 00:00 0 
7febdc000000-7febdc021000 rw-p 00000000 00:00 0 
7febdc021000-7febe0000000 ---p 00000000 00:00 0 
7febe0000000-7febe1a53000 rw-p 00000000 00:00 0 
7febe1a53000-7febe4000000 ---p 00000000 00:00 0 
7febe4000000-7febe4021000 rw-p 00000000 00:00 0 
7febe4021000-7febe8000000 ---p 00000000 00:00 0 
7febe8000000-7febe8021000 rw-p 00000000 00:00 0 
7febe8021000-7febec000000 ---p 00000000 00:00 0 
7febec000000-7febec021000 rw-p 00000000 00:00 0 
7febec021000-7febf0000000 ---p 00000000 00:00 0 
7febf0000000-7febf0021000 rw-p 00000000 00:00 0 
7febf0021000-7febf4000000 ---p 00000000 00:00 0 
7febf4000000-7febf4021000 rw-p 00000000 00:00 0 
7febf4021000-7febf8000000 ---p 00000000 00:00 0 
7febfc000000-7febfc021000 rw-p 00000000 00:00 0 
7febfc021000-7fec00000000 ---p 00000000 00:00 0 
7fec015d1000-7fec0160e000 r-xp 00000000 08:01 790495                     /lib/x86_64-linux-gnu/libpcre.so.3.13.1
7fec0160e000-7fec0180d000 ---p 0003d000 08:01 790495                     /lib/x86_64-linux-gnu/libpcre.so.3.13.1
7fec0180d000-7fec0180e000 r--p 0003c000 08:01 790495                     /lib/x86_64-linux-gnu/libpcre.so.3.13.1
7fec0180e000-7fec0180f000 rw-p 0003d000 08:01 790495                     /lib/x86_64-linux-gnu/libpcre.so.3.13.1
7fec0180f000-7fec01816000 r-xp 00000000 08:01 4726848                    /usr/lib/x86_64-linux-gnu/libffi.so.6.0.1
7fec01816000-7fec01a15000 ---p 00007000 08:01 4726848                    /usr/lib/x86_64-linux-gnu/libffi.so.6.0.1
7fec01a15000-7fec01a16000 r--p 00006000 08:01 4726848                    /usr/lib/x86_64-linux-gnu/libffi.so.6.0.1
7fec01a16000-7fec01a17000 rw-p 00007000 08:01 4726848                    /usr/lib/x86_64-linux-gnu/libffi.so.6.0.1
7fec01a17000-7fec01a2e000 r-xp 00000000 08:01 786614                     /lib/x86_64-linux-gnu/libresolv-2.19.so
7fec01a2e000-7fec01c2e000 ---p 00017000 08:01 786614                     /lib/x86_64-linux-gnu/libresolv-2.19.so
7fec01c2e000-7fec01c2f000 r--p 00017000 08:01 786614                     /lib/x86_64-linux-gnu/libresolv-2.19.so
7fec01c2f000-7fec01c30000 rw-p 00018000 08:01 786614                     /lib/x86_64-linux-gnu/libresolv-2.19.so
7fec01c30000-7fec01c32000 rw-p 00000000 00:00 0 
7fec01c32000-7fec01c52000 r-xp 00000000 08:01 790522                     /lib/x86_64-linux-gnu/libselinux.so.1
7fec01c52000-7fec01e51000 ---p 00020000 08:01 790522                     /lib/x86_64-linux-gnu/libselinux.so.1
7fec01e51000-7fec01e52000 r--p 0001f000 08:01 790522                     /lib/x86_64-linux-gnu/libselinux.so.1
7fec01e52000-7fec01e53000 rw-p 00020000 08:01 790522                     /lib/x86_64-linux-gnu/libselinux.so.1
7fec01e53000-7fec01e55000 rw-p 00000000 00:00 0 
7fec01e55000-7fec01e58000 r-xp 00000000 08:01 4726965                    /usr/lib/x86_64-linux-gnu/libgmodule-2.0.so.0.4000.0
7fec01e58000-7fec02057000 ---p 00003000 08:01 4726965                    /usr/lib/x86_64-linux-gnu/libgmodule-2.0.so.0.4000.0
7fec02057000-7fec02058000 r--p 00002000 08:01 4726965                    /usr/lib/x86_64-linux-gnu/libgmodule-2.0.so.0.4000.0
7fec02058000-7fec02059000 rw-p 00003000 08:01 4726965                    /usr/lib/x86_64-linux-gnu/libgmodule-2.0.so.0.4000.0
7fec02059000-7fec0215f000 r-xp 00000000 08:01 790423                     /lib/x86_64-linux-gnu/libglib-2.0.so.0.4000.0
7fec0215f000-7fec0235e000 ---p 00106000 08:01 790423                     /lib/x86_64-linux-gnu/libglib-2.0.so.0.4000.0
7fec0235e000-7fec0235f000 r--p 00105000 08:01 790423                     /lib/x86_64-linux-gnu/libglib-2.0.so.0.4000.0
7fec0235f000-7fec02360000 rw-p 00106000 08:01 790423                     /lib/x86_64-linux-gnu/libglib-2.0.so.0.4000.0
7fec02360000-7fec02361000 rw-p 00000000 00:00 0 
7fec02361000-7fec023b0000 r-xp 00000000 08:01 4726981                    /usr/lib/x86_64-linux-gnu/libgobject-2.0.so.0.4000.0
7fec023b0000-7fec025b0000 ---p 0004f000 08:01 4726981                    /usr/lib/x86_64-linux-gnu/libgobject-2.0.so.0.4000.0
7fec025b0000-7fec025b1000 r--p 0004f000 08:01 4726981                    /usr/lib/x86_64-linux-gnu/libgobject-2.0.so.0.4000.0
7fec025b1000-7fec025b2000 rw-p 00050000 08:01 4726981                    /usr/lib/x86_64-linux-gnu/libgobject-2.0.so.0.4000.0
7fec025b2000-7fec0271d000 r-xp 00000000 08:01 4726951                    /usr/lib/x86_64-linux-gnu/libgio-2.0.so.0.4000.0
7fec0271d000-7fec0291d000 ---p 0016b000 08:01 4726951                    /usr/lib/x86_64-linux-gnu/libgio-2.0.so.0.4000.0
7fec0291d000-7fec02921000 r--p 0016b000 08:01 4726951                    /usr/lib/x86_64-linux-gnu/libgio-2.0.so.0.4000.0
7fec02921000-7fec02923000 rw-p 0016f000 08:01 4726951                    /usr/lib/x86_64-linux-gnu/libgio-2.0.so.0.4000.0
7fec02923000-7fec02925000 rw-p 00000000 00:00 0 
7fec02925000-7fec0293c000 r-xp 00000000 08:01 5917886                    /usr/lib/jvm/java-7-openjdk-amd64/jre/lib/amd64/libnet.so
7fec0293c000-7fec02b3b000 ---p 00017000 08:01 5917886                    /usr/lib/jvm/java-7-openjdk-amd64/jre/lib/amd64/libnet.so
7fec02b3b000-7fec02b3c000 r--p 00016000 08:01 5917886                    /usr/lib/jvm/java-7-openjdk-amd64/jre/lib/amd64/libnet.so
7fec02b3c000-7fec02b3d000 rw-p 00017000 08:01 5917886                    /usr/lib/jvm/java-7-openjdk-amd64/jre/lib/amd64/libnet.so
7fec02b3d000-7fec02b4d000 r-xp 00000000 08:01 5917910                    /usr/lib/jvm/java-7-openjdk-amd64/jre/lib/amd64/libnio.so
7fec02b4d000-7fec02d4d000 ---p 00010000 08:01 5917910                    /usr/lib/jvm/java-7-openjdk-amd64/jre/lib/amd64/libnio.so
7fec02d4d000-7fec02d4e000 r--p 00010000 08:01 5917910                    /usr/lib/jvm/java-7-openjdk-amd64/jre/lib/amd64/libnio.so
7fec02d4e000-7fec02d4f000 rw-p 00011000 08:01 5917910                    /usr/lib/jvm/java-7-openjdk-amd64/jre/lib/amd64/libnio.so
7fec02d4f000-7fec02dd2000 r--s 006f3000 08:01 14445569                   /home/raihan/OpenSrpWorkSpace/opensrp-crvs/opensrp-client/opensrp-crvs/build/intermediates/multi-dex/debug/allclasses.jar
7fec02dd2000-7fec02dd3000 ---p 00000000 00:00 0 
7fec02dd3000-7fec02ed3000 rw-p 00000000 00:00 0                          [stack:19656]
7fec02ed3000-7fec02ed6000 ---p 00000000 00:00 0 
7fec02ed6000-7fec02fd4000 rw-p 00000000 00:00 0                          [stack:19655]
7fec02fd4000-7fec02fd7000 ---p 00000000 00:00 0 
7fec02fd7000-7fec030d5000 rw-p 00000000 00:00 0                          [stack:19654]
7fec030d5000-7fec030d8000 ---p 00000000 00:00 0 
7fec030d8000-7fec031d6000 rw-p 00000000 00:00 0                          [stack:19653]
7fec031d6000-7fec031d9000 ---p 00000000 00:00 0 
7fec031d9000-7fec032d7000 rw-p 00000000 00:00 0                          [stack:19652]
7fec032d7000-7fec039fa000 r--p 00000000 08:01 4725570                    /usr/lib/locale/locale-archive
7fec039fa000-7fec039fd000 ---p 00000000 00:00 0 
7fec039fd000-7fec03afb000 rw-p 00000000 00:00 0                          [stack:19651]
7fec03afb000-7fec03afe000 ---p 00000000 00:00 0 
7fec03afe000-7fec03bfc000 rw-p 00000000 00:00 0                          [stack:19650]
7fec03bfc000-7fec03bfd000 ---p 00000000 00:00 0 
7fec03bfd000-7fec04000000 rw-p 00000000 00:00 0                          [stack:19649]
7fec04000000-7fec04021000 rw-p 00000000 00:00 0 
7fec04021000-7fec08000000 ---p 00000000 00:00 0 
7fec08017000-7fec08048000 rw-p 00000000 00:00 0 
7fec08061000-7fec08070000 r--s 000dd000 08:01 6177003                    /home/raihan/android-sdk-linux/build-tools/21.1.2/lib/dx.jar
7fec08070000-7fec08073000 r--s 0000f000 08:01 5917931                    /usr/lib/jvm/java-7-openjdk-amd64/jre/lib/ext/icedtea-sound.jar
7fec08073000-7fec08d6d000 rw-p 00000000 00:00 0 
7fec08d6d000-7fec08f1e000 r--s 01d30000 08:01 5508152                    /usr/lib/jvm/java-7-openjdk-amd64/jre/lib/rt.jar
7fec08f1e000-7fec0b772000 rw-p 00000000 00:00 0 
7fec0b772000-7fec0b773000 ---p 00000000 00:00 0 
7fec0b773000-7fec0b873000 rw-p 00000000 00:00 0                          [stack:19648]
7fec0b873000-7fec0b874000 ---p 00000000 00:00 0 
7fec0b874000-7fec0b974000 rw-p 00000000 00:00 0                          [stack:19647]
7fec0b974000-7fec0b975000 ---p 00000000 00:00 0 
7fec0b975000-7fec0ba75000 rw-p 00000000 00:00 0                          [stack:19646]
7fec0ba75000-7fec0ba76000 ---p 00000000 00:00 0 
7fec0ba76000-7fec0bb81000 rw-p 00000000 00:00 0                          [stack:19645]
7fec0bb81000-7fec0bbc9000 rw-p 00000000 00:00 0 
7fec0bbc9000-7fec0bc0e000 rw-p 00000000 00:00 0 
7fec0bc0e000-7fec0bd1f000 rw-p 00000000 00:00 0 
7fec0bd1f000-7fec0bd2a000 rw-p 00000000 00:00 0 
7fec0bd2a000-7fec0bd72000 rw-p 00000000 00:00 0 
7fec0bd72000-7fec0bdb7000 rw-p 00000000 00:00 0 
7fec0bdb7000-7fec0bec7000 rw-p 00000000 00:00 0 
7fec0bec7000-7fec0bf56000 rw-p 00000000 00:00 0 
7fec0bf56000-7fec0bf72000 rw-p 00000000 00:00 0 
7fec0bf72000-7fec0bf73000 rw-p 00000000 00:00 0 
7fec0bf73000-7fec0c363000 rwxp 00000000 00:00 0 
7fec0c363000-7fec0ef73000 rw-p 00000000 00:00 0 
7fec0ef73000-7fec0ef7b000 r-xp 00000000 08:01 5917892                    /usr/lib/jvm/java-7-openjdk-amd64/jre/lib/amd64/libzip.so
7fec0ef7b000-7fec0f17a000 ---p 00008000 08:01 5917892                    /usr/lib/jvm/java-7-openjdk-amd64/jre/lib/amd64/libzip.so
7fec0f17a000-7fec0f17b000 r--p 00007000 08:01 5917892                    /usr/lib/jvm/java-7-openjdk-amd64/jre/lib/amd64/libzip.so
7fec0f17b000-7fec0f17c000 rw-p 00008000 08:01 5917892                    /usr/lib/jvm/java-7-openjdk-amd64/jre/lib/amd64/libzip.so
7fec0f17c000-7fec0f187000 r-xp 00000000 08:01 786646                     /lib/x86_64-linux-gnu/libnss_files-2.19.so
7fec0f187000-7fec0f386000 ---p 0000b000 08:01 786646                     /lib/x86_64-linux-gnu/libnss_files-2.19.so
7fec0f386000-7fec0f387000 r--p 0000a000 08:01 786646                     /lib/x86_64-linux-gnu/libnss_files-2.19.so
7fec0f387000-7fec0f388000 rw-p 0000b000 08:01 786646                     /lib/x86_64-linux-gnu/libnss_files-2.19.so
7fec0f388000-7fec0f393000 r-xp 00000000 08:01 786638                     /lib/x86_64-linux-gnu/libnss_nis-2.19.so
7fec0f393000-7fec0f592000 ---p 0000b000 08:01 786638                     /lib/x86_64-linux-gnu/libnss_nis-2.19.so
7fec0f592000-7fec0f593000 r--p 0000a000 08:01 786638                     /lib/x86_64-linux-gnu/libnss_nis-2.19.so
7fec0f593000-7fec0f594000 rw-p 0000b000 08:01 786638                     /lib/x86_64-linux-gnu/libnss_nis-2.19.so
7fec0f594000-7fec0f5ab000 r-xp 00000000 08:01 786634                     /lib/x86_64-linux-gnu/libnsl-2.19.so
7fec0f5ab000-7fec0f7aa000 ---p 00017000 08:01 786634                     /lib/x86_64-linux-gnu/libnsl-2.19.so
7fec0f7aa000-7fec0f7ab000 r--p 00016000 08:01 786634                     /lib/x86_64-linux-gnu/libnsl-2.19.so
7fec0f7ab000-7fec0f7ac000 rw-p 00017000 08:01 786634                     /lib/x86_64-linux-gnu/libnsl-2.19.so
7fec0f7ac000-7fec0f7ae000 rw-p 00000000 00:00 0 
7fec0f7ae000-7fec0f7b7000 r-xp 00000000 08:01 786633                     /lib/x86_64-linux-gnu/libnss_compat-2.19.so
7fec0f7b7000-7fec0f9b6000 ---p 00009000 08:01 786633                     /lib/x86_64-linux-gnu/libnss_compat-2.19.so
7fec0f9b6000-7fec0f9b7000 r--p 00008000 08:01 786633                     /lib/x86_64-linux-gnu/libnss_compat-2.19.so
7fec0f9b7000-7fec0f9b8000 rw-p 00009000 08:01 786633                     /lib/x86_64-linux-gnu/libnss_compat-2.19.so
7fec0f9b8000-7fec0f9e3000 r-xp 00000000 08:01 5917877                    /usr/lib/jvm/java-7-openjdk-amd64/jre/lib/amd64/libjava.so
7fec0f9e3000-7fec0fbe3000 ---p 0002b000 08:01 5917877                    /usr/lib/jvm/java-7-openjdk-amd64/jre/lib/amd64/libjava.so
7fec0fbe3000-7fec0fbe4000 r--p 0002b000 08:01 5917877                    /usr/lib/jvm/java-7-openjdk-amd64/jre/lib/amd64/libjava.so
7fec0fbe4000-7fec0fbe6000 rw-p 0002c000 08:01 5917877                    /usr/lib/jvm/java-7-openjdk-amd64/jre/lib/amd64/libjava.so
7fec0fbe6000-7fec0fbf6000 r-xp 00000000 08:01 5917878                    /usr/lib/jvm/java-7-openjdk-amd64/jre/lib/amd64/libverify.so
7fec0fbf6000-7fec0fdf5000 ---p 00010000 08:01 5917878                    /usr/lib/jvm/java-7-openjdk-amd64/jre/lib/amd64/libverify.so
7fec0fdf5000-7fec0fdf7000 r--p 0000f000 08:01 5917878                    /usr/lib/jvm/java-7-openjdk-amd64/jre/lib/amd64/libverify.so
7fec0fdf7000-7fec0fdf8000 rw-p 00011000 08:01 5917878                    /usr/lib/jvm/java-7-openjdk-amd64/jre/lib/amd64/libverify.so
7fec0fdf8000-7fec0fdff000 r-xp 00000000 08:01 786642                     /lib/x86_64-linux-gnu/librt-2.19.so
7fec0fdff000-7fec0fffe000 ---p 00007000 08:01 786642                     /lib/x86_64-linux-gnu/librt-2.19.so
7fec0fffe000-7fec0ffff000 r--p 00006000 08:01 786642                     /lib/x86_64-linux-gnu/librt-2.19.so
7fec0ffff000-7fec10000000 rw-p 00007000 08:01 786642                     /lib/x86_64-linux-gnu/librt-2.19.so
7fec10000000-7fec10297000 rw-p 00000000 00:00 0 
7fec10297000-7fec14000000 ---p 00000000 00:00 0 
7fec14002000-7fec1402a000 rw-p 00000000 00:00 0 
7fec1402a000-7fec14040000 r-xp 00000000 08:01 786612                     /lib/x86_64-linux-gnu/libgcc_s.so.1
7fec14040000-7fec1423f000 ---p 00016000 08:01 786612                     /lib/x86_64-linux-gnu/libgcc_s.so.1
7fec1423f000-7fec14240000 rw-p 00015000 08:01 786612                     /lib/x86_64-linux-gnu/libgcc_s.so.1
7fec14240000-7fec14345000 r-xp 00000000 08:01 786618                     /lib/x86_64-linux-gnu/libm-2.19.so
7fec14345000-7fec14544000 ---p 00105000 08:01 786618                     /lib/x86_64-linux-gnu/libm-2.19.so
7fec14544000-7fec14545000 r--p 00104000 08:01 786618                     /lib/x86_64-linux-gnu/libm-2.19.so
7fec14545000-7fec14546000 rw-p 00105000 08:01 786618                     /lib/x86_64-linux-gnu/libm-2.19.so
7fec14546000-7fec1462c000 r-xp 00000000 08:01 4719935                    /usr/lib/x86_64-linux-gnu/libstdc++.so.6.0.19
7fec1462c000-7fec1482b000 ---p 000e6000 08:01 4719935                    /usr/lib/x86_64-linux-gnu/libstdc++.so.6.0.19
7fec1482b000-7fec14833000 r--p 000e5000 08:01 4719935                    /usr/lib/x86_64-linux-gnu/libstdc++.so.6.0.19
7fec14833000-7fec14835000 rw-p 000ed000 08:01 4719935                    /usr/lib/x86_64-linux-gnu/libstdc++.so.6.0.19
7fec14835000-7fec1484a000 rw-p 00000000 00:00 0 
7fec1484a000-7fec1536e000 r-xp 00000000 08:01 5917890                    /usr/lib/jvm/java-7-openjdk-amd64/jre/lib/amd64/server/libjvm.so
7fec1536e000-7fec1556e000 ---p 00b24000 08:01 5917890                    /usr/lib/jvm/java-7-openjdk-amd64/jre/lib/amd64/server/libjvm.so
7fec1556e000-7fec15608000 r--p 00b24000 08:01 5917890                    /usr/lib/jvm/java-7-openjdk-amd64/jre/lib/amd64/server/libjvm.so
7fec15608000-7fec1562b000 rw-p 00bbe000 08:01 5917890                    /usr/lib/jvm/java-7-openjdk-amd64/jre/lib/amd64/server/libjvm.so
7fec1562b000-7fec15659000 rw-p 00000000 00:00 0 
7fec15659000-7fec15671000 r-xp 00000000 08:01 790555                     /lib/x86_64-linux-gnu/libz.so.1.2.8
7fec15671000-7fec15870000 ---p 00018000 08:01 790555                     /lib/x86_64-linux-gnu/libz.so.1.2.8
7fec15870000-7fec15871000 r--p 00017000 08:01 790555                     /lib/x86_64-linux-gnu/libz.so.1.2.8
7fec15871000-7fec15872000 rw-p 00018000 08:01 790555                     /lib/x86_64-linux-gnu/libz.so.1.2.8
7fec15872000-7fec1588b000 r-xp 00000000 08:01 786635                     /lib/x86_64-linux-gnu/libpthread-2.19.so
7fec1588b000-7fec15a8a000 ---p 00019000 08:01 786635                     /lib/x86_64-linux-gnu/libpthread-2.19.so
7fec15a8a000-7fec15a8b000 r--p 00018000 08:01 786635                     /lib/x86_64-linux-gnu/libpthread-2.19.so
7fec15a8b000-7fec15a8c000 rw-p 00019000 08:01 786635                     /lib/x86_64-linux-gnu/libpthread-2.19.so
7fec15a8c000-7fec15a90000 rw-p 00000000 00:00 0 
7fec15a90000-7fec15a93000 r-xp 00000000 08:01 786630                     /lib/x86_64-linux-gnu/libdl-2.19.so
7fec15a93000-7fec15c92000 ---p 00003000 08:01 786630                     /lib/x86_64-linux-gnu/libdl-2.19.so
7fec15c92000-7fec15c93000 r--p 00002000 08:01 786630                     /lib/x86_64-linux-gnu/libdl-2.19.so
7fec15c93000-7fec15c94000 rw-p 00003000 08:01 786630                     /lib/x86_64-linux-gnu/libdl-2.19.so
7fec15c94000-7fec15e4f000 r-xp 00000000 08:01 786643                     /lib/x86_64-linux-gnu/libc-2.19.so
7fec15e4f000-7fec1604e000 ---p 001bb000 08:01 786643                     /lib/x86_64-linux-gnu/libc-2.19.so
7fec1604e000-7fec16052000 r--p 001ba000 08:01 786643                     /lib/x86_64-linux-gnu/libc-2.19.so
7fec16052000-7fec16054000 rw-p 001be000 08:01 786643                     /lib/x86_64-linux-gnu/libc-2.19.so
7fec16054000-7fec16059000 rw-p 00000000 00:00 0 
7fec16059000-7fec16066000 r-xp 00000000 08:01 5917907                    /usr/lib/jvm/java-7-openjdk-amd64/jre/lib/amd64/jli/libjli.so
7fec16066000-7fec16265000 ---p 0000d000 08:01 5917907                    /usr/lib/jvm/java-7-openjdk-amd64/jre/lib/amd64/jli/libjli.so
7fec16265000-7fec16266000 r--p 0000c000 08:01 5917907                    /usr/lib/jvm/java-7-openjdk-amd64/jre/lib/amd64/jli/libjli.so
7fec16266000-7fec16267000 rw-p 0000d000 08:01 5917907                    /usr/lib/jvm/java-7-openjdk-amd64/jre/lib/amd64/jli/libjli.so
7fec16267000-7fec1628a000 r-xp 00000000 08:01 786636                     /lib/x86_64-linux-gnu/ld-2.19.so
7fec1628c000-7fec16290000 r--s 00034000 08:01 5917930                    /usr/lib/jvm/java-7-openjdk-amd64/jre/lib/ext/sunjce_provider.jar
7fec16290000-7fec162b8000 rw-p 00000000 00:00 0 
7fec162b8000-7fec16368000 rw-p 00000000 00:00 0 
7fec16368000-7fec1636b000 ---p 00000000 00:00 0 
7fec1636b000-7fec1646e000 rw-p 00000000 00:00 0                          [stack:19644]
7fec1646f000-7fec16470000 rw-p 00000000 00:00 0 
7fec16470000-7fec16472000 r--s 00012000 08:01 5917929                    /usr/lib/jvm/java-7-openjdk-amd64/jre/lib/ext/zipfs.jar
7fec16472000-7fec16474000 r--s 00006000 08:01 5118243                    /usr/share/java/java-atk-wrapper.jar
7fec16474000-7fec16478000 r--s 0003c000 08:01 5917933                    /usr/lib/jvm/java-7-openjdk-amd64/jre/lib/ext/sunpkcs11.jar
7fec16478000-7fec1647c000 r--s 00085000 08:01 5917932                    /usr/lib/jvm/java-7-openjdk-amd64/jre/lib/ext/localedata.jar
7fec1647c000-7fec1647d000 r--s 00002000 08:01 5917928                    /usr/lib/jvm/java-7-openjdk-amd64/jre/lib/ext/dnsns.jar
7fec1647d000-7fec16485000 rw-s 00000000 08:01 2235631                    /tmp/hsperfdata_raihan/19639
7fec16485000-7fec16486000 rw-p 00000000 00:00 0 
7fec16486000-7fec16487000 ---p 00000000 00:00 0 
7fec16487000-7fec16489000 rw-p 00000000 00:00 0 
7fec16489000-7fec1648a000 r--p 00022000 08:01 786636                     /lib/x86_64-linux-gnu/ld-2.19.so
7fec1648a000-7fec1648b000 rw-p 00023000 08:01 786636                     /lib/x86_64-linux-gnu/ld-2.19.so
7fec1648b000-7fec1648c000 rw-p 00000000 00:00 0 
7fff3fe8d000-7fff3feae000 rw-p 00000000 00:00 0                          [stack]
7fff3fffe000-7fff40000000 r-xp 00000000 00:00 0                          [vdso]
ffffffffff600000-ffffffffff601000 r-xp 00000000 00:00 0                  [vsyscall]

VM Arguments:
jvm_args: -Xmx1024M -Dfile.encoding=UTF-8 -Duser.country=US -Duser.language=en -Duser.variant 
java_command: com.android.dx.command.Main --dex --multi-dex --main-dex-list /home/raihan/OpenSrpWorkSpace/opensrp-crvs/opensrp-client/opensrp-crvs/build/intermediates/multi-dex/debug/maindexlist.txt --output /home/raihan/OpenSrpWorkSpace/opensrp-crvs/opensrp-client/opensrp-crvs/build/intermediates/dex/debug /home/raihan/OpenSrpWorkSpace/opensrp-crvs/opensrp-client/opensrp-crvs/build/intermediates/multi-dex/debug/allclasses.jar
Launcher Type: SUN_STANDARD

Environment Variables:
PATH=/usr/local/sbin:/usr/local/bin:/usr/sbin:/usr/bin:/sbin:/bin:/usr/games:/usr/local/games
SHELL=/bin/bash
DISPLAY=:0

Signal Handlers:
SIGSEGV: [libjvm.so+0x9548f0], sa_mask[0]=0x7ffbfeff, sa_flags=0x10000004
SIGBUS: [libjvm.so+0x9548f0], sa_mask[0]=0x7ffbfeff, sa_flags=0x10000004
SIGFPE: [libjvm.so+0x7cb0b0], sa_mask[0]=0x7ffbfeff, sa_flags=0x10000004
SIGPIPE: [libjvm.so+0x7cb0b0], sa_mask[0]=0x7ffbfeff, sa_flags=0x10000004
SIGXFSZ: [libjvm.so+0x7cb0b0], sa_mask[0]=0x7ffbfeff, sa_flags=0x10000004
SIGILL: [libjvm.so+0x7cb0b0], sa_mask[0]=0x7ffbfeff, sa_flags=0x10000004
SIGUSR1: SIG_DFL, sa_mask[0]=0x00000000, sa_flags=0x00000000
SIGUSR2: [libjvm.so+0x7caf50], sa_mask[0]=0x00000004, sa_flags=0x10000004
SIGHUP: [libjvm.so+0x7cb130], sa_mask[0]=0x7ffbfeff, sa_flags=0x10000004
SIGINT: [libjvm.so+0x7cb130], sa_mask[0]=0x7ffbfeff, sa_flags=0x10000004
SIGTERM: [libjvm.so+0x7cb130], sa_mask[0]=0x7ffbfeff, sa_flags=0x10000004
SIGQUIT: [libjvm.so+0x7cb130], sa_mask[0]=0x7ffbfeff, sa_flags=0x10000004
SIGTRAP: SIG_DFL, sa_mask[0]=0x00000000, sa_flags=0x00000000


---------------  S Y S T E M  ---------------

OS:Ubuntu 14.04 (trusty)
uname:Linux 3.13.0-24-generic #46-Ubuntu SMP Thu Apr 10 19:11:08 UTC 2014 x86_64
libc:glibc 2.19 NPTL 2.19 
rlimit: STACK 8192k, CORE 0k, NPROC 30570, NOFILE 4096, AS infinity
load average:1.28 0.95 0.55

/proc/meminfo:
MemTotal:        3934516 kB
MemFree:           87760 kB
Buffers:             888 kB
Cached:           444988 kB
SwapCached:        18932 kB
Active:          2778700 kB
Inactive:         770616 kB
Active(anon):    2765512 kB
Inactive(anon):   759340 kB
Active(file):      13188 kB
Inactive(file):    11276 kB
Unevictable:          80 kB
Mlocked:              80 kB
SwapTotal:       4080636 kB
SwapFree:              0 kB
Dirty:                32 kB
Writeback:            28 kB
AnonPages:       3086528 kB
Mapped:           101156 kB
Shmem:            421324 kB
Slab:              96832 kB
SReclaimable:      44348 kB
SUnreclaim:        52484 kB
KernelStack:        7088 kB
PageTables:        91896 kB
NFS_Unstable:          0 kB
Bounce:                0 kB
WritebackTmp:          0 kB
CommitLimit:     6047892 kB
Committed_AS:   25667180 kB
VmallocTotal:   34359738367 kB
VmallocUsed:      553560 kB
VmallocChunk:   34359156880 kB
HardwareCorrupted:     0 kB
AnonHugePages:    169984 kB
HugePages_Total:       0
HugePages_Free:        0
HugePages_Rsvd:        0
HugePages_Surp:        0
Hugepagesize:       2048 kB
DirectMap4k:       93696 kB
DirectMap2M:     2940928 kB
DirectMap1G:     1048576 kB


CPU:total 4 (2 cores per cpu, 2 threads per core) family 6 model 61 stepping 4, cmov, cx8, fxsr, mmx, sse, sse2, sse3, ssse3, sse4.1, sse4.2, popcnt, avx, avx2, aes, erms, ht, tsc, tscinvbit

/proc/cpuinfo:
processor	: 0
vendor_id	: GenuineIntel
cpu family	: 6
model		: 61
model name	: Intel(R) Core(TM) i5-5200U CPU @ 2.20GHz
stepping	: 4
microcode	: 0x1f
cpu MHz		: 2201.000
cache size	: 3072 KB
physical id	: 0
siblings	: 4
core id		: 0
cpu cores	: 2
apicid		: 0
initial apicid	: 0
fpu		: yes
fpu_exception	: yes
cpuid level	: 20
wp		: yes
flags		: fpu vme de pse tsc msr pae mce cx8 apic sep mtrr pge mca cmov pat pse36 clflush dts acpi mmx fxsr sse sse2 ss ht tm pbe syscall nx pdpe1gb rdtscp lm constant_tsc arch_perfmon pebs bts rep_good nopl xtopology nonstop_tsc aperfmperf eagerfpu pni pclmulqdq dtes64 monitor ds_cpl vmx est tm2 ssse3 fma cx16 xtpr pdcm pcid sse4_1 sse4_2 x2apic movbe popcnt tsc_deadline_timer aes xsave avx f16c rdrand lahf_lm abm 3dnowprefetch ida arat epb xsaveopt pln pts dtherm tpr_shadow vnmi flexpriority ept vpid fsgsbase tsc_adjust bmi1 avx2 smep bmi2 erms invpcid rdseed adx smap
bogomips	: 4389.72
clflush size	: 64
cache_alignment	: 64
address sizes	: 39 bits physical, 48 bits virtual
power management:

processor	: 1
vendor_id	: GenuineIntel
cpu family	: 6
model		: 61
model name	: Intel(R) Core(TM) i5-5200U CPU @ 2.20GHz
stepping	: 4
microcode	: 0x1f
cpu MHz		: 2201.000
cache size	: 3072 KB
physical id	: 0
siblings	: 4
core id		: 0
cpu cores	: 2
apicid		: 1
initial apicid	: 1
fpu		: yes
fpu_exception	: yes
cpuid level	: 20
wp		: yes
flags		: fpu vme de pse tsc msr pae mce cx8 apic sep mtrr pge mca cmov pat pse36 clflush dts acpi mmx fxsr sse sse2 ss ht tm pbe syscall nx pdpe1gb rdtscp lm constant_tsc arch_perfmon pebs bts rep_good nopl xtopology nonstop_tsc aperfmperf eagerfpu pni pclmulqdq dtes64 monitor ds_cpl vmx est tm2 ssse3 fma cx16 xtpr pdcm pcid sse4_1 sse4_2 x2apic movbe popcnt tsc_deadline_timer aes xsave avx f16c rdrand lahf_lm abm 3dnowprefetch ida arat epb xsaveopt pln pts dtherm tpr_shadow vnmi flexpriority ept vpid fsgsbase tsc_adjust bmi1 avx2 smep bmi2 erms invpcid rdseed adx smap
bogomips	: 4389.72
clflush size	: 64
cache_alignment	: 64
address sizes	: 39 bits physical, 48 bits virtual
power management:

processor	: 2
vendor_id	: GenuineIntel
cpu family	: 6
model		: 61
model name	: Intel(R) Core(TM) i5-5200U CPU @ 2.20GHz
stepping	: 4
microcode	: 0x1f
cpu MHz		: 2201.000
cache size	: 3072 KB
physical id	: 0
siblings	: 4
core id		: 1
cpu cores	: 2
apicid		: 2
initial apicid	: 2
fpu		: yes
fpu_exception	: yes
cpuid level	: 20
wp		: yes
flags		: fpu vme de pse tsc msr pae mce cx8 apic sep mtrr pge mca cmov pat pse36 clflush dts acpi mmx fxsr sse sse2 ss ht tm pbe syscall nx pdpe1gb rdtscp lm constant_tsc arch_perfmon pebs bts rep_good nopl xtopology nonstop_tsc aperfmperf eagerfpu pni pclmulqdq dtes64 monitor ds_cpl vmx est tm2 ssse3 fma cx16 xtpr pdcm pcid sse4_1 sse4_2 x2apic movbe popcnt tsc_deadline_timer aes xsave avx f16c rdrand lahf_lm abm 3dnowprefetch ida arat epb xsaveopt pln pts dtherm tpr_shadow vnmi flexpriority ept vpid fsgsbase tsc_adjust bmi1 avx2 smep bmi2 erms invpcid rdseed adx smap
bogomips	: 4389.72
clflush size	: 64
cache_alignment	: 64
address sizes	: 39 bits physical, 48 bits virtual
power management:

processor	: 3
vendor_id	: GenuineIntel
cpu family	: 6
model		: 61
model name	: Intel(R) Core(TM) i5-5200U CPU @ 2.20GHz
stepping	: 4
microcode	: 0x1f
cpu MHz		: 500.000
cache size	: 3072 KB
physical id	: 0
siblings	: 4
core id		: 1
cpu cores	: 2
apicid		: 3
initial apicid	: 3
fpu		: yes
fpu_exception	: yes
cpuid level	: 20
wp		: yes
flags		: fpu vme de pse tsc msr pae mce cx8 apic sep mtrr pge mca cmov pat pse36 clflush dts acpi mmx fxsr sse sse2 ss ht tm pbe syscall nx pdpe1gb rdtscp lm constant_tsc arch_perfmon pebs bts rep_good nopl xtopology nonstop_tsc aperfmperf eagerfpu pni pclmulqdq dtes64 monitor ds_cpl vmx est tm2 ssse3 fma cx16 xtpr pdcm pcid sse4_1 sse4_2 x2apic movbe popcnt tsc_deadline_timer aes xsave avx f16c rdrand lahf_lm abm 3dnowprefetch ida arat epb xsaveopt pln pts dtherm tpr_shadow vnmi flexpriority ept vpid fsgsbase tsc_adjust bmi1 avx2 smep bmi2 erms invpcid rdseed adx smap
bogomips	: 4389.72
clflush size	: 64
cache_alignment	: 64
address sizes	: 39 bits physical, 48 bits virtual
power management:



Memory: 4k page, physical 3934516k(87760k free), swap 4080636k(0k free)

vm_info: OpenJDK 64-Bit Server VM (24.95-b01) for linux-amd64 JRE (1.7.0_95-b00), built on Mar 24 2016 06:13:32 by "buildd" with gcc 4.8.2

time: Mon Aug  1 16:59:40 2016
elapsed time: 10 seconds

