#
# There is insufficient memory for the Java Runtime Environment to continue.
# Native memory allocation (malloc) failed to allocate 190316544 bytes for committing reserved memory.
# Possible reasons:
#   The system is out of physical RAM or swap space
#   In 32 bit mode, the process size limit was hit
# Possible solutions:
#   Reduce memory load on the system
#   Increase physical memory or swap space
#   Check if swap backing store is full
#   Use 64 bit Java on a 64 bit OS
#   Decrease Java heap size (-Xmx/-Xms)
#   Decrease number of Java threads
#   Decrease Java thread stack sizes (-Xss)
#   Set larger code cache with -XX:ReservedCodeCacheSize=
# This output file may be truncated or incomplete.
#
#  Out of Memory Error (os_linux.cpp:2827), pid=28211, tid=140548265260800
#
# JRE version: OpenJDK Runtime Environment (7.0_95) (build 1.7.0_95-b00)
# Java VM: OpenJDK 64-Bit Server VM (24.95-b01 mixed mode linux-amd64 compressed oops)
# Derivative: IcedTea 2.6.4
# Distribution: Ubuntu 14.04 LTS, package 7u95-2.6.4-0ubuntu0.14.04.2
# Failed to write core dump. Core dumps have been disabled. To enable core dumping, try "ulimit -c unlimited" before starting Java again
#

---------------  T H R E A D  ---------------

Current thread (0x00007fd3fc076000):  VMThread [stack: 0x00007fd3f15cb000,0x00007fd3f16cc000] [id=28222]

Stack: [0x00007fd3f15cb000,0x00007fd3f16cc000],  sp=0x00007fd3f16ca490,  free space=1021k
Native frames: (J=compiled Java code, j=interpreted, Vv=VM code, C=native code)
V  [libjvm.so+0x953e15]
V  [libjvm.so+0x48fd94]
V  [libjvm.so+0x7cf87b]
V  [libjvm.so+0x7ca33f]
V  [libjvm.so+0x83dacb]
V  [libjvm.so+0x82d86b]
V  [libjvm.so+0x82da2b]
V  [libjvm.so+0x82e958]
V  [libjvm.so+0x8355b4]
V  [libjvm.so+0x83bc0d]
V  [libjvm.so+0x7f2083]
V  [libjvm.so+0x955814]
V  [libjvm.so+0x959917]
V  [libjvm.so+0x9583d8]
V  [libjvm.so+0x958839]
V  [libjvm.so+0x958c82]
V  [libjvm.so+0x7cc742]

VM_Operation (0x00007fd403e6eef0): ParallelGCFailedAllocation, mode: safepoint, requested by thread 0x00007fd3fc00a800


---------------  P R O C E S S  ---------------

Java Threads: ( => current thread )
  0x00007fd3fc0a9000 JavaThread "Service Thread" daemon [_thread_blocked, id=28228, stack(0x00007fd3f08a2000,0x00007fd3f09a3000)]
  0x00007fd3fc0a7000 JavaThread "C2 CompilerThread1" daemon [_thread_blocked, id=28227, stack(0x00007fd3f09a3000,0x00007fd3f0aa4000)]
  0x00007fd3fc0a4000 JavaThread "C2 CompilerThread0" daemon [_thread_blocked, id=28226, stack(0x00007fd3f0aa4000,0x00007fd3f0ba5000)]
  0x00007fd3fc0a2000 JavaThread "Signal Dispatcher" daemon [_thread_blocked, id=28225, stack(0x00007fd3f0ba5000,0x00007fd3f0ca6000)]
  0x00007fd3fc07c000 JavaThread "Finalizer" daemon [_thread_blocked, id=28224, stack(0x00007fd3f13c9000,0x00007fd3f14ca000)]
  0x00007fd3fc07a000 JavaThread "Reference Handler" daemon [_thread_blocked, id=28223, stack(0x00007fd3f14ca000,0x00007fd3f15cb000)]
  0x00007fd3fc00a800 JavaThread "main" [_thread_blocked, id=28217, stack(0x00007fd403d70000,0x00007fd403e71000)]

Other Threads:
=>0x00007fd3fc076000 VMThread [stack: 0x00007fd3f15cb000,0x00007fd3f16cc000] [id=28222]
  0x00007fd3fc0b4000 WatcherThread [stack: 0x00007fd3f07a1000,0x00007fd3f08a2000] [id=28229]

VM state:at safepoint (normal execution)

VM Mutex/Monitor currently owned by a thread:  ([mutex/lock_event])
[0x00007fd3fc0062c0] ExpandHeap_lock - owner thread: 0x00007fd3fc076000
[0x00007fd3fc006940] Threads_lock - owner thread: 0x00007fd3fc076000
[0x00007fd3fc006e40] Heap_lock - owner thread: 0x00007fd3fc00a800

Heap
 PSYoungGen      total 233472K, used 13095K [0x00000000eaa80000, 0x0000000100000000, 0x0000000100000000)
  eden space 117248K, 0% used [0x00000000eaa80000,0x00000000eaa80000,0x00000000f1d00000)
  from space 116224K, 11% used [0x00000000f1d00000,0x00000000f29c9fb0,0x00000000f8e80000)
  to   space 116224K, 0% used [0x00000000f8e80000,0x00000000f8e80000,0x0000000100000000)
 ParOldGen       total 491520K, used 491151K [0x00000000c0000000, 0x00000000de000000, 0x00000000eaa80000)
  object space 491520K, 99% used [0x00000000c0000000,0x00000000ddfa3dc0,0x00000000de000000)
 PSPermGen       total 21504K, used 6217K [0x00000000b5a00000, 0x00000000b6f00000, 0x00000000c0000000)
  object space 21504K, 28% used [0x00000000b5a00000,0x00000000b6012758,0x00000000b6f00000)

Card table byte_map: [0x00007fd400751000,0x00007fd4009a5000] byte_map_base: 0x00007fd4001a4000

Polling page: 0x00007fd403e8e000

Code Cache  [0x00007fd3f9000000, 0x00007fd3f9430000, 0x00007fd3fc000000)
 total_blobs=1269 nmethods=1041 adapters=181 free_code_cache=45276Kb largest_free_block=45990016

Compilation events (10 events):
Event: 36.312 Thread 0x00007fd3fc0a7000 1127             com.android.dx.cf.direct.StdAttributeFactory::innerClasses (383 bytes)
Event: 36.340 Thread 0x00007fd3fc0a7000 nmethod 1127 0x00007fd3f93b7210 code [0x00007fd3f93b7460, 0x00007fd3f93b81c8]
Event: 37.341 Thread 0x00007fd3fc0a4000 1128             java.lang.Integer::intValue (5 bytes)
Event: 37.342 Thread 0x00007fd3fc0a4000 nmethod 1128 0x00007fd3f91bd010 code [0x00007fd3f91bd140, 0x00007fd3f91bd198]
Event: 37.508 Thread 0x00007fd3fc0a7000 1129             com.android.dx.rop.cst.CstDouble::getType (4 bytes)
Event: 37.508 Thread 0x00007fd3fc0a7000 nmethod 1129 0x00007fd3f926a0d0 code [0x00007fd3f926a200, 0x00007fd3f926a258]
Event: 37.709 Thread 0x00007fd3fc0a4000 1130             com.android.dx.cf.attrib.AttSignature::byteLength (3 bytes)
Event: 37.709 Thread 0x00007fd3fc0a4000 nmethod 1130 0x00007fd3f9269ed0 code [0x00007fd3f926a000, 0x00007fd3f926a058]
Event: 38.310 Thread 0x00007fd3fc0a7000 1131             com.android.dx.cf.code.Simulator::requiredArrayTypeFor (61 bytes)
Event: 38.324 Thread 0x00007fd3fc0a7000 nmethod 1131 0x00007fd3f92f3390 code [0x00007fd3f92f3560, 0x00007fd3f92f3c98]

GC Heap History (10 events):
Event: 36.008 GC heap after
Heap after GC invocations=28 (full 5):
 PSYoungGen      total 238080K, used 84832K [0x00000000eaa80000, 0x0000000100000000, 0x0000000100000000)
  eden space 153088K, 0% used [0x00000000eaa80000,0x00000000eaa80000,0x00000000f4000000)
  from space 84992K, 99% used [0x00000000f4000000,0x00000000f92d8010,0x00000000f9300000)
  to   space 108032K, 0% used [0x00000000f9680000,0x00000000f9680000,0x0000000100000000)
 ParOldGen       total 491520K, used 339051K [0x00000000c0000000, 0x00000000de000000, 0x00000000eaa80000)
  object space 491520K, 68% used [0x00000000c0000000,0x00000000d4b1ae28,0x00000000de000000)
 PSPermGen       total 21504K, used 6203K [0x00000000b5a00000, 0x00000000b6f00000, 0x00000000c0000000)
  object space 21504K, 28% used [0x00000000b5a00000,0x00000000b600ec00,0x00000000b6f00000)
}
Event: 36.541 GC heap before
{Heap before GC invocations=29 (full 5):
 PSYoungGen      total 238080K, used 237920K [0x00000000eaa80000, 0x0000000100000000, 0x0000000100000000)
  eden space 153088K, 100% used [0x00000000eaa80000,0x00000000f4000000,0x00000000f4000000)
  from space 84992K, 99% used [0x00000000f4000000,0x00000000f92d8010,0x00000000f9300000)
  to   space 108032K, 0% used [0x00000000f9680000,0x00000000f9680000,0x0000000100000000)
 ParOldGen       total 491520K, used 339051K [0x00000000c0000000, 0x00000000de000000, 0x00000000eaa80000)
  object space 491520K, 68% used [0x00000000c0000000,0x00000000d4b1ae28,0x00000000de000000)
 PSPermGen       total 21504K, used 6212K [0x00000000b5a00000, 0x00000000b6f00000, 0x00000000c0000000)
  object space 21504K, 28% used [0x00000000b5a00000,0x00000000b6011010,0x00000000b6f00000)
Event: 36.688 GC heap after
Heap after GC invocations=29 (full 5):
 PSYoungGen      total 225280K, used 108011K [0x00000000eaa80000, 0x0000000100000000, 0x0000000100000000)
  eden space 117248K, 0% used [0x00000000eaa80000,0x00000000eaa80000,0x00000000f1d00000)
  from space 108032K, 99% used [0x00000000f9680000,0x00000000ffffacd8,0x0000000100000000)
  to   space 116224K, 0% used [0x00000000f1d00000,0x00000000f1d00000,0x00000000f8e80000)
 ParOldGen       total 491520K, used 341226K [0x00000000c0000000, 0x00000000de000000, 0x00000000eaa80000)
  object space 491520K, 69% used [0x00000000c0000000,0x00000000d4d3a800,0x00000000de000000)
 PSPermGen       total 21504K, used 6212K [0x00000000b5a00000, 0x00000000b6f00000, 0x00000000c0000000)
  object space 21504K, 28% used [0x00000000b5a00000,0x00000000b6011010,0x00000000b6f00000)
}
Event: 37.121 GC heap before
{Heap before GC invocations=30 (full 5):
 PSYoungGen      total 225280K, used 225259K [0x00000000eaa80000, 0x0000000100000000, 0x0000000100000000)
  eden space 117248K, 100% used [0x00000000eaa80000,0x00000000f1d00000,0x00000000f1d00000)
  from space 108032K, 99% used [0x00000000f9680000,0x00000000ffffacd8,0x0000000100000000)
  to   space 116224K, 0% used [0x00000000f1d00000,0x00000000f1d00000,0x00000000f8e80000)
 ParOldGen       total 491520K, used 341226K [0x00000000c0000000, 0x00000000de000000, 0x00000000eaa80000)
  object space 491520K, 69% used [0x00000000c0000000,0x00000000d4d3a800,0x00000000de000000)
 PSPermGen       total 21504K, used 6215K [0x00000000b5a00000, 0x00000000b6f00000, 0x00000000c0000000)
  object space 21504K, 28% used [0x00000000b5a00000,0x00000000b6011f50,0x00000000b6f00000)
Event: 37.332 GC heap after
Heap after GC invocations=30 (full 5):
 PSYoungGen      total 233472K, used 94237K [0x00000000eaa80000, 0x0000000100000000, 0x0000000100000000)
  eden space 117248K, 0% used [0x00000000eaa80000,0x00000000eaa80000,0x00000000f1d00000)
  from space 116224K, 81% used [0x00000000f1d00000,0x00000000f79076a8,0x00000000f8e80000)
  to   space 116224K, 0% used [0x00000000f8e80000,0x00000000f8e80000,0x0000000100000000)
 ParOldGen       total 491520K, used 375247K [0x00000000c0000000, 0x00000000de000000, 0x00000000eaa80000)
  object space 491520K, 76% used [0x00000000c0000000,0x00000000d6e73cb8,0x00000000de000000)
 PSPermGen       total 21504K, used 6215K [0x00000000b5a00000, 0x00000000b6f00000, 0x00000000c0000000)
  object space 21504K, 28% used [0x00000000b5a00000,0x00000000b6011f50,0x00000000b6f00000)
}
Event: 37.726 GC heap before
{Heap before GC invocations=31 (full 5):
 PSYoungGen      total 233472K, used 211485K [0x00000000eaa80000, 0x0000000100000000, 0x0000000100000000)
  eden space 117248K, 100% used [0x00000000eaa80000,0x00000000f1d00000,0x00000000f1d00000)
  from space 116224K, 81% used [0x00000000f1d00000,0x00000000f79076a8,0x00000000f8e80000)
  to   space 116224K, 0% used [0x00000000f8e80000,0x00000000f8e80000,0x0000000100000000)
 ParOldGen       total 491520K, used 375247K [0x00000000c0000000, 0x00000000de000000, 0x00000000eaa80000)
  object space 491520K, 76% used [0x00000000c0000000,0x00000000d6e73cb8,0x00000000de000000)
 PSPermGen       total 21504K, used 6217K [0x00000000b5a00000, 0x00000000b6f00000, 0x00000000c0000000)
  object space 21504K, 28% used [0x00000000b5a00000,0x00000000b6012560,0x00000000b6f00000)
Event: 37.945 GC heap after
Heap after GC invocations=31 (full 5):
 PSYoungGen      total 233472K, used 63926K [0x00000000eaa80000, 0x0000000100000000, 0x0000000100000000)
  eden space 117248K, 0% used [0x00000000eaa80000,0x00000000eaa80000,0x00000000f1d00000)
  from space 116224K, 55% used [0x00000000f8e80000,0x00000000fcced820,0x0000000100000000)
  to   space 116224K, 0% used [0x00000000f1d00000,0x00000000f1d00000,0x00000000f8e80000)
 ParOldGen       total 491520K, used 424443K [0x00000000c0000000, 0x00000000de000000, 0x00000000eaa80000)
  object space 491520K, 86% used [0x00000000c0000000,0x00000000d9e7ec98,0x00000000de000000)
 PSPermGen       total 21504K, used 6217K [0x00000000b5a00000, 0x00000000b6f00000, 0x00000000c0000000)
  object space 21504K, 28% used [0x00000000b5a00000,0x00000000b6012560,0x00000000b6f00000)
}
Event: 38.352 GC heap before
{Heap before GC invocations=32 (full 5):
 PSYoungGen      total 233472K, used 181174K [0x00000000eaa80000, 0x0000000100000000, 0x0000000100000000)
  eden space 117248K, 100% used [0x00000000eaa80000,0x00000000f1d00000,0x00000000f1d00000)
  from space 116224K, 55% used [0x00000000f8e80000,0x00000000fcced820,0x0000000100000000)
  to   space 116224K, 0% used [0x00000000f1d00000,0x00000000f1d00000,0x00000000f8e80000)
 ParOldGen       total 491520K, used 424443K [0x00000000c0000000, 0x00000000de000000, 0x00000000eaa80000)
  object space 491520K, 86% used [0x00000000c0000000,0x00000000d9e7ec98,0x00000000de000000)
 PSPermGen       total 21504K, used 6217K [0x00000000b5a00000, 0x00000000b6f00000, 0x00000000c0000000)
  object space 21504K, 28% used [0x00000000b5a00000,0x00000000b6012798,0x00000000b6f00000)
Event: 38.491 GC heap after
Heap after GC invocations=32 (full 5):
 PSYoungGen      total 233472K, used 38391K [0x00000000eaa80000, 0x0000000100000000, 0x0000000100000000)
  eden space 117248K, 0% used [0x00000000eaa80000,0x00000000eaa80000,0x00000000f1d00000)
  from space 116224K, 33% used [0x00000000f1d00000,0x00000000f427df40,0x00000000f8e80000)
  to   space 116224K, 0% used [0x00000000f8e80000,0x00000000f8e80000,0x0000000100000000)
 ParOldGen       total 491520K, used 468951K [0x00000000c0000000, 0x00000000de000000, 0x00000000eaa80000)
  object space 491520K, 95% used [0x00000000c0000000,0x00000000dc9f5f58,0x00000000de000000)
 PSPermGen       total 21504K, used 6217K [0x00000000b5a00000, 0x00000000b6f00000, 0x00000000c0000000)
  object space 21504K, 28% used [0x00000000b5a00000,0x00000000b6012798,0x00000000b6f00000)
}
Event: 38.491 GC heap before
{Heap before GC invocations=33 (full 6):
 PSYoungGen      total 233472K, used 38391K [0x00000000eaa80000, 0x0000000100000000, 0x0000000100000000)
  eden space 117248K, 0% used [0x00000000eaa80000,0x00000000eaa80000,0x00000000f1d00000)
  from space 116224K, 33% used [0x00000000f1d00000,0x00000000f427df40,0x00000000f8e80000)
  to   space 116224K, 0% used [0x00000000f8e80000,0x00000000f8e80000,0x0000000100000000)
 ParOldGen       total 491520K, used 468951K [0x00000000c0000000, 0x00000000de000000, 0x00000000eaa80000)
  object space 491520K, 95% used [0x00000000c0000000,0x00000000dc9f5f58,0x00000000de000000)
 PSPermGen       total 21504K, used 6217K [0x00000000b5a00000, 0x00000000b6f00000, 0x00000000c0000000)
  object space 21504K, 28% used [0x00000000b5a00000,0x00000000b6012798,0x00000000b6f00000)

Deoptimization events (10 events):
Event: 30.019 Thread 0x00007fd3fc00a800 Uncommon trap: reason=bimorphic action=maybe_recompile pc=0x00007fd3f915fa70 method=com.android.dx.ssa.LiteralOpUpgrader.tryReplacingWithConstant(Lcom/android/dx/ssa/NormalSsaInsn;)Z @ 62
Event: 30.158 Thread 0x00007fd3fc00a800 Uncommon trap: reason=bimorphic action=maybe_recompile pc=0x00007fd3f915d598 method=com.android.dx.ssa.LiteralOpUpgrader.tryReplacingWithConstant(Lcom/android/dx/ssa/NormalSsaInsn;)Z @ 62
Event: 30.969 Thread 0x00007fd3fc00a800 Uncommon trap: reason=unstable_if action=reinterpret pc=0x00007fd3f92edb54 method=com.android.dx.ssa.LiteralOpUpgrader$1.visitNonMoveInsn(Lcom/android/dx/ssa/NormalSsaInsn;)V @ 137
Event: 32.350 Thread 0x00007fd3fc00a800 Uncommon trap: reason=unstable_if action=reinterpret pc=0x00007fd3f92ffbec method=com.android.dx.cf.direct.StdAttributeFactory.parse0(Lcom/android/dx/cf/direct/DirectClassFile;ILjava/lang/String;IILcom/android/dx/cf/iface/ParseObserver;)Lcom/android/dx/cf
Event: 32.500 Thread 0x00007fd3fc00a800 Uncommon trap: reason=bimorphic action=maybe_recompile pc=0x00007fd3f939dc7c method=com.android.dx.cf.code.BytecodeArray.parseInstruction(ILcom/android/dx/cf/code/BytecodeArray$Visitor;)I @ 1035
Event: 32.500 Thread 0x00007fd3fc00a800 Uncommon trap: reason=bimorphic action=maybe_recompile pc=0x00007fd3f939dcf8 method=com.android.dx.cf.code.BytecodeArray.parseInstruction(ILcom/android/dx/cf/code/BytecodeArray$Visitor;)I @ 1051
Event: 32.500 Thread 0x00007fd3fc00a800 Uncommon trap: reason=bimorphic action=maybe_recompile pc=0x00007fd3f939dcf8 method=com.android.dx.cf.code.BytecodeArray.parseInstruction(ILcom/android/dx/cf/code/BytecodeArray$Visitor;)I @ 1051
Event: 34.913 Thread 0x00007fd3fc00a800 Uncommon trap: reason=null_check action=make_not_entrant pc=0x00007fd3f94043ec method=com.android.dx.cf.direct.StdAttributeFactory.enclosingMethod(Lcom/android/dx/cf/direct/DirectClassFile;IILcom/android/dx/cf/iface/ParseObserver;)Lcom/android/dx/cf/iface
Event: 35.512 Thread 0x00007fd3fc00a800 Uncommon trap: reason=bimorphic action=maybe_recompile pc=0x00007fd3f93f4114 method=com.android.dx.cf.code.BytecodeArray.parseInstruction(ILcom/android/dx/cf/code/BytecodeArray$Visitor;)I @ 1987
Event: 35.512 Thread 0x00007fd3fc00a800 Uncommon trap: reason=bimorphic action=maybe_recompile pc=0x00007fd3f93f4114 method=com.android.dx.cf.code.BytecodeArray.parseInstruction(ILcom/android/dx/cf/code/BytecodeArray$Visitor;)I @ 1987

Internal exceptions (10 events):
Event: 14.318 Thread 0x00007fd3fc00a800 Implicit null exception at 0x00007fd3f9143b3f to 0x00007fd3f91446a5
Event: 14.318 Thread 0x00007fd3fc00a800 Implicit null exception at 0x00007fd3f90faf94 to 0x00007fd3f90fb15d
Event: 14.318 Thread 0x00007fd3fc00a800 Implicit null exception at 0x00007fd3f90c94f8 to 0x00007fd3f90c964d
Event: 14.626 Thread 0x00007fd3fc00a800 Implicit null exception at 0x00007fd3f933bb49 to 0x00007fd3f933e331
Event: 17.698 Thread 0x00007fd3fc00a800 Threw 0x00000000f093a520 at /build/openjdk-7-HVzwJZ/openjdk-7-7u95-2.6.4/build/openjdk/hotspot/src/share/vm/prims/jvm.cpp:1322
Event: 20.485 Thread 0x00007fd3fc00a800 Threw 0x00000000ef6a2b60 at /build/openjdk-7-HVzwJZ/openjdk-7-7u95-2.6.4/build/openjdk/hotspot/src/share/vm/prims/jvm.cpp:1322
Event: 22.643 Thread 0x00007fd3fc00a800 Implicit null exception at 0x00007fd3f923dfb4 to 0x00007fd3f923eae1
Event: 22.643 Thread 0x00007fd3fc00a800 Implicit null exception at 0x00007fd3f90ca304 to 0x00007fd3f90ca611
Event: 32.354 Thread 0x00007fd3fc00a800 Threw 0x00000000f04a51c0 at /build/openjdk-7-HVzwJZ/openjdk-7-7u95-2.6.4/build/openjdk/hotspot/src/share/vm/prims/jvm.cpp:1322
Event: 34.912 Thread 0x00007fd3fc00a800 Implicit null exception at 0x00007fd3f94031af to 0x00007fd3f94043e1

Events (10 events):
Event: 37.120 Executing VM operation: ParallelGCFailedAllocation
Event: 37.332 Executing VM operation: ParallelGCFailedAllocation done
Event: 37.508 Thread 0x00007fd3fc0a7000 flushing nmethod 0x00007fd3f92f3110
Event: 37.709 Thread 0x00007fd3fc0a4000 flushing nmethod 0x00007fd3f931ca90
Event: 37.709 Thread 0x00007fd3fc0a4000 flushing nmethod 0x00007fd3f931e690
Event: 37.709 Thread 0x00007fd3fc0a4000 flushing nmethod 0x00007fd3f934e650
Event: 37.709 Thread 0x00007fd3fc0a4000 flushing nmethod 0x00007fd3f9371010
Event: 37.726 Executing VM operation: ParallelGCFailedAllocation
Event: 37.945 Executing VM operation: ParallelGCFailedAllocation done
Event: 38.352 Executing VM operation: ParallelGCFailedAllocation


Dynamic libraries:
00400000-00401000 r-xp 00000000 08:01 5508137                            /usr/lib/jvm/java-7-openjdk-amd64/jre/bin/java
00600000-00601000 r--p 00000000 08:01 5508137                            /usr/lib/jvm/java-7-openjdk-amd64/jre/bin/java
00601000-00602000 rw-p 00001000 08:01 5508137                            /usr/lib/jvm/java-7-openjdk-amd64/jre/bin/java
006ed000-0070e000 rw-p 00000000 00:00 0                                  [heap]
b5a00000-b6f00000 rw-p 00000000 00:00 0 
b6f00000-c0000000 rw-p 00000000 00:00 0 
c0000000-de000000 rw-p 00000000 00:00 0 
e9580000-eaa80000 rw-p 00000000 00:00 0 
eaa80000-100000000 rw-p 00000000 00:00 0 
7fd3c2efd000-7fd3c2f3a000 r-xp 00000000 08:01 790495                     /lib/x86_64-linux-gnu/libpcre.so.3.13.1
7fd3c2f3a000-7fd3c3139000 ---p 0003d000 08:01 790495                     /lib/x86_64-linux-gnu/libpcre.so.3.13.1
7fd3c3139000-7fd3c313a000 r--p 0003c000 08:01 790495                     /lib/x86_64-linux-gnu/libpcre.so.3.13.1
7fd3c313a000-7fd3c313b000 rw-p 0003d000 08:01 790495                     /lib/x86_64-linux-gnu/libpcre.so.3.13.1
7fd3c313b000-7fd3c3142000 r-xp 00000000 08:01 4726848                    /usr/lib/x86_64-linux-gnu/libffi.so.6.0.1
7fd3c3142000-7fd3c3341000 ---p 00007000 08:01 4726848                    /usr/lib/x86_64-linux-gnu/libffi.so.6.0.1
7fd3c3341000-7fd3c3342000 r--p 00006000 08:01 4726848                    /usr/lib/x86_64-linux-gnu/libffi.so.6.0.1
7fd3c3342000-7fd3c3343000 rw-p 00007000 08:01 4726848                    /usr/lib/x86_64-linux-gnu/libffi.so.6.0.1
7fd3c3343000-7fd3c335a000 r-xp 00000000 08:01 786614                     /lib/x86_64-linux-gnu/libresolv-2.19.so
7fd3c335a000-7fd3c355a000 ---p 00017000 08:01 786614                     /lib/x86_64-linux-gnu/libresolv-2.19.so
7fd3c355a000-7fd3c355b000 r--p 00017000 08:01 786614                     /lib/x86_64-linux-gnu/libresolv-2.19.so
7fd3c355b000-7fd3c355c000 rw-p 00018000 08:01 786614                     /lib/x86_64-linux-gnu/libresolv-2.19.so
7fd3c355c000-7fd3c355e000 rw-p 00000000 00:00 0 
7fd3c355e000-7fd3c357e000 r-xp 00000000 08:01 790522                     /lib/x86_64-linux-gnu/libselinux.so.1
7fd3c357e000-7fd3c377d000 ---p 00020000 08:01 790522                     /lib/x86_64-linux-gnu/libselinux.so.1
7fd3c377d000-7fd3c377e000 r--p 0001f000 08:01 790522                     /lib/x86_64-linux-gnu/libselinux.so.1
7fd3c377e000-7fd3c377f000 rw-p 00020000 08:01 790522                     /lib/x86_64-linux-gnu/libselinux.so.1
7fd3c377f000-7fd3c3781000 rw-p 00000000 00:00 0 
7fd3c3781000-7fd3c3784000 r-xp 00000000 08:01 4726965                    /usr/lib/x86_64-linux-gnu/libgmodule-2.0.so.0.4000.0
7fd3c3784000-7fd3c3983000 ---p 00003000 08:01 4726965                    /usr/lib/x86_64-linux-gnu/libgmodule-2.0.so.0.4000.0
7fd3c3983000-7fd3c3984000 r--p 00002000 08:01 4726965                    /usr/lib/x86_64-linux-gnu/libgmodule-2.0.so.0.4000.0
7fd3c3984000-7fd3c3985000 rw-p 00003000 08:01 4726965                    /usr/lib/x86_64-linux-gnu/libgmodule-2.0.so.0.4000.0
7fd3c3985000-7fd3c3a8b000 r-xp 00000000 08:01 790423                     /lib/x86_64-linux-gnu/libglib-2.0.so.0.4000.0
7fd3c3a8b000-7fd3c3c8a000 ---p 00106000 08:01 790423                     /lib/x86_64-linux-gnu/libglib-2.0.so.0.4000.0
7fd3c3c8a000-7fd3c3c8b000 r--p 00105000 08:01 790423                     /lib/x86_64-linux-gnu/libglib-2.0.so.0.4000.0
7fd3c3c8b000-7fd3c3c8c000 rw-p 00106000 08:01 790423                     /lib/x86_64-linux-gnu/libglib-2.0.so.0.4000.0
7fd3c3c8c000-7fd3c3c8d000 rw-p 00000000 00:00 0 
7fd3c3c8d000-7fd3c3df8000 r-xp 00000000 08:01 4726951                    /usr/lib/x86_64-linux-gnu/libgio-2.0.so.0.4000.0
7fd3c3df8000-7fd3c3ff8000 ---p 0016b000 08:01 4726951                    /usr/lib/x86_64-linux-gnu/libgio-2.0.so.0.4000.0
7fd3c3ff8000-7fd3c3ffc000 r--p 0016b000 08:01 4726951                    /usr/lib/x86_64-linux-gnu/libgio-2.0.so.0.4000.0
7fd3c3ffc000-7fd3c3ffe000 rw-p 0016f000 08:01 4726951                    /usr/lib/x86_64-linux-gnu/libgio-2.0.so.0.4000.0
7fd3c3ffe000-7fd3c4000000 rw-p 00000000 00:00 0 
7fd3c4000000-7fd3c4021000 rw-p 00000000 00:00 0 
7fd3c4021000-7fd3c8000000 ---p 00000000 00:00 0 
7fd3c8000000-7fd3c8021000 rw-p 00000000 00:00 0 
7fd3c8021000-7fd3cc000000 ---p 00000000 00:00 0 
7fd3cc000000-7fd3cdb5c000 rw-p 00000000 00:00 0 
7fd3cdb5c000-7fd3d0000000 ---p 00000000 00:00 0 
7fd3d0000000-7fd3d16f6000 rw-p 00000000 00:00 0 
7fd3d16f6000-7fd3d4000000 ---p 00000000 00:00 0 
7fd3d4000000-7fd3d4021000 rw-p 00000000 00:00 0 
7fd3d4021000-7fd3d8000000 ---p 00000000 00:00 0 
7fd3d8000000-7fd3d8021000 rw-p 00000000 00:00 0 
7fd3d8021000-7fd3dc000000 ---p 00000000 00:00 0 
7fd3dc000000-7fd3dc021000 rw-p 00000000 00:00 0 
7fd3dc021000-7fd3e0000000 ---p 00000000 00:00 0 
7fd3e0000000-7fd3e0021000 rw-p 00000000 00:00 0 
7fd3e0021000-7fd3e4000000 ---p 00000000 00:00 0 
7fd3e4000000-7fd3e4021000 rw-p 00000000 00:00 0 
7fd3e4021000-7fd3e8000000 ---p 00000000 00:00 0 
7fd3e8000000-7fd3e8021000 rw-p 00000000 00:00 0 
7fd3e8021000-7fd3ec000000 ---p 00000000 00:00 0 
7fd3ec000000-7fd3ec021000 rw-p 00000000 00:00 0 
7fd3ec021000-7fd3f0000000 ---p 00000000 00:00 0 
7fd3f00dc000-7fd3f010d000 rw-p 00000000 00:00 0 
7fd3f010d000-7fd3f015c000 r-xp 00000000 08:01 4726981                    /usr/lib/x86_64-linux-gnu/libgobject-2.0.so.0.4000.0
7fd3f015c000-7fd3f035c000 ---p 0004f000 08:01 4726981                    /usr/lib/x86_64-linux-gnu/libgobject-2.0.so.0.4000.0
7fd3f035c000-7fd3f035d000 r--p 0004f000 08:01 4726981                    /usr/lib/x86_64-linux-gnu/libgobject-2.0.so.0.4000.0
7fd3f035d000-7fd3f035e000 rw-p 00050000 08:01 4726981                    /usr/lib/x86_64-linux-gnu/libgobject-2.0.so.0.4000.0
7fd3f0377000-7fd3f038e000 r-xp 00000000 08:01 5917886                    /usr/lib/jvm/java-7-openjdk-amd64/jre/lib/amd64/libnet.so
7fd3f038e000-7fd3f058d000 ---p 00017000 08:01 5917886                    /usr/lib/jvm/java-7-openjdk-amd64/jre/lib/amd64/libnet.so
7fd3f058d000-7fd3f058e000 r--p 00016000 08:01 5917886                    /usr/lib/jvm/java-7-openjdk-amd64/jre/lib/amd64/libnet.so
7fd3f058e000-7fd3f058f000 rw-p 00017000 08:01 5917886                    /usr/lib/jvm/java-7-openjdk-amd64/jre/lib/amd64/libnet.so
7fd3f058f000-7fd3f059f000 r-xp 00000000 08:01 5917910                    /usr/lib/jvm/java-7-openjdk-amd64/jre/lib/amd64/libnio.so
7fd3f059f000-7fd3f079f000 ---p 00010000 08:01 5917910                    /usr/lib/jvm/java-7-openjdk-amd64/jre/lib/amd64/libnio.so
7fd3f079f000-7fd3f07a0000 r--p 00010000 08:01 5917910                    /usr/lib/jvm/java-7-openjdk-amd64/jre/lib/amd64/libnio.so
7fd3f07a0000-7fd3f07a1000 rw-p 00011000 08:01 5917910                    /usr/lib/jvm/java-7-openjdk-amd64/jre/lib/amd64/libnio.so
7fd3f07a1000-7fd3f07a2000 ---p 00000000 00:00 0 
7fd3f07a2000-7fd3f08a2000 rw-p 00000000 00:00 0                          [stack:28229]
7fd3f08a2000-7fd3f08a5000 ---p 00000000 00:00 0 
7fd3f08a5000-7fd3f09a3000 rw-p 00000000 00:00 0                          [stack:28228]
7fd3f09a3000-7fd3f09a6000 ---p 00000000 00:00 0 
7fd3f09a6000-7fd3f0aa4000 rw-p 00000000 00:00 0                          [stack:28227]
7fd3f0aa4000-7fd3f0aa7000 ---p 00000000 00:00 0 
7fd3f0aa7000-7fd3f0ba5000 rw-p 00000000 00:00 0                          [stack:28226]
7fd3f0ba5000-7fd3f0ba8000 ---p 00000000 00:00 0 
7fd3f0ba8000-7fd3f0ca6000 rw-p 00000000 00:00 0                          [stack:28225]
7fd3f0ca6000-7fd3f13c9000 r--p 00000000 08:01 4725570                    /usr/lib/locale/locale-archive
7fd3f13c9000-7fd3f13cc000 ---p 00000000 00:00 0 
7fd3f13cc000-7fd3f14ca000 rw-p 00000000 00:00 0                          [stack:28224]
7fd3f14ca000-7fd3f14cd000 ---p 00000000 00:00 0 
7fd3f14cd000-7fd3f15cb000 rw-p 00000000 00:00 0                          [stack:28223]
7fd3f15cb000-7fd3f15cc000 ---p 00000000 00:00 0 
7fd3f15cc000-7fd3f4000000 rw-p 00000000 00:00 0                          [stack:28222]
7fd3f4000000-7fd3f4021000 rw-p 00000000 00:00 0 
7fd3f4021000-7fd3f8000000 ---p 00000000 00:00 0 
7fd3f800a000-7fd3f808e000 r--s 006fe000 08:01 14445569                   /home/raihan/OpenSrpWorkSpace/opensrp-crvs/opensrp-client/opensrp-crvs/build/intermediates/multi-dex/debug/allclasses.jar
7fd3f808e000-7fd3f8bfc000 rw-p 00000000 00:00 0 
7fd3f8bfc000-7fd3f8dad000 r--s 01d30000 08:01 5508152                    /usr/lib/jvm/java-7-openjdk-amd64/jre/lib/rt.jar
7fd3f8dad000-7fd3f9000000 rw-p 00000000 00:00 0 
7fd3f9000000-7fd3f9430000 rwxp 00000000 00:00 0 
7fd3f9430000-7fd3fc369000 rw-p 00000000 00:00 0 
7fd3fc369000-7fd400000000 ---p 00000000 00:00 0 
7fd40000e000-7fd40001d000 r--s 000dd000 08:01 6177003                    /home/raihan/android-sdk-linux/build-tools/21.1.2/lib/dx.jar
7fd40001d000-7fd400020000 r--s 0000f000 08:01 5917931                    /usr/lib/jvm/java-7-openjdk-amd64/jre/lib/ext/icedtea-sound.jar
7fd400020000-7fd4001a4000 rw-p 00000000 00:00 0 
7fd4001a4000-7fd4001a5000 ---p 00000000 00:00 0 
7fd4001a5000-7fd4002a5000 rw-p 00000000 00:00 0                          [stack:28221]
7fd4002a5000-7fd4002a6000 ---p 00000000 00:00 0 
7fd4002a6000-7fd4003a6000 rw-p 00000000 00:00 0                          [stack:28220]
7fd4003a6000-7fd4003a7000 ---p 00000000 00:00 0 
7fd4003a7000-7fd4004a7000 rw-p 00000000 00:00 0                          [stack:28219]
7fd4004a7000-7fd4004a8000 ---p 00000000 00:00 0 
7fd4004a8000-7fd4005b3000 rw-p 00000000 00:00 0                          [stack:28218]
7fd4005b3000-7fd4005fb000 rw-p 00000000 00:00 0 
7fd4005fb000-7fd4006eb000 rw-p 00000000 00:00 0 
7fd4006eb000-7fd400751000 rw-p 00000000 00:00 0 
7fd400751000-7fd40075c000 rw-p 00000000 00:00 0 
7fd40075c000-7fd4007a4000 rw-p 00000000 00:00 0 
7fd4007a4000-7fd400894000 rw-p 00000000 00:00 0 
7fd400894000-7fd4008f9000 rw-p 00000000 00:00 0 
7fd4008f9000-7fd4009a4000 rw-p 00000000 00:00 0 
7fd4009a4000-7fd4009a5000 rw-p 00000000 00:00 0 
7fd4009a5000-7fd4009ad000 r-xp 00000000 08:01 5917892                    /usr/lib/jvm/java-7-openjdk-amd64/jre/lib/amd64/libzip.so
7fd4009ad000-7fd400bac000 ---p 00008000 08:01 5917892                    /usr/lib/jvm/java-7-openjdk-amd64/jre/lib/amd64/libzip.so
7fd400bac000-7fd400bad000 r--p 00007000 08:01 5917892                    /usr/lib/jvm/java-7-openjdk-amd64/jre/lib/amd64/libzip.so
7fd400bad000-7fd400bae000 rw-p 00008000 08:01 5917892                    /usr/lib/jvm/java-7-openjdk-amd64/jre/lib/amd64/libzip.so
7fd400bae000-7fd400bb9000 r-xp 00000000 08:01 786646                     /lib/x86_64-linux-gnu/libnss_files-2.19.so
7fd400bb9000-7fd400db8000 ---p 0000b000 08:01 786646                     /lib/x86_64-linux-gnu/libnss_files-2.19.so
7fd400db8000-7fd400db9000 r--p 0000a000 08:01 786646                     /lib/x86_64-linux-gnu/libnss_files-2.19.so
7fd400db9000-7fd400dba000 rw-p 0000b000 08:01 786646                     /lib/x86_64-linux-gnu/libnss_files-2.19.so
7fd400dba000-7fd400dc5000 r-xp 00000000 08:01 786638                     /lib/x86_64-linux-gnu/libnss_nis-2.19.so
7fd400dc5000-7fd400fc4000 ---p 0000b000 08:01 786638                     /lib/x86_64-linux-gnu/libnss_nis-2.19.so
7fd400fc4000-7fd400fc5000 r--p 0000a000 08:01 786638                     /lib/x86_64-linux-gnu/libnss_nis-2.19.so
7fd400fc5000-7fd400fc6000 rw-p 0000b000 08:01 786638                     /lib/x86_64-linux-gnu/libnss_nis-2.19.so
7fd400fc6000-7fd400fdd000 r-xp 00000000 08:01 786634                     /lib/x86_64-linux-gnu/libnsl-2.19.so
7fd400fdd000-7fd4011dc000 ---p 00017000 08:01 786634                     /lib/x86_64-linux-gnu/libnsl-2.19.so
7fd4011dc000-7fd4011dd000 r--p 00016000 08:01 786634                     /lib/x86_64-linux-gnu/libnsl-2.19.so
7fd4011dd000-7fd4011de000 rw-p 00017000 08:01 786634                     /lib/x86_64-linux-gnu/libnsl-2.19.so
7fd4011de000-7fd4011e0000 rw-p 00000000 00:00 0 
7fd4011e0000-7fd4011e9000 r-xp 00000000 08:01 786633                     /lib/x86_64-linux-gnu/libnss_compat-2.19.so
7fd4011e9000-7fd4013e8000 ---p 00009000 08:01 786633                     /lib/x86_64-linux-gnu/libnss_compat-2.19.so
7fd4013e8000-7fd4013e9000 r--p 00008000 08:01 786633                     /lib/x86_64-linux-gnu/libnss_compat-2.19.so
7fd4013e9000-7fd4013ea000 rw-p 00009000 08:01 786633                     /lib/x86_64-linux-gnu/libnss_compat-2.19.so
7fd4013ea000-7fd401415000 r-xp 00000000 08:01 5917877                    /usr/lib/jvm/java-7-openjdk-amd64/jre/lib/amd64/libjava.so
7fd401415000-7fd401615000 ---p 0002b000 08:01 5917877                    /usr/lib/jvm/java-7-openjdk-amd64/jre/lib/amd64/libjava.so
7fd401615000-7fd401616000 r--p 0002b000 08:01 5917877                    /usr/lib/jvm/java-7-openjdk-amd64/jre/lib/amd64/libjava.so
7fd401616000-7fd401618000 rw-p 0002c000 08:01 5917877                    /usr/lib/jvm/java-7-openjdk-amd64/jre/lib/amd64/libjava.so
7fd401618000-7fd401628000 r-xp 00000000 08:01 5917878                    /usr/lib/jvm/java-7-openjdk-amd64/jre/lib/amd64/libverify.so
7fd401628000-7fd401827000 ---p 00010000 08:01 5917878                    /usr/lib/jvm/java-7-openjdk-amd64/jre/lib/amd64/libverify.so
7fd401827000-7fd401829000 r--p 0000f000 08:01 5917878                    /usr/lib/jvm/java-7-openjdk-amd64/jre/lib/amd64/libverify.so
7fd401829000-7fd40182a000 rw-p 00011000 08:01 5917878                    /usr/lib/jvm/java-7-openjdk-amd64/jre/lib/amd64/libverify.so
7fd40182a000-7fd401831000 r-xp 00000000 08:01 786642                     /lib/x86_64-linux-gnu/librt-2.19.so
7fd401831000-7fd401a30000 ---p 00007000 08:01 786642                     /lib/x86_64-linux-gnu/librt-2.19.so
7fd401a30000-7fd401a31000 r--p 00006000 08:01 786642                     /lib/x86_64-linux-gnu/librt-2.19.so
7fd401a31000-7fd401a32000 rw-p 00007000 08:01 786642                     /lib/x86_64-linux-gnu/librt-2.19.so
7fd401a32000-7fd401a48000 r-xp 00000000 08:01 786612                     /lib/x86_64-linux-gnu/libgcc_s.so.1
7fd401a48000-7fd401c47000 ---p 00016000 08:01 786612                     /lib/x86_64-linux-gnu/libgcc_s.so.1
7fd401c47000-7fd401c48000 rw-p 00015000 08:01 786612                     /lib/x86_64-linux-gnu/libgcc_s.so.1
7fd401c48000-7fd401d4d000 r-xp 00000000 08:01 786618                     /lib/x86_64-linux-gnu/libm-2.19.so
7fd401d4d000-7fd401f4c000 ---p 00105000 08:01 786618                     /lib/x86_64-linux-gnu/libm-2.19.so
7fd401f4c000-7fd401f4d000 r--p 00104000 08:01 786618                     /lib/x86_64-linux-gnu/libm-2.19.so
7fd401f4d000-7fd401f4e000 rw-p 00105000 08:01 786618                     /lib/x86_64-linux-gnu/libm-2.19.so
7fd401f4e000-7fd402034000 r-xp 00000000 08:01 4719935                    /usr/lib/x86_64-linux-gnu/libstdc++.so.6.0.19
7fd402034000-7fd402233000 ---p 000e6000 08:01 4719935                    /usr/lib/x86_64-linux-gnu/libstdc++.so.6.0.19
7fd402233000-7fd40223b000 r--p 000e5000 08:01 4719935                    /usr/lib/x86_64-linux-gnu/libstdc++.so.6.0.19
7fd40223b000-7fd40223d000 rw-p 000ed000 08:01 4719935                    /usr/lib/x86_64-linux-gnu/libstdc++.so.6.0.19
7fd40223d000-7fd402252000 rw-p 00000000 00:00 0 
7fd402252000-7fd402d76000 r-xp 00000000 08:01 5917890                    /usr/lib/jvm/java-7-openjdk-amd64/jre/lib/amd64/server/libjvm.so
7fd402d76000-7fd402f76000 ---p 00b24000 08:01 5917890                    /usr/lib/jvm/java-7-openjdk-amd64/jre/lib/amd64/server/libjvm.so
7fd402f76000-7fd403010000 r--p 00b24000 08:01 5917890                    /usr/lib/jvm/java-7-openjdk-amd64/jre/lib/amd64/server/libjvm.so
7fd403010000-7fd403033000 rw-p 00bbe000 08:01 5917890                    /usr/lib/jvm/java-7-openjdk-amd64/jre/lib/amd64/server/libjvm.so
7fd403033000-7fd403061000 rw-p 00000000 00:00 0 
7fd403061000-7fd403079000 r-xp 00000000 08:01 790555                     /lib/x86_64-linux-gnu/libz.so.1.2.8
7fd403079000-7fd403278000 ---p 00018000 08:01 790555                     /lib/x86_64-linux-gnu/libz.so.1.2.8
7fd403278000-7fd403279000 r--p 00017000 08:01 790555                     /lib/x86_64-linux-gnu/libz.so.1.2.8
7fd403279000-7fd40327a000 rw-p 00018000 08:01 790555                     /lib/x86_64-linux-gnu/libz.so.1.2.8
7fd40327a000-7fd403293000 r-xp 00000000 08:01 786635                     /lib/x86_64-linux-gnu/libpthread-2.19.so
7fd403293000-7fd403492000 ---p 00019000 08:01 786635                     /lib/x86_64-linux-gnu/libpthread-2.19.so
7fd403492000-7fd403493000 r--p 00018000 08:01 786635                     /lib/x86_64-linux-gnu/libpthread-2.19.so
7fd403493000-7fd403494000 rw-p 00019000 08:01 786635                     /lib/x86_64-linux-gnu/libpthread-2.19.so
7fd403494000-7fd403498000 rw-p 00000000 00:00 0 
7fd403498000-7fd40349b000 r-xp 00000000 08:01 786630                     /lib/x86_64-linux-gnu/libdl-2.19.so
7fd40349b000-7fd40369a000 ---p 00003000 08:01 786630                     /lib/x86_64-linux-gnu/libdl-2.19.so
7fd40369a000-7fd40369b000 r--p 00002000 08:01 786630                     /lib/x86_64-linux-gnu/libdl-2.19.so
7fd40369b000-7fd40369c000 rw-p 00003000 08:01 786630                     /lib/x86_64-linux-gnu/libdl-2.19.so
7fd40369c000-7fd403857000 r-xp 00000000 08:01 786643                     /lib/x86_64-linux-gnu/libc-2.19.so
7fd403857000-7fd403a56000 ---p 001bb000 08:01 786643                     /lib/x86_64-linux-gnu/libc-2.19.so
7fd403a56000-7fd403a5a000 r--p 001ba000 08:01 786643                     /lib/x86_64-linux-gnu/libc-2.19.so
7fd403a5a000-7fd403a5c000 rw-p 001be000 08:01 786643                     /lib/x86_64-linux-gnu/libc-2.19.so
7fd403a5c000-7fd403a61000 rw-p 00000000 00:00 0 
7fd403a61000-7fd403a6e000 r-xp 00000000 08:01 5917907                    /usr/lib/jvm/java-7-openjdk-amd64/jre/lib/amd64/jli/libjli.so
7fd403a6e000-7fd403c6d000 ---p 0000d000 08:01 5917907                    /usr/lib/jvm/java-7-openjdk-amd64/jre/lib/amd64/jli/libjli.so
7fd403c6d000-7fd403c6e000 r--p 0000c000 08:01 5917907                    /usr/lib/jvm/java-7-openjdk-amd64/jre/lib/amd64/jli/libjli.so
7fd403c6e000-7fd403c6f000 rw-p 0000d000 08:01 5917907                    /usr/lib/jvm/java-7-openjdk-amd64/jre/lib/amd64/jli/libjli.so
7fd403c6f000-7fd403c92000 r-xp 00000000 08:01 786636                     /lib/x86_64-linux-gnu/ld-2.19.so
7fd403c94000-7fd403c98000 r--s 00034000 08:01 5917930                    /usr/lib/jvm/java-7-openjdk-amd64/jre/lib/ext/sunjce_provider.jar
7fd403c98000-7fd403cc1000 rw-p 00000000 00:00 0 
7fd403cc1000-7fd403d70000 rw-p 00000000 00:00 0 
7fd403d70000-7fd403d73000 ---p 00000000 00:00 0 
7fd403d73000-7fd403e76000 rw-p 00000000 00:00 0                          [stack:28217]
7fd403e77000-7fd403e78000 rw-p 00000000 00:00 0 
7fd403e78000-7fd403e7a000 r--s 00012000 08:01 5917929                    /usr/lib/jvm/java-7-openjdk-amd64/jre/lib/ext/zipfs.jar
7fd403e7a000-7fd403e7c000 r--s 00006000 08:01 5118243                    /usr/share/java/java-atk-wrapper.jar
7fd403e7c000-7fd403e80000 r--s 0003c000 08:01 5917933                    /usr/lib/jvm/java-7-openjdk-amd64/jre/lib/ext/sunpkcs11.jar
7fd403e80000-7fd403e84000 r--s 00085000 08:01 5917932                    /usr/lib/jvm/java-7-openjdk-amd64/jre/lib/ext/localedata.jar
7fd403e84000-7fd403e85000 r--s 00002000 08:01 5917928                    /usr/lib/jvm/java-7-openjdk-amd64/jre/lib/ext/dnsns.jar
7fd403e85000-7fd403e8d000 rw-s 00000000 08:01 1846118                    /tmp/hsperfdata_raihan/28211
7fd403e8d000-7fd403e8e000 rw-p 00000000 00:00 0 
7fd403e8e000-7fd403e8f000 ---p 00000000 00:00 0 
7fd403e8f000-7fd403e91000 rw-p 00000000 00:00 0 
7fd403e91000-7fd403e92000 r--p 00022000 08:01 786636                     /lib/x86_64-linux-gnu/ld-2.19.so
7fd403e92000-7fd403e93000 rw-p 00023000 08:01 786636                     /lib/x86_64-linux-gnu/ld-2.19.so
7fd403e93000-7fd403e94000 rw-p 00000000 00:00 0 
7fffb7cbc000-7fffb7cdd000 rw-p 00000000 00:00 0                          [stack]
7fffb7de6000-7fffb7de8000 r-xp 00000000 00:00 0                          [vdso]
ffffffffff600000-ffffffffff601000 r-xp 00000000 00:00 0                  [vsyscall]

VM Arguments:
jvm_args: -Xmx1024M -Dfile.encoding=UTF-8 -Duser.country=US -Duser.language=en -Duser.variant 
java_command: com.android.dx.command.Main --dex --multi-dex --main-dex-list /home/raihan/OpenSrpWorkSpace/opensrp-crvs/opensrp-client/opensrp-crvs/build/intermediates/multi-dex/debug/maindexlist.txt --output /home/raihan/OpenSrpWorkSpace/opensrp-crvs/opensrp-client/opensrp-crvs/build/intermediates/dex/debug /home/raihan/OpenSrpWorkSpace/opensrp-crvs/opensrp-client/opensrp-crvs/build/intermediates/multi-dex/debug/allclasses.jar
Launcher Type: SUN_STANDARD

Environment Variables:
PATH=/usr/local/sbin:/usr/local/bin:/usr/sbin:/usr/bin:/sbin:/bin:/usr/games:/usr/local/games
SHELL=/bin/bash
DISPLAY=:0

Signal Handlers:
SIGSEGV: [libjvm.so+0x9548f0], sa_mask[0]=0x7ffbfeff, sa_flags=0x10000004
SIGBUS: [libjvm.so+0x9548f0], sa_mask[0]=0x7ffbfeff, sa_flags=0x10000004
SIGFPE: [libjvm.so+0x7cb0b0], sa_mask[0]=0x7ffbfeff, sa_flags=0x10000004
SIGPIPE: [libjvm.so+0x7cb0b0], sa_mask[0]=0x7ffbfeff, sa_flags=0x10000004
SIGXFSZ: [libjvm.so+0x7cb0b0], sa_mask[0]=0x7ffbfeff, sa_flags=0x10000004
SIGILL: [libjvm.so+0x7cb0b0], sa_mask[0]=0x7ffbfeff, sa_flags=0x10000004
SIGUSR1: SIG_DFL, sa_mask[0]=0x00000000, sa_flags=0x00000000
SIGUSR2: [libjvm.so+0x7caf50], sa_mask[0]=0x00000004, sa_flags=0x10000004
SIGHUP: [libjvm.so+0x7cb130], sa_mask[0]=0x7ffbfeff, sa_flags=0x10000004
SIGINT: [libjvm.so+0x7cb130], sa_mask[0]=0x7ffbfeff, sa_flags=0x10000004
SIGTERM: [libjvm.so+0x7cb130], sa_mask[0]=0x7ffbfeff, sa_flags=0x10000004
SIGQUIT: [libjvm.so+0x7cb130], sa_mask[0]=0x7ffbfeff, sa_flags=0x10000004
SIGTRAP: SIG_DFL, sa_mask[0]=0x00000000, sa_flags=0x00000000


---------------  S Y S T E M  ---------------

OS:Ubuntu 14.04 (trusty)
uname:Linux 3.13.0-24-generic #46-Ubuntu SMP Thu Apr 10 19:11:08 UTC 2014 x86_64
libc:glibc 2.19 NPTL 2.19 
rlimit: STACK 8192k, CORE 0k, NPROC 30570, NOFILE 4096, AS infinity
load average:4.12 2.33 1.66

/proc/meminfo:
MemTotal:        3934516 kB
MemFree:          119508 kB
Buffers:             856 kB
Cached:           382812 kB
SwapCached:        78884 kB
Active:          2213972 kB
Inactive:         875428 kB
Active(anon):    2181804 kB
Inactive(anon):   857436 kB
Active(file):      32168 kB
Inactive(file):    17992 kB
Unevictable:         104 kB
Mlocked:             104 kB
SwapTotal:       4080636 kB
SwapFree:           9704 kB
Dirty:               108 kB
Writeback:             0 kB
AnonPages:       2630144 kB
Mapped:           501184 kB
Shmem:            333232 kB
Slab:              93688 kB
SReclaimable:      38628 kB
SUnreclaim:        55060 kB
KernelStack:        7264 kB
PageTables:        95972 kB
NFS_Unstable:          0 kB
Bounce:                0 kB
WritebackTmp:          0 kB
CommitLimit:     6047892 kB
Committed_AS:   24021232 kB
VmallocTotal:   34359738367 kB
VmallocUsed:      553504 kB
VmallocChunk:   34359176172 kB
HardwareCorrupted:     0 kB
AnonHugePages:    286720 kB
HugePages_Total:       0
HugePages_Free:        0
HugePages_Rsvd:        0
HugePages_Surp:        0
Hugepagesize:       2048 kB
DirectMap4k:       99840 kB
DirectMap2M:     2934784 kB
DirectMap1G:     1048576 kB


CPU:total 4 (2 cores per cpu, 2 threads per core) family 6 model 61 stepping 4, cmov, cx8, fxsr, mmx, sse, sse2, sse3, ssse3, sse4.1, sse4.2, popcnt, avx, avx2, aes, erms, ht, tsc, tscinvbit

/proc/cpuinfo:
processor	: 0
vendor_id	: GenuineIntel
cpu family	: 6
model		: 61
model name	: Intel(R) Core(TM) i5-5200U CPU @ 2.20GHz
stepping	: 4
microcode	: 0x1f
cpu MHz		: 1000.000
cache size	: 3072 KB
physical id	: 0
siblings	: 4
core id		: 0
cpu cores	: 2
apicid		: 0
initial apicid	: 0
fpu		: yes
fpu_exception	: yes
cpuid level	: 20
wp		: yes
flags		: fpu vme de pse tsc msr pae mce cx8 apic sep mtrr pge mca cmov pat pse36 clflush dts acpi mmx fxsr sse sse2 ss ht tm pbe syscall nx pdpe1gb rdtscp lm constant_tsc arch_perfmon pebs bts rep_good nopl xtopology nonstop_tsc aperfmperf eagerfpu pni pclmulqdq dtes64 monitor ds_cpl vmx est tm2 ssse3 fma cx16 xtpr pdcm pcid sse4_1 sse4_2 x2apic movbe popcnt tsc_deadline_timer aes xsave avx f16c rdrand lahf_lm abm 3dnowprefetch ida arat epb xsaveopt pln pts dtherm tpr_shadow vnmi flexpriority ept vpid fsgsbase tsc_adjust bmi1 avx2 smep bmi2 erms invpcid rdseed adx smap
bogomips	: 4389.75
clflush size	: 64
cache_alignment	: 64
address sizes	: 39 bits physical, 48 bits virtual
power management:

processor	: 1
vendor_id	: GenuineIntel
cpu family	: 6
model		: 61
model name	: Intel(R) Core(TM) i5-5200U CPU @ 2.20GHz
stepping	: 4
microcode	: 0x1f
cpu MHz		: 900.000
cache size	: 3072 KB
physical id	: 0
siblings	: 4
core id		: 0
cpu cores	: 2
apicid		: 1
initial apicid	: 1
fpu		: yes
fpu_exception	: yes
cpuid level	: 20
wp		: yes
flags		: fpu vme de pse tsc msr pae mce cx8 apic sep mtrr pge mca cmov pat pse36 clflush dts acpi mmx fxsr sse sse2 ss ht tm pbe syscall nx pdpe1gb rdtscp lm constant_tsc arch_perfmon pebs bts rep_good nopl xtopology nonstop_tsc aperfmperf eagerfpu pni pclmulqdq dtes64 monitor ds_cpl vmx est tm2 ssse3 fma cx16 xtpr pdcm pcid sse4_1 sse4_2 x2apic movbe popcnt tsc_deadline_timer aes xsave avx f16c rdrand lahf_lm abm 3dnowprefetch ida arat epb xsaveopt pln pts dtherm tpr_shadow vnmi flexpriority ept vpid fsgsbase tsc_adjust bmi1 avx2 smep bmi2 erms invpcid rdseed adx smap
bogomips	: 4389.75
clflush size	: 64
cache_alignment	: 64
address sizes	: 39 bits physical, 48 bits virtual
power management:

processor	: 2
vendor_id	: GenuineIntel
cpu family	: 6
model		: 61
model name	: Intel(R) Core(TM) i5-5200U CPU @ 2.20GHz
stepping	: 4
microcode	: 0x1f
cpu MHz		: 2201.000
cache size	: 3072 KB
physical id	: 0
siblings	: 4
core id		: 1
cpu cores	: 2
apicid		: 2
initial apicid	: 2
fpu		: yes
fpu_exception	: yes
cpuid level	: 20
wp		: yes
flags		: fpu vme de pse tsc msr pae mce cx8 apic sep mtrr pge mca cmov pat pse36 clflush dts acpi mmx fxsr sse sse2 ss ht tm pbe syscall nx pdpe1gb rdtscp lm constant_tsc arch_perfmon pebs bts rep_good nopl xtopology nonstop_tsc aperfmperf eagerfpu pni pclmulqdq dtes64 monitor ds_cpl vmx est tm2 ssse3 fma cx16 xtpr pdcm pcid sse4_1 sse4_2 x2apic movbe popcnt tsc_deadline_timer aes xsave avx f16c rdrand lahf_lm abm 3dnowprefetch ida arat epb xsaveopt pln pts dtherm tpr_shadow vnmi flexpriority ept vpid fsgsbase tsc_adjust bmi1 avx2 smep bmi2 erms invpcid rdseed adx smap
bogomips	: 4389.75
clflush size	: 64
cache_alignment	: 64
address sizes	: 39 bits physical, 48 bits virtual
power management:

processor	: 3
vendor_id	: GenuineIntel
cpu family	: 6
model		: 61
model name	: Intel(R) Core(TM) i5-5200U CPU @ 2.20GHz
stepping	: 4
microcode	: 0x1f
cpu MHz		: 900.000
cache size	: 3072 KB
physical id	: 0
siblings	: 4
core id		: 1
cpu cores	: 2
apicid		: 3
initial apicid	: 3
fpu		: yes
fpu_exception	: yes
cpuid level	: 20
wp		: yes
flags		: fpu vme de pse tsc msr pae mce cx8 apic sep mtrr pge mca cmov pat pse36 clflush dts acpi mmx fxsr sse sse2 ss ht tm pbe syscall nx pdpe1gb rdtscp lm constant_tsc arch_perfmon pebs bts rep_good nopl xtopology nonstop_tsc aperfmperf eagerfpu pni pclmulqdq dtes64 monitor ds_cpl vmx est tm2 ssse3 fma cx16 xtpr pdcm pcid sse4_1 sse4_2 x2apic movbe popcnt tsc_deadline_timer aes xsave avx f16c rdrand lahf_lm abm 3dnowprefetch ida arat epb xsaveopt pln pts dtherm tpr_shadow vnmi flexpriority ept vpid fsgsbase tsc_adjust bmi1 avx2 smep bmi2 erms invpcid rdseed adx smap
bogomips	: 4389.75
clflush size	: 64
cache_alignment	: 64
address sizes	: 39 bits physical, 48 bits virtual
power management:



Memory: 4k page, physical 3934516k(119384k free), swap 4080636k(9720k free)

vm_info: OpenJDK 64-Bit Server VM (24.95-b01) for linux-amd64 JRE (1.7.0_95-b00), built on Mar 24 2016 06:13:32 by "buildd" with gcc 4.8.2

time: Tue Aug  2 21:01:08 2016
elapsed time: 40 seconds

