#
# There is insufficient memory for the Java Runtime Environment to continue.
# Native memory allocation (malloc) failed to allocate 147324928 bytes for committing reserved memory.
# Possible reasons:
#   The system is out of physical RAM or swap space
#   In 32 bit mode, the process size limit was hit
# Possible solutions:
#   Reduce memory load on the system
#   Increase physical memory or swap space
#   Check if swap backing store is full
#   Use 64 bit Java on a 64 bit OS
#   Decrease Java heap size (-Xmx/-Xms)
#   Decrease number of Java threads
#   Decrease Java thread stack sizes (-Xss)
#   Set larger code cache with -XX:ReservedCodeCacheSize=
# This output file may be truncated or incomplete.
#
#  Out of Memory Error (os_linux.cpp:2827), pid=24607, tid=140385504823040
#
# JRE version: OpenJDK Runtime Environment (7.0_95) (build 1.7.0_95-b00)
# Java VM: OpenJDK 64-Bit Server VM (24.95-b01 mixed mode linux-amd64 compressed oops)
# Derivative: IcedTea 2.6.4
# Distribution: Ubuntu 14.04 LTS, package 7u95-2.6.4-0ubuntu0.14.04.2
# Failed to write core dump. Core dumps have been disabled. To enable core dumping, try "ulimit -c unlimited" before starting Java again
#

---------------  T H R E A D  ---------------

Current thread (0x00007fae14076000):  VMThread [stack: 0x00007fae0c158000,0x00007fae0c259000] [id=24617]

Stack: [0x00007fae0c158000,0x00007fae0c259000],  sp=0x00007fae0c257490,  free space=1021k
Native frames: (J=compiled Java code, j=interpreted, Vv=VM code, C=native code)
V  [libjvm.so+0x953e15]
V  [libjvm.so+0x48fd94]
V  [libjvm.so+0x7cf87b]
V  [libjvm.so+0x7ca33f]
V  [libjvm.so+0x83dacb]
V  [libjvm.so+0x82d86b]
V  [libjvm.so+0x82da2b]
V  [libjvm.so+0x82e958]
V  [libjvm.so+0x8355b4]
V  [libjvm.so+0x83bc0d]
V  [libjvm.so+0x7f2083]
V  [libjvm.so+0x955814]
V  [libjvm.so+0x959917]
V  [libjvm.so+0x9583d8]
V  [libjvm.so+0x958839]
V  [libjvm.so+0x958c82]
V  [libjvm.so+0x7cc742]

VM_Operation (0x00007fae1a962f20): ParallelGCFailedAllocation, mode: safepoint, requested by thread 0x00007fae1400a800


---------------  P R O C E S S  ---------------

Java Threads: ( => current thread )
  0x00007fae140af800 JavaThread "Service Thread" daemon [_thread_blocked, id=24623, stack(0x00007fae073d8000,0x00007fae074d9000)]
  0x00007fae140ad000 JavaThread "C2 CompilerThread1" daemon [_thread_blocked, id=24622, stack(0x00007fae074d9000,0x00007fae075da000)]
  0x00007fae140aa000 JavaThread "C2 CompilerThread0" daemon [_thread_blocked, id=24621, stack(0x00007fae075da000,0x00007fae076db000)]
  0x00007fae140a8000 JavaThread "Signal Dispatcher" daemon [_thread_blocked, id=24620, stack(0x00007fae076db000,0x00007fae077dc000)]
  0x00007fae1407c000 JavaThread "Finalizer" daemon [_thread_blocked, id=24619, stack(0x00007fae07eff000,0x00007fae08000000)]
  0x00007fae1407a000 JavaThread "Reference Handler" daemon [_thread_blocked, id=24618, stack(0x00007fae0c057000,0x00007fae0c158000)]
  0x00007fae1400a800 JavaThread "main" [_thread_blocked, id=24612, stack(0x00007fae1a864000,0x00007fae1a965000)]

Other Threads:
=>0x00007fae14076000 VMThread [stack: 0x00007fae0c158000,0x00007fae0c259000] [id=24617]
  0x00007fae140ba000 WatcherThread [stack: 0x00007fae072d7000,0x00007fae073d8000] [id=24624]

VM state:at safepoint (normal execution)

VM Mutex/Monitor currently owned by a thread:  ([mutex/lock_event])
[0x00007fae140062c0] ExpandHeap_lock - owner thread: 0x00007fae14076000
[0x00007fae14006940] Threads_lock - owner thread: 0x00007fae14076000
[0x00007fae14006e40] Heap_lock - owner thread: 0x00007fae1400a800

Heap
 PSYoungGen      total 233472K, used 34371K [0x00000000eaa80000, 0x0000000100000000, 0x0000000100000000)
  eden space 117248K, 0% used [0x00000000eaa80000,0x00000000eaa80000,0x00000000f1d00000)
  from space 116224K, 29% used [0x00000000f1d00000,0x00000000f3e90fe0,0x00000000f8e80000)
  to   space 116224K, 0% used [0x00000000f8e80000,0x00000000f8e80000,0x0000000100000000)
 ParOldGen       total 339968K, used 339477K [0x00000000c0000000, 0x00000000d4c00000, 0x00000000eaa80000)
  object space 339968K, 99% used [0x00000000c0000000,0x00000000d4b854e8,0x00000000d4c00000)
 PSPermGen       total 21504K, used 6164K [0x00000000b5a00000, 0x00000000b6f00000, 0x00000000c0000000)
  object space 21504K, 28% used [0x00000000b5a00000,0x00000000b6005080,0x00000000b6f00000)

Card table byte_map: [0x00007fae10139000,0x00007fae1038d000] byte_map_base: 0x00007fae0fb8c000

Polling page: 0x00007fae1a982000

Code Cache  [0x00007fae1038d000, 0x00007fae1079d000, 0x00007fae1338d000)
 total_blobs=1280 nmethods=1052 adapters=181 free_code_cache=45195Kb largest_free_block=46105600

Compilation events (10 events):
Event: 22.105 Thread 0x00007fae140aa000 nmethod 1119 0x00007fae105be610 code [0x00007fae105be740, 0x00007fae105be798]
Event: 22.105 Thread 0x00007fae140ad000 1120             java.util.zip.ZipFile::access$000 (5 bytes)
Event: 22.106 Thread 0x00007fae140ad000 nmethod 1120 0x00007fae105be410 code [0x00007fae105be540, 0x00007fae105be598]
Event: 22.452 Thread 0x00007fae140aa000 1121             java.util.ArrayList::set (20 bytes)
Event: 22.454 Thread 0x00007fae140aa000 nmethod 1121 0x00007fae105be050 code [0x00007fae105be1a0, 0x00007fae105be2b8]
Event: 22.548 Thread 0x00007fae140ad000 1122             com.android.dx.ssa.back.FirstFitLocalCombiningAllocator::findNextUnreservedRopReg (68 bytes)
Event: 22.553 Thread 0x00007fae140ad000 nmethod 1122 0x00007fae10619710 code [0x00007fae10619880, 0x00007fae10619bb8]
Event: 22.659 Thread 0x00007fae140aa000 1123             com.android.dx.rop.cst.CstFloat::getType (4 bytes)
Event: 22.659 Thread 0x00007fae140aa000 nmethod 1123 0x00007fae1061a0d0 code [0x00007fae1061a200, 0x00007fae1061a258]
Event: 22.668 Thread 0x00007fae140ad000 1124   !         com.android.dx.cf.code.BytecodeArray::parseInstruction (2764 bytes)

GC Heap History (10 events):
Event: 20.614 GC heap after
Heap after GC invocations=23 (full 4):
 PSYoungGen      total 243712K, used 47682K [0x00000000eaa80000, 0x0000000100000000, 0x0000000100000000)
  eden space 137728K, 0% used [0x00000000eaa80000,0x00000000eaa80000,0x00000000f3100000)
  from space 105984K, 44% used [0x00000000f3100000,0x00000000f5f90a58,0x00000000f9880000)
  to   space 101888K, 0% used [0x00000000f9c80000,0x00000000f9c80000,0x0000000100000000)
 ParOldGen       total 339968K, used 245480K [0x00000000c0000000, 0x00000000d4c00000, 0x00000000eaa80000)
  object space 339968K, 72% used [0x00000000c0000000,0x00000000cefba1e0,0x00000000d4c00000)
 PSPermGen       total 21504K, used 6156K [0x00000000b5a00000, 0x00000000b6f00000, 0x00000000c0000000)
  object space 21504K, 28% used [0x00000000b5a00000,0x00000000b6003258,0x00000000b6f00000)
}
Event: 21.144 GC heap before
{Heap before GC invocations=24 (full 4):
 PSYoungGen      total 243712K, used 185410K [0x00000000eaa80000, 0x0000000100000000, 0x0000000100000000)
  eden space 137728K, 100% used [0x00000000eaa80000,0x00000000f3100000,0x00000000f3100000)
  from space 105984K, 44% used [0x00000000f3100000,0x00000000f5f90a58,0x00000000f9880000)
  to   space 101888K, 0% used [0x00000000f9c80000,0x00000000f9c80000,0x0000000100000000)
 ParOldGen       total 339968K, used 245480K [0x00000000c0000000, 0x00000000d4c00000, 0x00000000eaa80000)
  object space 339968K, 72% used [0x00000000c0000000,0x00000000cefba1e0,0x00000000d4c00000)
 PSPermGen       total 21504K, used 6158K [0x00000000b5a00000, 0x00000000b6f00000, 0x00000000c0000000)
  object space 21504K, 28% used [0x00000000b5a00000,0x00000000b6003ab0,0x00000000b6f00000)
Event: 21.236 GC heap after
Heap after GC invocations=24 (full 4):
 PSYoungGen      total 239616K, used 69145K [0x00000000eaa80000, 0x0000000100000000, 0x0000000100000000)
  eden space 137728K, 0% used [0x00000000eaa80000,0x00000000eaa80000,0x00000000f3100000)
  from space 101888K, 67% used [0x00000000f9c80000,0x00000000fe0064c8,0x0000000100000000)
  to   space 105984K, 0% used [0x00000000f3100000,0x00000000f3100000,0x00000000f9880000)
 ParOldGen       total 339968K, used 245480K [0x00000000c0000000, 0x00000000d4c00000, 0x00000000eaa80000)
  object space 339968K, 72% used [0x00000000c0000000,0x00000000cefba1e0,0x00000000d4c00000)
 PSPermGen       total 21504K, used 6158K [0x00000000b5a00000, 0x00000000b6f00000, 0x00000000c0000000)
  object space 21504K, 28% used [0x00000000b5a00000,0x00000000b6003ab0,0x00000000b6f00000)
}
Event: 21.667 GC heap before
{Heap before GC invocations=25 (full 4):
 PSYoungGen      total 239616K, used 206873K [0x00000000eaa80000, 0x0000000100000000, 0x0000000100000000)
  eden space 137728K, 100% used [0x00000000eaa80000,0x00000000f3100000,0x00000000f3100000)
  from space 101888K, 67% used [0x00000000f9c80000,0x00000000fe0064c8,0x0000000100000000)
  to   space 105984K, 0% used [0x00000000f3100000,0x00000000f3100000,0x00000000f9880000)
 ParOldGen       total 339968K, used 245480K [0x00000000c0000000, 0x00000000d4c00000, 0x00000000eaa80000)
  object space 339968K, 72% used [0x00000000c0000000,0x00000000cefba1e0,0x00000000d4c00000)
 PSPermGen       total 21504K, used 6160K [0x00000000b5a00000, 0x00000000b6f00000, 0x00000000c0000000)
  object space 21504K, 28% used [0x00000000b5a00000,0x00000000b6004040,0x00000000b6f00000)
Event: 21.783 GC heap after
Heap after GC invocations=25 (full 4):
 PSYoungGen      total 227840K, used 89734K [0x00000000eaa80000, 0x0000000100000000, 0x0000000100000000)
  eden space 137728K, 0% used [0x00000000eaa80000,0x00000000eaa80000,0x00000000f3100000)
  from space 90112K, 99% used [0x00000000f3100000,0x00000000f88a1810,0x00000000f8900000)
  to   space 116224K, 0% used [0x00000000f8e80000,0x00000000f8e80000,0x0000000100000000)
 ParOldGen       total 339968K, used 245480K [0x00000000c0000000, 0x00000000d4c00000, 0x00000000eaa80000)
  object space 339968K, 72% used [0x00000000c0000000,0x00000000cefba1e0,0x00000000d4c00000)
 PSPermGen       total 21504K, used 6160K [0x00000000b5a00000, 0x00000000b6f00000, 0x00000000c0000000)
  object space 21504K, 28% used [0x00000000b5a00000,0x00000000b6004040,0x00000000b6f00000)
}
Event: 22.205 GC heap before
{Heap before GC invocations=26 (full 4):
 PSYoungGen      total 227840K, used 227462K [0x00000000eaa80000, 0x0000000100000000, 0x0000000100000000)
  eden space 137728K, 100% used [0x00000000eaa80000,0x00000000f3100000,0x00000000f3100000)
  from space 90112K, 99% used [0x00000000f3100000,0x00000000f88a1810,0x00000000f8900000)
  to   space 116224K, 0% used [0x00000000f8e80000,0x00000000f8e80000,0x0000000100000000)
 ParOldGen       total 339968K, used 245480K [0x00000000c0000000, 0x00000000d4c00000, 0x00000000eaa80000)
  object space 339968K, 72% used [0x00000000c0000000,0x00000000cefba1e0,0x00000000d4c00000)
 PSPermGen       total 21504K, used 6161K [0x00000000b5a00000, 0x00000000b6f00000, 0x00000000c0000000)
  object space 21504K, 28% used [0x00000000b5a00000,0x00000000b60046a0,0x00000000b6f00000)
Event: 22.369 GC heap after
Heap after GC invocations=26 (full 4):
 PSYoungGen      total 233472K, used 85368K [0x00000000eaa80000, 0x0000000100000000, 0x0000000100000000)
  eden space 117248K, 0% used [0x00000000eaa80000,0x00000000eaa80000,0x00000000f1d00000)
  from space 116224K, 73% used [0x00000000f8e80000,0x00000000fe1de000,0x0000000100000000)
  to   space 116224K, 0% used [0x00000000f1d00000,0x00000000f1d00000,0x00000000f8e80000)
 ParOldGen       total 339968K, used 273033K [0x00000000c0000000, 0x00000000d4c00000, 0x00000000eaa80000)
  object space 339968K, 80% used [0x00000000c0000000,0x00000000d0aa2420,0x00000000d4c00000)
 PSPermGen       total 21504K, used 6161K [0x00000000b5a00000, 0x00000000b6f00000, 0x00000000c0000000)
  object space 21504K, 28% used [0x00000000b5a00000,0x00000000b60046a0,0x00000000b6f00000)
}
Event: 22.745 GC heap before
{Heap before GC invocations=27 (full 4):
 PSYoungGen      total 233472K, used 202616K [0x00000000eaa80000, 0x0000000100000000, 0x0000000100000000)
  eden space 117248K, 100% used [0x00000000eaa80000,0x00000000f1d00000,0x00000000f1d00000)
  from space 116224K, 73% used [0x00000000f8e80000,0x00000000fe1de000,0x0000000100000000)
  to   space 116224K, 0% used [0x00000000f1d00000,0x00000000f1d00000,0x00000000f8e80000)
 ParOldGen       total 339968K, used 273033K [0x00000000c0000000, 0x00000000d4c00000, 0x00000000eaa80000)
  object space 339968K, 80% used [0x00000000c0000000,0x00000000d0aa2420,0x00000000d4c00000)
 PSPermGen       total 21504K, used 6164K [0x00000000b5a00000, 0x00000000b6f00000, 0x00000000c0000000)
  object space 21504K, 28% used [0x00000000b5a00000,0x00000000b60050e0,0x00000000b6f00000)
Event: 22.951 GC heap after
Heap after GC invocations=27 (full 4):
 PSYoungGen      total 233472K, used 62196K [0x00000000eaa80000, 0x0000000100000000, 0x0000000100000000)
  eden space 117248K, 0% used [0x00000000eaa80000,0x00000000eaa80000,0x00000000f1d00000)
  from space 116224K, 53% used [0x00000000f1d00000,0x00000000f59bd370,0x00000000f8e80000)
  to   space 116224K, 0% used [0x00000000f8e80000,0x00000000f8e80000,0x0000000100000000)
 ParOldGen       total 339968K, used 313824K [0x00000000c0000000, 0x00000000d4c00000, 0x00000000eaa80000)
  object space 339968K, 92% used [0x00000000c0000000,0x00000000d32783e8,0x00000000d4c00000)
 PSPermGen       total 21504K, used 6164K [0x00000000b5a00000, 0x00000000b6f00000, 0x00000000c0000000)
  object space 21504K, 28% used [0x00000000b5a00000,0x00000000b60050e0,0x00000000b6f00000)
}
Event: 22.951 GC heap before
{Heap before GC invocations=28 (full 5):
 PSYoungGen      total 233472K, used 62196K [0x00000000eaa80000, 0x0000000100000000, 0x0000000100000000)
  eden space 117248K, 0% used [0x00000000eaa80000,0x00000000eaa80000,0x00000000f1d00000)
  from space 116224K, 53% used [0x00000000f1d00000,0x00000000f59bd370,0x00000000f8e80000)
  to   space 116224K, 0% used [0x00000000f8e80000,0x00000000f8e80000,0x0000000100000000)
 ParOldGen       total 339968K, used 313824K [0x00000000c0000000, 0x00000000d4c00000, 0x00000000eaa80000)
  object space 339968K, 92% used [0x00000000c0000000,0x00000000d32783e8,0x00000000d4c00000)
 PSPermGen       total 21504K, used 6164K [0x00000000b5a00000, 0x00000000b6f00000, 0x00000000c0000000)
  object space 21504K, 28% used [0x00000000b5a00000,0x00000000b60050e0,0x00000000b6f00000)

Deoptimization events (10 events):
Event: 18.390 Thread 0x00007fae1400a800 Uncommon trap: reason=bimorphic action=maybe_recompile pc=0x00007fae1075da68 method=com.android.dx.ssa.NormalSsaInsn.changeOneSource(ILcom/android/dx/rop/code/RegisterSpec;)V @ 113
Event: 20.689 Thread 0x00007fae1400a800 Uncommon trap: reason=class_check action=maybe_recompile pc=0x00007fae10534868 method=com.android.dx.ssa.SCCP.replaceConstants()V @ 182
Event: 20.693 Thread 0x00007fae1400a800 Uncommon trap: reason=class_check action=maybe_recompile pc=0x00007fae10534868 method=com.android.dx.ssa.SCCP.replaceConstants()V @ 182
Event: 20.859 Thread 0x00007fae1400a800 Uncommon trap: reason=bimorphic action=maybe_recompile pc=0x00007fae1065a468 method=com.android.dx.ssa.LiteralOpUpgrader.tryReplacingWithConstant(Lcom/android/dx/ssa/NormalSsaInsn;)Z @ 62
Event: 20.925 Thread 0x00007fae1400a800 Uncommon trap: reason=bimorphic action=maybe_recompile pc=0x00007fae1051c294 method=com.android.dx.ssa.LiteralOpUpgrader.tryReplacingWithConstant(Lcom/android/dx/ssa/NormalSsaInsn;)Z @ 62
Event: 21.407 Thread 0x00007fae1400a800 Uncommon trap: reason=unstable_if action=reinterpret pc=0x00007fae1061c400 method=com.android.dx.ssa.LiteralOpUpgrader$1.visitNonMoveInsn(Lcom/android/dx/ssa/NormalSsaInsn;)V @ 137
Event: 22.527 Thread 0x00007fae1400a800 Uncommon trap: reason=unstable_if action=reinterpret pc=0x00007fae10691c64 method=com.android.dx.cf.direct.StdAttributeFactory.parse0(Lcom/android/dx/cf/direct/DirectClassFile;ILjava/lang/String;IILcom/android/dx/cf/iface/ParseObserver;)Lcom/android/dx/cf
Event: 22.659 Thread 0x00007fae1400a800 Uncommon trap: reason=bimorphic action=maybe_recompile pc=0x00007fae106675a8 method=com.android.dx.cf.code.BytecodeArray.parseInstruction(ILcom/android/dx/cf/code/BytecodeArray$Visitor;)I @ 1035
Event: 22.659 Thread 0x00007fae1400a800 Uncommon trap: reason=bimorphic action=maybe_recompile pc=0x00007fae10667624 method=com.android.dx.cf.code.BytecodeArray.parseInstruction(ILcom/android/dx/cf/code/BytecodeArray$Visitor;)I @ 1051
Event: 22.659 Thread 0x00007fae1400a800 Uncommon trap: reason=bimorphic action=maybe_recompile pc=0x00007fae10667624 method=com.android.dx.cf.code.BytecodeArray.parseInstruction(ILcom/android/dx/cf/code/BytecodeArray$Visitor;)I @ 1051

Internal exceptions (10 events):
Event: 9.348 Thread 0x00007fae1400a800 Implicit null exception at 0x00007fae10456d51 to 0x00007fae10456f31
Event: 9.349 Thread 0x00007fae1400a800 Implicit null exception at 0x00007fae105debc8 to 0x00007fae105dedad
Event: 9.349 Thread 0x00007fae1400a800 Implicit null exception at 0x00007fae104f05bf to 0x00007fae104f1121
Event: 9.349 Thread 0x00007fae1400a800 Implicit null exception at 0x00007fae10486294 to 0x00007fae1048645d
Event: 9.350 Thread 0x00007fae1400a800 Implicit null exception at 0x00007fae1046f938 to 0x00007fae1046fa8d
Event: 11.270 Thread 0x00007fae1400a800 Threw 0x00000000f0491760 at /build/openjdk-7-HVzwJZ/openjdk-7-7u95-2.6.4/build/openjdk/hotspot/src/share/vm/prims/jvm.cpp:1322
Event: 12.862 Thread 0x00007fae1400a800 Threw 0x00000000ef12fac8 at /build/openjdk-7-HVzwJZ/openjdk-7-7u95-2.6.4/build/openjdk/hotspot/src/share/vm/prims/jvm.cpp:1322
Event: 13.635 Thread 0x00007fae1400a800 Implicit null exception at 0x00007fae10675214 to 0x00007fae10675d61
Event: 13.636 Thread 0x00007fae1400a800 Implicit null exception at 0x00007fae1052b3c4 to 0x00007fae1052b6d1
Event: 22.530 Thread 0x00007fae1400a800 Threw 0x00000000edd21e60 at /build/openjdk-7-HVzwJZ/openjdk-7-7u95-2.6.4/build/openjdk/hotspot/src/share/vm/prims/jvm.cpp:1322

Events (10 events):
Event: 22.659 Thread 0x00007fae1400a800 Uncommon trap: trap_request=0xffffffc6 fr.pc=0x00007fae106675a8
Event: 22.659 Thread 0x00007fae1400a800 DEOPT PACKING pc=0x00007fae106675a8 sp=0x00007fae1a962e50
Event: 22.659 Thread 0x00007fae1400a800 DEOPT UNPACKING pc=0x00007fae103c6445 sp=0x00007fae1a962e18 mode 2
Event: 22.659 Thread 0x00007fae1400a800 Uncommon trap: trap_request=0xffffffc6 fr.pc=0x00007fae10667624
Event: 22.659 Thread 0x00007fae1400a800 DEOPT PACKING pc=0x00007fae10667624 sp=0x00007fae1a962e50
Event: 22.659 Thread 0x00007fae1400a800 DEOPT UNPACKING pc=0x00007fae103c6445 sp=0x00007fae1a962e18 mode 2
Event: 22.659 Thread 0x00007fae1400a800 Uncommon trap: trap_request=0xffffffc6 fr.pc=0x00007fae10667624
Event: 22.659 Thread 0x00007fae1400a800 DEOPT PACKING pc=0x00007fae10667624 sp=0x00007fae1a962e50
Event: 22.659 Thread 0x00007fae1400a800 DEOPT UNPACKING pc=0x00007fae103c6445 sp=0x00007fae1a962e18 mode 2
Event: 22.745 Executing VM operation: ParallelGCFailedAllocation


Dynamic libraries:
00400000-00401000 r-xp 00000000 08:01 5508137                            /usr/lib/jvm/java-7-openjdk-amd64/jre/bin/java
00600000-00601000 r--p 00000000 08:01 5508137                            /usr/lib/jvm/java-7-openjdk-amd64/jre/bin/java
00601000-00602000 rw-p 00001000 08:01 5508137                            /usr/lib/jvm/java-7-openjdk-amd64/jre/bin/java
01093000-010b4000 rw-p 00000000 00:00 0                                  [heap]
b5a00000-b6f00000 rw-p 00000000 00:00 0 
b6f00000-c0000000 rw-p 00000000 00:00 0 
c0000000-d4c00000 rw-p 00000000 00:00 0 
dd880000-eaa80000 rw-p 00000000 00:00 0 
eaa80000-100000000 rw-p 00000000 00:00 0 
7fadd0000000-7fadd0021000 rw-p 00000000 00:00 0 
7fadd0021000-7fadd4000000 ---p 00000000 00:00 0 
7fadd8000000-7fadd980e000 rw-p 00000000 00:00 0 
7fadd980e000-7faddc000000 ---p 00000000 00:00 0 
7faddc000000-7faddc021000 rw-p 00000000 00:00 0 
7faddc021000-7fade0000000 ---p 00000000 00:00 0 
7fade0000000-7fade0021000 rw-p 00000000 00:00 0 
7fade0021000-7fade4000000 ---p 00000000 00:00 0 
7fade4000000-7fade5c7a000 rw-p 00000000 00:00 0 
7fade5c7a000-7fade8000000 ---p 00000000 00:00 0 
7fade8000000-7fade8021000 rw-p 00000000 00:00 0 
7fade8021000-7fadec000000 ---p 00000000 00:00 0 
7fadec000000-7fadec021000 rw-p 00000000 00:00 0 
7fadec021000-7fadf0000000 ---p 00000000 00:00 0 
7fadf0000000-7fadf0021000 rw-p 00000000 00:00 0 
7fadf0021000-7fadf4000000 ---p 00000000 00:00 0 
7fadf4000000-7fadf4021000 rw-p 00000000 00:00 0 
7fadf4021000-7fadf8000000 ---p 00000000 00:00 0 
7fadf8000000-7fadf8021000 rw-p 00000000 00:00 0 
7fadf8021000-7fadfc000000 ---p 00000000 00:00 0 
7fae00000000-7fae00021000 rw-p 00000000 00:00 0 
7fae00021000-7fae04000000 ---p 00000000 00:00 0 
7fae05ad5000-7fae05b12000 r-xp 00000000 08:01 790495                     /lib/x86_64-linux-gnu/libpcre.so.3.13.1
7fae05b12000-7fae05d11000 ---p 0003d000 08:01 790495                     /lib/x86_64-linux-gnu/libpcre.so.3.13.1
7fae05d11000-7fae05d12000 r--p 0003c000 08:01 790495                     /lib/x86_64-linux-gnu/libpcre.so.3.13.1
7fae05d12000-7fae05d13000 rw-p 0003d000 08:01 790495                     /lib/x86_64-linux-gnu/libpcre.so.3.13.1
7fae05d13000-7fae05d1a000 r-xp 00000000 08:01 4726848                    /usr/lib/x86_64-linux-gnu/libffi.so.6.0.1
7fae05d1a000-7fae05f19000 ---p 00007000 08:01 4726848                    /usr/lib/x86_64-linux-gnu/libffi.so.6.0.1
7fae05f19000-7fae05f1a000 r--p 00006000 08:01 4726848                    /usr/lib/x86_64-linux-gnu/libffi.so.6.0.1
7fae05f1a000-7fae05f1b000 rw-p 00007000 08:01 4726848                    /usr/lib/x86_64-linux-gnu/libffi.so.6.0.1
7fae05f1b000-7fae05f32000 r-xp 00000000 08:01 786614                     /lib/x86_64-linux-gnu/libresolv-2.19.so
7fae05f32000-7fae06132000 ---p 00017000 08:01 786614                     /lib/x86_64-linux-gnu/libresolv-2.19.so
7fae06132000-7fae06133000 r--p 00017000 08:01 786614                     /lib/x86_64-linux-gnu/libresolv-2.19.so
7fae06133000-7fae06134000 rw-p 00018000 08:01 786614                     /lib/x86_64-linux-gnu/libresolv-2.19.so
7fae06134000-7fae06136000 rw-p 00000000 00:00 0 
7fae06136000-7fae06156000 r-xp 00000000 08:01 790522                     /lib/x86_64-linux-gnu/libselinux.so.1
7fae06156000-7fae06355000 ---p 00020000 08:01 790522                     /lib/x86_64-linux-gnu/libselinux.so.1
7fae06355000-7fae06356000 r--p 0001f000 08:01 790522                     /lib/x86_64-linux-gnu/libselinux.so.1
7fae06356000-7fae06357000 rw-p 00020000 08:01 790522                     /lib/x86_64-linux-gnu/libselinux.so.1
7fae06357000-7fae06359000 rw-p 00000000 00:00 0 
7fae06359000-7fae0635c000 r-xp 00000000 08:01 4726965                    /usr/lib/x86_64-linux-gnu/libgmodule-2.0.so.0.4000.0
7fae0635c000-7fae0655b000 ---p 00003000 08:01 4726965                    /usr/lib/x86_64-linux-gnu/libgmodule-2.0.so.0.4000.0
7fae0655b000-7fae0655c000 r--p 00002000 08:01 4726965                    /usr/lib/x86_64-linux-gnu/libgmodule-2.0.so.0.4000.0
7fae0655c000-7fae0655d000 rw-p 00003000 08:01 4726965                    /usr/lib/x86_64-linux-gnu/libgmodule-2.0.so.0.4000.0
7fae0655d000-7fae06663000 r-xp 00000000 08:01 790423                     /lib/x86_64-linux-gnu/libglib-2.0.so.0.4000.0
7fae06663000-7fae06862000 ---p 00106000 08:01 790423                     /lib/x86_64-linux-gnu/libglib-2.0.so.0.4000.0
7fae06862000-7fae06863000 r--p 00105000 08:01 790423                     /lib/x86_64-linux-gnu/libglib-2.0.so.0.4000.0
7fae06863000-7fae06864000 rw-p 00106000 08:01 790423                     /lib/x86_64-linux-gnu/libglib-2.0.so.0.4000.0
7fae06864000-7fae06865000 rw-p 00000000 00:00 0 
7fae06865000-7fae068b4000 r-xp 00000000 08:01 4726981                    /usr/lib/x86_64-linux-gnu/libgobject-2.0.so.0.4000.0
7fae068b4000-7fae06ab4000 ---p 0004f000 08:01 4726981                    /usr/lib/x86_64-linux-gnu/libgobject-2.0.so.0.4000.0
7fae06ab4000-7fae06ab5000 r--p 0004f000 08:01 4726981                    /usr/lib/x86_64-linux-gnu/libgobject-2.0.so.0.4000.0
7fae06ab5000-7fae06ab6000 rw-p 00050000 08:01 4726981                    /usr/lib/x86_64-linux-gnu/libgobject-2.0.so.0.4000.0
7fae06ab6000-7fae06c21000 r-xp 00000000 08:01 4726951                    /usr/lib/x86_64-linux-gnu/libgio-2.0.so.0.4000.0
7fae06c21000-7fae06e21000 ---p 0016b000 08:01 4726951                    /usr/lib/x86_64-linux-gnu/libgio-2.0.so.0.4000.0
7fae06e21000-7fae06e25000 r--p 0016b000 08:01 4726951                    /usr/lib/x86_64-linux-gnu/libgio-2.0.so.0.4000.0
7fae06e25000-7fae06e27000 rw-p 0016f000 08:01 4726951                    /usr/lib/x86_64-linux-gnu/libgio-2.0.so.0.4000.0
7fae06e27000-7fae06e29000 rw-p 00000000 00:00 0 
7fae06e29000-7fae06e40000 r-xp 00000000 08:01 5917886                    /usr/lib/jvm/java-7-openjdk-amd64/jre/lib/amd64/libnet.so
7fae06e40000-7fae0703f000 ---p 00017000 08:01 5917886                    /usr/lib/jvm/java-7-openjdk-amd64/jre/lib/amd64/libnet.so
7fae0703f000-7fae07040000 r--p 00016000 08:01 5917886                    /usr/lib/jvm/java-7-openjdk-amd64/jre/lib/amd64/libnet.so
7fae07040000-7fae07041000 rw-p 00017000 08:01 5917886                    /usr/lib/jvm/java-7-openjdk-amd64/jre/lib/amd64/libnet.so
7fae07041000-7fae07051000 r-xp 00000000 08:01 5917910                    /usr/lib/jvm/java-7-openjdk-amd64/jre/lib/amd64/libnio.so
7fae07051000-7fae07251000 ---p 00010000 08:01 5917910                    /usr/lib/jvm/java-7-openjdk-amd64/jre/lib/amd64/libnio.so
7fae07251000-7fae07252000 r--p 00010000 08:01 5917910                    /usr/lib/jvm/java-7-openjdk-amd64/jre/lib/amd64/libnio.so
7fae07252000-7fae07253000 rw-p 00011000 08:01 5917910                    /usr/lib/jvm/java-7-openjdk-amd64/jre/lib/amd64/libnio.so
7fae07253000-7fae072d7000 r--s 006fd000 08:01 14445569                   /home/raihan/OpenSrpWorkSpace/opensrp-crvs/opensrp-client/opensrp-crvs/build/intermediates/multi-dex/debug/allclasses.jar
7fae072d7000-7fae072d8000 ---p 00000000 00:00 0 
7fae072d8000-7fae073d8000 rw-p 00000000 00:00 0                          [stack:24624]
7fae073d8000-7fae073db000 ---p 00000000 00:00 0 
7fae073db000-7fae074d9000 rw-p 00000000 00:00 0                          [stack:24623]
7fae074d9000-7fae074dc000 ---p 00000000 00:00 0 
7fae074dc000-7fae075da000 rw-p 00000000 00:00 0                          [stack:24622]
7fae075da000-7fae075dd000 ---p 00000000 00:00 0 
7fae075dd000-7fae076db000 rw-p 00000000 00:00 0                          [stack:24621]
7fae076db000-7fae076de000 ---p 00000000 00:00 0 
7fae076de000-7fae077dc000 rw-p 00000000 00:00 0                          [stack:24620]
7fae077dc000-7fae07eff000 r--p 00000000 08:01 4725570                    /usr/lib/locale/locale-archive
7fae07eff000-7fae07f02000 ---p 00000000 00:00 0 
7fae07f02000-7fae08000000 rw-p 00000000 00:00 0                          [stack:24619]
7fae08000000-7fae08021000 rw-p 00000000 00:00 0 
7fae08021000-7fae0c000000 ---p 00000000 00:00 0 
7fae0c00d000-7fae0c03e000 rw-p 00000000 00:00 0 
7fae0c057000-7fae0c05a000 ---p 00000000 00:00 0 
7fae0c05a000-7fae0c158000 rw-p 00000000 00:00 0                          [stack:24618]
7fae0c158000-7fae0c159000 ---p 00000000 00:00 0 
7fae0c159000-7fae0d235000 rw-p 00000000 00:00 0                          [stack:24617]
7fae0d235000-7fae0d3e6000 r--s 01d30000 08:01 5508152                    /usr/lib/jvm/java-7-openjdk-amd64/jre/lib/rt.jar
7fae0d3e6000-7fae0fbdf000 rw-p 00000000 00:00 0 
7fae0fbdf000-7fae0fbe0000 ---p 00000000 00:00 0 
7fae0fbe0000-7fae0fce0000 rw-p 00000000 00:00 0                          [stack:24616]
7fae0fce0000-7fae0fce1000 ---p 00000000 00:00 0 
7fae0fce1000-7fae0fde1000 rw-p 00000000 00:00 0                          [stack:24615]
7fae0fde1000-7fae0fde2000 ---p 00000000 00:00 0 
7fae0fde2000-7fae0fee2000 rw-p 00000000 00:00 0                          [stack:24614]
7fae0fee2000-7fae0fee3000 ---p 00000000 00:00 0 
7fae0fee3000-7fae10089000 rw-p 00000000 00:00 0                          [stack:24613]
7fae10089000-7fae10139000 rw-p 00000000 00:00 0 
7fae10139000-7fae10144000 rw-p 00000000 00:00 0 
7fae10144000-7fae1018c000 rw-p 00000000 00:00 0 
7fae1018c000-7fae10232000 rw-p 00000000 00:00 0 
7fae10232000-7fae102e1000 rw-p 00000000 00:00 0 
7fae102e1000-7fae1038c000 rw-p 00000000 00:00 0 
7fae1038c000-7fae1038d000 rw-p 00000000 00:00 0 
7fae1038d000-7fae1079d000 rwxp 00000000 00:00 0 
7fae1079d000-7fae1338d000 rw-p 00000000 00:00 0 
7fae1338d000-7fae13395000 r-xp 00000000 08:01 5917892                    /usr/lib/jvm/java-7-openjdk-amd64/jre/lib/amd64/libzip.so
7fae13395000-7fae13594000 ---p 00008000 08:01 5917892                    /usr/lib/jvm/java-7-openjdk-amd64/jre/lib/amd64/libzip.so
7fae13594000-7fae13595000 r--p 00007000 08:01 5917892                    /usr/lib/jvm/java-7-openjdk-amd64/jre/lib/amd64/libzip.so
7fae13595000-7fae13596000 rw-p 00008000 08:01 5917892                    /usr/lib/jvm/java-7-openjdk-amd64/jre/lib/amd64/libzip.so
7fae13596000-7fae135a1000 r-xp 00000000 08:01 786646                     /lib/x86_64-linux-gnu/libnss_files-2.19.so
7fae135a1000-7fae137a0000 ---p 0000b000 08:01 786646                     /lib/x86_64-linux-gnu/libnss_files-2.19.so
7fae137a0000-7fae137a1000 r--p 0000a000 08:01 786646                     /lib/x86_64-linux-gnu/libnss_files-2.19.so
7fae137a1000-7fae137a2000 rw-p 0000b000 08:01 786646                     /lib/x86_64-linux-gnu/libnss_files-2.19.so
7fae137a2000-7fae137ad000 r-xp 00000000 08:01 786638                     /lib/x86_64-linux-gnu/libnss_nis-2.19.so
7fae137ad000-7fae139ac000 ---p 0000b000 08:01 786638                     /lib/x86_64-linux-gnu/libnss_nis-2.19.so
7fae139ac000-7fae139ad000 r--p 0000a000 08:01 786638                     /lib/x86_64-linux-gnu/libnss_nis-2.19.so
7fae139ad000-7fae139ae000 rw-p 0000b000 08:01 786638                     /lib/x86_64-linux-gnu/libnss_nis-2.19.so
7fae139ae000-7fae139c5000 r-xp 00000000 08:01 786634                     /lib/x86_64-linux-gnu/libnsl-2.19.so
7fae139c5000-7fae13bc4000 ---p 00017000 08:01 786634                     /lib/x86_64-linux-gnu/libnsl-2.19.so
7fae13bc4000-7fae13bc5000 r--p 00016000 08:01 786634                     /lib/x86_64-linux-gnu/libnsl-2.19.so
7fae13bc5000-7fae13bc6000 rw-p 00017000 08:01 786634                     /lib/x86_64-linux-gnu/libnsl-2.19.so
7fae13bc6000-7fae13bc8000 rw-p 00000000 00:00 0 
7fae13bc8000-7fae13bd1000 r-xp 00000000 08:01 786633                     /lib/x86_64-linux-gnu/libnss_compat-2.19.so
7fae13bd1000-7fae13dd0000 ---p 00009000 08:01 786633                     /lib/x86_64-linux-gnu/libnss_compat-2.19.so
7fae13dd0000-7fae13dd1000 r--p 00008000 08:01 786633                     /lib/x86_64-linux-gnu/libnss_compat-2.19.so
7fae13dd1000-7fae13dd2000 rw-p 00009000 08:01 786633                     /lib/x86_64-linux-gnu/libnss_compat-2.19.so
7fae13dd2000-7fae13dfd000 r-xp 00000000 08:01 5917877                    /usr/lib/jvm/java-7-openjdk-amd64/jre/lib/amd64/libjava.so
7fae13dfd000-7fae13ffd000 ---p 0002b000 08:01 5917877                    /usr/lib/jvm/java-7-openjdk-amd64/jre/lib/amd64/libjava.so
7fae13ffd000-7fae13ffe000 r--p 0002b000 08:01 5917877                    /usr/lib/jvm/java-7-openjdk-amd64/jre/lib/amd64/libjava.so
7fae13ffe000-7fae14000000 rw-p 0002c000 08:01 5917877                    /usr/lib/jvm/java-7-openjdk-amd64/jre/lib/amd64/libjava.so
7fae14000000-7fae14309000 rw-p 00000000 00:00 0 
7fae14309000-7fae18000000 ---p 00000000 00:00 0 
7fae18003000-7fae18012000 r--s 000dd000 08:01 6177003                    /home/raihan/android-sdk-linux/build-tools/21.1.2/lib/dx.jar
7fae18012000-7fae18015000 r--s 0000f000 08:01 5917931                    /usr/lib/jvm/java-7-openjdk-amd64/jre/lib/ext/icedtea-sound.jar
7fae18015000-7fae180c4000 rw-p 00000000 00:00 0 
7fae180c4000-7fae1810c000 rw-p 00000000 00:00 0 
7fae1810c000-7fae1811c000 r-xp 00000000 08:01 5917878                    /usr/lib/jvm/java-7-openjdk-amd64/jre/lib/amd64/libverify.so
7fae1811c000-7fae1831b000 ---p 00010000 08:01 5917878                    /usr/lib/jvm/java-7-openjdk-amd64/jre/lib/amd64/libverify.so
7fae1831b000-7fae1831d000 r--p 0000f000 08:01 5917878                    /usr/lib/jvm/java-7-openjdk-amd64/jre/lib/amd64/libverify.so
7fae1831d000-7fae1831e000 rw-p 00011000 08:01 5917878                    /usr/lib/jvm/java-7-openjdk-amd64/jre/lib/amd64/libverify.so
7fae1831e000-7fae18325000 r-xp 00000000 08:01 786642                     /lib/x86_64-linux-gnu/librt-2.19.so
7fae18325000-7fae18524000 ---p 00007000 08:01 786642                     /lib/x86_64-linux-gnu/librt-2.19.so
7fae18524000-7fae18525000 r--p 00006000 08:01 786642                     /lib/x86_64-linux-gnu/librt-2.19.so
7fae18525000-7fae18526000 rw-p 00007000 08:01 786642                     /lib/x86_64-linux-gnu/librt-2.19.so
7fae18526000-7fae1853c000 r-xp 00000000 08:01 786612                     /lib/x86_64-linux-gnu/libgcc_s.so.1
7fae1853c000-7fae1873b000 ---p 00016000 08:01 786612                     /lib/x86_64-linux-gnu/libgcc_s.so.1
7fae1873b000-7fae1873c000 rw-p 00015000 08:01 786612                     /lib/x86_64-linux-gnu/libgcc_s.so.1
7fae1873c000-7fae18841000 r-xp 00000000 08:01 786618                     /lib/x86_64-linux-gnu/libm-2.19.so
7fae18841000-7fae18a40000 ---p 00105000 08:01 786618                     /lib/x86_64-linux-gnu/libm-2.19.so
7fae18a40000-7fae18a41000 r--p 00104000 08:01 786618                     /lib/x86_64-linux-gnu/libm-2.19.so
7fae18a41000-7fae18a42000 rw-p 00105000 08:01 786618                     /lib/x86_64-linux-gnu/libm-2.19.so
7fae18a42000-7fae18b28000 r-xp 00000000 08:01 4719935                    /usr/lib/x86_64-linux-gnu/libstdc++.so.6.0.19
7fae18b28000-7fae18d27000 ---p 000e6000 08:01 4719935                    /usr/lib/x86_64-linux-gnu/libstdc++.so.6.0.19
7fae18d27000-7fae18d2f000 r--p 000e5000 08:01 4719935                    /usr/lib/x86_64-linux-gnu/libstdc++.so.6.0.19
7fae18d2f000-7fae18d31000 rw-p 000ed000 08:01 4719935                    /usr/lib/x86_64-linux-gnu/libstdc++.so.6.0.19
7fae18d31000-7fae18d46000 rw-p 00000000 00:00 0 
7fae18d46000-7fae1986a000 r-xp 00000000 08:01 5917890                    /usr/lib/jvm/java-7-openjdk-amd64/jre/lib/amd64/server/libjvm.so
7fae1986a000-7fae19a6a000 ---p 00b24000 08:01 5917890                    /usr/lib/jvm/java-7-openjdk-amd64/jre/lib/amd64/server/libjvm.so
7fae19a6a000-7fae19b04000 r--p 00b24000 08:01 5917890                    /usr/lib/jvm/java-7-openjdk-amd64/jre/lib/amd64/server/libjvm.so
7fae19b04000-7fae19b27000 rw-p 00bbe000 08:01 5917890                    /usr/lib/jvm/java-7-openjdk-amd64/jre/lib/amd64/server/libjvm.so
7fae19b27000-7fae19b55000 rw-p 00000000 00:00 0 
7fae19b55000-7fae19b6d000 r-xp 00000000 08:01 790555                     /lib/x86_64-linux-gnu/libz.so.1.2.8
7fae19b6d000-7fae19d6c000 ---p 00018000 08:01 790555                     /lib/x86_64-linux-gnu/libz.so.1.2.8
7fae19d6c000-7fae19d6d000 r--p 00017000 08:01 790555                     /lib/x86_64-linux-gnu/libz.so.1.2.8
7fae19d6d000-7fae19d6e000 rw-p 00018000 08:01 790555                     /lib/x86_64-linux-gnu/libz.so.1.2.8
7fae19d6e000-7fae19d87000 r-xp 00000000 08:01 786635                     /lib/x86_64-linux-gnu/libpthread-2.19.so
7fae19d87000-7fae19f86000 ---p 00019000 08:01 786635                     /lib/x86_64-linux-gnu/libpthread-2.19.so
7fae19f86000-7fae19f87000 r--p 00018000 08:01 786635                     /lib/x86_64-linux-gnu/libpthread-2.19.so
7fae19f87000-7fae19f88000 rw-p 00019000 08:01 786635                     /lib/x86_64-linux-gnu/libpthread-2.19.so
7fae19f88000-7fae19f8c000 rw-p 00000000 00:00 0 
7fae19f8c000-7fae19f8f000 r-xp 00000000 08:01 786630                     /lib/x86_64-linux-gnu/libdl-2.19.so
7fae19f8f000-7fae1a18e000 ---p 00003000 08:01 786630                     /lib/x86_64-linux-gnu/libdl-2.19.so
7fae1a18e000-7fae1a18f000 r--p 00002000 08:01 786630                     /lib/x86_64-linux-gnu/libdl-2.19.so
7fae1a18f000-7fae1a190000 rw-p 00003000 08:01 786630                     /lib/x86_64-linux-gnu/libdl-2.19.so
7fae1a190000-7fae1a34b000 r-xp 00000000 08:01 786643                     /lib/x86_64-linux-gnu/libc-2.19.so
7fae1a34b000-7fae1a54a000 ---p 001bb000 08:01 786643                     /lib/x86_64-linux-gnu/libc-2.19.so
7fae1a54a000-7fae1a54e000 r--p 001ba000 08:01 786643                     /lib/x86_64-linux-gnu/libc-2.19.so
7fae1a54e000-7fae1a550000 rw-p 001be000 08:01 786643                     /lib/x86_64-linux-gnu/libc-2.19.so
7fae1a550000-7fae1a555000 rw-p 00000000 00:00 0 
7fae1a555000-7fae1a562000 r-xp 00000000 08:01 5917907                    /usr/lib/jvm/java-7-openjdk-amd64/jre/lib/amd64/jli/libjli.so
7fae1a562000-7fae1a761000 ---p 0000d000 08:01 5917907                    /usr/lib/jvm/java-7-openjdk-amd64/jre/lib/amd64/jli/libjli.so
7fae1a761000-7fae1a762000 r--p 0000c000 08:01 5917907                    /usr/lib/jvm/java-7-openjdk-amd64/jre/lib/amd64/jli/libjli.so
7fae1a762000-7fae1a763000 rw-p 0000d000 08:01 5917907                    /usr/lib/jvm/java-7-openjdk-amd64/jre/lib/amd64/jli/libjli.so
7fae1a763000-7fae1a786000 r-xp 00000000 08:01 786636                     /lib/x86_64-linux-gnu/ld-2.19.so
7fae1a788000-7fae1a78c000 r--s 00034000 08:01 5917930                    /usr/lib/jvm/java-7-openjdk-amd64/jre/lib/ext/sunjce_provider.jar
7fae1a78c000-7fae1a7b5000 rw-p 00000000 00:00 0 
7fae1a7b5000-7fae1a864000 rw-p 00000000 00:00 0 
7fae1a864000-7fae1a867000 ---p 00000000 00:00 0 
7fae1a867000-7fae1a96a000 rw-p 00000000 00:00 0                          [stack:24612]
7fae1a96b000-7fae1a96c000 rw-p 00000000 00:00 0 
7fae1a96c000-7fae1a96e000 r--s 00012000 08:01 5917929                    /usr/lib/jvm/java-7-openjdk-amd64/jre/lib/ext/zipfs.jar
7fae1a96e000-7fae1a970000 r--s 00006000 08:01 5118243                    /usr/share/java/java-atk-wrapper.jar
7fae1a970000-7fae1a974000 r--s 0003c000 08:01 5917933                    /usr/lib/jvm/java-7-openjdk-amd64/jre/lib/ext/sunpkcs11.jar
7fae1a974000-7fae1a978000 r--s 00085000 08:01 5917932                    /usr/lib/jvm/java-7-openjdk-amd64/jre/lib/ext/localedata.jar
7fae1a978000-7fae1a979000 r--s 00002000 08:01 5917928                    /usr/lib/jvm/java-7-openjdk-amd64/jre/lib/ext/dnsns.jar
7fae1a979000-7fae1a981000 rw-s 00000000 08:01 1846119                    /tmp/hsperfdata_raihan/24607
7fae1a981000-7fae1a982000 rw-p 00000000 00:00 0 
7fae1a982000-7fae1a983000 ---p 00000000 00:00 0 
7fae1a983000-7fae1a985000 rw-p 00000000 00:00 0 
7fae1a985000-7fae1a986000 r--p 00022000 08:01 786636                     /lib/x86_64-linux-gnu/ld-2.19.so
7fae1a986000-7fae1a987000 rw-p 00023000 08:01 786636                     /lib/x86_64-linux-gnu/ld-2.19.so
7fae1a987000-7fae1a988000 rw-p 00000000 00:00 0 
7fff2c6c7000-7fff2c6e8000 rw-p 00000000 00:00 0                          [stack]
7fff2c7fe000-7fff2c800000 r-xp 00000000 00:00 0                          [vdso]
ffffffffff600000-ffffffffff601000 r-xp 00000000 00:00 0                  [vsyscall]

VM Arguments:
jvm_args: -Xmx1024M -Dfile.encoding=UTF-8 -Duser.country=US -Duser.language=en -Duser.variant 
java_command: com.android.dx.command.Main --dex --multi-dex --main-dex-list /home/raihan/OpenSrpWorkSpace/opensrp-crvs/opensrp-client/opensrp-crvs/build/intermediates/multi-dex/debug/maindexlist.txt --output /home/raihan/OpenSrpWorkSpace/opensrp-crvs/opensrp-client/opensrp-crvs/build/intermediates/dex/debug /home/raihan/OpenSrpWorkSpace/opensrp-crvs/opensrp-client/opensrp-crvs/build/intermediates/multi-dex/debug/allclasses.jar
Launcher Type: SUN_STANDARD

Environment Variables:
PATH=/usr/local/sbin:/usr/local/bin:/usr/sbin:/usr/bin:/sbin:/bin:/usr/games:/usr/local/games
SHELL=/bin/bash
DISPLAY=:0

Signal Handlers:
SIGSEGV: [libjvm.so+0x9548f0], sa_mask[0]=0x7ffbfeff, sa_flags=0x10000004
SIGBUS: [libjvm.so+0x9548f0], sa_mask[0]=0x7ffbfeff, sa_flags=0x10000004
SIGFPE: [libjvm.so+0x7cb0b0], sa_mask[0]=0x7ffbfeff, sa_flags=0x10000004
SIGPIPE: [libjvm.so+0x7cb0b0], sa_mask[0]=0x7ffbfeff, sa_flags=0x10000004
SIGXFSZ: [libjvm.so+0x7cb0b0], sa_mask[0]=0x7ffbfeff, sa_flags=0x10000004
SIGILL: [libjvm.so+0x7cb0b0], sa_mask[0]=0x7ffbfeff, sa_flags=0x10000004
SIGUSR1: SIG_DFL, sa_mask[0]=0x00000000, sa_flags=0x00000000
SIGUSR2: [libjvm.so+0x7caf50], sa_mask[0]=0x00000004, sa_flags=0x10000004
SIGHUP: [libjvm.so+0x7cb130], sa_mask[0]=0x7ffbfeff, sa_flags=0x10000004
SIGINT: [libjvm.so+0x7cb130], sa_mask[0]=0x7ffbfeff, sa_flags=0x10000004
SIGTERM: [libjvm.so+0x7cb130], sa_mask[0]=0x7ffbfeff, sa_flags=0x10000004
SIGQUIT: [libjvm.so+0x7cb130], sa_mask[0]=0x7ffbfeff, sa_flags=0x10000004
SIGTRAP: SIG_DFL, sa_mask[0]=0x00000000, sa_flags=0x00000000


---------------  S Y S T E M  ---------------

OS:Ubuntu 14.04 (trusty)
uname:Linux 3.13.0-24-generic #46-Ubuntu SMP Thu Apr 10 19:11:08 UTC 2014 x86_64
libc:glibc 2.19 NPTL 2.19 
rlimit: STACK 8192k, CORE 0k, NPROC 30570, NOFILE 4096, AS infinity
load average:3.20 1.97 1.11

/proc/meminfo:
MemTotal:        3934516 kB
MemFree:           87952 kB
Buffers:             972 kB
Cached:           517372 kB
SwapCached:        50848 kB
Active:          1867432 kB
Inactive:         914068 kB
Active(anon):    1854472 kB
Inactive(anon):   897252 kB
Active(file):      12960 kB
Inactive(file):    16816 kB
Unevictable:         104 kB
Mlocked:             104 kB
SwapTotal:       4080636 kB
SwapFree:              0 kB
Dirty:                28 kB
Writeback:            52 kB
AnonPages:       2213372 kB
Mapped:           787980 kB
Shmem:            487948 kB
Slab:              93704 kB
SReclaimable:      36392 kB
SUnreclaim:        57312 kB
KernelStack:        7856 kB
PageTables:        94040 kB
NFS_Unstable:          0 kB
Bounce:                0 kB
WritebackTmp:          0 kB
CommitLimit:     6047892 kB
Committed_AS:   24120348 kB
VmallocTotal:   34359738367 kB
VmallocUsed:      553472 kB
VmallocChunk:   34359177688 kB
HardwareCorrupted:     0 kB
AnonHugePages:    344064 kB
HugePages_Total:       0
HugePages_Free:        0
HugePages_Rsvd:        0
HugePages_Surp:        0
Hugepagesize:       2048 kB
DirectMap4k:       99840 kB
DirectMap2M:     2934784 kB
DirectMap1G:     1048576 kB


CPU:total 4 (2 cores per cpu, 2 threads per core) family 6 model 61 stepping 4, cmov, cx8, fxsr, mmx, sse, sse2, sse3, ssse3, sse4.1, sse4.2, popcnt, avx, avx2, aes, erms, ht, tsc, tscinvbit

/proc/cpuinfo:
processor	: 0
vendor_id	: GenuineIntel
cpu family	: 6
model		: 61
model name	: Intel(R) Core(TM) i5-5200U CPU @ 2.20GHz
stepping	: 4
microcode	: 0x1f
cpu MHz		: 1600.000
cache size	: 3072 KB
physical id	: 0
siblings	: 4
core id		: 0
cpu cores	: 2
apicid		: 0
initial apicid	: 0
fpu		: yes
fpu_exception	: yes
cpuid level	: 20
wp		: yes
flags		: fpu vme de pse tsc msr pae mce cx8 apic sep mtrr pge mca cmov pat pse36 clflush dts acpi mmx fxsr sse sse2 ss ht tm pbe syscall nx pdpe1gb rdtscp lm constant_tsc arch_perfmon pebs bts rep_good nopl xtopology nonstop_tsc aperfmperf eagerfpu pni pclmulqdq dtes64 monitor ds_cpl vmx est tm2 ssse3 fma cx16 xtpr pdcm pcid sse4_1 sse4_2 x2apic movbe popcnt tsc_deadline_timer aes xsave avx f16c rdrand lahf_lm abm 3dnowprefetch ida arat epb xsaveopt pln pts dtherm tpr_shadow vnmi flexpriority ept vpid fsgsbase tsc_adjust bmi1 avx2 smep bmi2 erms invpcid rdseed adx smap
bogomips	: 4389.75
clflush size	: 64
cache_alignment	: 64
address sizes	: 39 bits physical, 48 bits virtual
power management:

processor	: 1
vendor_id	: GenuineIntel
cpu family	: 6
model		: 61
model name	: Intel(R) Core(TM) i5-5200U CPU @ 2.20GHz
stepping	: 4
microcode	: 0x1f
cpu MHz		: 900.000
cache size	: 3072 KB
physical id	: 0
siblings	: 4
core id		: 0
cpu cores	: 2
apicid		: 1
initial apicid	: 1
fpu		: yes
fpu_exception	: yes
cpuid level	: 20
wp		: yes
flags		: fpu vme de pse tsc msr pae mce cx8 apic sep mtrr pge mca cmov pat pse36 clflush dts acpi mmx fxsr sse sse2 ss ht tm pbe syscall nx pdpe1gb rdtscp lm constant_tsc arch_perfmon pebs bts rep_good nopl xtopology nonstop_tsc aperfmperf eagerfpu pni pclmulqdq dtes64 monitor ds_cpl vmx est tm2 ssse3 fma cx16 xtpr pdcm pcid sse4_1 sse4_2 x2apic movbe popcnt tsc_deadline_timer aes xsave avx f16c rdrand lahf_lm abm 3dnowprefetch ida arat epb xsaveopt pln pts dtherm tpr_shadow vnmi flexpriority ept vpid fsgsbase tsc_adjust bmi1 avx2 smep bmi2 erms invpcid rdseed adx smap
bogomips	: 4389.75
clflush size	: 64
cache_alignment	: 64
address sizes	: 39 bits physical, 48 bits virtual
power management:

processor	: 2
vendor_id	: GenuineIntel
cpu family	: 6
model		: 61
model name	: Intel(R) Core(TM) i5-5200U CPU @ 2.20GHz
stepping	: 4
microcode	: 0x1f
cpu MHz		: 2201.000
cache size	: 3072 KB
physical id	: 0
siblings	: 4
core id		: 1
cpu cores	: 2
apicid		: 2
initial apicid	: 2
fpu		: yes
fpu_exception	: yes
cpuid level	: 20
wp		: yes
flags		: fpu vme de pse tsc msr pae mce cx8 apic sep mtrr pge mca cmov pat pse36 clflush dts acpi mmx fxsr sse sse2 ss ht tm pbe syscall nx pdpe1gb rdtscp lm constant_tsc arch_perfmon pebs bts rep_good nopl xtopology nonstop_tsc aperfmperf eagerfpu pni pclmulqdq dtes64 monitor ds_cpl vmx est tm2 ssse3 fma cx16 xtpr pdcm pcid sse4_1 sse4_2 x2apic movbe popcnt tsc_deadline_timer aes xsave avx f16c rdrand lahf_lm abm 3dnowprefetch ida arat epb xsaveopt pln pts dtherm tpr_shadow vnmi flexpriority ept vpid fsgsbase tsc_adjust bmi1 avx2 smep bmi2 erms invpcid rdseed adx smap
bogomips	: 4389.75
clflush size	: 64
cache_alignment	: 64
address sizes	: 39 bits physical, 48 bits virtual
power management:

processor	: 3
vendor_id	: GenuineIntel
cpu family	: 6
model		: 61
model name	: Intel(R) Core(TM) i5-5200U CPU @ 2.20GHz
stepping	: 4
microcode	: 0x1f
cpu MHz		: 2201.000
cache size	: 3072 KB
physical id	: 0
siblings	: 4
core id		: 1
cpu cores	: 2
apicid		: 3
initial apicid	: 3
fpu		: yes
fpu_exception	: yes
cpuid level	: 20
wp		: yes
flags		: fpu vme de pse tsc msr pae mce cx8 apic sep mtrr pge mca cmov pat pse36 clflush dts acpi mmx fxsr sse sse2 ss ht tm pbe syscall nx pdpe1gb rdtscp lm constant_tsc arch_perfmon pebs bts rep_good nopl xtopology nonstop_tsc aperfmperf eagerfpu pni pclmulqdq dtes64 monitor ds_cpl vmx est tm2 ssse3 fma cx16 xtpr pdcm pcid sse4_1 sse4_2 x2apic movbe popcnt tsc_deadline_timer aes xsave avx f16c rdrand lahf_lm abm 3dnowprefetch ida arat epb xsaveopt pln pts dtherm tpr_shadow vnmi flexpriority ept vpid fsgsbase tsc_adjust bmi1 avx2 smep bmi2 erms invpcid rdseed adx smap
bogomips	: 4389.75
clflush size	: 64
cache_alignment	: 64
address sizes	: 39 bits physical, 48 bits virtual
power management:



Memory: 4k page, physical 3934516k(87616k free), swap 4080636k(0k free)

vm_info: OpenJDK 64-Bit Server VM (24.95-b01) for linux-amd64 JRE (1.7.0_95-b00), built on Mar 24 2016 06:13:32 by "buildd" with gcc 4.8.2

time: Tue Aug  2 19:27:43 2016
elapsed time: 25 seconds

