#
# There is insufficient memory for the Java Runtime Environment to continue.
# Native memory allocation (malloc) failed to allocate 129499136 bytes for committing reserved memory.
# Possible reasons:
#   The system is out of physical RAM or swap space
#   In 32 bit mode, the process size limit was hit
# Possible solutions:
#   Reduce memory load on the system
#   Increase physical memory or swap space
#   Check if swap backing store is full
#   Use 64 bit Java on a 64 bit OS
#   Decrease Java heap size (-Xmx/-Xms)
#   Decrease number of Java threads
#   Decrease Java thread stack sizes (-Xss)
#   Set larger code cache with -XX:ReservedCodeCacheSize=
# This output file may be truncated or incomplete.
#
#  Out of Memory Error (os_linux.cpp:2827), pid=996, tid=139661401794304
#
# JRE version: OpenJDK Runtime Environment (7.0_95) (build 1.7.0_95-b00)
# Java VM: OpenJDK 64-Bit Server VM (24.95-b01 mixed mode linux-amd64 compressed oops)
# Derivative: IcedTea 2.6.4
# Distribution: Ubuntu 14.04 LTS, package 7u95-2.6.4-0ubuntu0.14.04.2
# Failed to write core dump. Core dumps have been disabled. To enable core dumping, try "ulimit -c unlimited" before starting Java again
#

---------------  T H R E A D  ---------------

Current thread (0x00007f057c076000):  VMThread [stack: 0x00007f05742e2000,0x00007f05743e3000] [id=1005]

Stack: [0x00007f05742e2000,0x00007f05743e3000],  sp=0x00007f05743e1490,  free space=1021k
Native frames: (J=compiled Java code, j=interpreted, Vv=VM code, C=native code)
V  [libjvm.so+0x953e15]
V  [libjvm.so+0x48fd94]
V  [libjvm.so+0x7cf87b]
V  [libjvm.so+0x7ca33f]
V  [libjvm.so+0x83dacb]
V  [libjvm.so+0x82d86b]
V  [libjvm.so+0x82da2b]
V  [libjvm.so+0x82e958]
V  [libjvm.so+0x8355b4]
V  [libjvm.so+0x83bc0d]
V  [libjvm.so+0x7f2083]
V  [libjvm.so+0x955814]
V  [libjvm.so+0x959917]
V  [libjvm.so+0x9583d8]
V  [libjvm.so+0x958839]
V  [libjvm.so+0x958c82]
V  [libjvm.so+0x7cc742]

VM_Operation (0x00007f0582ae3e00): ParallelGCFailedAllocation, mode: safepoint, requested by thread 0x00007f057c00a800


---------------  P R O C E S S  ---------------

Java Threads: ( => current thread )
  0x00007f057c0af800 JavaThread "Service Thread" daemon [_thread_blocked, id=1011, stack(0x00007f056f4d9000,0x00007f056f5da000)]
  0x00007f057c0ad000 JavaThread "C2 CompilerThread1" daemon [_thread_blocked, id=1010, stack(0x00007f056f5da000,0x00007f056f6db000)]
  0x00007f057c0aa000 JavaThread "C2 CompilerThread0" daemon [_thread_blocked, id=1009, stack(0x00007f056f6db000,0x00007f056f7dc000)]
  0x00007f057c0a8000 JavaThread "Signal Dispatcher" daemon [_thread_blocked, id=1008, stack(0x00007f056f7dc000,0x00007f056f8dd000)]
  0x00007f057c07c000 JavaThread "Finalizer" daemon [_thread_blocked, id=1007, stack(0x00007f05740e0000,0x00007f05741e1000)]
  0x00007f057c07a000 JavaThread "Reference Handler" daemon [_thread_blocked, id=1006, stack(0x00007f05741e1000,0x00007f05742e2000)]
  0x00007f057c00a800 JavaThread "main" [_thread_blocked, id=1000, stack(0x00007f05829e5000,0x00007f0582ae6000)]

Other Threads:
=>0x00007f057c076000 VMThread [stack: 0x00007f05742e2000,0x00007f05743e3000] [id=1005]
  0x00007f057c0ba000 WatcherThread [stack: 0x00007f056f3d8000,0x00007f056f4d9000] [id=1012]

VM state:at safepoint (normal execution)

VM Mutex/Monitor currently owned by a thread:  ([mutex/lock_event])
[0x00007f057c0062c0] ExpandHeap_lock - owner thread: 0x00007f057c076000
[0x00007f057c006940] Threads_lock - owner thread: 0x00007f057c076000
[0x00007f057c006e40] Heap_lock - owner thread: 0x00007f057c00a800

Heap
 PSYoungGen      total 248320K, used 48210K [0x00000000eaa80000, 0x0000000100000000, 0x0000000100000000)
  eden space 181760K, 0% used [0x00000000eaa80000,0x00000000eaa80000,0x00000000f5c00000)
  from space 66560K, 72% used [0x00000000fbf00000,0x00000000fee14908,0x0000000100000000)
  to   space 83968K, 0% used [0x00000000f5c00000,0x00000000f5c00000,0x00000000fae00000)
 ParOldGen       total 228864K, used 228551K [0x00000000c0000000, 0x00000000cdf80000, 0x00000000eaa80000)
  object space 228864K, 99% used [0x00000000c0000000,0x00000000cdf31e88,0x00000000cdf80000)
 PSPermGen       total 21504K, used 6156K [0x00000000b5a00000, 0x00000000b6f00000, 0x00000000c0000000)
  object space 21504K, 28% used [0x00000000b5a00000,0x00000000b60031d0,0x00000000b6f00000)

Card table byte_map: [0x00007f0578367000,0x00007f05785bb000] byte_map_base: 0x00007f0577dba000

Polling page: 0x00007f0582b03000

Code Cache  [0x00007f05785bb000, 0x00007f05789bb000, 0x00007f057b5bb000)
 total_blobs=1258 nmethods=1030 adapters=181 free_code_cache=45401Kb largest_free_block=46200832

Compilation events (10 events):
Event: 16.021 Thread 0x00007f057c0ad000 1098             com.android.dx.rop.code.Rops::pickBinaryOp (158 bytes)
Event: 16.024 Thread 0x00007f057c0ad000 nmethod 1098 0x00007f0578662190 code [0x00007f0578662300, 0x00007f0578662578]
Event: 16.142 Thread 0x00007f057c0ad000 1099             com.android.dx.cf.code.BaseMachine::getAuxInt (5 bytes)
Event: 16.143 Thread 0x00007f057c0ad000 nmethod 1099 0x00007f0578865d90 code [0x00007f0578865ec0, 0x00007f0578865f18]
Event: 16.172 Thread 0x00007f057c0ad000 1100             sun.util.calendar.CalendarDate::isNormalized (5 bytes)
Event: 16.173 Thread 0x00007f057c0ad000 nmethod 1100 0x00007f0578686bd0 code [0x00007f0578686d00, 0x00007f0578686d58]
Event: 16.325 Thread 0x00007f057c0aa000 nmethod 1097 0x00007f05788e4b50 code [0x00007f05788e6360, 0x00007f05788ecf08]
Event: 16.349 Thread 0x00007f057c0ad000 1101             com.android.dx.ssa.back.FirstFitLocalCombiningAllocator::rangeContainsReserved (30 bytes)
Event: 16.354 Thread 0x00007f057c0ad000 nmethod 1101 0x00007f057865e110 code [0x00007f057865e260, 0x00007f057865e418]
Event: 16.397 Thread 0x00007f057c0aa000 1102 % !         com.android.dx.dex.cf.CfTranslator::processMethods @ 24 (583 bytes)

GC Heap History (10 events):
Event: 13.018 GC heap after
Heap after GC invocations=17 (full 3):
 PSYoungGen      total 255488K, used 40366K [0x00000000eaa80000, 0x00000000fdc00000, 0x0000000100000000)
  eden space 208896K, 0% used [0x00000000eaa80000,0x00000000eaa80000,0x00000000f7680000)
  from space 46592K, 86% used [0x00000000fa900000,0x00000000fd06b850,0x00000000fd680000)
  to   space 51712K, 0% used [0x00000000f7680000,0x00000000f7680000,0x00000000fa900000)
 ParOldGen       total 228864K, used 138583K [0x00000000c0000000, 0x00000000cdf80000, 0x00000000eaa80000)
  object space 228864K, 60% used [0x00000000c0000000,0x00000000c8755df8,0x00000000cdf80000)
 PSPermGen       total 21504K, used 6125K [0x00000000b5a00000, 0x00000000b6f00000, 0x00000000c0000000)
  object space 21504K, 28% used [0x00000000b5a00000,0x00000000b5ffb528,0x00000000b6f00000)
}
Event: 13.684 GC heap before
{Heap before GC invocations=18 (full 3):
 PSYoungGen      total 255488K, used 249262K [0x00000000eaa80000, 0x00000000fdc00000, 0x0000000100000000)
  eden space 208896K, 100% used [0x00000000eaa80000,0x00000000f7680000,0x00000000f7680000)
  from space 46592K, 86% used [0x00000000fa900000,0x00000000fd06b850,0x00000000fd680000)
  to   space 51712K, 0% used [0x00000000f7680000,0x00000000f7680000,0x00000000fa900000)
 ParOldGen       total 228864K, used 138583K [0x00000000c0000000, 0x00000000cdf80000, 0x00000000eaa80000)
  object space 228864K, 60% used [0x00000000c0000000,0x00000000c8755df8,0x00000000cdf80000)
 PSPermGen       total 21504K, used 6133K [0x00000000b5a00000, 0x00000000b6f00000, 0x00000000c0000000)
  object space 21504K, 28% used [0x00000000b5a00000,0x00000000b5ffd790,0x00000000b6f00000)
Event: 13.802 GC heap after
Heap after GC invocations=18 (full 3):
 PSYoungGen      total 260608K, used 51705K [0x00000000eaa80000, 0x0000000100000000, 0x0000000100000000)
  eden space 208896K, 0% used [0x00000000eaa80000,0x00000000eaa80000,0x00000000f7680000)
  from space 51712K, 99% used [0x00000000f7680000,0x00000000fa8fe560,0x00000000fa900000)
  to   space 65536K, 0% used [0x00000000fc000000,0x00000000fc000000,0x0000000100000000)
 ParOldGen       total 228864K, used 153219K [0x00000000c0000000, 0x00000000cdf80000, 0x00000000eaa80000)
  object space 228864K, 66% used [0x00000000c0000000,0x00000000c95a0c88,0x00000000cdf80000)
 PSPermGen       total 21504K, used 6133K [0x00000000b5a00000, 0x00000000b6f00000, 0x00000000c0000000)
  object space 21504K, 28% used [0x00000000b5a00000,0x00000000b5ffd790,0x00000000b6f00000)
}
Event: 14.508 GC heap before
{Heap before GC invocations=19 (full 3):
 PSYoungGen      total 260608K, used 260601K [0x00000000eaa80000, 0x0000000100000000, 0x0000000100000000)
  eden space 208896K, 100% used [0x00000000eaa80000,0x00000000f7680000,0x00000000f7680000)
  from space 51712K, 99% used [0x00000000f7680000,0x00000000fa8fe560,0x00000000fa900000)
  to   space 65536K, 0% used [0x00000000fc000000,0x00000000fc000000,0x0000000100000000)
 ParOldGen       total 228864K, used 153219K [0x00000000c0000000, 0x00000000cdf80000, 0x00000000eaa80000)
  object space 228864K, 66% used [0x00000000c0000000,0x00000000c95a0c88,0x00000000cdf80000)
 PSPermGen       total 21504K, used 6143K [0x00000000b5a00000, 0x00000000b6f00000, 0x00000000c0000000)
  object space 21504K, 28% used [0x00000000b5a00000,0x00000000b5fffd68,0x00000000b6f00000)
Event: 14.617 GC heap after
Heap after GC invocations=19 (full 3):
 PSYoungGen      total 282112K, used 38680K [0x00000000eaa80000, 0x0000000100000000, 0x0000000100000000)
  eden space 216576K, 0% used [0x00000000eaa80000,0x00000000eaa80000,0x00000000f7e00000)
  from space 65536K, 59% used [0x00000000fc000000,0x00000000fe5c60e8,0x0000000100000000)
  to   space 66560K, 0% used [0x00000000f7e00000,0x00000000f7e00000,0x00000000fbf00000)
 ParOldGen       total 228864K, used 180677K [0x00000000c0000000, 0x00000000cdf80000, 0x00000000eaa80000)
  object space 228864K, 78% used [0x00000000c0000000,0x00000000cb0714c0,0x00000000cdf80000)
 PSPermGen       total 21504K, used 6143K [0x00000000b5a00000, 0x00000000b6f00000, 0x00000000c0000000)
  object space 21504K, 28% used [0x00000000b5a00000,0x00000000b5fffd68,0x00000000b6f00000)
}
Event: 15.454 GC heap before
{Heap before GC invocations=20 (full 3):
 PSYoungGen      total 282112K, used 255256K [0x00000000eaa80000, 0x0000000100000000, 0x0000000100000000)
  eden space 216576K, 100% used [0x00000000eaa80000,0x00000000f7e00000,0x00000000f7e00000)
  from space 65536K, 59% used [0x00000000fc000000,0x00000000fe5c60e8,0x0000000100000000)
  to   space 66560K, 0% used [0x00000000f7e00000,0x00000000f7e00000,0x00000000fbf00000)
 ParOldGen       total 228864K, used 180677K [0x00000000c0000000, 0x00000000cdf80000, 0x00000000eaa80000)
  object space 228864K, 78% used [0x00000000c0000000,0x00000000cb0714c0,0x00000000cdf80000)
 PSPermGen       total 21504K, used 6147K [0x00000000b5a00000, 0x00000000b6f00000, 0x00000000c0000000)
  object space 21504K, 28% used [0x00000000b5a00000,0x00000000b6000c50,0x00000000b6f00000)
Event: 15.555 GC heap after
Heap after GC invocations=20 (full 3):
 PSYoungGen      total 283136K, used 66551K [0x00000000eaa80000, 0x0000000100000000, 0x0000000100000000)
  eden space 216576K, 0% used [0x00000000eaa80000,0x00000000eaa80000,0x00000000f7e00000)
  from space 66560K, 99% used [0x00000000f7e00000,0x00000000fbefde88,0x00000000fbf00000)
  to   space 66560K, 0% used [0x00000000fbf00000,0x00000000fbf00000,0x0000000100000000)
 ParOldGen       total 228864K, used 182703K [0x00000000c0000000, 0x00000000cdf80000, 0x00000000eaa80000)
  object space 228864K, 79% used [0x00000000c0000000,0x00000000cb26bf00,0x00000000cdf80000)
 PSPermGen       total 21504K, used 6147K [0x00000000b5a00000, 0x00000000b6f00000, 0x00000000c0000000)
  object space 21504K, 28% used [0x00000000b5a00000,0x00000000b6000c50,0x00000000b6f00000)
}
Event: 16.546 GC heap before
{Heap before GC invocations=21 (full 3):
 PSYoungGen      total 283136K, used 283127K [0x00000000eaa80000, 0x0000000100000000, 0x0000000100000000)
  eden space 216576K, 100% used [0x00000000eaa80000,0x00000000f7e00000,0x00000000f7e00000)
  from space 66560K, 99% used [0x00000000f7e00000,0x00000000fbefde88,0x00000000fbf00000)
  to   space 66560K, 0% used [0x00000000fbf00000,0x00000000fbf00000,0x0000000100000000)
 ParOldGen       total 228864K, used 182703K [0x00000000c0000000, 0x00000000cdf80000, 0x00000000eaa80000)
  object space 228864K, 79% used [0x00000000c0000000,0x00000000cb26bf00,0x00000000cdf80000)
 PSPermGen       total 21504K, used 6156K [0x00000000b5a00000, 0x00000000b6f00000, 0x00000000c0000000)
  object space 21504K, 28% used [0x00000000b5a00000,0x00000000b6003370,0x00000000b6f00000)
Event: 16.749 GC heap after
Heap after GC invocations=21 (full 3):
 PSYoungGen      total 248320K, used 59811K [0x00000000eaa80000, 0x0000000100000000, 0x0000000100000000)
  eden space 181760K, 0% used [0x00000000eaa80000,0x00000000eaa80000,0x00000000f5c00000)
  from space 66560K, 89% used [0x00000000fbf00000,0x00000000ff968c28,0x0000000100000000)
  to   space 83968K, 0% used [0x00000000f5c00000,0x00000000f5c00000,0x00000000fae00000)
 ParOldGen       total 228864K, used 220809K [0x00000000c0000000, 0x00000000cdf80000, 0x00000000eaa80000)
  object space 228864K, 96% used [0x00000000c0000000,0x00000000cd7a2768,0x00000000cdf80000)
 PSPermGen       total 21504K, used 6156K [0x00000000b5a00000, 0x00000000b6f00000, 0x00000000c0000000)
  object space 21504K, 28% used [0x00000000b5a00000,0x00000000b6003370,0x00000000b6f00000)
}
Event: 16.755 GC heap before
{Heap before GC invocations=22 (full 4):
 PSYoungGen      total 248320K, used 59811K [0x00000000eaa80000, 0x0000000100000000, 0x0000000100000000)
  eden space 181760K, 0% used [0x00000000eaa80000,0x00000000eaa80000,0x00000000f5c00000)
  from space 66560K, 89% used [0x00000000fbf00000,0x00000000ff968c28,0x0000000100000000)
  to   space 83968K, 0% used [0x00000000f5c00000,0x00000000f5c00000,0x00000000fae00000)
 ParOldGen       total 228864K, used 220809K [0x00000000c0000000, 0x00000000cdf80000, 0x00000000eaa80000)
  object space 228864K, 96% used [0x00000000c0000000,0x00000000cd7a2768,0x00000000cdf80000)
 PSPermGen       total 21504K, used 6156K [0x00000000b5a00000, 0x00000000b6f00000, 0x00000000c0000000)
  object space 21504K, 28% used [0x00000000b5a00000,0x00000000b6003370,0x00000000b6f00000)

Deoptimization events (10 events):
Event: 14.262 Thread 0x00007f057c00a800 Uncommon trap: reason=unstable_if action=reinterpret pc=0x00007f05787074a4 method=com.android.dx.rop.code.RegisterSpecSet.<init>(I)V @ 2
Event: 14.399 Thread 0x00007f057c00a800 Uncommon trap: reason=unstable_if action=reinterpret pc=0x00007f057878dfd4 method=com.android.dx.ssa.back.IdenticalBlockCombiner.replaceSucc(Lcom/android/dx/rop/code/BasicBlock;II)V @ 30
Event: 14.446 Thread 0x00007f057c00a800 Uncommon trap: reason=unstable_if action=reinterpret pc=0x00007f0578660c6c method=com.android.dx.ssa.SCCP.simulateStmt(Lcom/android/dx/ssa/SsaInsn;)V @ 435
Event: 15.252 Thread 0x00007f057c00a800 Uncommon trap: reason=unstable_if action=reinterpret pc=0x00007f0578986e6c method=java.util.BitSet.nextClearBit(I)I @ 70
Event: 15.951 Thread 0x00007f057c00a800 Uncommon trap: reason=bimorphic action=maybe_recompile pc=0x00007f057899fa84 method=com.android.dx.cf.code.BytecodeArray.parseInstruction(ILcom/android/dx/cf/code/BytecodeArray$Visitor;)I @ 1447
Event: 15.953 Thread 0x00007f057c00a800 Uncommon trap: reason=bimorphic action=maybe_recompile pc=0x00007f057899fa84 method=com.android.dx.cf.code.BytecodeArray.parseInstruction(ILcom/android/dx/cf/code/BytecodeArray$Visitor;)I @ 1447
Event: 16.359 Thread 0x00007f057c00a800 Uncommon trap: reason=bimorphic action=maybe_recompile pc=0x00007f057878bd28 method=com.android.dx.ssa.NormalSsaInsn.changeOneSource(ILcom/android/dx/rop/code/RegisterSpec;)V @ 113
Event: 16.359 Thread 0x00007f057c00a800 Uncommon trap: reason=bimorphic action=maybe_recompile pc=0x00007f057878bd28 method=com.android.dx.ssa.NormalSsaInsn.changeOneSource(ILcom/android/dx/rop/code/RegisterSpec;)V @ 113
Event: 16.359 Thread 0x00007f057c00a800 Uncommon trap: reason=bimorphic action=maybe_recompile pc=0x00007f057878bd28 method=com.android.dx.ssa.NormalSsaInsn.changeOneSource(ILcom/android/dx/rop/code/RegisterSpec;)V @ 113
Event: 16.359 Thread 0x00007f057c00a800 Uncommon trap: reason=bimorphic action=maybe_recompile pc=0x00007f057878bd28 method=com.android.dx.ssa.NormalSsaInsn.changeOneSource(ILcom/android/dx/rop/code/RegisterSpec;)V @ 113

Internal exceptions (10 events):
Event: 7.929 Thread 0x00007f057c00a800 Implicit null exception at 0x00007f057868c28a to 0x00007f057868c4a9
Event: 7.930 Thread 0x00007f057c00a800 Implicit null exception at 0x00007f0578681551 to 0x00007f0578681731
Event: 7.930 Thread 0x00007f057c00a800 Implicit null exception at 0x00007f05787ebc48 to 0x00007f05787ebe2d
Event: 7.930 Thread 0x00007f057c00a800 Implicit null exception at 0x00007f0578701171 to 0x00007f0578701ce5
Event: 7.930 Thread 0x00007f057c00a800 Implicit null exception at 0x00007f05786ade94 to 0x00007f05786ae05d
Event: 7.930 Thread 0x00007f057c00a800 Implicit null exception at 0x00007f05786a36f8 to 0x00007f05786a384d
Event: 9.339 Thread 0x00007f057c00a800 Threw 0x00000000f0adbe38 at /build/openjdk-7-HVzwJZ/openjdk-7-7u95-2.6.4/build/openjdk/hotspot/src/share/vm/prims/jvm.cpp:1322
Event: 10.361 Thread 0x00007f057c00a800 Threw 0x00000000ef7fdd00 at /build/openjdk-7-HVzwJZ/openjdk-7-7u95-2.6.4/build/openjdk/hotspot/src/share/vm/prims/jvm.cpp:1322
Event: 12.153 Thread 0x00007f057c00a800 Implicit null exception at 0x00007f05787d9e7a to 0x00007f05787da9f1
Event: 12.157 Thread 0x00007f057c00a800 Implicit null exception at 0x00007f0578711f04 to 0x00007f0578712211

Events (10 events):
Event: 16.359 Thread 0x00007f057c00a800 Uncommon trap: trap_request=0xffffffc6 fr.pc=0x00007f057878bd28
Event: 16.359 Thread 0x00007f057c00a800 DEOPT PACKING pc=0x00007f057878bd28 sp=0x00007f0582ae3f20
Event: 16.359 Thread 0x00007f057c00a800 DEOPT UNPACKING pc=0x00007f05785f4445 sp=0x00007f0582ae3ec8 mode 2
Event: 16.359 Thread 0x00007f057c00a800 Uncommon trap: trap_request=0xffffffc6 fr.pc=0x00007f057878bd28
Event: 16.359 Thread 0x00007f057c00a800 DEOPT PACKING pc=0x00007f057878bd28 sp=0x00007f0582ae3f20
Event: 16.359 Thread 0x00007f057c00a800 DEOPT UNPACKING pc=0x00007f05785f4445 sp=0x00007f0582ae3ec8 mode 2
Event: 16.359 Thread 0x00007f057c00a800 Uncommon trap: trap_request=0xffffffc6 fr.pc=0x00007f057878bd28
Event: 16.359 Thread 0x00007f057c00a800 DEOPT PACKING pc=0x00007f057878bd28 sp=0x00007f0582ae3f20
Event: 16.360 Thread 0x00007f057c00a800 DEOPT UNPACKING pc=0x00007f05785f4445 sp=0x00007f0582ae3ec8 mode 2
Event: 16.545 Executing VM operation: ParallelGCFailedAllocation


Dynamic libraries:
00400000-00401000 r-xp 00000000 08:01 5508137                            /usr/lib/jvm/java-7-openjdk-amd64/jre/bin/java
00600000-00601000 r--p 00000000 08:01 5508137                            /usr/lib/jvm/java-7-openjdk-amd64/jre/bin/java
00601000-00602000 rw-p 00001000 08:01 5508137                            /usr/lib/jvm/java-7-openjdk-amd64/jre/bin/java
020a3000-020c4000 rw-p 00000000 00:00 0                                  [heap]
b5a00000-b6f00000 rw-p 00000000 00:00 0 
b6f00000-c0000000 rw-p 00000000 00:00 0 
c0000000-cdf80000 rw-p 00000000 00:00 0 
d5b00000-eaa80000 rw-p 00000000 00:00 0 
eaa80000-100000000 rw-p 00000000 00:00 0 
7f0538000000-7f0538021000 rw-p 00000000 00:00 0 
7f0538021000-7f053c000000 ---p 00000000 00:00 0 
7f0540000000-7f0541765000 rw-p 00000000 00:00 0 
7f0541765000-7f0544000000 ---p 00000000 00:00 0 
7f0544000000-7f0544021000 rw-p 00000000 00:00 0 
7f0544021000-7f0548000000 ---p 00000000 00:00 0 
7f0548000000-7f0548021000 rw-p 00000000 00:00 0 
7f0548021000-7f054c000000 ---p 00000000 00:00 0 
7f054c000000-7f054db11000 rw-p 00000000 00:00 0 
7f054db11000-7f0550000000 ---p 00000000 00:00 0 
7f0550000000-7f0550021000 rw-p 00000000 00:00 0 
7f0550021000-7f0554000000 ---p 00000000 00:00 0 
7f0554000000-7f0554021000 rw-p 00000000 00:00 0 
7f0554021000-7f0558000000 ---p 00000000 00:00 0 
7f0558000000-7f0558021000 rw-p 00000000 00:00 0 
7f0558021000-7f055c000000 ---p 00000000 00:00 0 
7f055c000000-7f055c021000 rw-p 00000000 00:00 0 
7f055c021000-7f0560000000 ---p 00000000 00:00 0 
7f0560000000-7f0560021000 rw-p 00000000 00:00 0 
7f0560021000-7f0564000000 ---p 00000000 00:00 0 
7f0568000000-7f0568021000 rw-p 00000000 00:00 0 
7f0568021000-7f056c000000 ---p 00000000 00:00 0 
7f056dc5a000-7f056dc97000 r-xp 00000000 08:01 790495                     /lib/x86_64-linux-gnu/libpcre.so.3.13.1
7f056dc97000-7f056de96000 ---p 0003d000 08:01 790495                     /lib/x86_64-linux-gnu/libpcre.so.3.13.1
7f056de96000-7f056de97000 r--p 0003c000 08:01 790495                     /lib/x86_64-linux-gnu/libpcre.so.3.13.1
7f056de97000-7f056de98000 rw-p 0003d000 08:01 790495                     /lib/x86_64-linux-gnu/libpcre.so.3.13.1
7f056de98000-7f056de9f000 r-xp 00000000 08:01 4726848                    /usr/lib/x86_64-linux-gnu/libffi.so.6.0.1
7f056de9f000-7f056e09e000 ---p 00007000 08:01 4726848                    /usr/lib/x86_64-linux-gnu/libffi.so.6.0.1
7f056e09e000-7f056e09f000 r--p 00006000 08:01 4726848                    /usr/lib/x86_64-linux-gnu/libffi.so.6.0.1
7f056e09f000-7f056e0a0000 rw-p 00007000 08:01 4726848                    /usr/lib/x86_64-linux-gnu/libffi.so.6.0.1
7f056e0a0000-7f056e0b7000 r-xp 00000000 08:01 786614                     /lib/x86_64-linux-gnu/libresolv-2.19.so
7f056e0b7000-7f056e2b7000 ---p 00017000 08:01 786614                     /lib/x86_64-linux-gnu/libresolv-2.19.so
7f056e2b7000-7f056e2b8000 r--p 00017000 08:01 786614                     /lib/x86_64-linux-gnu/libresolv-2.19.so
7f056e2b8000-7f056e2b9000 rw-p 00018000 08:01 786614                     /lib/x86_64-linux-gnu/libresolv-2.19.so
7f056e2b9000-7f056e2bb000 rw-p 00000000 00:00 0 
7f056e2bb000-7f056e2db000 r-xp 00000000 08:01 790522                     /lib/x86_64-linux-gnu/libselinux.so.1
7f056e2db000-7f056e4da000 ---p 00020000 08:01 790522                     /lib/x86_64-linux-gnu/libselinux.so.1
7f056e4da000-7f056e4db000 r--p 0001f000 08:01 790522                     /lib/x86_64-linux-gnu/libselinux.so.1
7f056e4db000-7f056e4dc000 rw-p 00020000 08:01 790522                     /lib/x86_64-linux-gnu/libselinux.so.1
7f056e4dc000-7f056e4de000 rw-p 00000000 00:00 0 
7f056e4de000-7f056e4e1000 r-xp 00000000 08:01 4726965                    /usr/lib/x86_64-linux-gnu/libgmodule-2.0.so.0.4000.0
7f056e4e1000-7f056e6e0000 ---p 00003000 08:01 4726965                    /usr/lib/x86_64-linux-gnu/libgmodule-2.0.so.0.4000.0
7f056e6e0000-7f056e6e1000 r--p 00002000 08:01 4726965                    /usr/lib/x86_64-linux-gnu/libgmodule-2.0.so.0.4000.0
7f056e6e1000-7f056e6e2000 rw-p 00003000 08:01 4726965                    /usr/lib/x86_64-linux-gnu/libgmodule-2.0.so.0.4000.0
7f056e6e2000-7f056e7e8000 r-xp 00000000 08:01 790423                     /lib/x86_64-linux-gnu/libglib-2.0.so.0.4000.0
7f056e7e8000-7f056e9e7000 ---p 00106000 08:01 790423                     /lib/x86_64-linux-gnu/libglib-2.0.so.0.4000.0
7f056e9e7000-7f056e9e8000 r--p 00105000 08:01 790423                     /lib/x86_64-linux-gnu/libglib-2.0.so.0.4000.0
7f056e9e8000-7f056e9e9000 rw-p 00106000 08:01 790423                     /lib/x86_64-linux-gnu/libglib-2.0.so.0.4000.0
7f056e9e9000-7f056e9ea000 rw-p 00000000 00:00 0 
7f056e9ea000-7f056ea39000 r-xp 00000000 08:01 4726981                    /usr/lib/x86_64-linux-gnu/libgobject-2.0.so.0.4000.0
7f056ea39000-7f056ec39000 ---p 0004f000 08:01 4726981                    /usr/lib/x86_64-linux-gnu/libgobject-2.0.so.0.4000.0
7f056ec39000-7f056ec3a000 r--p 0004f000 08:01 4726981                    /usr/lib/x86_64-linux-gnu/libgobject-2.0.so.0.4000.0
7f056ec3a000-7f056ec3b000 rw-p 00050000 08:01 4726981                    /usr/lib/x86_64-linux-gnu/libgobject-2.0.so.0.4000.0
7f056ec3b000-7f056eda6000 r-xp 00000000 08:01 4726951                    /usr/lib/x86_64-linux-gnu/libgio-2.0.so.0.4000.0
7f056eda6000-7f056efa6000 ---p 0016b000 08:01 4726951                    /usr/lib/x86_64-linux-gnu/libgio-2.0.so.0.4000.0
7f056efa6000-7f056efaa000 r--p 0016b000 08:01 4726951                    /usr/lib/x86_64-linux-gnu/libgio-2.0.so.0.4000.0
7f056efaa000-7f056efac000 rw-p 0016f000 08:01 4726951                    /usr/lib/x86_64-linux-gnu/libgio-2.0.so.0.4000.0
7f056efac000-7f056efae000 rw-p 00000000 00:00 0 
7f056efae000-7f056efc5000 r-xp 00000000 08:01 5917886                    /usr/lib/jvm/java-7-openjdk-amd64/jre/lib/amd64/libnet.so
7f056efc5000-7f056f1c4000 ---p 00017000 08:01 5917886                    /usr/lib/jvm/java-7-openjdk-amd64/jre/lib/amd64/libnet.so
7f056f1c4000-7f056f1c5000 r--p 00016000 08:01 5917886                    /usr/lib/jvm/java-7-openjdk-amd64/jre/lib/amd64/libnet.so
7f056f1c5000-7f056f1c6000 rw-p 00017000 08:01 5917886                    /usr/lib/jvm/java-7-openjdk-amd64/jre/lib/amd64/libnet.so
7f056f1c6000-7f056f1d6000 r-xp 00000000 08:01 5917910                    /usr/lib/jvm/java-7-openjdk-amd64/jre/lib/amd64/libnio.so
7f056f1d6000-7f056f3d6000 ---p 00010000 08:01 5917910                    /usr/lib/jvm/java-7-openjdk-amd64/jre/lib/amd64/libnio.so
7f056f3d6000-7f056f3d7000 r--p 00010000 08:01 5917910                    /usr/lib/jvm/java-7-openjdk-amd64/jre/lib/amd64/libnio.so
7f056f3d7000-7f056f3d8000 rw-p 00011000 08:01 5917910                    /usr/lib/jvm/java-7-openjdk-amd64/jre/lib/amd64/libnio.so
7f056f3d8000-7f056f3d9000 ---p 00000000 00:00 0 
7f056f3d9000-7f056f4d9000 rw-p 00000000 00:00 0                          [stack:1012]
7f056f4d9000-7f056f4dc000 ---p 00000000 00:00 0 
7f056f4dc000-7f056f5da000 rw-p 00000000 00:00 0                          [stack:1011]
7f056f5da000-7f056f5dd000 ---p 00000000 00:00 0 
7f056f5dd000-7f056f6db000 rw-p 00000000 00:00 0                          [stack:1010]
7f056f6db000-7f056f6de000 ---p 00000000 00:00 0 
7f056f6de000-7f056f7dc000 rw-p 00000000 00:00 0                          [stack:1009]
7f056f7dc000-7f056f7df000 ---p 00000000 00:00 0 
7f056f7df000-7f056f8dd000 rw-p 00000000 00:00 0                          [stack:1008]
7f056f8dd000-7f0570000000 r--p 00000000 08:01 4725570                    /usr/lib/locale/locale-archive
7f0570000000-7f0570021000 rw-p 00000000 00:00 0 
7f0570021000-7f0574000000 ---p 00000000 00:00 0 
7f0574003000-7f0574034000 rw-p 00000000 00:00 0 
7f057404d000-7f05740d1000 r--s 006fe000 08:01 14447317                   /home/raihan/OpenSrpWorkSpace/opensrp-crvs/opensrp-client/opensrp-crvs/build/intermediates/multi-dex/debug/allclasses.jar
7f05740d1000-7f05740e0000 r--s 000dd000 08:01 6177003                    /home/raihan/android-sdk-linux/build-tools/21.1.2/lib/dx.jar
7f05740e0000-7f05740e3000 ---p 00000000 00:00 0 
7f05740e3000-7f05741e1000 rw-p 00000000 00:00 0                          [stack:1007]
7f05741e1000-7f05741e4000 ---p 00000000 00:00 0 
7f05741e4000-7f05742e2000 rw-p 00000000 00:00 0                          [stack:1006]
7f05742e2000-7f05742e3000 ---p 00000000 00:00 0 
7f05742e3000-7f05753e0000 rw-p 00000000 00:00 0                          [stack:1005]
7f05753e0000-7f0575591000 r--s 01d30000 08:01 5508152                    /usr/lib/jvm/java-7-openjdk-amd64/jre/lib/rt.jar
7f0575591000-7f0577e0d000 rw-p 00000000 00:00 0 
7f0577e0d000-7f0577e0e000 ---p 00000000 00:00 0 
7f0577e0e000-7f0577f0e000 rw-p 00000000 00:00 0                          [stack:1004]
7f0577f0e000-7f0577f0f000 ---p 00000000 00:00 0 
7f0577f0f000-7f057800f000 rw-p 00000000 00:00 0                          [stack:1003]
7f057800f000-7f0578010000 ---p 00000000 00:00 0 
7f0578010000-7f0578110000 rw-p 00000000 00:00 0                          [stack:1002]
7f0578110000-7f0578111000 ---p 00000000 00:00 0 
7f0578111000-7f0578281000 rw-p 00000000 00:00 0                          [stack:1001]
7f0578281000-7f0578367000 rw-p 00000000 00:00 0 
7f0578367000-7f0578372000 rw-p 00000000 00:00 0 
7f0578372000-7f05783ba000 rw-p 00000000 00:00 0 
7f05783ba000-7f057842a000 rw-p 00000000 00:00 0 
7f057842a000-7f057850f000 rw-p 00000000 00:00 0 
7f057850f000-7f05785ba000 rw-p 00000000 00:00 0 
7f05785ba000-7f05785bb000 rw-p 00000000 00:00 0 
7f05785bb000-7f05789bb000 rwxp 00000000 00:00 0 
7f05789bb000-7f057b5bb000 rw-p 00000000 00:00 0 
7f057b5bb000-7f057b5c3000 r-xp 00000000 08:01 5917892                    /usr/lib/jvm/java-7-openjdk-amd64/jre/lib/amd64/libzip.so
7f057b5c3000-7f057b7c2000 ---p 00008000 08:01 5917892                    /usr/lib/jvm/java-7-openjdk-amd64/jre/lib/amd64/libzip.so
7f057b7c2000-7f057b7c3000 r--p 00007000 08:01 5917892                    /usr/lib/jvm/java-7-openjdk-amd64/jre/lib/amd64/libzip.so
7f057b7c3000-7f057b7c4000 rw-p 00008000 08:01 5917892                    /usr/lib/jvm/java-7-openjdk-amd64/jre/lib/amd64/libzip.so
7f057b7c4000-7f057b7cf000 r-xp 00000000 08:01 786646                     /lib/x86_64-linux-gnu/libnss_files-2.19.so
7f057b7cf000-7f057b9ce000 ---p 0000b000 08:01 786646                     /lib/x86_64-linux-gnu/libnss_files-2.19.so
7f057b9ce000-7f057b9cf000 r--p 0000a000 08:01 786646                     /lib/x86_64-linux-gnu/libnss_files-2.19.so
7f057b9cf000-7f057b9d0000 rw-p 0000b000 08:01 786646                     /lib/x86_64-linux-gnu/libnss_files-2.19.so
7f057b9d0000-7f057b9db000 r-xp 00000000 08:01 786638                     /lib/x86_64-linux-gnu/libnss_nis-2.19.so
7f057b9db000-7f057bbda000 ---p 0000b000 08:01 786638                     /lib/x86_64-linux-gnu/libnss_nis-2.19.so
7f057bbda000-7f057bbdb000 r--p 0000a000 08:01 786638                     /lib/x86_64-linux-gnu/libnss_nis-2.19.so
7f057bbdb000-7f057bbdc000 rw-p 0000b000 08:01 786638                     /lib/x86_64-linux-gnu/libnss_nis-2.19.so
7f057bbdc000-7f057bbf3000 r-xp 00000000 08:01 786634                     /lib/x86_64-linux-gnu/libnsl-2.19.so
7f057bbf3000-7f057bdf2000 ---p 00017000 08:01 786634                     /lib/x86_64-linux-gnu/libnsl-2.19.so
7f057bdf2000-7f057bdf3000 r--p 00016000 08:01 786634                     /lib/x86_64-linux-gnu/libnsl-2.19.so
7f057bdf3000-7f057bdf4000 rw-p 00017000 08:01 786634                     /lib/x86_64-linux-gnu/libnsl-2.19.so
7f057bdf4000-7f057bdf6000 rw-p 00000000 00:00 0 
7f057bdf6000-7f057bdff000 r-xp 00000000 08:01 786633                     /lib/x86_64-linux-gnu/libnss_compat-2.19.so
7f057bdff000-7f057bffe000 ---p 00009000 08:01 786633                     /lib/x86_64-linux-gnu/libnss_compat-2.19.so
7f057bffe000-7f057bfff000 r--p 00008000 08:01 786633                     /lib/x86_64-linux-gnu/libnss_compat-2.19.so
7f057bfff000-7f057c000000 rw-p 00009000 08:01 786633                     /lib/x86_64-linux-gnu/libnss_compat-2.19.so
7f057c000000-7f057c2ea000 rw-p 00000000 00:00 0 
7f057c2ea000-7f0580000000 ---p 00000000 00:00 0 
7f0580009000-7f058000c000 r--s 0000f000 08:01 5917931                    /usr/lib/jvm/java-7-openjdk-amd64/jre/lib/ext/icedtea-sound.jar
7f058000c000-7f0580017000 rw-p 00000000 00:00 0 
7f0580017000-7f058005f000 rw-p 00000000 00:00 0 
7f058005f000-7f058008a000 r-xp 00000000 08:01 5917877                    /usr/lib/jvm/java-7-openjdk-amd64/jre/lib/amd64/libjava.so
7f058008a000-7f058028a000 ---p 0002b000 08:01 5917877                    /usr/lib/jvm/java-7-openjdk-amd64/jre/lib/amd64/libjava.so
7f058028a000-7f058028b000 r--p 0002b000 08:01 5917877                    /usr/lib/jvm/java-7-openjdk-amd64/jre/lib/amd64/libjava.so
7f058028b000-7f058028d000 rw-p 0002c000 08:01 5917877                    /usr/lib/jvm/java-7-openjdk-amd64/jre/lib/amd64/libjava.so
7f058028d000-7f058029d000 r-xp 00000000 08:01 5917878                    /usr/lib/jvm/java-7-openjdk-amd64/jre/lib/amd64/libverify.so
7f058029d000-7f058049c000 ---p 00010000 08:01 5917878                    /usr/lib/jvm/java-7-openjdk-amd64/jre/lib/amd64/libverify.so
7f058049c000-7f058049e000 r--p 0000f000 08:01 5917878                    /usr/lib/jvm/java-7-openjdk-amd64/jre/lib/amd64/libverify.so
7f058049e000-7f058049f000 rw-p 00011000 08:01 5917878                    /usr/lib/jvm/java-7-openjdk-amd64/jre/lib/amd64/libverify.so
7f058049f000-7f05804a6000 r-xp 00000000 08:01 786642                     /lib/x86_64-linux-gnu/librt-2.19.so
7f05804a6000-7f05806a5000 ---p 00007000 08:01 786642                     /lib/x86_64-linux-gnu/librt-2.19.so
7f05806a5000-7f05806a6000 r--p 00006000 08:01 786642                     /lib/x86_64-linux-gnu/librt-2.19.so
7f05806a6000-7f05806a7000 rw-p 00007000 08:01 786642                     /lib/x86_64-linux-gnu/librt-2.19.so
7f05806a7000-7f05806bd000 r-xp 00000000 08:01 786612                     /lib/x86_64-linux-gnu/libgcc_s.so.1
7f05806bd000-7f05808bc000 ---p 00016000 08:01 786612                     /lib/x86_64-linux-gnu/libgcc_s.so.1
7f05808bc000-7f05808bd000 rw-p 00015000 08:01 786612                     /lib/x86_64-linux-gnu/libgcc_s.so.1
7f05808bd000-7f05809c2000 r-xp 00000000 08:01 786618                     /lib/x86_64-linux-gnu/libm-2.19.so
7f05809c2000-7f0580bc1000 ---p 00105000 08:01 786618                     /lib/x86_64-linux-gnu/libm-2.19.so
7f0580bc1000-7f0580bc2000 r--p 00104000 08:01 786618                     /lib/x86_64-linux-gnu/libm-2.19.so
7f0580bc2000-7f0580bc3000 rw-p 00105000 08:01 786618                     /lib/x86_64-linux-gnu/libm-2.19.so
7f0580bc3000-7f0580ca9000 r-xp 00000000 08:01 4719935                    /usr/lib/x86_64-linux-gnu/libstdc++.so.6.0.19
7f0580ca9000-7f0580ea8000 ---p 000e6000 08:01 4719935                    /usr/lib/x86_64-linux-gnu/libstdc++.so.6.0.19
7f0580ea8000-7f0580eb0000 r--p 000e5000 08:01 4719935                    /usr/lib/x86_64-linux-gnu/libstdc++.so.6.0.19
7f0580eb0000-7f0580eb2000 rw-p 000ed000 08:01 4719935                    /usr/lib/x86_64-linux-gnu/libstdc++.so.6.0.19
7f0580eb2000-7f0580ec7000 rw-p 00000000 00:00 0 
7f0580ec7000-7f05819eb000 r-xp 00000000 08:01 5917890                    /usr/lib/jvm/java-7-openjdk-amd64/jre/lib/amd64/server/libjvm.so
7f05819eb000-7f0581beb000 ---p 00b24000 08:01 5917890                    /usr/lib/jvm/java-7-openjdk-amd64/jre/lib/amd64/server/libjvm.so
7f0581beb000-7f0581c85000 r--p 00b24000 08:01 5917890                    /usr/lib/jvm/java-7-openjdk-amd64/jre/lib/amd64/server/libjvm.so
7f0581c85000-7f0581ca8000 rw-p 00bbe000 08:01 5917890                    /usr/lib/jvm/java-7-openjdk-amd64/jre/lib/amd64/server/libjvm.so
7f0581ca8000-7f0581cd6000 rw-p 00000000 00:00 0 
7f0581cd6000-7f0581cee000 r-xp 00000000 08:01 790555                     /lib/x86_64-linux-gnu/libz.so.1.2.8
7f0581cee000-7f0581eed000 ---p 00018000 08:01 790555                     /lib/x86_64-linux-gnu/libz.so.1.2.8
7f0581eed000-7f0581eee000 r--p 00017000 08:01 790555                     /lib/x86_64-linux-gnu/libz.so.1.2.8
7f0581eee000-7f0581eef000 rw-p 00018000 08:01 790555                     /lib/x86_64-linux-gnu/libz.so.1.2.8
7f0581eef000-7f0581f08000 r-xp 00000000 08:01 786635                     /lib/x86_64-linux-gnu/libpthread-2.19.so
7f0581f08000-7f0582107000 ---p 00019000 08:01 786635                     /lib/x86_64-linux-gnu/libpthread-2.19.so
7f0582107000-7f0582108000 r--p 00018000 08:01 786635                     /lib/x86_64-linux-gnu/libpthread-2.19.so
7f0582108000-7f0582109000 rw-p 00019000 08:01 786635                     /lib/x86_64-linux-gnu/libpthread-2.19.so
7f0582109000-7f058210d000 rw-p 00000000 00:00 0 
7f058210d000-7f0582110000 r-xp 00000000 08:01 786630                     /lib/x86_64-linux-gnu/libdl-2.19.so
7f0582110000-7f058230f000 ---p 00003000 08:01 786630                     /lib/x86_64-linux-gnu/libdl-2.19.so
7f058230f000-7f0582310000 r--p 00002000 08:01 786630                     /lib/x86_64-linux-gnu/libdl-2.19.so
7f0582310000-7f0582311000 rw-p 00003000 08:01 786630                     /lib/x86_64-linux-gnu/libdl-2.19.so
7f0582311000-7f05824cc000 r-xp 00000000 08:01 786643                     /lib/x86_64-linux-gnu/libc-2.19.so
7f05824cc000-7f05826cb000 ---p 001bb000 08:01 786643                     /lib/x86_64-linux-gnu/libc-2.19.so
7f05826cb000-7f05826cf000 r--p 001ba000 08:01 786643                     /lib/x86_64-linux-gnu/libc-2.19.so
7f05826cf000-7f05826d1000 rw-p 001be000 08:01 786643                     /lib/x86_64-linux-gnu/libc-2.19.so
7f05826d1000-7f05826d6000 rw-p 00000000 00:00 0 
7f05826d6000-7f05826e3000 r-xp 00000000 08:01 5917907                    /usr/lib/jvm/java-7-openjdk-amd64/jre/lib/amd64/jli/libjli.so
7f05826e3000-7f05828e2000 ---p 0000d000 08:01 5917907                    /usr/lib/jvm/java-7-openjdk-amd64/jre/lib/amd64/jli/libjli.so
7f05828e2000-7f05828e3000 r--p 0000c000 08:01 5917907                    /usr/lib/jvm/java-7-openjdk-amd64/jre/lib/amd64/jli/libjli.so
7f05828e3000-7f05828e4000 rw-p 0000d000 08:01 5917907                    /usr/lib/jvm/java-7-openjdk-amd64/jre/lib/amd64/jli/libjli.so
7f05828e4000-7f0582907000 r-xp 00000000 08:01 786636                     /lib/x86_64-linux-gnu/ld-2.19.so
7f0582909000-7f058290d000 r--s 00034000 08:01 5917930                    /usr/lib/jvm/java-7-openjdk-amd64/jre/lib/ext/sunjce_provider.jar
7f058290d000-7f0582935000 rw-p 00000000 00:00 0 
7f0582935000-7f05829e5000 rw-p 00000000 00:00 0 
7f05829e5000-7f05829e8000 ---p 00000000 00:00 0 
7f05829e8000-7f0582aeb000 rw-p 00000000 00:00 0                          [stack:1000]
7f0582aec000-7f0582aed000 rw-p 00000000 00:00 0 
7f0582aed000-7f0582aef000 r--s 00012000 08:01 5917929                    /usr/lib/jvm/java-7-openjdk-amd64/jre/lib/ext/zipfs.jar
7f0582aef000-7f0582af1000 r--s 00006000 08:01 5118243                    /usr/share/java/java-atk-wrapper.jar
7f0582af1000-7f0582af5000 r--s 0003c000 08:01 5917933                    /usr/lib/jvm/java-7-openjdk-amd64/jre/lib/ext/sunpkcs11.jar
7f0582af5000-7f0582af9000 r--s 00085000 08:01 5917932                    /usr/lib/jvm/java-7-openjdk-amd64/jre/lib/ext/localedata.jar
7f0582af9000-7f0582afa000 r--s 00002000 08:01 5917928                    /usr/lib/jvm/java-7-openjdk-amd64/jre/lib/ext/dnsns.jar
7f0582afa000-7f0582b02000 rw-s 00000000 08:01 1846083                    /tmp/hsperfdata_raihan/996
7f0582b02000-7f0582b03000 rw-p 00000000 00:00 0 
7f0582b03000-7f0582b04000 ---p 00000000 00:00 0 
7f0582b04000-7f0582b06000 rw-p 00000000 00:00 0 
7f0582b06000-7f0582b07000 r--p 00022000 08:01 786636                     /lib/x86_64-linux-gnu/ld-2.19.so
7f0582b07000-7f0582b08000 rw-p 00023000 08:01 786636                     /lib/x86_64-linux-gnu/ld-2.19.so
7f0582b08000-7f0582b09000 rw-p 00000000 00:00 0 
7fffce487000-7fffce4a8000 rw-p 00000000 00:00 0                          [stack]
7fffce536000-7fffce538000 r-xp 00000000 00:00 0                          [vdso]
ffffffffff600000-ffffffffff601000 r-xp 00000000 00:00 0                  [vsyscall]

VM Arguments:
jvm_args: -Xmx1024M -Dfile.encoding=UTF-8 -Duser.country=US -Duser.language=en -Duser.variant 
java_command: com.android.dx.command.Main --dex --multi-dex --main-dex-list /home/raihan/OpenSrpWorkSpace/opensrp-crvs/opensrp-client/opensrp-crvs/build/intermediates/multi-dex/debug/maindexlist.txt --output /home/raihan/OpenSrpWorkSpace/opensrp-crvs/opensrp-client/opensrp-crvs/build/intermediates/dex/debug /home/raihan/OpenSrpWorkSpace/opensrp-crvs/opensrp-client/opensrp-crvs/build/intermediates/multi-dex/debug/allclasses.jar
Launcher Type: SUN_STANDARD

Environment Variables:
PATH=/usr/local/sbin:/usr/local/bin:/usr/sbin:/usr/bin:/sbin:/bin:/usr/games:/usr/local/games
SHELL=/bin/bash
DISPLAY=:0

Signal Handlers:
SIGSEGV: [libjvm.so+0x9548f0], sa_mask[0]=0x7ffbfeff, sa_flags=0x10000004
SIGBUS: [libjvm.so+0x9548f0], sa_mask[0]=0x7ffbfeff, sa_flags=0x10000004
SIGFPE: [libjvm.so+0x7cb0b0], sa_mask[0]=0x7ffbfeff, sa_flags=0x10000004
SIGPIPE: [libjvm.so+0x7cb0b0], sa_mask[0]=0x7ffbfeff, sa_flags=0x10000004
SIGXFSZ: [libjvm.so+0x7cb0b0], sa_mask[0]=0x7ffbfeff, sa_flags=0x10000004
SIGILL: [libjvm.so+0x7cb0b0], sa_mask[0]=0x7ffbfeff, sa_flags=0x10000004
SIGUSR1: SIG_DFL, sa_mask[0]=0x00000000, sa_flags=0x00000000
SIGUSR2: [libjvm.so+0x7caf50], sa_mask[0]=0x00000004, sa_flags=0x10000004
SIGHUP: [libjvm.so+0x7cb130], sa_mask[0]=0x7ffbfeff, sa_flags=0x10000004
SIGINT: [libjvm.so+0x7cb130], sa_mask[0]=0x7ffbfeff, sa_flags=0x10000004
SIGTERM: [libjvm.so+0x7cb130], sa_mask[0]=0x7ffbfeff, sa_flags=0x10000004
SIGQUIT: [libjvm.so+0x7cb130], sa_mask[0]=0x7ffbfeff, sa_flags=0x10000004
SIGTRAP: SIG_DFL, sa_mask[0]=0x00000000, sa_flags=0x00000000


---------------  S Y S T E M  ---------------

OS:Ubuntu 14.04 (trusty)
uname:Linux 3.13.0-24-generic #46-Ubuntu SMP Thu Apr 10 19:11:08 UTC 2014 x86_64
libc:glibc 2.19 NPTL 2.19 
rlimit: STACK 8192k, CORE 0k, NPROC 30570, NOFILE 4096, AS infinity
load average:2.28 1.54 1.81

/proc/meminfo:
MemTotal:        3934516 kB
MemFree:           87716 kB
Buffers:             284 kB
Cached:           402792 kB
SwapCached:        11876 kB
Active:          2150940 kB
Inactive:         820172 kB
Active(anon):    2143084 kB
Inactive(anon):   811616 kB
Active(file):       7856 kB
Inactive(file):     8556 kB
Unevictable:         124 kB
Mlocked:             124 kB
SwapTotal:       4080636 kB
SwapFree:              0 kB
Dirty:                 0 kB
Writeback:           164 kB
AnonPages:       2557532 kB
Mapped:           582908 kB
Shmem:            385948 kB
Slab:              94560 kB
SReclaimable:      38296 kB
SUnreclaim:        56264 kB
KernelStack:        7160 kB
PageTables:        90848 kB
NFS_Unstable:          0 kB
Bounce:                0 kB
WritebackTmp:          0 kB
CommitLimit:     6047892 kB
Committed_AS:   23888472 kB
VmallocTotal:   34359738367 kB
VmallocUsed:      553504 kB
VmallocChunk:   34359176172 kB
HardwareCorrupted:     0 kB
AnonHugePages:    247808 kB
HugePages_Total:       0
HugePages_Free:        0
HugePages_Rsvd:        0
HugePages_Surp:        0
Hugepagesize:       2048 kB
DirectMap4k:       99840 kB
DirectMap2M:     2934784 kB
DirectMap1G:     1048576 kB


CPU:total 4 (2 cores per cpu, 2 threads per core) family 6 model 61 stepping 4, cmov, cx8, fxsr, mmx, sse, sse2, sse3, ssse3, sse4.1, sse4.2, popcnt, avx, avx2, aes, erms, ht, tsc, tscinvbit

/proc/cpuinfo:
processor	: 0
vendor_id	: GenuineIntel
cpu family	: 6
model		: 61
model name	: Intel(R) Core(TM) i5-5200U CPU @ 2.20GHz
stepping	: 4
microcode	: 0x1f
cpu MHz		: 2201.000
cache size	: 3072 KB
physical id	: 0
siblings	: 4
core id		: 0
cpu cores	: 2
apicid		: 0
initial apicid	: 0
fpu		: yes
fpu_exception	: yes
cpuid level	: 20
wp		: yes
flags		: fpu vme de pse tsc msr pae mce cx8 apic sep mtrr pge mca cmov pat pse36 clflush dts acpi mmx fxsr sse sse2 ss ht tm pbe syscall nx pdpe1gb rdtscp lm constant_tsc arch_perfmon pebs bts rep_good nopl xtopology nonstop_tsc aperfmperf eagerfpu pni pclmulqdq dtes64 monitor ds_cpl vmx est tm2 ssse3 fma cx16 xtpr pdcm pcid sse4_1 sse4_2 x2apic movbe popcnt tsc_deadline_timer aes xsave avx f16c rdrand lahf_lm abm 3dnowprefetch ida arat epb xsaveopt pln pts dtherm tpr_shadow vnmi flexpriority ept vpid fsgsbase tsc_adjust bmi1 avx2 smep bmi2 erms invpcid rdseed adx smap
bogomips	: 4389.75
clflush size	: 64
cache_alignment	: 64
address sizes	: 39 bits physical, 48 bits virtual
power management:

processor	: 1
vendor_id	: GenuineIntel
cpu family	: 6
model		: 61
model name	: Intel(R) Core(TM) i5-5200U CPU @ 2.20GHz
stepping	: 4
microcode	: 0x1f
cpu MHz		: 2201.000
cache size	: 3072 KB
physical id	: 0
siblings	: 4
core id		: 0
cpu cores	: 2
apicid		: 1
initial apicid	: 1
fpu		: yes
fpu_exception	: yes
cpuid level	: 20
wp		: yes
flags		: fpu vme de pse tsc msr pae mce cx8 apic sep mtrr pge mca cmov pat pse36 clflush dts acpi mmx fxsr sse sse2 ss ht tm pbe syscall nx pdpe1gb rdtscp lm constant_tsc arch_perfmon pebs bts rep_good nopl xtopology nonstop_tsc aperfmperf eagerfpu pni pclmulqdq dtes64 monitor ds_cpl vmx est tm2 ssse3 fma cx16 xtpr pdcm pcid sse4_1 sse4_2 x2apic movbe popcnt tsc_deadline_timer aes xsave avx f16c rdrand lahf_lm abm 3dnowprefetch ida arat epb xsaveopt pln pts dtherm tpr_shadow vnmi flexpriority ept vpid fsgsbase tsc_adjust bmi1 avx2 smep bmi2 erms invpcid rdseed adx smap
bogomips	: 4389.75
clflush size	: 64
cache_alignment	: 64
address sizes	: 39 bits physical, 48 bits virtual
power management:

processor	: 2
vendor_id	: GenuineIntel
cpu family	: 6
model		: 61
model name	: Intel(R) Core(TM) i5-5200U CPU @ 2.20GHz
stepping	: 4
microcode	: 0x1f
cpu MHz		: 2201.000
cache size	: 3072 KB
physical id	: 0
siblings	: 4
core id		: 1
cpu cores	: 2
apicid		: 2
initial apicid	: 2
fpu		: yes
fpu_exception	: yes
cpuid level	: 20
wp		: yes
flags		: fpu vme de pse tsc msr pae mce cx8 apic sep mtrr pge mca cmov pat pse36 clflush dts acpi mmx fxsr sse sse2 ss ht tm pbe syscall nx pdpe1gb rdtscp lm constant_tsc arch_perfmon pebs bts rep_good nopl xtopology nonstop_tsc aperfmperf eagerfpu pni pclmulqdq dtes64 monitor ds_cpl vmx est tm2 ssse3 fma cx16 xtpr pdcm pcid sse4_1 sse4_2 x2apic movbe popcnt tsc_deadline_timer aes xsave avx f16c rdrand lahf_lm abm 3dnowprefetch ida arat epb xsaveopt pln pts dtherm tpr_shadow vnmi flexpriority ept vpid fsgsbase tsc_adjust bmi1 avx2 smep bmi2 erms invpcid rdseed adx smap
bogomips	: 4389.75
clflush size	: 64
cache_alignment	: 64
address sizes	: 39 bits physical, 48 bits virtual
power management:

processor	: 3
vendor_id	: GenuineIntel
cpu family	: 6
model		: 61
model name	: Intel(R) Core(TM) i5-5200U CPU @ 2.20GHz
stepping	: 4
microcode	: 0x1f
cpu MHz		: 2201.000
cache size	: 3072 KB
physical id	: 0
siblings	: 4
core id		: 1
cpu cores	: 2
apicid		: 3
initial apicid	: 3
fpu		: yes
fpu_exception	: yes
cpuid level	: 20
wp		: yes
flags		: fpu vme de pse tsc msr pae mce cx8 apic sep mtrr pge mca cmov pat pse36 clflush dts acpi mmx fxsr sse sse2 ss ht tm pbe syscall nx pdpe1gb rdtscp lm constant_tsc arch_perfmon pebs bts rep_good nopl xtopology nonstop_tsc aperfmperf eagerfpu pni pclmulqdq dtes64 monitor ds_cpl vmx est tm2 ssse3 fma cx16 xtpr pdcm pcid sse4_1 sse4_2 x2apic movbe popcnt tsc_deadline_timer aes xsave avx f16c rdrand lahf_lm abm 3dnowprefetch ida arat epb xsaveopt pln pts dtherm tpr_shadow vnmi flexpriority ept vpid fsgsbase tsc_adjust bmi1 avx2 smep bmi2 erms invpcid rdseed adx smap
bogomips	: 4389.75
clflush size	: 64
cache_alignment	: 64
address sizes	: 39 bits physical, 48 bits virtual
power management:



Memory: 4k page, physical 3934516k(87716k free), swap 4080636k(0k free)

vm_info: OpenJDK 64-Bit Server VM (24.95-b01) for linux-amd64 JRE (1.7.0_95-b00), built on Mar 24 2016 06:13:32 by "buildd" with gcc 4.8.2

time: Tue Aug  2 21:18:48 2016
elapsed time: 20 seconds

