#
# There is insufficient memory for the Java Runtime Environment to continue.
# Native memory allocation (malloc) failed to allocate 135266304 bytes for committing reserved memory.
# Possible reasons:
#   The system is out of physical RAM or swap space
#   In 32 bit mode, the process size limit was hit
# Possible solutions:
#   Reduce memory load on the system
#   Increase physical memory or swap space
#   Check if swap backing store is full
#   Use 64 bit Java on a 64 bit OS
#   Decrease Java heap size (-Xmx/-Xms)
#   Decrease number of Java threads
#   Decrease Java thread stack sizes (-Xss)
#   Set larger code cache with -XX:ReservedCodeCacheSize=
# This output file may be truncated or incomplete.
#
#  Out of Memory Error (os_linux.cpp:2827), pid=28543, tid=139980780316416
#
# JRE version: OpenJDK Runtime Environment (7.0_95) (build 1.7.0_95-b00)
# Java VM: OpenJDK 64-Bit Server VM (24.95-b01 mixed mode linux-amd64 compressed oops)
# Derivative: IcedTea 2.6.4
# Distribution: Ubuntu 14.04 LTS, package 7u95-2.6.4-0ubuntu0.14.04.2
# Failed to write core dump. Core dumps have been disabled. To enable core dumping, try "ulimit -c unlimited" before starting Java again
#

---------------  T H R E A D  ---------------

Current thread (0x00007f4fd4076000):  VMThread [stack: 0x00007f4fd09fa000,0x00007f4fd0afb000] [id=28554]

Stack: [0x00007f4fd09fa000,0x00007f4fd0afb000],  sp=0x00007f4fd0af9490,  free space=1021k
Native frames: (J=compiled Java code, j=interpreted, Vv=VM code, C=native code)
V  [libjvm.so+0x953e15]
V  [libjvm.so+0x48fd94]
V  [libjvm.so+0x7cf87b]
V  [libjvm.so+0x7ca33f]
V  [libjvm.so+0x83dacb]
V  [libjvm.so+0x82d86b]
V  [libjvm.so+0x82da2b]
V  [libjvm.so+0x82e958]
V  [libjvm.so+0x8355b4]
V  [libjvm.so+0x83bc0d]
V  [libjvm.so+0x7f2083]
V  [libjvm.so+0x955814]
V  [libjvm.so+0x959917]
V  [libjvm.so+0x9583d8]
V  [libjvm.so+0x958839]
V  [libjvm.so+0x958c82]
V  [libjvm.so+0x7cc742]

VM_Operation (0x00007f4fddd82f10): ParallelGCFailedAllocation, mode: safepoint, requested by thread 0x00007f4fd400a800


---------------  P R O C E S S  ---------------

Java Threads: ( => current thread )
  0x00007f4fd40af800 JavaThread "Service Thread" daemon [_thread_blocked, id=28560, stack(0x00007f4fcbbfc000,0x00007f4fcbcfd000)]
  0x00007f4fd40ad000 JavaThread "C2 CompilerThread1" daemon [_thread_blocked, id=28559, stack(0x00007f4fcbcfd000,0x00007f4fcbdfe000)]
  0x00007f4fd40aa000 JavaThread "C2 CompilerThread0" daemon [_thread_blocked, id=28558, stack(0x00007f4fcbdfe000,0x00007f4fcbeff000)]
  0x00007f4fd40a8000 JavaThread "Signal Dispatcher" daemon [_thread_blocked, id=28557, stack(0x00007f4fcbeff000,0x00007f4fcc000000)]
  0x00007f4fd407c000 JavaThread "Finalizer" daemon [_thread_blocked, id=28556, stack(0x00007f4fd07f8000,0x00007f4fd08f9000)]
  0x00007f4fd407a000 JavaThread "Reference Handler" daemon [_thread_blocked, id=28555, stack(0x00007f4fd08f9000,0x00007f4fd09fa000)]
  0x00007f4fd400a800 JavaThread "main" [_thread_blocked, id=28549, stack(0x00007f4fddc84000,0x00007f4fddd85000)]

Other Threads:
=>0x00007f4fd4076000 VMThread [stack: 0x00007f4fd09fa000,0x00007f4fd0afb000] [id=28554]
  0x00007f4fd40ba000 WatcherThread [stack: 0x00007f4fcbafb000,0x00007f4fcbbfc000] [id=28561]

VM state:at safepoint (normal execution)

VM Mutex/Monitor currently owned by a thread:  ([mutex/lock_event])
[0x00007f4fd40062c0] ExpandHeap_lock - owner thread: 0x00007f4fd4076000
[0x00007f4fd4006940] Threads_lock - owner thread: 0x00007f4fd4076000
[0x00007f4fd4006e40] Heap_lock - owner thread: 0x00007f4fd400a800

Heap
 PSYoungGen      total 469504K, used 110538K [0x00000007aaa80000, 0x00000007d7900000, 0x0000000800000000)
  eden space 313344K, 0% used [0x00000007aaa80000,0x00000007aaa80000,0x00000007bdc80000)
  from space 156160K, 70% used [0x00000007bdc80000,0x00000007c4872898,0x00000007c7500000)
  to   space 175104K, 0% used [0x00000007cce00000,0x00000007cce00000,0x00000007d7900000)
 ParOldGen       total 325120K, used 325111K [0x0000000700000000, 0x0000000713d80000, 0x00000007aaa80000)
  object space 325120K, 99% used [0x0000000700000000,0x0000000713d7dea0,0x0000000713d80000)
 PSPermGen       total 21504K, used 6204K [0x00000006f5a00000, 0x00000006f6f00000, 0x0000000700000000)
  object space 21504K, 28% used [0x00000006f5a00000,0x00000006f600f380,0x00000006f6f00000)

Card table byte_map: [0x00007f4fda065000,0x00007f4fda8b9000] byte_map_base: 0x00007f4fd68b8000

Polling page: 0x00007f4fddda2000

Code Cache  [0x00007f4fd1000000, 0x00007f4fd1410000, 0x00007f4fd4000000)
 total_blobs=1294 nmethods=1066 adapters=181 free_code_cache=45125Kb largest_free_block=46082048

Compilation events (10 events):
Event: 31.419 Thread 0x00007f4fd40aa000 1141             java.util.ArrayList::set (20 bytes)
Event: 31.421 Thread 0x00007f4fd40aa000 nmethod 1141 0x00007f4fd1257ad0 code [0x00007f4fd1257c20, 0x00007f4fd1257d58]
Event: 31.457 Thread 0x00007f4fd40ad000 1142   !         com.android.dx.cf.code.BytecodeArray::parseInstruction (2764 bytes)
Event: 31.655 Thread 0x00007f4fd40aa000 1143   !         java.util.zip.InflaterInputStream::read (138 bytes)
Event: 31.680 Thread 0x00007f4fd40aa000 nmethod 1143 0x00007f4fd13b83d0 code [0x00007f4fd13b85c0, 0x00007f4fd13b93d8]
Event: 31.785 Thread 0x00007f4fd40ad000 nmethod 1142 0x00007f4fd13fd550 code [0x00007f4fd13fed00, 0x00007f4fd1405740]
Event: 31.927 Thread 0x00007f4fd40aa000 1144             com.android.dx.rop.type.Type::getInitializedType (42 bytes)
Event: 31.927 Thread 0x00007f4fd40aa000 nmethod 1144 0x00007f4fd1257890 code [0x00007f4fd12579c0, 0x00007f4fd1257a58]
Event: 32.079 Thread 0x00007f4fd40ad000 1145             com.android.dx.rop.annotation.Annotations::<init> (16 bytes)
Event: 32.080 Thread 0x00007f4fd40ad000 nmethod 1145 0x00007f4fd1257590 code [0x00007f4fd12576e0, 0x00007f4fd12577f8]

GC Heap History (10 events):
Event: 21.584 GC heap after
Heap after GC invocations=21 (full 3):
 PSYoungGen      total 378368K, used 92644K [0x00000007aaa80000, 0x00000007ccc00000, 0x0000000800000000)
  eden space 285696K, 0% used [0x00000007aaa80000,0x00000007aaa80000,0x00000007bc180000)
  from space 92672K, 99% used [0x00000007c3300000,0x00000007c8d79028,0x00000007c8d80000)
  to   space 116224K, 0% used [0x00000007bc180000,0x00000007bc180000,0x00000007c3300000)
 ParOldGen       total 217088K, used 204025K [0x0000000700000000, 0x000000070d400000, 0x00000007aaa80000)
  object space 217088K, 93% used [0x0000000700000000,0x000000070c73e530,0x000000070d400000)
 PSPermGen       total 21504K, used 6160K [0x00000006f5a00000, 0x00000006f6f00000, 0x0000000700000000)
  object space 21504K, 28% used [0x00000006f5a00000,0x00000006f6004020,0x00000006f6f00000)
}
Event: 21.594 GC heap before
{Heap before GC invocations=22 (full 4):
 PSYoungGen      total 378368K, used 92644K [0x00000007aaa80000, 0x00000007ccc00000, 0x0000000800000000)
  eden space 285696K, 0% used [0x00000007aaa80000,0x00000007aaa80000,0x00000007bc180000)
  from space 92672K, 99% used [0x00000007c3300000,0x00000007c8d79028,0x00000007c8d80000)
  to   space 116224K, 0% used [0x00000007bc180000,0x00000007bc180000,0x00000007c3300000)
 ParOldGen       total 217088K, used 204025K [0x0000000700000000, 0x000000070d400000, 0x00000007aaa80000)
  object space 217088K, 93% used [0x0000000700000000,0x000000070c73e530,0x000000070d400000)
 PSPermGen       total 21504K, used 6160K [0x00000006f5a00000, 0x00000006f6f00000, 0x0000000700000000)
  object space 21504K, 28% used [0x00000006f5a00000,0x00000006f6004020,0x00000006f6f00000)
Event: 25.016 GC heap after
Heap after GC invocations=22 (full 4):
 PSYoungGen      total 378368K, used 76929K [0x00000007aaa80000, 0x00000007ccc00000, 0x0000000800000000)
  eden space 285696K, 0% used [0x00000007aaa80000,0x00000007aaa80000,0x00000007bc180000)
  from space 92672K, 83% used [0x00000007c3300000,0x00000007c7e20408,0x00000007c8d80000)
  to   space 116224K, 0% used [0x00000007bc180000,0x00000007bc180000,0x00000007c3300000)
 ParOldGen       total 325120K, used 216650K [0x0000000700000000, 0x0000000713d80000, 0x00000007aaa80000)
  object space 325120K, 66% used [0x0000000700000000,0x000000070d392868,0x0000000713d80000)
 PSPermGen       total 21504K, used 6159K [0x00000006f5a00000, 0x00000006f6f00000, 0x0000000700000000)
  object space 21504K, 28% used [0x00000006f5a00000,0x00000006f6003f40,0x00000006f6f00000)
}
Event: 26.371 GC heap before
{Heap before GC invocations=23 (full 4):
 PSYoungGen      total 378368K, used 362625K [0x00000007aaa80000, 0x00000007ccc00000, 0x0000000800000000)
  eden space 285696K, 100% used [0x00000007aaa80000,0x00000007bc180000,0x00000007bc180000)
  from space 92672K, 83% used [0x00000007c3300000,0x00000007c7e20408,0x00000007c8d80000)
  to   space 116224K, 0% used [0x00000007bc180000,0x00000007bc180000,0x00000007c3300000)
 ParOldGen       total 325120K, used 216650K [0x0000000700000000, 0x0000000713d80000, 0x00000007aaa80000)
  object space 325120K, 66% used [0x0000000700000000,0x000000070d392868,0x0000000713d80000)
 PSPermGen       total 21504K, used 6164K [0x00000006f5a00000, 0x00000006f6f00000, 0x0000000700000000)
  object space 21504K, 28% used [0x00000006f5a00000,0x00000006f6005290,0x00000006f6f00000)
Event: 26.711 GC heap after
Heap after GC invocations=23 (full 4):
 PSYoungGen      total 401920K, used 98108K [0x00000007aaa80000, 0x00000007cf300000, 0x0000000800000000)
  eden space 285696K, 0% used [0x00000007aaa80000,0x00000007aaa80000,0x00000007bc180000)
  from space 116224K, 84% used [0x00000007bc180000,0x00000007c214f3f8,0x00000007c3300000)
  to   space 129024K, 0% used [0x00000007c7500000,0x00000007c7500000,0x00000007cf300000)
 ParOldGen       total 325120K, used 241331K [0x0000000700000000, 0x0000000713d80000, 0x00000007aaa80000)
  object space 325120K, 74% used [0x0000000700000000,0x000000070ebacd58,0x0000000713d80000)
 PSPermGen       total 21504K, used 6164K [0x00000006f5a00000, 0x00000006f6f00000, 0x0000000700000000)
  object space 21504K, 28% used [0x00000006f5a00000,0x00000006f6005290,0x00000006f6f00000)
}
Event: 27.838 GC heap before
{Heap before GC invocations=24 (full 4):
 PSYoungGen      total 401920K, used 383804K [0x00000007aaa80000, 0x00000007cf300000, 0x0000000800000000)
  eden space 285696K, 100% used [0x00000007aaa80000,0x00000007bc180000,0x00000007bc180000)
  from space 116224K, 84% used [0x00000007bc180000,0x00000007c214f3f8,0x00000007c3300000)
  to   space 129024K, 0% used [0x00000007c7500000,0x00000007c7500000,0x00000007cf300000)
 ParOldGen       total 325120K, used 241331K [0x0000000700000000, 0x0000000713d80000, 0x00000007aaa80000)
  object space 325120K, 74% used [0x0000000700000000,0x000000070ebacd58,0x0000000713d80000)
 PSPermGen       total 21504K, used 6170K [0x00000006f5a00000, 0x00000006f6f00000, 0x0000000700000000)
  object space 21504K, 28% used [0x00000006f5a00000,0x00000006f6006868,0x00000006f6f00000)
Event: 30.524 GC heap after
Heap after GC invocations=24 (full 4):
 PSYoungGen      total 442368K, used 128992K [0x00000007aaa80000, 0x00000007d3600000, 0x0000000800000000)
  eden space 313344K, 0% used [0x00000007aaa80000,0x00000007aaa80000,0x00000007bdc80000)
  from space 129024K, 99% used [0x00000007c7500000,0x00000007cf2f8398,0x00000007cf300000)
  to   space 156160K, 0% used [0x00000007bdc80000,0x00000007bdc80000,0x00000007c7500000)
 ParOldGen       total 325120K, used 256573K [0x0000000700000000, 0x0000000713d80000, 0x00000007aaa80000)
  object space 325120K, 78% used [0x0000000700000000,0x000000070fa8f480,0x0000000713d80000)
 PSPermGen       total 21504K, used 6170K [0x00000006f5a00000, 0x00000006f6f00000, 0x0000000700000000)
  object space 21504K, 28% used [0x00000006f5a00000,0x00000006f6006868,0x00000006f6f00000)
}
Event: 32.483 GC heap before
{Heap before GC invocations=25 (full 4):
 PSYoungGen      total 442368K, used 442336K [0x00000007aaa80000, 0x00000007d3600000, 0x0000000800000000)
  eden space 313344K, 100% used [0x00000007aaa80000,0x00000007bdc80000,0x00000007bdc80000)
  from space 129024K, 99% used [0x00000007c7500000,0x00000007cf2f8398,0x00000007cf300000)
  to   space 156160K, 0% used [0x00000007bdc80000,0x00000007bdc80000,0x00000007c7500000)
 ParOldGen       total 325120K, used 256573K [0x0000000700000000, 0x0000000713d80000, 0x00000007aaa80000)
  object space 325120K, 78% used [0x0000000700000000,0x000000070fa8f480,0x0000000713d80000)
 PSPermGen       total 21504K, used 6204K [0x00000006f5a00000, 0x00000006f6f00000, 0x0000000700000000)
  object space 21504K, 28% used [0x00000006f5a00000,0x00000006f600f3c0,0x00000006f6f00000)
Event: 32.962 GC heap after
Heap after GC invocations=25 (full 4):
 PSYoungGen      total 469504K, used 136754K [0x00000007aaa80000, 0x00000007d7900000, 0x0000000800000000)
  eden space 313344K, 0% used [0x00000007aaa80000,0x00000007aaa80000,0x00000007bdc80000)
  from space 156160K, 87% used [0x00000007bdc80000,0x00000007c620c950,0x00000007c7500000)
  to   space 175104K, 0% used [0x00000007cce00000,0x00000007cce00000,0x00000007d7900000)
 ParOldGen       total 325120K, used 302274K [0x0000000700000000, 0x0000000713d80000, 0x00000007aaa80000)
  object space 325120K, 92% used [0x0000000700000000,0x00000007127308e0,0x0000000713d80000)
 PSPermGen       total 21504K, used 6204K [0x00000006f5a00000, 0x00000006f6f00000, 0x0000000700000000)
  object space 21504K, 28% used [0x00000006f5a00000,0x00000006f600f3c0,0x00000006f6f00000)
}
Event: 32.964 GC heap before
{Heap before GC invocations=26 (full 5):
 PSYoungGen      total 469504K, used 136754K [0x00000007aaa80000, 0x00000007d7900000, 0x0000000800000000)
  eden space 313344K, 0% used [0x00000007aaa80000,0x00000007aaa80000,0x00000007bdc80000)
  from space 156160K, 87% used [0x00000007bdc80000,0x00000007c620c950,0x00000007c7500000)
  to   space 175104K, 0% used [0x00000007cce00000,0x00000007cce00000,0x00000007d7900000)
 ParOldGen       total 325120K, used 302274K [0x0000000700000000, 0x0000000713d80000, 0x00000007aaa80000)
  object space 325120K, 92% used [0x0000000700000000,0x00000007127308e0,0x0000000713d80000)
 PSPermGen       total 21504K, used 6204K [0x00000006f5a00000, 0x00000006f6f00000, 0x0000000700000000)
  object space 21504K, 28% used [0x00000006f5a00000,0x00000006f600f3c0,0x00000006f6f00000)

Deoptimization events (10 events):
Event: 25.261 Thread 0x00007f4fd400a800 Uncommon trap: reason=bimorphic action=maybe_recompile pc=0x00007f4fd1151cd8 method=com.android.dx.ssa.LiteralOpUpgrader.tryReplacingWithConstant(Lcom/android/dx/ssa/NormalSsaInsn;)Z @ 62
Event: 25.330 Thread 0x00007f4fd400a800 Uncommon trap: reason=bimorphic action=maybe_recompile pc=0x00007f4fd115764c method=com.android.dx.ssa.LiteralOpUpgrader.tryReplacingWithConstant(Lcom/android/dx/ssa/NormalSsaInsn;)Z @ 62
Event: 25.985 Thread 0x00007f4fd400a800 Uncommon trap: reason=unstable_if action=reinterpret pc=0x00007f4fd123ba20 method=com.android.dx.ssa.LiteralOpUpgrader$1.visitNonMoveInsn(Lcom/android/dx/ssa/NormalSsaInsn;)V @ 137
Event: 27.326 Thread 0x00007f4fd400a800 Uncommon trap: reason=unstable_if action=reinterpret pc=0x00007f4fd12cc234 method=com.android.dx.cf.direct.StdAttributeFactory.parse0(Lcom/android/dx/cf/direct/DirectClassFile;ILjava/lang/String;IILcom/android/dx/cf/iface/ParseObserver;)Lcom/android/dx/cf
Event: 27.487 Thread 0x00007f4fd400a800 Uncommon trap: reason=bimorphic action=maybe_recompile pc=0x00007f4fd13a9c78 method=com.android.dx.cf.code.BytecodeArray.parseInstruction(ILcom/android/dx/cf/code/BytecodeArray$Visitor;)I @ 1035
Event: 27.487 Thread 0x00007f4fd400a800 Uncommon trap: reason=bimorphic action=maybe_recompile pc=0x00007f4fd13a9cf4 method=com.android.dx.cf.code.BytecodeArray.parseInstruction(ILcom/android/dx/cf/code/BytecodeArray$Visitor;)I @ 1051
Event: 27.487 Thread 0x00007f4fd400a800 Uncommon trap: reason=bimorphic action=maybe_recompile pc=0x00007f4fd13a9cf4 method=com.android.dx.cf.code.BytecodeArray.parseInstruction(ILcom/android/dx/cf/code/BytecodeArray$Visitor;)I @ 1051
Event: 30.917 Thread 0x00007f4fd400a800 Uncommon trap: reason=null_check action=make_not_entrant pc=0x00007f4fd1346cc0 method=com.android.dx.cf.direct.StdAttributeFactory.enclosingMethod(Lcom/android/dx/cf/direct/DirectClassFile;IILcom/android/dx/cf/iface/ParseObserver;)Lcom/android/dx/cf/iface
Event: 31.415 Thread 0x00007f4fd400a800 Uncommon trap: reason=bimorphic action=maybe_recompile pc=0x00007f4fd13e5d34 method=com.android.dx.cf.code.BytecodeArray.parseInstruction(ILcom/android/dx/cf/code/BytecodeArray$Visitor;)I @ 1987
Event: 31.415 Thread 0x00007f4fd400a800 Uncommon trap: reason=bimorphic action=maybe_recompile pc=0x00007f4fd13e5d34 method=com.android.dx.cf.code.BytecodeArray.parseInstruction(ILcom/android/dx/cf/code/BytecodeArray$Visitor;)I @ 1987

Internal exceptions (10 events):
Event: 9.528 Thread 0x00007f4fd400a800 Implicit null exception at 0x00007f4fd1237022 to 0x00007f4fd1237211
Event: 9.528 Thread 0x00007f4fd400a800 Implicit null exception at 0x00007f4fd1149c95 to 0x00007f4fd114a861
Event: 9.528 Thread 0x00007f4fd400a800 Implicit null exception at 0x00007f4fd10fc32e to 0x00007f4fd10fc501
Event: 9.528 Thread 0x00007f4fd400a800 Implicit null exception at 0x00007f4fd10c9378 to 0x00007f4fd10c94d5
Event: 11.476 Thread 0x00007f4fd400a800 Threw 0x00000007b08bae10 at /build/openjdk-7-HVzwJZ/openjdk-7-7u95-2.6.4/build/openjdk/hotspot/src/share/vm/prims/jvm.cpp:1322
Event: 13.198 Thread 0x00007f4fd400a800 Threw 0x00000007af244178 at /build/openjdk-7-HVzwJZ/openjdk-7-7u95-2.6.4/build/openjdk/hotspot/src/share/vm/prims/jvm.cpp:1322
Event: 14.117 Thread 0x00007f4fd400a800 Implicit null exception at 0x00007f4fd1257250 to 0x00007f4fd1257de9
Event: 14.118 Thread 0x00007f4fd400a800 Implicit null exception at 0x00007f4fd114cd14 to 0x00007f4fd114d035
Event: 27.328 Thread 0x00007f4fd400a800 Threw 0x00000007b5470998 at /build/openjdk-7-HVzwJZ/openjdk-7-7u95-2.6.4/build/openjdk/hotspot/src/share/vm/prims/jvm.cpp:1322
Event: 30.916 Thread 0x00007f4fd400a800 Implicit null exception at 0x00007f4fd1345a7b to 0x00007f4fd1346cb5

Events (10 events):
Event: 30.917 Thread 0x00007f4fd400a800 DEOPT PACKING pc=0x00007f4fd1346cc0 sp=0x00007f4fddd830d0
Event: 30.917 Thread 0x00007f4fd400a800 DEOPT UNPACKING pc=0x00007f4fd1039445 sp=0x00007f4fddd82fe8 mode 2
Event: 31.415 Thread 0x00007f4fd400a800 Uncommon trap: trap_request=0xffffffc6 fr.pc=0x00007f4fd13e5d34
Event: 31.415 Thread 0x00007f4fd400a800 DEOPT PACKING pc=0x00007f4fd13e5d34 sp=0x00007f4fddd82e30
Event: 31.415 Thread 0x00007f4fd400a800 DEOPT UNPACKING pc=0x00007f4fd1039445 sp=0x00007f4fddd82df0 mode 2
Event: 31.415 Thread 0x00007f4fd400a800 Uncommon trap: trap_request=0xffffffc6 fr.pc=0x00007f4fd13e5d34
Event: 31.415 Thread 0x00007f4fd400a800 DEOPT PACKING pc=0x00007f4fd13e5d34 sp=0x00007f4fddd82d30
Event: 31.415 Thread 0x00007f4fd400a800 DEOPT UNPACKING pc=0x00007f4fd1039445 sp=0x00007f4fddd82cf0 mode 2
Event: 31.928 Thread 0x00007f4fd40aa000 flushing nmethod 0x00007f4fd10a2ad0
Event: 32.482 Executing VM operation: ParallelGCFailedAllocation


Dynamic libraries:
00400000-00401000 r-xp 00000000 08:01 5508137                            /usr/lib/jvm/java-7-openjdk-amd64/jre/bin/java
00600000-00601000 r--p 00000000 08:01 5508137                            /usr/lib/jvm/java-7-openjdk-amd64/jre/bin/java
00601000-00602000 rw-p 00001000 08:01 5508137                            /usr/lib/jvm/java-7-openjdk-amd64/jre/bin/java
01fe9000-0200a000 rw-p 00000000 00:00 0                                  [heap]
6f5a00000-6f6f00000 rw-p 00000000 00:00 0 
6f6f00000-700000000 rw-p 00000000 00:00 0 
700000000-713d80000 rw-p 00000000 00:00 0 
71be80000-7aaa80000 rw-p 00000000 00:00 0 
7aaa80000-7d7900000 rw-p 00000000 00:00 0 
7d7900000-800000000 rw-p 00000000 00:00 0 
7f4f84000000-7f4f84021000 rw-p 00000000 00:00 0 
7f4f84021000-7f4f88000000 ---p 00000000 00:00 0 
7f4f8c000000-7f4f8d82d000 rw-p 00000000 00:00 0 
7f4f8d82d000-7f4f90000000 ---p 00000000 00:00 0 
7f4f90000000-7f4f90021000 rw-p 00000000 00:00 0 
7f4f90021000-7f4f94000000 ---p 00000000 00:00 0 
7f4f94000000-7f4f94021000 rw-p 00000000 00:00 0 
7f4f94021000-7f4f98000000 ---p 00000000 00:00 0 
7f4f98000000-7f4f99a15000 rw-p 00000000 00:00 0 
7f4f99a15000-7f4f9c000000 ---p 00000000 00:00 0 
7f4f9c000000-7f4f9c021000 rw-p 00000000 00:00 0 
7f4f9c021000-7f4fa0000000 ---p 00000000 00:00 0 
7f4fa0000000-7f4fa0021000 rw-p 00000000 00:00 0 
7f4fa0021000-7f4fa4000000 ---p 00000000 00:00 0 
7f4fa4000000-7f4fa4021000 rw-p 00000000 00:00 0 
7f4fa4021000-7f4fa8000000 ---p 00000000 00:00 0 
7f4fabad0000-7f4fb4000000 rw-p 00000000 00:00 0 
7f4fb4000000-7f4fb4021000 rw-p 00000000 00:00 0 
7f4fb4021000-7f4fb8000000 ---p 00000000 00:00 0 
7f4fbc000000-7f4fbc021000 rw-p 00000000 00:00 0 
7f4fbc021000-7f4fc0000000 ---p 00000000 00:00 0 
7f4fc4000000-7f4fc4021000 rw-p 00000000 00:00 0 
7f4fc4021000-7f4fc8000000 ---p 00000000 00:00 0 
7f4fca37d000-7f4fca3ba000 r-xp 00000000 08:01 790495                     /lib/x86_64-linux-gnu/libpcre.so.3.13.1
7f4fca3ba000-7f4fca5b9000 ---p 0003d000 08:01 790495                     /lib/x86_64-linux-gnu/libpcre.so.3.13.1
7f4fca5b9000-7f4fca5ba000 r--p 0003c000 08:01 790495                     /lib/x86_64-linux-gnu/libpcre.so.3.13.1
7f4fca5ba000-7f4fca5bb000 rw-p 0003d000 08:01 790495                     /lib/x86_64-linux-gnu/libpcre.so.3.13.1
7f4fca5bb000-7f4fca5c2000 r-xp 00000000 08:01 4726848                    /usr/lib/x86_64-linux-gnu/libffi.so.6.0.1
7f4fca5c2000-7f4fca7c1000 ---p 00007000 08:01 4726848                    /usr/lib/x86_64-linux-gnu/libffi.so.6.0.1
7f4fca7c1000-7f4fca7c2000 r--p 00006000 08:01 4726848                    /usr/lib/x86_64-linux-gnu/libffi.so.6.0.1
7f4fca7c2000-7f4fca7c3000 rw-p 00007000 08:01 4726848                    /usr/lib/x86_64-linux-gnu/libffi.so.6.0.1
7f4fca7c3000-7f4fca7da000 r-xp 00000000 08:01 786614                     /lib/x86_64-linux-gnu/libresolv-2.19.so
7f4fca7da000-7f4fca9da000 ---p 00017000 08:01 786614                     /lib/x86_64-linux-gnu/libresolv-2.19.so
7f4fca9da000-7f4fca9db000 r--p 00017000 08:01 786614                     /lib/x86_64-linux-gnu/libresolv-2.19.so
7f4fca9db000-7f4fca9dc000 rw-p 00018000 08:01 786614                     /lib/x86_64-linux-gnu/libresolv-2.19.so
7f4fca9dc000-7f4fca9de000 rw-p 00000000 00:00 0 
7f4fca9de000-7f4fca9fe000 r-xp 00000000 08:01 790522                     /lib/x86_64-linux-gnu/libselinux.so.1
7f4fca9fe000-7f4fcabfd000 ---p 00020000 08:01 790522                     /lib/x86_64-linux-gnu/libselinux.so.1
7f4fcabfd000-7f4fcabfe000 r--p 0001f000 08:01 790522                     /lib/x86_64-linux-gnu/libselinux.so.1
7f4fcabfe000-7f4fcabff000 rw-p 00020000 08:01 790522                     /lib/x86_64-linux-gnu/libselinux.so.1
7f4fcabff000-7f4fcac01000 rw-p 00000000 00:00 0 
7f4fcac01000-7f4fcac04000 r-xp 00000000 08:01 4726965                    /usr/lib/x86_64-linux-gnu/libgmodule-2.0.so.0.4000.0
7f4fcac04000-7f4fcae03000 ---p 00003000 08:01 4726965                    /usr/lib/x86_64-linux-gnu/libgmodule-2.0.so.0.4000.0
7f4fcae03000-7f4fcae04000 r--p 00002000 08:01 4726965                    /usr/lib/x86_64-linux-gnu/libgmodule-2.0.so.0.4000.0
7f4fcae04000-7f4fcae05000 rw-p 00003000 08:01 4726965                    /usr/lib/x86_64-linux-gnu/libgmodule-2.0.so.0.4000.0
7f4fcae05000-7f4fcaf0b000 r-xp 00000000 08:01 790423                     /lib/x86_64-linux-gnu/libglib-2.0.so.0.4000.0
7f4fcaf0b000-7f4fcb10a000 ---p 00106000 08:01 790423                     /lib/x86_64-linux-gnu/libglib-2.0.so.0.4000.0
7f4fcb10a000-7f4fcb10b000 r--p 00105000 08:01 790423                     /lib/x86_64-linux-gnu/libglib-2.0.so.0.4000.0
7f4fcb10b000-7f4fcb10c000 rw-p 00106000 08:01 790423                     /lib/x86_64-linux-gnu/libglib-2.0.so.0.4000.0
7f4fcb10c000-7f4fcb10d000 rw-p 00000000 00:00 0 
7f4fcb10d000-7f4fcb15c000 r-xp 00000000 08:01 4726981                    /usr/lib/x86_64-linux-gnu/libgobject-2.0.so.0.4000.0
7f4fcb15c000-7f4fcb35c000 ---p 0004f000 08:01 4726981                    /usr/lib/x86_64-linux-gnu/libgobject-2.0.so.0.4000.0
7f4fcb35c000-7f4fcb35d000 r--p 0004f000 08:01 4726981                    /usr/lib/x86_64-linux-gnu/libgobject-2.0.so.0.4000.0
7f4fcb35d000-7f4fcb35e000 rw-p 00050000 08:01 4726981                    /usr/lib/x86_64-linux-gnu/libgobject-2.0.so.0.4000.0
7f4fcb35e000-7f4fcb4c9000 r-xp 00000000 08:01 4726951                    /usr/lib/x86_64-linux-gnu/libgio-2.0.so.0.4000.0
7f4fcb4c9000-7f4fcb6c9000 ---p 0016b000 08:01 4726951                    /usr/lib/x86_64-linux-gnu/libgio-2.0.so.0.4000.0
7f4fcb6c9000-7f4fcb6cd000 r--p 0016b000 08:01 4726951                    /usr/lib/x86_64-linux-gnu/libgio-2.0.so.0.4000.0
7f4fcb6cd000-7f4fcb6cf000 rw-p 0016f000 08:01 4726951                    /usr/lib/x86_64-linux-gnu/libgio-2.0.so.0.4000.0
7f4fcb6cf000-7f4fcb6d1000 rw-p 00000000 00:00 0 
7f4fcb6d1000-7f4fcb6e8000 r-xp 00000000 08:01 5917886                    /usr/lib/jvm/java-7-openjdk-amd64/jre/lib/amd64/libnet.so
7f4fcb6e8000-7f4fcb8e7000 ---p 00017000 08:01 5917886                    /usr/lib/jvm/java-7-openjdk-amd64/jre/lib/amd64/libnet.so
7f4fcb8e7000-7f4fcb8e8000 r--p 00016000 08:01 5917886                    /usr/lib/jvm/java-7-openjdk-amd64/jre/lib/amd64/libnet.so
7f4fcb8e8000-7f4fcb8e9000 rw-p 00017000 08:01 5917886                    /usr/lib/jvm/java-7-openjdk-amd64/jre/lib/amd64/libnet.so
7f4fcb8e9000-7f4fcb8f9000 r-xp 00000000 08:01 5917910                    /usr/lib/jvm/java-7-openjdk-amd64/jre/lib/amd64/libnio.so
7f4fcb8f9000-7f4fcbaf9000 ---p 00010000 08:01 5917910                    /usr/lib/jvm/java-7-openjdk-amd64/jre/lib/amd64/libnio.so
7f4fcbaf9000-7f4fcbafa000 r--p 00010000 08:01 5917910                    /usr/lib/jvm/java-7-openjdk-amd64/jre/lib/amd64/libnio.so
7f4fcbafa000-7f4fcbafb000 rw-p 00011000 08:01 5917910                    /usr/lib/jvm/java-7-openjdk-amd64/jre/lib/amd64/libnio.so
7f4fcbafb000-7f4fcbafc000 ---p 00000000 00:00 0 
7f4fcbafc000-7f4fcbbfc000 rw-p 00000000 00:00 0                          [stack:28561]
7f4fcbbfc000-7f4fcbbff000 ---p 00000000 00:00 0 
7f4fcbbff000-7f4fcbcfd000 rw-p 00000000 00:00 0                          [stack:28560]
7f4fcbcfd000-7f4fcbd00000 ---p 00000000 00:00 0 
7f4fcbd00000-7f4fcbdfe000 rw-p 00000000 00:00 0                          [stack:28559]
7f4fcbdfe000-7f4fcbe01000 ---p 00000000 00:00 0 
7f4fcbe01000-7f4fcbeff000 rw-p 00000000 00:00 0                          [stack:28558]
7f4fcbeff000-7f4fcbf02000 ---p 00000000 00:00 0 
7f4fcbf02000-7f4fcc000000 rw-p 00000000 00:00 0                          [stack:28557]
7f4fcc000000-7f4fcc021000 rw-p 00000000 00:00 0 
7f4fcc021000-7f4fd0000000 ---p 00000000 00:00 0 
7f4fd0051000-7f4fd00d5000 r--s 006fe000 08:01 14445569                   /home/raihan/OpenSrpWorkSpace/opensrp-crvs/opensrp-client/opensrp-crvs/build/intermediates/multi-dex/debug/allclasses.jar
7f4fd00d5000-7f4fd07f8000 r--p 00000000 08:01 4725570                    /usr/lib/locale/locale-archive
7f4fd07f8000-7f4fd07fb000 ---p 00000000 00:00 0 
7f4fd07fb000-7f4fd08f9000 rw-p 00000000 00:00 0                          [stack:28556]
7f4fd08f9000-7f4fd08fc000 ---p 00000000 00:00 0 
7f4fd08fc000-7f4fd09fa000 rw-p 00000000 00:00 0                          [stack:28555]
7f4fd09fa000-7f4fd09fb000 ---p 00000000 00:00 0 
7f4fd09fb000-7f4fd1000000 rw-p 00000000 00:00 0                          [stack:28554]
7f4fd1000000-7f4fd1410000 rwxp 00000000 00:00 0 
7f4fd1410000-7f4fd4335000 rw-p 00000000 00:00 0 
7f4fd4335000-7f4fd8000000 ---p 00000000 00:00 0 
7f4fd8025000-7f4fd8056000 rw-p 00000000 00:00 0 
7f4fd806f000-7f4fd8b67000 rw-p 00000000 00:00 0 
7f4fd8b67000-7f4fd8d18000 r--s 01d30000 08:01 5508152                    /usr/lib/jvm/java-7-openjdk-amd64/jre/lib/rt.jar
7f4fd8d18000-7f4fd96b8000 rw-p 00000000 00:00 0 
7f4fd96b8000-7f4fd96b9000 ---p 00000000 00:00 0 
7f4fd96b9000-7f4fd97b9000 rw-p 00000000 00:00 0                          [stack:28553]
7f4fd97b9000-7f4fd97ba000 ---p 00000000 00:00 0 
7f4fd97ba000-7f4fd98ba000 rw-p 00000000 00:00 0                          [stack:28552]
7f4fd98ba000-7f4fd98bb000 ---p 00000000 00:00 0 
7f4fd98bb000-7f4fd99bb000 rw-p 00000000 00:00 0                          [stack:28551]
7f4fd99bb000-7f4fd99bc000 ---p 00000000 00:00 0 
7f4fd99bc000-7f4fd9ac7000 rw-p 00000000 00:00 0                          [stack:28550]
7f4fd9ac7000-7f4fd9b0f000 rw-p 00000000 00:00 0 
7f4fd9b0f000-7f4fd9bae000 rw-p 00000000 00:00 0 
7f4fd9bae000-7f4fda065000 rw-p 00000000 00:00 0 
7f4fda065000-7f4fda070000 rw-p 00000000 00:00 0 
7f4fda070000-7f4fda0b8000 rw-p 00000000 00:00 0 
7f4fda0b8000-7f4fda157000 rw-p 00000000 00:00 0 
7f4fda157000-7f4fda60d000 rw-p 00000000 00:00 0 
7f4fda60d000-7f4fda775000 rw-p 00000000 00:00 0 
7f4fda775000-7f4fda8b8000 rw-p 00000000 00:00 0 
7f4fda8b8000-7f4fda8b9000 rw-p 00000000 00:00 0 
7f4fda8b9000-7f4fda8c1000 r-xp 00000000 08:01 5917892                    /usr/lib/jvm/java-7-openjdk-amd64/jre/lib/amd64/libzip.so
7f4fda8c1000-7f4fdaac0000 ---p 00008000 08:01 5917892                    /usr/lib/jvm/java-7-openjdk-amd64/jre/lib/amd64/libzip.so
7f4fdaac0000-7f4fdaac1000 r--p 00007000 08:01 5917892                    /usr/lib/jvm/java-7-openjdk-amd64/jre/lib/amd64/libzip.so
7f4fdaac1000-7f4fdaac2000 rw-p 00008000 08:01 5917892                    /usr/lib/jvm/java-7-openjdk-amd64/jre/lib/amd64/libzip.so
7f4fdaac2000-7f4fdaacd000 r-xp 00000000 08:01 786646                     /lib/x86_64-linux-gnu/libnss_files-2.19.so
7f4fdaacd000-7f4fdaccc000 ---p 0000b000 08:01 786646                     /lib/x86_64-linux-gnu/libnss_files-2.19.so
7f4fdaccc000-7f4fdaccd000 r--p 0000a000 08:01 786646                     /lib/x86_64-linux-gnu/libnss_files-2.19.so
7f4fdaccd000-7f4fdacce000 rw-p 0000b000 08:01 786646                     /lib/x86_64-linux-gnu/libnss_files-2.19.so
7f4fdacce000-7f4fdacd9000 r-xp 00000000 08:01 786638                     /lib/x86_64-linux-gnu/libnss_nis-2.19.so
7f4fdacd9000-7f4fdaed8000 ---p 0000b000 08:01 786638                     /lib/x86_64-linux-gnu/libnss_nis-2.19.so
7f4fdaed8000-7f4fdaed9000 r--p 0000a000 08:01 786638                     /lib/x86_64-linux-gnu/libnss_nis-2.19.so
7f4fdaed9000-7f4fdaeda000 rw-p 0000b000 08:01 786638                     /lib/x86_64-linux-gnu/libnss_nis-2.19.so
7f4fdaeda000-7f4fdaef1000 r-xp 00000000 08:01 786634                     /lib/x86_64-linux-gnu/libnsl-2.19.so
7f4fdaef1000-7f4fdb0f0000 ---p 00017000 08:01 786634                     /lib/x86_64-linux-gnu/libnsl-2.19.so
7f4fdb0f0000-7f4fdb0f1000 r--p 00016000 08:01 786634                     /lib/x86_64-linux-gnu/libnsl-2.19.so
7f4fdb0f1000-7f4fdb0f2000 rw-p 00017000 08:01 786634                     /lib/x86_64-linux-gnu/libnsl-2.19.so
7f4fdb0f2000-7f4fdb0f4000 rw-p 00000000 00:00 0 
7f4fdb0f4000-7f4fdb0fd000 r-xp 00000000 08:01 786633                     /lib/x86_64-linux-gnu/libnss_compat-2.19.so
7f4fdb0fd000-7f4fdb2fc000 ---p 00009000 08:01 786633                     /lib/x86_64-linux-gnu/libnss_compat-2.19.so
7f4fdb2fc000-7f4fdb2fd000 r--p 00008000 08:01 786633                     /lib/x86_64-linux-gnu/libnss_compat-2.19.so
7f4fdb2fd000-7f4fdb2fe000 rw-p 00009000 08:01 786633                     /lib/x86_64-linux-gnu/libnss_compat-2.19.so
7f4fdb2fe000-7f4fdb329000 r-xp 00000000 08:01 5917877                    /usr/lib/jvm/java-7-openjdk-amd64/jre/lib/amd64/libjava.so
7f4fdb329000-7f4fdb529000 ---p 0002b000 08:01 5917877                    /usr/lib/jvm/java-7-openjdk-amd64/jre/lib/amd64/libjava.so
7f4fdb529000-7f4fdb52a000 r--p 0002b000 08:01 5917877                    /usr/lib/jvm/java-7-openjdk-amd64/jre/lib/amd64/libjava.so
7f4fdb52a000-7f4fdb52c000 rw-p 0002c000 08:01 5917877                    /usr/lib/jvm/java-7-openjdk-amd64/jre/lib/amd64/libjava.so
7f4fdb52c000-7f4fdb53c000 r-xp 00000000 08:01 5917878                    /usr/lib/jvm/java-7-openjdk-amd64/jre/lib/amd64/libverify.so
7f4fdb53c000-7f4fdb73b000 ---p 00010000 08:01 5917878                    /usr/lib/jvm/java-7-openjdk-amd64/jre/lib/amd64/libverify.so
7f4fdb73b000-7f4fdb73d000 r--p 0000f000 08:01 5917878                    /usr/lib/jvm/java-7-openjdk-amd64/jre/lib/amd64/libverify.so
7f4fdb73d000-7f4fdb73e000 rw-p 00011000 08:01 5917878                    /usr/lib/jvm/java-7-openjdk-amd64/jre/lib/amd64/libverify.so
7f4fdb73e000-7f4fdb745000 r-xp 00000000 08:01 786642                     /lib/x86_64-linux-gnu/librt-2.19.so
7f4fdb745000-7f4fdb944000 ---p 00007000 08:01 786642                     /lib/x86_64-linux-gnu/librt-2.19.so
7f4fdb944000-7f4fdb945000 r--p 00006000 08:01 786642                     /lib/x86_64-linux-gnu/librt-2.19.so
7f4fdb945000-7f4fdb946000 rw-p 00007000 08:01 786642                     /lib/x86_64-linux-gnu/librt-2.19.so
7f4fdb946000-7f4fdb95c000 r-xp 00000000 08:01 786612                     /lib/x86_64-linux-gnu/libgcc_s.so.1
7f4fdb95c000-7f4fdbb5b000 ---p 00016000 08:01 786612                     /lib/x86_64-linux-gnu/libgcc_s.so.1
7f4fdbb5b000-7f4fdbb5c000 rw-p 00015000 08:01 786612                     /lib/x86_64-linux-gnu/libgcc_s.so.1
7f4fdbb5c000-7f4fdbc61000 r-xp 00000000 08:01 786618                     /lib/x86_64-linux-gnu/libm-2.19.so
7f4fdbc61000-7f4fdbe60000 ---p 00105000 08:01 786618                     /lib/x86_64-linux-gnu/libm-2.19.so
7f4fdbe60000-7f4fdbe61000 r--p 00104000 08:01 786618                     /lib/x86_64-linux-gnu/libm-2.19.so
7f4fdbe61000-7f4fdbe62000 rw-p 00105000 08:01 786618                     /lib/x86_64-linux-gnu/libm-2.19.so
7f4fdbe62000-7f4fdbf48000 r-xp 00000000 08:01 4719935                    /usr/lib/x86_64-linux-gnu/libstdc++.so.6.0.19
7f4fdbf48000-7f4fdc147000 ---p 000e6000 08:01 4719935                    /usr/lib/x86_64-linux-gnu/libstdc++.so.6.0.19
7f4fdc147000-7f4fdc14f000 r--p 000e5000 08:01 4719935                    /usr/lib/x86_64-linux-gnu/libstdc++.so.6.0.19
7f4fdc14f000-7f4fdc151000 rw-p 000ed000 08:01 4719935                    /usr/lib/x86_64-linux-gnu/libstdc++.so.6.0.19
7f4fdc151000-7f4fdc166000 rw-p 00000000 00:00 0 
7f4fdc166000-7f4fdcc8a000 r-xp 00000000 08:01 5917890                    /usr/lib/jvm/java-7-openjdk-amd64/jre/lib/amd64/server/libjvm.so
7f4fdcc8a000-7f4fdce8a000 ---p 00b24000 08:01 5917890                    /usr/lib/jvm/java-7-openjdk-amd64/jre/lib/amd64/server/libjvm.so
7f4fdce8a000-7f4fdcf24000 r--p 00b24000 08:01 5917890                    /usr/lib/jvm/java-7-openjdk-amd64/jre/lib/amd64/server/libjvm.so
7f4fdcf24000-7f4fdcf47000 rw-p 00bbe000 08:01 5917890                    /usr/lib/jvm/java-7-openjdk-amd64/jre/lib/amd64/server/libjvm.so
7f4fdcf47000-7f4fdcf75000 rw-p 00000000 00:00 0 
7f4fdcf75000-7f4fdcf8d000 r-xp 00000000 08:01 790555                     /lib/x86_64-linux-gnu/libz.so.1.2.8
7f4fdcf8d000-7f4fdd18c000 ---p 00018000 08:01 790555                     /lib/x86_64-linux-gnu/libz.so.1.2.8
7f4fdd18c000-7f4fdd18d000 r--p 00017000 08:01 790555                     /lib/x86_64-linux-gnu/libz.so.1.2.8
7f4fdd18d000-7f4fdd18e000 rw-p 00018000 08:01 790555                     /lib/x86_64-linux-gnu/libz.so.1.2.8
7f4fdd18e000-7f4fdd1a7000 r-xp 00000000 08:01 786635                     /lib/x86_64-linux-gnu/libpthread-2.19.so
7f4fdd1a7000-7f4fdd3a6000 ---p 00019000 08:01 786635                     /lib/x86_64-linux-gnu/libpthread-2.19.so
7f4fdd3a6000-7f4fdd3a7000 r--p 00018000 08:01 786635                     /lib/x86_64-linux-gnu/libpthread-2.19.so
7f4fdd3a7000-7f4fdd3a8000 rw-p 00019000 08:01 786635                     /lib/x86_64-linux-gnu/libpthread-2.19.so
7f4fdd3a8000-7f4fdd3ac000 rw-p 00000000 00:00 0 
7f4fdd3ac000-7f4fdd3af000 r-xp 00000000 08:01 786630                     /lib/x86_64-linux-gnu/libdl-2.19.so
7f4fdd3af000-7f4fdd5ae000 ---p 00003000 08:01 786630                     /lib/x86_64-linux-gnu/libdl-2.19.so
7f4fdd5ae000-7f4fdd5af000 r--p 00002000 08:01 786630                     /lib/x86_64-linux-gnu/libdl-2.19.so
7f4fdd5af000-7f4fdd5b0000 rw-p 00003000 08:01 786630                     /lib/x86_64-linux-gnu/libdl-2.19.so
7f4fdd5b0000-7f4fdd76b000 r-xp 00000000 08:01 786643                     /lib/x86_64-linux-gnu/libc-2.19.so
7f4fdd76b000-7f4fdd96a000 ---p 001bb000 08:01 786643                     /lib/x86_64-linux-gnu/libc-2.19.so
7f4fdd96a000-7f4fdd96e000 r--p 001ba000 08:01 786643                     /lib/x86_64-linux-gnu/libc-2.19.so
7f4fdd96e000-7f4fdd970000 rw-p 001be000 08:01 786643                     /lib/x86_64-linux-gnu/libc-2.19.so
7f4fdd970000-7f4fdd975000 rw-p 00000000 00:00 0 
7f4fdd975000-7f4fdd982000 r-xp 00000000 08:01 5917907                    /usr/lib/jvm/java-7-openjdk-amd64/jre/lib/amd64/jli/libjli.so
7f4fdd982000-7f4fddb81000 ---p 0000d000 08:01 5917907                    /usr/lib/jvm/java-7-openjdk-amd64/jre/lib/amd64/jli/libjli.so
7f4fddb81000-7f4fddb82000 r--p 0000c000 08:01 5917907                    /usr/lib/jvm/java-7-openjdk-amd64/jre/lib/amd64/jli/libjli.so
7f4fddb82000-7f4fddb83000 rw-p 0000d000 08:01 5917907                    /usr/lib/jvm/java-7-openjdk-amd64/jre/lib/amd64/jli/libjli.so
7f4fddb83000-7f4fddba6000 r-xp 00000000 08:01 786636                     /lib/x86_64-linux-gnu/ld-2.19.so
7f4fddbae000-7f4fddbbd000 r--s 000dd000 08:01 6177003                    /home/raihan/android-sdk-linux/build-tools/21.1.2/lib/dx.jar
7f4fddbbd000-7f4fddbc0000 r--s 0000f000 08:01 5917931                    /usr/lib/jvm/java-7-openjdk-amd64/jre/lib/ext/icedtea-sound.jar
7f4fddbc0000-7f4fddbc4000 r--s 00034000 08:01 5917930                    /usr/lib/jvm/java-7-openjdk-amd64/jre/lib/ext/sunjce_provider.jar
7f4fddbc4000-7f4fddbd5000 rw-p 00000000 00:00 0 
7f4fddbd5000-7f4fddc84000 rw-p 00000000 00:00 0 
7f4fddc84000-7f4fddc87000 ---p 00000000 00:00 0 
7f4fddc87000-7f4fddd8a000 rw-p 00000000 00:00 0                          [stack:28549]
7f4fddd8b000-7f4fddd8c000 rw-p 00000000 00:00 0 
7f4fddd8c000-7f4fddd8e000 r--s 00012000 08:01 5917929                    /usr/lib/jvm/java-7-openjdk-amd64/jre/lib/ext/zipfs.jar
7f4fddd8e000-7f4fddd90000 r--s 00006000 08:01 5118243                    /usr/share/java/java-atk-wrapper.jar
7f4fddd90000-7f4fddd94000 r--s 0003c000 08:01 5917933                    /usr/lib/jvm/java-7-openjdk-amd64/jre/lib/ext/sunpkcs11.jar
7f4fddd94000-7f4fddd98000 r--s 00085000 08:01 5917932                    /usr/lib/jvm/java-7-openjdk-amd64/jre/lib/ext/localedata.jar
7f4fddd98000-7f4fddd99000 r--s 00002000 08:01 5917928                    /usr/lib/jvm/java-7-openjdk-amd64/jre/lib/ext/dnsns.jar
7f4fddd99000-7f4fddda1000 rw-s 00000000 08:01 1846118                    /tmp/hsperfdata_raihan/28543
7f4fddda1000-7f4fddda2000 rw-p 00000000 00:00 0 
7f4fddda2000-7f4fddda3000 ---p 00000000 00:00 0 
7f4fddda3000-7f4fddda5000 rw-p 00000000 00:00 0 
7f4fddda5000-7f4fddda6000 r--p 00022000 08:01 786636                     /lib/x86_64-linux-gnu/ld-2.19.so
7f4fddda6000-7f4fddda7000 rw-p 00023000 08:01 786636                     /lib/x86_64-linux-gnu/ld-2.19.so
7f4fddda7000-7f4fddda8000 rw-p 00000000 00:00 0 
7fff3d778000-7fff3d799000 rw-p 00000000 00:00 0                          [stack]
7fff3d7c7000-7fff3d7c9000 r-xp 00000000 00:00 0                          [vdso]
ffffffffff600000-ffffffffff601000 r-xp 00000000 00:00 0                  [vsyscall]

VM Arguments:
jvm_args: -Xmx4g -Dfile.encoding=UTF-8 -Duser.country=US -Duser.language=en -Duser.variant 
java_command: com.android.dx.command.Main --dex --multi-dex --main-dex-list /home/raihan/OpenSrpWorkSpace/opensrp-crvs/opensrp-client/opensrp-crvs/build/intermediates/multi-dex/debug/maindexlist.txt --output /home/raihan/OpenSrpWorkSpace/opensrp-crvs/opensrp-client/opensrp-crvs/build/intermediates/dex/debug /home/raihan/OpenSrpWorkSpace/opensrp-crvs/opensrp-client/opensrp-crvs/build/intermediates/multi-dex/debug/allclasses.jar
Launcher Type: SUN_STANDARD

Environment Variables:
PATH=/usr/local/sbin:/usr/local/bin:/usr/sbin:/usr/bin:/sbin:/bin:/usr/games:/usr/local/games
SHELL=/bin/bash
DISPLAY=:0

Signal Handlers:
SIGSEGV: [libjvm.so+0x9548f0], sa_mask[0]=0x7ffbfeff, sa_flags=0x10000004
SIGBUS: [libjvm.so+0x9548f0], sa_mask[0]=0x7ffbfeff, sa_flags=0x10000004
SIGFPE: [libjvm.so+0x7cb0b0], sa_mask[0]=0x7ffbfeff, sa_flags=0x10000004
SIGPIPE: [libjvm.so+0x7cb0b0], sa_mask[0]=0x7ffbfeff, sa_flags=0x10000004
SIGXFSZ: [libjvm.so+0x7cb0b0], sa_mask[0]=0x7ffbfeff, sa_flags=0x10000004
SIGILL: [libjvm.so+0x7cb0b0], sa_mask[0]=0x7ffbfeff, sa_flags=0x10000004
SIGUSR1: SIG_DFL, sa_mask[0]=0x00000000, sa_flags=0x00000000
SIGUSR2: [libjvm.so+0x7caf50], sa_mask[0]=0x00000004, sa_flags=0x10000004
SIGHUP: [libjvm.so+0x7cb130], sa_mask[0]=0x7ffbfeff, sa_flags=0x10000004
SIGINT: [libjvm.so+0x7cb130], sa_mask[0]=0x7ffbfeff, sa_flags=0x10000004
SIGTERM: [libjvm.so+0x7cb130], sa_mask[0]=0x7ffbfeff, sa_flags=0x10000004
SIGQUIT: [libjvm.so+0x7cb130], sa_mask[0]=0x7ffbfeff, sa_flags=0x10000004
SIGTRAP: SIG_DFL, sa_mask[0]=0x00000000, sa_flags=0x00000000


---------------  S Y S T E M  ---------------

OS:Ubuntu 14.04 (trusty)
uname:Linux 3.13.0-24-generic #46-Ubuntu SMP Thu Apr 10 19:11:08 UTC 2014 x86_64
libc:glibc 2.19 NPTL 2.19 
rlimit: STACK 8192k, CORE 0k, NPROC 30570, NOFILE 4096, AS infinity
load average:7.12 3.14 2.10

/proc/meminfo:
MemTotal:        3934516 kB
MemFree:           91168 kB
Buffers:             904 kB
Cached:           418508 kB
SwapCached:        43380 kB
Active:          2142448 kB
Inactive:         822412 kB
Active(anon):    2130648 kB
Inactive(anon):   809812 kB
Active(file):      11800 kB
Inactive(file):    12600 kB
Unevictable:         104 kB
Mlocked:             104 kB
SwapTotal:       4080636 kB
SwapFree:              0 kB
Dirty:                24 kB
Writeback:             0 kB
AnonPages:       2503568 kB
Mapped:           624924 kB
Shmem:            394676 kB
Slab:              93572 kB
SReclaimable:      37396 kB
SUnreclaim:        56176 kB
KernelStack:        7232 kB
PageTables:        93872 kB
NFS_Unstable:          0 kB
Bounce:                0 kB
WritebackTmp:          0 kB
CommitLimit:     6047892 kB
Committed_AS:   23979388 kB
VmallocTotal:   34359738367 kB
VmallocUsed:      553504 kB
VmallocChunk:   34359176172 kB
HardwareCorrupted:     0 kB
AnonHugePages:    268288 kB
HugePages_Total:       0
HugePages_Free:        0
HugePages_Rsvd:        0
HugePages_Surp:        0
Hugepagesize:       2048 kB
DirectMap4k:       99840 kB
DirectMap2M:     2934784 kB
DirectMap1G:     1048576 kB


CPU:total 4 (2 cores per cpu, 2 threads per core) family 6 model 61 stepping 4, cmov, cx8, fxsr, mmx, sse, sse2, sse3, ssse3, sse4.1, sse4.2, popcnt, avx, avx2, aes, erms, ht, tsc, tscinvbit

/proc/cpuinfo:
processor	: 0
vendor_id	: GenuineIntel
cpu family	: 6
model		: 61
model name	: Intel(R) Core(TM) i5-5200U CPU @ 2.20GHz
stepping	: 4
microcode	: 0x1f
cpu MHz		: 1000.000
cache size	: 3072 KB
physical id	: 0
siblings	: 4
core id		: 0
cpu cores	: 2
apicid		: 0
initial apicid	: 0
fpu		: yes
fpu_exception	: yes
cpuid level	: 20
wp		: yes
flags		: fpu vme de pse tsc msr pae mce cx8 apic sep mtrr pge mca cmov pat pse36 clflush dts acpi mmx fxsr sse sse2 ss ht tm pbe syscall nx pdpe1gb rdtscp lm constant_tsc arch_perfmon pebs bts rep_good nopl xtopology nonstop_tsc aperfmperf eagerfpu pni pclmulqdq dtes64 monitor ds_cpl vmx est tm2 ssse3 fma cx16 xtpr pdcm pcid sse4_1 sse4_2 x2apic movbe popcnt tsc_deadline_timer aes xsave avx f16c rdrand lahf_lm abm 3dnowprefetch ida arat epb xsaveopt pln pts dtherm tpr_shadow vnmi flexpriority ept vpid fsgsbase tsc_adjust bmi1 avx2 smep bmi2 erms invpcid rdseed adx smap
bogomips	: 4389.75
clflush size	: 64
cache_alignment	: 64
address sizes	: 39 bits physical, 48 bits virtual
power management:

processor	: 1
vendor_id	: GenuineIntel
cpu family	: 6
model		: 61
model name	: Intel(R) Core(TM) i5-5200U CPU @ 2.20GHz
stepping	: 4
microcode	: 0x1f
cpu MHz		: 2201.000
cache size	: 3072 KB
physical id	: 0
siblings	: 4
core id		: 0
cpu cores	: 2
apicid		: 1
initial apicid	: 1
fpu		: yes
fpu_exception	: yes
cpuid level	: 20
wp		: yes
flags		: fpu vme de pse tsc msr pae mce cx8 apic sep mtrr pge mca cmov pat pse36 clflush dts acpi mmx fxsr sse sse2 ss ht tm pbe syscall nx pdpe1gb rdtscp lm constant_tsc arch_perfmon pebs bts rep_good nopl xtopology nonstop_tsc aperfmperf eagerfpu pni pclmulqdq dtes64 monitor ds_cpl vmx est tm2 ssse3 fma cx16 xtpr pdcm pcid sse4_1 sse4_2 x2apic movbe popcnt tsc_deadline_timer aes xsave avx f16c rdrand lahf_lm abm 3dnowprefetch ida arat epb xsaveopt pln pts dtherm tpr_shadow vnmi flexpriority ept vpid fsgsbase tsc_adjust bmi1 avx2 smep bmi2 erms invpcid rdseed adx smap
bogomips	: 4389.75
clflush size	: 64
cache_alignment	: 64
address sizes	: 39 bits physical, 48 bits virtual
power management:

processor	: 2
vendor_id	: GenuineIntel
cpu family	: 6
model		: 61
model name	: Intel(R) Core(TM) i5-5200U CPU @ 2.20GHz
stepping	: 4
microcode	: 0x1f
cpu MHz		: 2201.000
cache size	: 3072 KB
physical id	: 0
siblings	: 4
core id		: 1
cpu cores	: 2
apicid		: 2
initial apicid	: 2
fpu		: yes
fpu_exception	: yes
cpuid level	: 20
wp		: yes
flags		: fpu vme de pse tsc msr pae mce cx8 apic sep mtrr pge mca cmov pat pse36 clflush dts acpi mmx fxsr sse sse2 ss ht tm pbe syscall nx pdpe1gb rdtscp lm constant_tsc arch_perfmon pebs bts rep_good nopl xtopology nonstop_tsc aperfmperf eagerfpu pni pclmulqdq dtes64 monitor ds_cpl vmx est tm2 ssse3 fma cx16 xtpr pdcm pcid sse4_1 sse4_2 x2apic movbe popcnt tsc_deadline_timer aes xsave avx f16c rdrand lahf_lm abm 3dnowprefetch ida arat epb xsaveopt pln pts dtherm tpr_shadow vnmi flexpriority ept vpid fsgsbase tsc_adjust bmi1 avx2 smep bmi2 erms invpcid rdseed adx smap
bogomips	: 4389.75
clflush size	: 64
cache_alignment	: 64
address sizes	: 39 bits physical, 48 bits virtual
power management:

processor	: 3
vendor_id	: GenuineIntel
cpu family	: 6
model		: 61
model name	: Intel(R) Core(TM) i5-5200U CPU @ 2.20GHz
stepping	: 4
microcode	: 0x1f
cpu MHz		: 2201.000
cache size	: 3072 KB
physical id	: 0
siblings	: 4
core id		: 1
cpu cores	: 2
apicid		: 3
initial apicid	: 3
fpu		: yes
fpu_exception	: yes
cpuid level	: 20
wp		: yes
flags		: fpu vme de pse tsc msr pae mce cx8 apic sep mtrr pge mca cmov pat pse36 clflush dts acpi mmx fxsr sse sse2 ss ht tm pbe syscall nx pdpe1gb rdtscp lm constant_tsc arch_perfmon pebs bts rep_good nopl xtopology nonstop_tsc aperfmperf eagerfpu pni pclmulqdq dtes64 monitor ds_cpl vmx est tm2 ssse3 fma cx16 xtpr pdcm pcid sse4_1 sse4_2 x2apic movbe popcnt tsc_deadline_timer aes xsave avx f16c rdrand lahf_lm abm 3dnowprefetch ida arat epb xsaveopt pln pts dtherm tpr_shadow vnmi flexpriority ept vpid fsgsbase tsc_adjust bmi1 avx2 smep bmi2 erms invpcid rdseed adx smap
bogomips	: 4389.75
clflush size	: 64
cache_alignment	: 64
address sizes	: 39 bits physical, 48 bits virtual
power management:



Memory: 4k page, physical 3934516k(91168k free), swap 4080636k(4k free)

vm_info: OpenJDK 64-Bit Server VM (24.95-b01) for linux-amd64 JRE (1.7.0_95-b00), built on Mar 24 2016 06:13:32 by "buildd" with gcc 4.8.2

time: Tue Aug  2 21:07:15 2016
elapsed time: 35 seconds

